Determine revision date.................................................... OK
Picked up JAVA_TOOL_OPTIONS: -Dfile.encoding=UTF8 -Duser.language=en-US -Duser.country=US -Duser.language=en
[INFO] 07:56:29,705 fr.inria.astor.core.setup.ProjectConfiguration:282 - Version of the JVM used: 1.7.0_181
[INFO] 07:56:29,710 main:381 - Java version of the JDK used to run tests: 1.7.0_181
[INFO] 07:56:29,710 main:382 - The compliance of the JVM is:  7
[INFO] 07:56:29,712 main:660 - command line arguments: [-mode  jgenprog  -location  .  -id  Chart-25  -failing  org.jfree.chart.renderer.category.junit.StatisticalBarRendererTests  -jvm4testexecution  /usr/lib/jvm/java-1.7.0-openjdk-amd64/bin/  -jvm4evosuitetestexecution  /usr/lib/jvm/java-1.7.0-openjdk-amd64/bin/  -maxgen  1000000  -maxtime  120  -stopfirst  true  -seed  0  -scope  package  -population  1  -javacompliancelevel  4  -srcjavafolder  source/  -srctestfolder  tests/  -binjavafolder  build/  -bintestfolder  build-tests/  -parameters  mode:leven  -dependencies  /script/jGenProg_Defects4J_Chart_25/build/:/script/jGenProg_Defects4J_Chart_25/build-tests/:/script/jGenProg_Defects4J_Chart_25/lib/servlet.jar:/script/jGenProg_Defects4J_Chart_25/lib/junit.jar:/script/jGenProg_Defects4J_Chart_25/lib/itext-2.0.2.jar:/defects4j/framework/projects/lib/junit-4.11.jar]
[INFO] 07:56:29,715 fr.inria.main.evolution.AstorMain:224 - Running Astor on a JDK at /usr/lib/jvm/java-8-openjdk-amd64/jre
[INFO ] fr.inria.main.AbstractMain.determineSourceFolders(AbstractMain.java:975) - Source folders: [/script/jGenProg_Defects4J_Chart_25/./source]
[INFO ] fr.inria.main.AbstractMain.determineSourceFolders(AbstractMain.java:994) - Source Test folders: [/script/jGenProg_Defects4J_Chart_25/./tests]
[INFO ] fr.inria.main.evolution.AstorMain.createEngine(AstorMain.java:104) - mode is Leven
[INFO ] fr.inria.astor.core.solutionsearch.AstorCoreEngine.resolveTestsToRun(AstorCoreEngine.java:1311) - Test retrieved from classes: 656
[INFO ] fr.inria.astor.core.faultlocalization.gzoltar.GZoltarFaultLocalization.calculateSuspicious(GZoltarFaultLocalization.java:74) - -Executing Gzoltar classpath: /script/jGenProg_Defects4J_Chart_25/./output_astor/AstorMain-Chart-25//bin//default from 656 classes with test cases
[INFO ] fr.inria.astor.core.faultlocalization.gzoltar.GZoltarFaultLocalization.searchSuspicious(GZoltarFaultLocalization.java:154) - Gzoltar fault localization: min susp value parameter: 0.1
[INFO ] fr.inria.astor.core.faultlocalization.gzoltar.GZoltarFaultLocalization.searchSuspicious(GZoltarFaultLocalization.java:174) - -gz-Adding classpath: [/script/jGenProg_Defects4J_Chart_25/./output_astor/AstorMain-Chart-25//bin//default, /script/jGenProg_Defects4J_Chart_25/build/, /script/jGenProg_Defects4J_Chart_25/build-tests/, /script/jGenProg_Defects4J_Chart_25/lib/servlet.jar, /script/jGenProg_Defects4J_Chart_25/lib/junit.jar, /script/jGenProg_Defects4J_Chart_25/lib/itext-2.0.2.jar, /defects4j/framework/projects/lib/junit-4.11.jar]
[INFO ] fr.inria.astor.core.faultlocalization.gzoltar.GZoltarFaultLocalization.searchSuspicious(GZoltarFaultLocalization.java:214) - Test failt: org.jfree.chart.renderer.category.junit.StatisticalBarRendererTests#testDrawWithNullMeanVertical
[INFO ] fr.inria.astor.core.faultlocalization.gzoltar.GZoltarFaultLocalization.searchSuspicious(GZoltarFaultLocalization.java:214) - Test failt: org.jfree.chart.renderer.category.junit.StatisticalBarRendererTests#testDrawWithNullDeviationVertical
[INFO ] fr.inria.astor.core.faultlocalization.gzoltar.GZoltarFaultLocalization.searchSuspicious(GZoltarFaultLocalization.java:214) - Test failt: org.jfree.chart.renderer.category.junit.StatisticalBarRendererTests#testDrawWithNullMeanHorizontal
[INFO ] fr.inria.astor.core.faultlocalization.gzoltar.GZoltarFaultLocalization.searchSuspicious(GZoltarFaultLocalization.java:214) - Test failt: org.jfree.chart.renderer.category.junit.StatisticalBarRendererTests#testDrawWithNullDeviationHorizontal
[INFO ] fr.inria.astor.core.faultlocalization.gzoltar.GZoltarFaultLocalization.searchSuspicious(GZoltarFaultLocalization.java:214) - Test failt: org.jfree.chart.renderer.category.junit.StatisticalBarRendererTests#testDrawWithNullMeanVertical
[INFO ] fr.inria.astor.core.faultlocalization.gzoltar.GZoltarFaultLocalization.searchSuspicious(GZoltarFaultLocalization.java:214) - Test failt: org.jfree.chart.renderer.category.junit.StatisticalBarRendererTests#testDrawWithNullDeviationVertical
[INFO ] fr.inria.astor.core.faultlocalization.gzoltar.GZoltarFaultLocalization.searchSuspicious(GZoltarFaultLocalization.java:214) - Test failt: org.jfree.chart.renderer.category.junit.StatisticalBarRendererTests#testDrawWithNullMeanHorizontal
[INFO ] fr.inria.astor.core.faultlocalization.gzoltar.GZoltarFaultLocalization.searchSuspicious(GZoltarFaultLocalization.java:214) - Test failt: org.jfree.chart.renderer.category.junit.StatisticalBarRendererTests#testDrawWithNullDeviationHorizontal
[INFO ] fr.inria.astor.core.faultlocalization.gzoltar.GZoltarFaultLocalization.searchSuspicious(GZoltarFaultLocalization.java:226) - Gzoltar Test Result Total:3243, fails: 8, GZoltar suspicious 20322, with positive susp 2364
[INFO ] fr.inria.astor.core.faultlocalization.gzoltar.GZoltarFaultLocalization.searchSuspicious(GZoltarFaultLocalization.java:234) - nr test results 3243
[INFO ] fr.inria.astor.core.faultlocalization.gzoltar.GZoltarFaultLocalization.searchSuspicious(GZoltarFaultLocalization.java:289) - Gzoltar found: 1000 with susp > 0.1, we consider: 1000
[INFO ] fr.inria.astor.core.solutionsearch.AstorCoreEngine.calculateSuspicious(AstorCoreEngine.java:898) - Setting up the max to 262120 milliseconds (262 sec)
[INFO ] fr.inria.astor.core.solutionsearch.AstorCoreEngine.initPopulation(AstorCoreEngine.java:709) - 
---- Creating spoon model
[INFO ] fr.inria.astor.core.manipulation.MutationSupporter.buildSpoonModel(MutationSupporter.java:240) - Creating model,  Code location from working folder: /script/jGenProg_Defects4J_Chart_25/./source
[INFO ] fr.inria.astor.core.manipulation.MutationSupporter.buildModel(MutationSupporter.java:68) - building model: /script/jGenProg_Defects4J_Chart_25/./source, compliance level: 4
[INFO ] fr.inria.astor.core.manipulation.MutationSupporter.buildModel(MutationSupporter.java:82) - Classpath (Dependencies) for building SpoonModel: [/script/jGenProg_Defects4J_Chart_25/build/, /script/jGenProg_Defects4J_Chart_25/build-tests/, /script/jGenProg_Defects4J_Chart_25/lib/servlet.jar, /script/jGenProg_Defects4J_Chart_25/lib/junit.jar, /script/jGenProg_Defects4J_Chart_25/lib/itext-2.0.2.jar, /defects4j/framework/projects/lib/junit-4.11.jar]
[INFO ] fr.inria.astor.core.solutionsearch.AstorCoreEngine.initModel(AstorCoreEngine.java:779) - Number of CtTypes created: 559
[INFO ] fr.inria.astor.core.solutionsearch.AstorCoreEngine.initPopulation(AstorCoreEngine.java:713) - 
---- Initial suspicious size: 1000
[INFO ] fr.inria.astor.core.solutionsearch.population.ProgramVariantFactory.createProgramInstance(ProgramVariantFactory.java:134) - Total suspicious from FL: 1000,  956
[INFO ] fr.inria.astor.core.solutionsearch.population.ProgramVariantFactory.createProgramInstance(ProgramVariantFactory.java:143) - Total ModPoint created: 956
[INFO ] fr.inria.astor.core.solutionsearch.population.ProgramVariantFactory.createInitialPopulation(ProgramVariantFactory.java:82) - Creating program variant #1, [Variant id: 1, #gens: 956, #ops: 0, parent:-]
[INFO ] fr.inria.astor.core.solutionsearch.AstorCoreEngine.setFitnessOfPopulation(AstorCoreEngine.java:754) - The original fitness is : 8.0
[INFO ] fr.inria.astor.core.setup.ConfigurationProperties.print(ConfigurationProperties.java:66) - ----------------------------
[INFO ] fr.inria.astor.core.setup.ConfigurationProperties.print(ConfigurationProperties.java:67) - ---Configuration properties:---Execution values
[INFO ] fr.inria.astor.core.setup.ConfigurationProperties.print(ConfigurationProperties.java:69) - p:lastJUnitVersion= ./examples/libs/junit-4.11.jar
[INFO ] fr.inria.astor.core.setup.ConfigurationProperties.print(ConfigurationProperties.java:69) - p:alternativecompliancelevel= 8
[INFO ] fr.inria.astor.core.setup.ConfigurationProperties.print(ConfigurationProperties.java:69) - p:ignoredTestCases= 
[INFO ] fr.inria.astor.core.setup.ConfigurationProperties.print(ConfigurationProperties.java:69) - p:workingDirectory= /script/jGenProg_Defects4J_Chart_25/./output_astor
[INFO ] fr.inria.astor.core.setup.ConfigurationProperties.print(ConfigurationProperties.java:69) - p:manipulatesuper= false
[INFO ] fr.inria.astor.core.setup.ConfigurationProperties.print(ConfigurationProperties.java:69) - p:validation= process
[INFO ] fr.inria.astor.core.setup.ConfigurationProperties.print(ConfigurationProperties.java:69) - p:jvm4testexecution= /usr/lib/jvm/java-1.7.0-openjdk-amd64/bin/
[INFO ] fr.inria.astor.core.setup.ConfigurationProperties.print(ConfigurationProperties.java:69) - p:operatorspace= irr-statements
[INFO ] fr.inria.astor.core.setup.ConfigurationProperties.print(ConfigurationProperties.java:69) - p:disablelog= false
[INFO ] fr.inria.astor.core.setup.ConfigurationProperties.print(ConfigurationProperties.java:69) - p:binjavafolder= build/
[INFO ] fr.inria.astor.core.setup.ConfigurationProperties.print(ConfigurationProperties.java:69) - p:synthesis_depth= 3
[INFO ] fr.inria.astor.core.setup.ConfigurationProperties.print(ConfigurationProperties.java:69) - p:gzoltartestpackagetoexclude= junit.framework
[INFO ] fr.inria.astor.core.setup.ConfigurationProperties.print(ConfigurationProperties.java:69) - p:skipfitnessinitialpopulation= false
[INFO ] fr.inria.astor.core.setup.ConfigurationProperties.print(ConfigurationProperties.java:69) - p:evosuiteresultfolder= evosuite
[INFO ] fr.inria.astor.core.setup.ConfigurationProperties.print(ConfigurationProperties.java:69) - p:flthreshold= 0.1
[INFO ] fr.inria.astor.core.setup.ConfigurationProperties.print(ConfigurationProperties.java:69) - p:regressionforfaultlocalization= true
[INFO ] fr.inria.astor.core.setup.ConfigurationProperties.print(ConfigurationProperties.java:69) - p:collectonlyusedmethod= false
[INFO ] fr.inria.astor.core.setup.ConfigurationProperties.print(ConfigurationProperties.java:69) - p:preservelinenumbers= true
[INFO ] fr.inria.astor.core.setup.ConfigurationProperties.print(ConfigurationProperties.java:69) - p:tmax2= 262120
[INFO ] fr.inria.astor.core.setup.ConfigurationProperties.print(ConfigurationProperties.java:69) - p:tmax1= 10000
[INFO ] fr.inria.astor.core.setup.ConfigurationProperties.print(ConfigurationProperties.java:69) - p:probagenmutation= false
[INFO ] fr.inria.astor.core.setup.ConfigurationProperties.print(ConfigurationProperties.java:69) - p:nomodificationconvergence= 100
[INFO ] fr.inria.astor.core.setup.ConfigurationProperties.print(ConfigurationProperties.java:69) - p:diff_type= relative
[INFO ] fr.inria.astor.core.setup.ConfigurationProperties.print(ConfigurationProperties.java:69) - p:targetelementprocessor= statements
[INFO ] fr.inria.astor.core.setup.ConfigurationProperties.print(ConfigurationProperties.java:69) - p:srctestfolder= tests/
[INFO ] fr.inria.astor.core.setup.ConfigurationProperties.print(ConfigurationProperties.java:69) - p:forceExecuteRegression= false
[INFO ] fr.inria.astor.core.setup.ConfigurationProperties.print(ConfigurationProperties.java:69) - p:clusteringfilename= clustering.csv
[INFO ] fr.inria.astor.core.setup.ConfigurationProperties.print(ConfigurationProperties.java:69) - p:failing= org.jfree.chart.renderer.category.junit.StatisticalBarRendererTests
[INFO ] fr.inria.astor.core.setup.ConfigurationProperties.print(ConfigurationProperties.java:69) - p:logtestexecution= false
[INFO ] fr.inria.astor.core.setup.ConfigurationProperties.print(ConfigurationProperties.java:69) - p:evo_buggy_class= true
[INFO ] fr.inria.astor.core.setup.ConfigurationProperties.print(ConfigurationProperties.java:69) - p:numberExecutions= 1
[INFO ] fr.inria.astor.core.setup.ConfigurationProperties.print(ConfigurationProperties.java:69) - p:maxnumbersolutions= 1000000
[INFO ] fr.inria.astor.core.setup.ConfigurationProperties.print(ConfigurationProperties.java:69) - p:evo_affected_by_op= true
[INFO ] fr.inria.astor.core.setup.ConfigurationProperties.print(ConfigurationProperties.java:69) - p:population= 1
[INFO ] fr.inria.astor.core.setup.ConfigurationProperties.print(ConfigurationProperties.java:69) - p:considerzerovaluesusp= false
[INFO ] fr.inria.astor.core.setup.ConfigurationProperties.print(ConfigurationProperties.java:69) - p:maxCombinationVariableLimit= false
[INFO ] fr.inria.astor.core.setup.ConfigurationProperties.print(ConfigurationProperties.java:69) - p:loglevel= INFO
[INFO ] fr.inria.astor.core.setup.ConfigurationProperties.print(ConfigurationProperties.java:69) - p:savesolution= true
[INFO ] fr.inria.astor.core.setup.ConfigurationProperties.print(ConfigurationProperties.java:69) - p:javacompliancelevel= 4
[INFO ] fr.inria.astor.core.setup.ConfigurationProperties.print(ConfigurationProperties.java:69) - p:uniqueoptogen= false
[INFO ] fr.inria.astor.core.setup.ConfigurationProperties.print(ConfigurationProperties.java:69) - p:gzoltarpackagetonotinstrument= junit.framework
[INFO ] fr.inria.astor.core.setup.ConfigurationProperties.print(ConfigurationProperties.java:69) - p:projectIdentifier= Chart-25
[INFO ] fr.inria.astor.core.setup.ConfigurationProperties.print(ConfigurationProperties.java:69) - p:modificationpointnavigation= weight
[INFO ] fr.inria.astor.core.setup.ConfigurationProperties.print(ConfigurationProperties.java:69) - p:stopfirst= true
[INFO ] fr.inria.astor.core.setup.ConfigurationProperties.print(ConfigurationProperties.java:69) - p:multipointmodification= false
[INFO ] fr.inria.astor.core.setup.ConfigurationProperties.print(ConfigurationProperties.java:69) - p:elementsToMutate= 10
[INFO ] fr.inria.astor.core.setup.ConfigurationProperties.print(ConfigurationProperties.java:69) - p:jsonoutputname= astor_output
[INFO ] fr.inria.astor.core.setup.ConfigurationProperties.print(ConfigurationProperties.java:69) - p:evoDSE= false
[INFO ] fr.inria.astor.core.setup.ConfigurationProperties.print(ConfigurationProperties.java:69) - p:bintestfolder= build-tests/
[INFO ] fr.inria.astor.core.setup.ConfigurationProperties.print(ConfigurationProperties.java:69) - p:testbystep= false
[INFO ] fr.inria.astor.core.setup.ConfigurationProperties.print(ConfigurationProperties.java:69) - p:version-location= ./math-version/
[INFO ] fr.inria.astor.core.setup.ConfigurationProperties.print(ConfigurationProperties.java:69) - p:reintroduce= PARENTS:ORIGINAL
[INFO ] fr.inria.astor.core.setup.ConfigurationProperties.print(ConfigurationProperties.java:69) - p:executorjar= ./lib/jtestex7.jar
[INFO ] fr.inria.astor.core.setup.ConfigurationProperties.print(ConfigurationProperties.java:69) - p:maxGeneration= 1000000
[INFO ] fr.inria.astor.core.setup.ConfigurationProperties.print(ConfigurationProperties.java:69) - p:max_synthesis_step= 10000
[INFO ] fr.inria.astor.core.setup.ConfigurationProperties.print(ConfigurationProperties.java:69) - p:projectinfocommand= com.github.tdurieux:project-config-maven-plugin:info
[INFO ] fr.inria.astor.core.setup.ConfigurationProperties.print(ConfigurationProperties.java:69) - p:maxVarCombination= 1000
[INFO ] fr.inria.astor.core.setup.ConfigurationProperties.print(ConfigurationProperties.java:69) - p:maxtime= 120
[INFO ] fr.inria.astor.core.setup.ConfigurationProperties.print(ConfigurationProperties.java:69) - p:evosuitejar= ./lib/evosuite-master-1.0.4-SNAPSHOT.jar
[INFO ] fr.inria.astor.core.setup.ConfigurationProperties.print(ConfigurationProperties.java:69) - p:jvmversion= 1.7.0_181
[INFO ] fr.inria.astor.core.setup.ConfigurationProperties.print(ConfigurationProperties.java:69) - p:commandTrunk= 50000
[INFO ] fr.inria.astor.core.setup.ConfigurationProperties.print(ConfigurationProperties.java:69) - p:faultlocalization= gzoltar
[INFO ] fr.inria.astor.core.setup.ConfigurationProperties.print(ConfigurationProperties.java:69) - p:resetmodel= true
[INFO ] fr.inria.astor.core.setup.ConfigurationProperties.print(ConfigurationProperties.java:69) - p:maxsuspcandidates= 1000
[INFO ] fr.inria.astor.core.setup.ConfigurationProperties.print(ConfigurationProperties.java:69) - p:mode= leven
[INFO ] fr.inria.astor.core.setup.ConfigurationProperties.print(ConfigurationProperties.java:69) - p:learningdir= 
[INFO ] fr.inria.astor.core.setup.ConfigurationProperties.print(ConfigurationProperties.java:69) - p:jvm4evosuitetestexecution= /usr/lib/jvm/java-1.7.0-openjdk-amd64/bin/
[INFO ] fr.inria.astor.core.setup.ConfigurationProperties.print(ConfigurationProperties.java:69) - p:filterfaultlocalization= true
[INFO ] fr.inria.astor.core.setup.ConfigurationProperties.print(ConfigurationProperties.java:69) - p:mutationrate= 1 
[INFO ] fr.inria.astor.core.setup.ConfigurationProperties.print(ConfigurationProperties.java:69) - p:pathToMVNRepository= 
[INFO ] fr.inria.astor.core.setup.ConfigurationProperties.print(ConfigurationProperties.java:69) - p:resourcesfolder= /src/main/resources:/src/test/resources:
[INFO ] fr.inria.astor.core.setup.ConfigurationProperties.print(ConfigurationProperties.java:69) - p:timezone= America/Los_Angeles
[INFO ] fr.inria.astor.core.setup.ConfigurationProperties.print(ConfigurationProperties.java:69) - p:runjava7code= false
[INFO ] fr.inria.astor.core.setup.ConfigurationProperties.print(ConfigurationProperties.java:69) - p:evoRunOnBuggyClass= true
[INFO ] fr.inria.astor.core.setup.ConfigurationProperties.print(ConfigurationProperties.java:69) - p:compiler= fr.inria.astor.core.manipulation.bytecode.compiler.SpoonClassCompiler
[INFO ] fr.inria.astor.core.setup.ConfigurationProperties.print(ConfigurationProperties.java:69) - p:limitbysuspicious= true
[INFO ] fr.inria.astor.core.setup.ConfigurationProperties.print(ConfigurationProperties.java:69) - p:logsattemps= true
[INFO ] fr.inria.astor.core.setup.ConfigurationProperties.print(ConfigurationProperties.java:69) - p:dependenciespath= /script/jGenProg_Defects4J_Chart_25/build/:/script/jGenProg_Defects4J_Chart_25/build-tests/:/script/jGenProg_Defects4J_Chart_25/lib/servlet.jar:/script/jGenProg_Defects4J_Chart_25/lib/junit.jar:/script/jGenProg_Defects4J_Chart_25/lib/itext-2.0.2.jar:/defects4j/framework/projects/lib/junit-4.11.jar
[INFO ] fr.inria.astor.core.setup.ConfigurationProperties.print(ConfigurationProperties.java:69) - p:logpatternlayout= [%-5p] %l - %m%n
[INFO ] fr.inria.astor.core.setup.ConfigurationProperties.print(ConfigurationProperties.java:69) - p:packageToInstrument= 
[INFO ] fr.inria.astor.core.setup.ConfigurationProperties.print(ConfigurationProperties.java:69) - p:skipfaultlocalization= false
[INFO ] fr.inria.astor.core.setup.ConfigurationProperties.print(ConfigurationProperties.java:69) - p:scope= package
[INFO ] fr.inria.astor.core.setup.ConfigurationProperties.print(ConfigurationProperties.java:69) - p:transformingredient= false
[INFO ] fr.inria.astor.core.setup.ConfigurationProperties.print(ConfigurationProperties.java:69) - p:fitnessfunction= fr.inria.astor.core.solutionsearch.population.TestCaseFitnessFunction
[INFO ] fr.inria.astor.core.setup.ConfigurationProperties.print(ConfigurationProperties.java:69) - p:maxnumvariablesperingredient= 10
[INFO ] fr.inria.astor.core.setup.ConfigurationProperties.print(ConfigurationProperties.java:69) - p:parsesourcefromoriginal= true
[INFO ] fr.inria.astor.core.setup.ConfigurationProperties.print(ConfigurationProperties.java:69) - p:pvariantfoldername= variant-
[INFO ] fr.inria.astor.core.setup.ConfigurationProperties.print(ConfigurationProperties.java:69) - p:savespoonmodelondisk= false
[INFO ] fr.inria.astor.core.setup.ConfigurationProperties.print(ConfigurationProperties.java:69) - p:srcjavafolder= source/
[INFO ] fr.inria.astor.core.setup.ConfigurationProperties.print(ConfigurationProperties.java:69) - p:populationcontroller= fr.inria.astor.core.solutionsearch.population.TestCaseBasedFitnessPopulationController
[INFO ] fr.inria.astor.core.setup.ConfigurationProperties.print(ConfigurationProperties.java:69) - p:ignoreflakyinfl= false
[INFO ] fr.inria.astor.core.setup.ConfigurationProperties.print(ConfigurationProperties.java:69) - p:cleantemplates= true
[INFO ] fr.inria.astor.core.setup.ConfigurationProperties.print(ConfigurationProperties.java:69) - p:applyCrossover= false
[INFO ] fr.inria.astor.core.setup.ConfigurationProperties.print(ConfigurationProperties.java:69) - p:maxmodificationpoints= 1000
[INFO ] fr.inria.astor.core.setup.ConfigurationProperties.print(ConfigurationProperties.java:69) - p:duplicateingredientsinspace= false
[INFO ] fr.inria.astor.core.setup.ConfigurationProperties.print(ConfigurationProperties.java:69) - p:metid= 0
[INFO ] fr.inria.astor.core.setup.ConfigurationProperties.print(ConfigurationProperties.java:69) - p:continuewhenmodelfail= true
[INFO ] fr.inria.astor.core.setup.ConfigurationProperties.print(ConfigurationProperties.java:69) - p:saveall= false
[INFO ] fr.inria.astor.core.setup.ConfigurationProperties.print(ConfigurationProperties.java:69) - p:seed= 0
[INFO ] fr.inria.astor.core.setup.ConfigurationProperties.print(ConfigurationProperties.java:69) - p:savecompletepatched= true
[INFO ] fr.inria.astor.core.setup.ConfigurationProperties.print(ConfigurationProperties.java:69) - p:resetoperations= false
[INFO ] fr.inria.astor.core.setup.ConfigurationProperties.print(ConfigurationProperties.java:69) - p:processoutputinfile= false
[INFO ] fr.inria.astor.core.setup.ConfigurationProperties.print(ConfigurationProperties.java:69) - p:location= .
[INFO ] fr.inria.astor.core.setup.ConfigurationProperties.print(ConfigurationProperties.java:69) - p:probabilistictransformation= true
[INFO ] fr.inria.astor.core.setup.ConfigurationProperties.print(ConfigurationProperties.java:69) - p:overridemaxtime= true
[INFO ] fr.inria.astor.core.setup.ConfigurationProperties.print(ConfigurationProperties.java:69) - p:outputjsonresult= false
[INFO ] fr.inria.astor.core.setup.ConfigurationProperties.print(ConfigurationProperties.java:69) - p:allpoints= false
[INFO ] fr.inria.astor.core.setup.ConfigurationProperties.print(ConfigurationProperties.java:69) - p:bugId= 280
[INFO ] fr.inria.astor.core.setup.ConfigurationProperties.print(ConfigurationProperties.java:69) - p:evosuitetimeout= 120
[INFO ] fr.inria.astor.core.setup.ConfigurationProperties.print(ConfigurationProperties.java:69) - p:maxtimefactor= 10
[INFO ] fr.inria.astor.core.setup.ConfigurationProperties.print(ConfigurationProperties.java:69) - p:nrPlaceholders= 1
[INFO ] fr.inria.astor.core.setup.ConfigurationProperties.print(ConfigurationProperties.java:69) - p:forcesubprocesskilling= true
[INFO ] fr.inria.astor.core.setup.ConfigurationProperties.print(ConfigurationProperties.java:71) - ----------------------------
[INFO ] fr.inria.astor.core.solutionsearch.EvolutionarySearchEngine.startEvolution(EvolutionarySearchEngine.java:40) - 
----Starting Solution Search
[ERROR] fr.inria.astor.core.solutionsearch.AstorCoreEngine.validateReversedOriginalVariant(AstorCoreEngine.java:359) - Error variant :2 the model was not the same from the original after this generation (see Diff in debug level)
[ERROR] fr.inria.astor.core.solutionsearch.AstorCoreEngine.validateReversedOriginalVariant(AstorCoreEngine.java:359) - Error variant :8 the model was not the same from the original after this generation (see Diff in debug level)
[ERROR] fr.inria.astor.core.solutionsearch.AstorCoreEngine.validateReversedOriginalVariant(AstorCoreEngine.java:359) - Error variant :18 the model was not the same from the original after this generation (see Diff in debug level)
[ERROR] fr.inria.astor.core.solutionsearch.AstorCoreEngine.validateReversedOriginalVariant(AstorCoreEngine.java:359) - Error variant :20 the model was not the same from the original after this generation (see Diff in debug level)
[ERROR] fr.inria.astor.core.solutionsearch.AstorCoreEngine.validateReversedOriginalVariant(AstorCoreEngine.java:359) - Error variant :22 the model was not the same from the original after this generation (see Diff in debug level)
[ERROR] fr.inria.astor.core.solutionsearch.AstorCoreEngine.validateReversedOriginalVariant(AstorCoreEngine.java:359) - Error variant :26 the model was not the same from the original after this generation (see Diff in debug level)
[INFO ] fr.inria.astor.core.solutionsearch.AstorCoreEngine.processCreatedVariant(AstorCoreEngine.java:449) - -Found Solution, child variant #38
[ERROR] fr.inria.astor.core.solutionsearch.AstorCoreEngine.validateReversedOriginalVariant(AstorCoreEngine.java:359) - Error variant :38 the model was not the same from the original after this generation (see Diff in debug level)
[INFO ] fr.inria.astor.core.solutionsearch.AstorCoreEngine.atEnd(AstorCoreEngine.java:170) - Time Repair Loop (s): 115.577
[INFO ] fr.inria.astor.core.solutionsearch.AstorCoreEngine.atEnd(AstorCoreEngine.java:172) - generationsexecuted: 19
[INFO ] fr.inria.astor.core.solutionsearch.AstorCoreEngine.printFinalStatus(AstorCoreEngine.java:247) - 
----SUMMARY_EXECUTION---
[INFO ] fr.inria.astor.core.solutionsearch.AstorCoreEngine.printFinalStatus(AstorCoreEngine.java:249) - End Repair Search: Found solution
[INFO ] fr.inria.astor.core.solutionsearch.AstorCoreEngine.printFinalStatus(AstorCoreEngine.java:250) - Solution stored at: /script/jGenProg_Defects4J_Chart_25/./output_astor/AstorMain-Chart-25//src/
[INFO ] fr.inria.astor.core.solutionsearch.AstorCoreEngine.atEnd(AstorCoreEngine.java:189) - 
 --SOLUTIONS DESCRIPTION--

 ----
ProgramVariant 38
 
time(sec)= 115
operation: RemoveOp
location= org.jfree.chart.plot.CategoryPlot
line= 2855
lineSuspiciousness= 0.378
lineSuspiciousness= 628
original statement= if (hasData && (renderer != null)) {

	foundData = true;
	org.jfree.chart.renderer.category.CategoryItemRendererState state = renderer.initialise(g2, dataArea, 
	this, index, info);
	int columnCount = $.getColumnCount();
	int rowCount = $.getRowCount();
	int passCount = renderer.getPassCount();
	for (int pass = 0; pass < passCount; pass++) {
		if (this.columnRenderingOrder == org.jfree.chart.util.SortOrder.ASCENDING) {
			for (int column = 0; column < columnCount; column++) {
				if (this.rowRenderingOrder == org.jfree.chart.util.SortOrder.ASCENDING) {
					for (int row = 0; row < rowCount; row++) {
						renderer.drawItem(g2, state, dataArea, this, 
						domainAxis, rangeAxis, $, 
						row, column, pass);
					}
				} else 
				{
					for (int row = rowCount - 1; row >= 0; row--) {
						renderer.drawItem(g2, state, dataArea, this, 
						domainAxis, rangeAxis, $, 
						row, column, pass);
					}
				}
			}
		} else 
		{
			for (int column = columnCount - 1; column >= 0; column--) {
				if (this.rowRenderingOrder == org.jfree.chart.util.SortOrder.ASCENDING) {
					for (int row = 0; row < rowCount; row++) {
						renderer.drawItem(g2, state, dataArea, this, 
						domainAxis, rangeAxis, $, 
						row, column, pass);
					}
				} else 
				{
					for (int row = rowCount - 1; row >= 0; row--) {
						renderer.drawItem(g2, state, dataArea, this, 
						domainAxis, rangeAxis, $, 
						row, column, pass);
					}
				}
			}
		}
	}
}
buggy kind= CtIfImpl|CtBlockImpl
fixed statement= 
generation= 19
ingredientScope= -
validation=|true|0|3243|[]|
diffpatch=--- /script/jGenProg_Defects4J_Chart_25/source/org/jfree/chart/plot/CategoryPlotjava
+++ /script/jGenProg_Defects4J_Chart_25/source/org/jfree/chart/plot/CategoryPlotjava
@@ -1312,40 +1312,6 @@
 		org.jfree.chart.axis.CategoryAxis domainAxis = getDomainAxisForDataset(index);
 		org.jfree.chart.axis.ValueAxis rangeAxis = getRangeAxisForDataset(index);
 		boolean hasData = !org.jfree.data.general.DatasetUtilities.isEmptyOrNull($);
-		if (hasData && (renderer != null)) {
-			foundData = true;
-			org.jfree.chart.renderer.category.CategoryItemRendererState state = renderer.initialise(g2, dataArea, this, index, info);
-			int columnCount = $.getColumnCount();
-			int rowCount = $.getRowCount();
-			int passCount = renderer.getPassCount();
-			for (int pass = 0; pass < passCount; pass++) {
-				if (this.columnRenderingOrder == org.jfree.chart.util.SortOrder.ASCENDING) {
-					for (int column = 0; column < columnCount; column++) {
-						if (this.rowRenderingOrder == org.jfree.chart.util.SortOrder.ASCENDING) {
-							for (int row = 0; row < rowCount; row++) {
-								renderer.drawItem(g2, state, dataArea, this, domainAxis, rangeAxis, $, row, column, pass);
-							}
-						} else {
-							for (int row = rowCount - 1; row >= 0; row--) {
-								renderer.drawItem(g2, state, dataArea, this, domainAxis, rangeAxis, $, row, column, pass);
-							}
-						}
-					}
-				} else {
-					for (int column = columnCount - 1; column >= 0; column--) {
-						if (this.rowRenderingOrder == org.jfree.chart.util.SortOrder.ASCENDING) {
-							for (int row = 0; row < rowCount; row++) {
-								renderer.drawItem(g2, state, dataArea, this, domainAxis, rangeAxis, $, row, column, pass);
-							}
-						} else {
-							for (int row = rowCount - 1; row >= 0; row--) {
-								renderer.drawItem(g2, state, dataArea, this, domainAxis, rangeAxis, $, row, column, pass);
-							}
-						}
-					}
-				}
-			}
-		}
 		return foundData;
 	}
 


diffpatchoriginal=--- /script/jGenProg_Defects4J_Chart_25/source/org/jfree/chart/plot/CategoryPlotjava
+++ /script/jGenProg_Defects4J_Chart_25/source/org/jfree/chart/plot/CategoryPlotjava
@@ -2852,53 +2852,53 @@
 		org.jfree.chart.axis.CategoryAxis domainAxis = getDomainAxisForDataset(index);
 		org.jfree.chart.axis.ValueAxis rangeAxis = getRangeAxisForDataset(index);
 		boolean hasData = !org.jfree.data.general.DatasetUtilities.isEmptyOrNull($);
-		if (hasData && (renderer != null)) {
 
-			foundData = true;
-			org.jfree.chart.renderer.category.CategoryItemRendererState state = renderer.initialise(g2, dataArea, 
-			this, index, info);
-			int columnCount = $.getColumnCount();
-			int rowCount = $.getRowCount();
-			int passCount = renderer.getPassCount();
-			for (int pass = 0; pass < passCount; pass++) {
-				if (this.columnRenderingOrder == org.jfree.chart.util.SortOrder.ASCENDING) {
-					for (int column = 0; column < columnCount; column++) {
-						if (this.rowRenderingOrder == org.jfree.chart.util.SortOrder.ASCENDING) {
-							for (int row = 0; row < rowCount; row++) {
-								renderer.drawItem(g2, state, dataArea, this, 
-								domainAxis, rangeAxis, $, 
-								row, column, pass);
-							}
-						} else 
-						{
-							for (int row = rowCount - 1; row >= 0; row--) {
-								renderer.drawItem(g2, state, dataArea, this, 
-								domainAxis, rangeAxis, $, 
-								row, column, pass);
-							}
-						}
-					}
-				} else 
-				{
-					for (int column = columnCount - 1; column >= 0; column--) {
-						if (this.rowRenderingOrder == org.jfree.chart.util.SortOrder.ASCENDING) {
-							for (int row = 0; row < rowCount; row++) {
-								renderer.drawItem(g2, state, dataArea, this, 
-								domainAxis, rangeAxis, $, 
-								row, column, pass);
-							}
-						} else 
-						{
-							for (int row = rowCount - 1; row >= 0; row--) {
-								renderer.drawItem(g2, state, dataArea, this, 
-								domainAxis, rangeAxis, $, 
-								row, column, pass);
-							}
-						}
-					}
-				}
-			}
-		}
+
+
+
+
+
+
+
+
+
+
+
+
+
+
+
+
+
+
+
+
+
+
+
+
+
+
+
+
+
+
+
+
+
+
+
+
+
+
+
+
+
+
+
+
+
+
 		return foundData;
 
 	}



Astor Output:

General stats:
EXECUTION_IDENTIFIER=Chart-25
TOTAL_TIME=115.577
NR_GENERATIONS=19
NR_RIGHT_COMPILATIONS=19
NR_FAILLING_COMPILATIONS=null
NR_ERRONEOUS_VARIANCES=null
NR_FAILING_VALIDATION_PROCESS=null
OUTPUT_STATUS=STOP_BY_PATCH_FOUND

Patch stats:

Patch 1
VARIANT_ID=38
TIME=115
VALIDATION=|true|0|3243|[]|
GENERATION=19
FOLDER_SOLUTION_CODE=/script/jGenProg_Defects4J_Chart_25/./output_astor/AstorMain-Chart-25//src//variant-38
--Patch Hunk #1
OPERATOR=RemoveOp

LOCATION=org.jfree.chart.plot.CategoryPlot

PATH=/script/jGenProg_Defects4J_Chart_25/source/org/jfree/chart/plot/CategoryPlot.java

MODIFIED_FILE_PATH=/script/jGenProg_Defects4J_Chart_25/./output_astor/AstorMain-Chart-25//src//variant-38/org/jfree/chart/plot/CategoryPlot.java

LINE=2855

SUSPICIOUNESS=0.378

MP_RANKING=628

ORIGINAL_CODE=if (hasData && (renderer != null)) {

	foundData = true;
	org.jfree.chart.renderer.category.CategoryItemRendererState state = renderer.initialise(g2, dataArea, 
	this, index, info);
	int columnCount = $.getColumnCount();
	int rowCount = $.getRowCount();
	int passCount = renderer.getPassCount();
	for (int pass = 0; pass < passCount; pass++) {
		if (this.columnRenderingOrder == org.jfree.chart.util.SortOrder.ASCENDING) {
			for (int column = 0; column < columnCount; column++) {
				if (this.rowRenderingOrder == org.jfree.chart.util.SortOrder.ASCENDING) {
					for (int row = 0; row < rowCount; row++) {
						renderer.drawItem(g2, state, dataArea, this, 
						domainAxis, rangeAxis, $, 
						row, column, pass);
					}
				} else 
				{
					for (int row = rowCount - 1; row >= 0; row--) {
						renderer.drawItem(g2, state, dataArea, this, 
						domainAxis, rangeAxis, $, 
						row, column, pass);
					}
				}
			}
		} else 
		{
			for (int column = columnCount - 1; column >= 0; column--) {
				if (this.rowRenderingOrder == org.jfree.chart.util.SortOrder.ASCENDING) {
					for (int row = 0; row < rowCount; row++) {
						renderer.drawItem(g2, state, dataArea, this, 
						domainAxis, rangeAxis, $, 
						row, column, pass);
					}
				} else 
				{
					for (int row = rowCount - 1; row >= 0; row--) {
						renderer.drawItem(g2, state, dataArea, this, 
						domainAxis, rangeAxis, $, 
						row, column, pass);
					}
				}
			}
		}
	}
}

BUGGY_CODE_TYPE=CtIfImpl|CtBlockImpl

PATCH_HUNK_CODE=null

PATCH_HUNK_TYPE=null

INGREDIENT_SCOPE=-

INGREDIENT_PARENT=null

PATCH_DIFF_ORIG=--- /script/jGenProg_Defects4J_Chart_25/source/org/jfree/chart/plot/CategoryPlotjava
+++ /script/jGenProg_Defects4J_Chart_25/source/org/jfree/chart/plot/CategoryPlotjava
@@ -2852,53 +2852,53 @@
 		org.jfree.chart.axis.CategoryAxis domainAxis = getDomainAxisForDataset(index);
 		org.jfree.chart.axis.ValueAxis rangeAxis = getRangeAxisForDataset(index);
 		boolean hasData = !org.jfree.data.general.DatasetUtilities.isEmptyOrNull($);
-		if (hasData && (renderer != null)) {
 
-			foundData = true;
-			org.jfree.chart.renderer.category.CategoryItemRendererState state = renderer.initialise(g2, dataArea, 
-			this, index, info);
-			int columnCount = $.getColumnCount();
-			int rowCount = $.getRowCount();
-			int passCount = renderer.getPassCount();
-			for (int pass = 0; pass < passCount; pass++) {
-				if (this.columnRenderingOrder == org.jfree.chart.util.SortOrder.ASCENDING) {
-					for (int column = 0; column < columnCount; column++) {
-						if (this.rowRenderingOrder == org.jfree.chart.util.SortOrder.ASCENDING) {
-							for (int row = 0; row < rowCount; row++) {
-								renderer.drawItem(g2, state, dataArea, this, 
-								domainAxis, rangeAxis, $, 
-								row, column, pass);
-							}
-						} else 
-						{
-							for (int row = rowCount - 1; row >= 0; row--) {
-								renderer.drawItem(g2, state, dataArea, this, 
-								domainAxis, rangeAxis, $, 
-								row, column, pass);
-							}
-						}
-					}
-				} else 
-				{
-					for (int column = columnCount - 1; column >= 0; column--) {
-						if (this.rowRenderingOrder == org.jfree.chart.util.SortOrder.ASCENDING) {
-							for (int row = 0; row < rowCount; row++) {
-								renderer.drawItem(g2, state, dataArea, this, 
-								domainAxis, rangeAxis, $, 
-								row, column, pass);
-							}
-						} else 
-						{
-							for (int row = rowCount - 1; row >= 0; row--) {
-								renderer.drawItem(g2, state, dataArea, this, 
-								domainAxis, rangeAxis, $, 
-								row, column, pass);
-							}
-						}
-					}
-				}
-			}
-		}
+
+
+
+
+
+
+
+
+
+
+
+
+
+
+
+
+
+
+
+
+
+
+
+
+
+
+
+
+
+
+
+
+
+
+
+
+
+
+
+
+
+
+
+
+
+
 		return foundData;
 
 	}



[INFO ] fr.inria.main.evolution.AstorMain.run(AstorMain.java:208) - Time Total(s): 1622.459


Node: cabc691192a6



Date: Mon Nov 25 08:23:32 EST 2019

cd /script/jGenProg_Defects4J_Chart_25;
export JAVA_TOOL_OPTIONS="-Dfile.encoding=UTF8 -Duser.language=en-US -Duser.country=US -Duser.language=en";
TZ="America/New_York"; export TZ;
export PATH="/usr/lib/jvm/java-1.8.0-openjdk-amd64/bin/:$PATH";
export JAVA_HOME="/usr/lib/jvm/java-1.8.0-openjdk-amd64/bin/";
java -Xmx4048m -cp /script/libs/jtestex7.jar:/astor/target/astor-0.0.2-SNAPSHOT-jar-with-dependencies.jar fr.inria.main.evolution.AstorMain \
	-mode jgenprog \
	-location . \
	-id Chart-25 \
	-failing org.jfree.chart.renderer.category.junit.StatisticalBarRendererTests \
	-jvm4testexecution /usr/lib/jvm/java-1.7.0-openjdk-amd64/bin/ \
	-jvm4evosuitetestexecution /usr/lib/jvm/java-1.7.0-openjdk-amd64/bin/ \
	-maxgen 1000000 \
	-maxtime 120 \
	-stopfirst true \
	-seed 0 \
	-scope package \
	-population 1 \
	-javacompliancelevel 4 \
	-srcjavafolder source/ \
	-srctestfolder tests/ \
	-binjavafolder build/ \
	-bintestfolder build-tests/ \
	-parameters mode:leven \
	-dependencies /script/jGenProg_Defects4J_Chart_25/build/:/script/jGenProg_Defects4J_Chart_25/build-tests/:/script/jGenProg_Defects4J_Chart_25/lib/servlet.jar:/script/jGenProg_Defects4J_Chart_25/lib/junit.jar:/script/jGenProg_Defects4J_Chart_25/lib/itext-2.0.2.jar:/defects4j/framework/projects/lib/junit-4.11.jar;
	echo "\n\nNode: `hostname`\n";
	echo "\n\nDate: `date`\n";

