Determine revision date.................................................... OK
Picked up JAVA_TOOL_OPTIONS: -Dfile.encoding=UTF8 -Duser.language=en-US -Duser.country=US -Duser.language=en
[INFO ] fr.inria.astor.core.setup.ProjectConfiguration.getVersionJDK(ProjectConfiguration.java:282) - Version of the JVM used: 1.7.0_181
[INFO ] fr.inria.main.AbstractMain.processArguments(AbstractMain.java:372) - Java version of the JDK used to run tests: 1.7.0_181
[INFO ] fr.inria.main.AbstractMain.processArguments(AbstractMain.java:373) - The compliance of the JVM is:  7
[INFO ] fr.inria.main.AbstractMain.processArguments(AbstractMain.java:647) - command line arguments: [-mode  jgenprog  -location  .  -id  Math-24  -failing  org.apache.commons.math3.optimization.univariate.BrentOptimizerTest  -jvm4testexecution  /usr/lib/jvm/java-1.7.0-openjdk-amd64/bin/  -jvm4evosuitetestexecution  /usr/lib/jvm/java-1.7.0-openjdk-amd64/bin/  -maxgen  1000000  -maxtime  120  -stopfirst  true  -seed  0  -scope  local  -population  1  -javacompliancelevel  5  -srcjavafolder  src/main/java/  -srctestfolder  src/test/java/  -binjavafolder  target/classes/  -bintestfolder  target/test-classes/  -parameters  x:x  -dependencies  /script/jGenProg_Defects4J_Math_24/target/classes/:/script/jGenProg_Defects4J_Math_24/target/test-classes/:/defects4j/framework/projects/lib/junit-4.11.jar]
[INFO ] fr.inria.main.evolution.AstorMain.execute(AstorMain.java:222) - Running Astor on a JDK at /usr/lib/jvm/java-8-openjdk-amd64/jre
[INFO ] fr.inria.main.AbstractMain.determineSourceFolders(AbstractMain.java:857) - Source folders: [/script/jGenProg_Defects4J_Math_24/./src/main/java]
[INFO ] fr.inria.main.AbstractMain.determineSourceFolders(AbstractMain.java:876) - Source Test folders: [/script/jGenProg_Defects4J_Math_24/./src/test/java]
[INFO ] fr.inria.astor.core.faultlocalization.gzoltar.GZoltarFaultLocalization.calculateSuspicious(GZoltarFaultLocalization.java:74) - -Executing Gzoltar classpath: /script/jGenProg_Defects4J_Math_24/./output_astor/AstorMain-Math-24//bin//default from 664 classes with test cases
[INFO ] fr.inria.astor.core.faultlocalization.gzoltar.GZoltarFaultLocalization.searchSuspicious(GZoltarFaultLocalization.java:154) - Gzoltar fault localization: min susp value parameter: 0.1
[INFO ] fr.inria.astor.core.faultlocalization.gzoltar.GZoltarFaultLocalization.searchSuspicious(GZoltarFaultLocalization.java:174) - -gz-Adding classpath: [/script/jGenProg_Defects4J_Math_24/./output_astor/AstorMain-Math-24//bin//default, /script/jGenProg_Defects4J_Math_24/target/classes/, /script/jGenProg_Defects4J_Math_24/target/test-classes/, /defects4j/framework/projects/lib/junit-4.11.jar]
[INFO ] fr.inria.astor.core.faultlocalization.gzoltar.GZoltarFaultLocalization.searchSuspicious(GZoltarFaultLocalization.java:214) - Test failt: org.apache.commons.math3.util.FastMathTest#checkMissingFastMathClasses
[INFO ] fr.inria.astor.core.faultlocalization.gzoltar.GZoltarFaultLocalization.searchSuspicious(GZoltarFaultLocalization.java:214) - Test failt: org.apache.commons.math3.optimization.univariate.BrentOptimizerTest#testMath855
[INFO ] fr.inria.astor.core.faultlocalization.gzoltar.GZoltarFaultLocalization.searchSuspicious(GZoltarFaultLocalization.java:226) - Gzoltar Test Result Total:4095, fails: 2, GZoltar suspicious 28167, with positive susp 315
[INFO ] fr.inria.astor.core.faultlocalization.gzoltar.GZoltarFaultLocalization.searchSuspicious(GZoltarFaultLocalization.java:234) - nr test results 4095
[INFO ] fr.inria.astor.core.faultlocalization.gzoltar.GZoltarFaultLocalization.searchSuspicious(GZoltarFaultLocalization.java:289) - Gzoltar found: 123 with susp > 0.1, we consider: 123
[INFO ] fr.inria.astor.core.solutionsearch.AstorCoreEngine.initPopulation(AstorCoreEngine.java:689) - 
---- Creating spoon model
[INFO ] fr.inria.astor.core.solutionsearch.AstorCoreEngine.initModel(AstorCoreEngine.java:788) - Creating model,  Code location from working folder: /script/jGenProg_Defects4J_Math_24/./src/main/java
[INFO ] fr.inria.astor.core.manipulation.MutationSupporter.buildModel(MutationSupporter.java:66) - building model: /script/jGenProg_Defects4J_Math_24/./src/main/java, compliance level: 5
[INFO ] fr.inria.astor.core.manipulation.MutationSupporter.buildModel(MutationSupporter.java:79) - Classpath (Dependencies) for building SpoonModel: [/script/jGenProg_Defects4J_Math_24/target/classes/, /script/jGenProg_Defects4J_Math_24/target/test-classes/, /defects4j/framework/projects/lib/junit-4.11.jar]
[INFO ] fr.inria.astor.core.solutionsearch.AstorCoreEngine.initPopulation(AstorCoreEngine.java:693) - 
---- Initial suspicious size: 123
[INFO ] fr.inria.astor.core.solutionsearch.population.ProgramVariantFactory.createProgramInstance(ProgramVariantFactory.java:127) - Total suspicious from FL: 123,  118
[INFO ] fr.inria.astor.core.solutionsearch.population.ProgramVariantFactory.createProgramInstance(ProgramVariantFactory.java:136) - Total ModPoint created: 118
[INFO ] fr.inria.astor.core.solutionsearch.population.ProgramVariantFactory.createInitialPopulation(ProgramVariantFactory.java:82) - Creating program variant #1, [Variant id: 1, #gens: 118, #ops: 0, parent:-]
[INFO ] fr.inria.astor.core.setup.ConfigurationProperties.print(ConfigurationProperties.java:66) - ----------------------------
[INFO ] fr.inria.astor.core.setup.ConfigurationProperties.print(ConfigurationProperties.java:67) - ---Configuration properties:---Execution values
[INFO ] fr.inria.astor.core.setup.ConfigurationProperties.print(ConfigurationProperties.java:69) - p:lastJUnitVersion= ./examples/libs/junit-4.11.jar
[INFO ] fr.inria.astor.core.setup.ConfigurationProperties.print(ConfigurationProperties.java:69) - p:alternativecompliancelevel= 4
[INFO ] fr.inria.astor.core.setup.ConfigurationProperties.print(ConfigurationProperties.java:69) - p:ignoredTestCases= 
[INFO ] fr.inria.astor.core.setup.ConfigurationProperties.print(ConfigurationProperties.java:69) - p:workingDirectory= /script/jGenProg_Defects4J_Math_24/./output_astor
[INFO ] fr.inria.astor.core.setup.ConfigurationProperties.print(ConfigurationProperties.java:69) - p:manipulatesuper= false
[INFO ] fr.inria.astor.core.setup.ConfigurationProperties.print(ConfigurationProperties.java:69) - p:validation= process
[INFO ] fr.inria.astor.core.setup.ConfigurationProperties.print(ConfigurationProperties.java:69) - p:jvm4testexecution= /usr/lib/jvm/java-1.7.0-openjdk-amd64/bin/
[INFO ] fr.inria.astor.core.setup.ConfigurationProperties.print(ConfigurationProperties.java:69) - p:operatorspace= irr-statements
[INFO ] fr.inria.astor.core.setup.ConfigurationProperties.print(ConfigurationProperties.java:69) - p:disablelog= false
[INFO ] fr.inria.astor.core.setup.ConfigurationProperties.print(ConfigurationProperties.java:69) - p:binjavafolder= target/classes/
[INFO ] fr.inria.astor.core.setup.ConfigurationProperties.print(ConfigurationProperties.java:69) - p:synthesis_depth= 3
[INFO ] fr.inria.astor.core.setup.ConfigurationProperties.print(ConfigurationProperties.java:69) - p:gzoltartestpackagetoexclude= junit.framework
[INFO ] fr.inria.astor.core.setup.ConfigurationProperties.print(ConfigurationProperties.java:69) - p:skipfitnessinitialpopulation= false
[INFO ] fr.inria.astor.core.setup.ConfigurationProperties.print(ConfigurationProperties.java:69) - p:evosuiteresultfolder= evosuite
[INFO ] fr.inria.astor.core.setup.ConfigurationProperties.print(ConfigurationProperties.java:69) - p:flthreshold= 0.1
[INFO ] fr.inria.astor.core.setup.ConfigurationProperties.print(ConfigurationProperties.java:69) - p:regressionforfaultlocalization= true
[INFO ] fr.inria.astor.core.setup.ConfigurationProperties.print(ConfigurationProperties.java:69) - p:collectonlyusedmethod= false
[INFO ] fr.inria.astor.core.setup.ConfigurationProperties.print(ConfigurationProperties.java:69) - p:preservelinenumbers= true
[INFO ] fr.inria.astor.core.setup.ConfigurationProperties.print(ConfigurationProperties.java:69) - p:tmax2= 526596
[INFO ] fr.inria.astor.core.setup.ConfigurationProperties.print(ConfigurationProperties.java:69) - p:tmax1= 10000
[INFO ] fr.inria.astor.core.setup.ConfigurationProperties.print(ConfigurationProperties.java:69) - p:probagenmutation= false
[INFO ] fr.inria.astor.core.setup.ConfigurationProperties.print(ConfigurationProperties.java:69) - p:nomodificationconvergence= 100
[INFO ] fr.inria.astor.core.setup.ConfigurationProperties.print(ConfigurationProperties.java:69) - p:diff_type= relative
[INFO ] fr.inria.astor.core.setup.ConfigurationProperties.print(ConfigurationProperties.java:69) - p:targetelementprocessor= statements
[INFO ] fr.inria.astor.core.setup.ConfigurationProperties.print(ConfigurationProperties.java:69) - p:srctestfolder= src/test/java/
[INFO ] fr.inria.astor.core.setup.ConfigurationProperties.print(ConfigurationProperties.java:69) - p:forceExecuteRegression= false
[INFO ] fr.inria.astor.core.setup.ConfigurationProperties.print(ConfigurationProperties.java:69) - p:clusteringfilename= clustering.csv
[INFO ] fr.inria.astor.core.setup.ConfigurationProperties.print(ConfigurationProperties.java:69) - p:failing= org.apache.commons.math3.optimization.univariate.BrentOptimizerTest
[INFO ] fr.inria.astor.core.setup.ConfigurationProperties.print(ConfigurationProperties.java:69) - p:logtestexecution= false
[INFO ] fr.inria.astor.core.setup.ConfigurationProperties.print(ConfigurationProperties.java:69) - p:evo_buggy_class= true
[INFO ] fr.inria.astor.core.setup.ConfigurationProperties.print(ConfigurationProperties.java:69) - p:numberExecutions= 1
[INFO ] fr.inria.astor.core.setup.ConfigurationProperties.print(ConfigurationProperties.java:69) - p:maxnumbersolutions= 1000000
[INFO ] fr.inria.astor.core.setup.ConfigurationProperties.print(ConfigurationProperties.java:69) - p:evo_affected_by_op= true
[INFO ] fr.inria.astor.core.setup.ConfigurationProperties.print(ConfigurationProperties.java:69) - p:population= 1
[INFO ] fr.inria.astor.core.setup.ConfigurationProperties.print(ConfigurationProperties.java:69) - p:considerzerovaluesusp= false
[INFO ] fr.inria.astor.core.setup.ConfigurationProperties.print(ConfigurationProperties.java:69) - p:maxCombinationVariableLimit= false
[INFO ] fr.inria.astor.core.setup.ConfigurationProperties.print(ConfigurationProperties.java:69) - p:loglevel= INFO
[INFO ] fr.inria.astor.core.setup.ConfigurationProperties.print(ConfigurationProperties.java:69) - p:savesolution= true
[INFO ] fr.inria.astor.core.setup.ConfigurationProperties.print(ConfigurationProperties.java:69) - p:javacompliancelevel= 5
[INFO ] fr.inria.astor.core.setup.ConfigurationProperties.print(ConfigurationProperties.java:69) - p:x= x
[INFO ] fr.inria.astor.core.setup.ConfigurationProperties.print(ConfigurationProperties.java:69) - p:uniqueoptogen= false
[INFO ] fr.inria.astor.core.setup.ConfigurationProperties.print(ConfigurationProperties.java:69) - p:gzoltarpackagetonotinstrument= junit.framework
[INFO ] fr.inria.astor.core.setup.ConfigurationProperties.print(ConfigurationProperties.java:69) - p:projectIdentifier= Math-24
[INFO ] fr.inria.astor.core.setup.ConfigurationProperties.print(ConfigurationProperties.java:69) - p:modificationpointnavigation= weight
[INFO ] fr.inria.astor.core.setup.ConfigurationProperties.print(ConfigurationProperties.java:69) - p:stopfirst= true
[INFO ] fr.inria.astor.core.setup.ConfigurationProperties.print(ConfigurationProperties.java:69) - p:multipointmodification= false
[INFO ] fr.inria.astor.core.setup.ConfigurationProperties.print(ConfigurationProperties.java:69) - p:elementsToMutate= 10
[INFO ] fr.inria.astor.core.setup.ConfigurationProperties.print(ConfigurationProperties.java:69) - p:jsonoutputname= astor_output
[INFO ] fr.inria.astor.core.setup.ConfigurationProperties.print(ConfigurationProperties.java:69) - p:evoDSE= false
[INFO ] fr.inria.astor.core.setup.ConfigurationProperties.print(ConfigurationProperties.java:69) - p:bintestfolder= target/test-classes/
[INFO ] fr.inria.astor.core.setup.ConfigurationProperties.print(ConfigurationProperties.java:69) - p:testbystep= false
[INFO ] fr.inria.astor.core.setup.ConfigurationProperties.print(ConfigurationProperties.java:69) - p:version-location= ./math-version/
[INFO ] fr.inria.astor.core.setup.ConfigurationProperties.print(ConfigurationProperties.java:69) - p:reintroduce= PARENTS:ORIGINAL
[INFO ] fr.inria.astor.core.setup.ConfigurationProperties.print(ConfigurationProperties.java:69) - p:executorjar= ./lib/jtestex7.jar
[INFO ] fr.inria.astor.core.setup.ConfigurationProperties.print(ConfigurationProperties.java:69) - p:maxGeneration= 1000000
[INFO ] fr.inria.astor.core.setup.ConfigurationProperties.print(ConfigurationProperties.java:69) - p:max_synthesis_step= 10000
[INFO ] fr.inria.astor.core.setup.ConfigurationProperties.print(ConfigurationProperties.java:69) - p:maxVarCombination= 1000
[INFO ] fr.inria.astor.core.setup.ConfigurationProperties.print(ConfigurationProperties.java:69) - p:maxtime= 120
[INFO ] fr.inria.astor.core.setup.ConfigurationProperties.print(ConfigurationProperties.java:69) - p:evosuitejar= ./lib/evosuite-master-1.0.4-SNAPSHOT.jar
[INFO ] fr.inria.astor.core.setup.ConfigurationProperties.print(ConfigurationProperties.java:69) - p:jvmversion= 1.7.0_181
[INFO ] fr.inria.astor.core.setup.ConfigurationProperties.print(ConfigurationProperties.java:69) - p:commandTrunk= 50000
[INFO ] fr.inria.astor.core.setup.ConfigurationProperties.print(ConfigurationProperties.java:69) - p:faultlocalization= gzoltar
[INFO ] fr.inria.astor.core.setup.ConfigurationProperties.print(ConfigurationProperties.java:69) - p:resetmodel= true
[INFO ] fr.inria.astor.core.setup.ConfigurationProperties.print(ConfigurationProperties.java:69) - p:maxsuspcandidates= 1000
[INFO ] fr.inria.astor.core.setup.ConfigurationProperties.print(ConfigurationProperties.java:69) - p:mode= jgenprog
[INFO ] fr.inria.astor.core.setup.ConfigurationProperties.print(ConfigurationProperties.java:69) - p:learningdir= 
[INFO ] fr.inria.astor.core.setup.ConfigurationProperties.print(ConfigurationProperties.java:69) - p:jvm4evosuitetestexecution= /usr/lib/jvm/java-1.7.0-openjdk-amd64/bin/
[INFO ] fr.inria.astor.core.setup.ConfigurationProperties.print(ConfigurationProperties.java:69) - p:filterfaultlocalization= true
[INFO ] fr.inria.astor.core.setup.ConfigurationProperties.print(ConfigurationProperties.java:69) - p:mutationrate= 1 
[INFO ] fr.inria.astor.core.setup.ConfigurationProperties.print(ConfigurationProperties.java:69) - p:pathToMVNRepository= 
[INFO ] fr.inria.astor.core.setup.ConfigurationProperties.print(ConfigurationProperties.java:69) - p:resourcesfolder= /src/main/resources:/src/test/resources:
[INFO ] fr.inria.astor.core.setup.ConfigurationProperties.print(ConfigurationProperties.java:69) - p:timezone= America/Los_Angeles
[INFO ] fr.inria.astor.core.setup.ConfigurationProperties.print(ConfigurationProperties.java:69) - p:runjava7code= false
[INFO ] fr.inria.astor.core.setup.ConfigurationProperties.print(ConfigurationProperties.java:69) - p:evoRunOnBuggyClass= true
[INFO ] fr.inria.astor.core.setup.ConfigurationProperties.print(ConfigurationProperties.java:69) - p:compiler= fr.inria.astor.core.manipulation.bytecode.compiler.SpoonClassCompiler
[INFO ] fr.inria.astor.core.setup.ConfigurationProperties.print(ConfigurationProperties.java:69) - p:limitbysuspicious= true
[INFO ] fr.inria.astor.core.setup.ConfigurationProperties.print(ConfigurationProperties.java:69) - p:logsattemps= true
[INFO ] fr.inria.astor.core.setup.ConfigurationProperties.print(ConfigurationProperties.java:69) - p:dependenciespath= /script/jGenProg_Defects4J_Math_24/target/classes/:/script/jGenProg_Defects4J_Math_24/target/test-classes/:/defects4j/framework/projects/lib/junit-4.11.jar
[INFO ] fr.inria.astor.core.setup.ConfigurationProperties.print(ConfigurationProperties.java:69) - p:logpatternlayout= [%-5p] %l - %m%n
[INFO ] fr.inria.astor.core.setup.ConfigurationProperties.print(ConfigurationProperties.java:69) - p:packageToInstrument= 
[INFO ] fr.inria.astor.core.setup.ConfigurationProperties.print(ConfigurationProperties.java:69) - p:skipfaultlocalization= false
[INFO ] fr.inria.astor.core.setup.ConfigurationProperties.print(ConfigurationProperties.java:69) - p:scope= local
[INFO ] fr.inria.astor.core.setup.ConfigurationProperties.print(ConfigurationProperties.java:69) - p:transformingredient= false
[INFO ] fr.inria.astor.core.setup.ConfigurationProperties.print(ConfigurationProperties.java:69) - p:fitnessfunction= fr.inria.astor.core.solutionsearch.population.TestCaseFitnessFunction
[INFO ] fr.inria.astor.core.setup.ConfigurationProperties.print(ConfigurationProperties.java:69) - p:maxnumvariablesperingredient= 10
[INFO ] fr.inria.astor.core.setup.ConfigurationProperties.print(ConfigurationProperties.java:69) - p:parsesourcefromoriginal= true
[INFO ] fr.inria.astor.core.setup.ConfigurationProperties.print(ConfigurationProperties.java:69) - p:pvariantfoldername= variant-
[INFO ] fr.inria.astor.core.setup.ConfigurationProperties.print(ConfigurationProperties.java:69) - p:savespoonmodelondisk= false
[INFO ] fr.inria.astor.core.setup.ConfigurationProperties.print(ConfigurationProperties.java:69) - p:srcjavafolder= src/main/java/
[INFO ] fr.inria.astor.core.setup.ConfigurationProperties.print(ConfigurationProperties.java:69) - p:populationcontroller= fr.inria.astor.core.solutionsearch.population.TestCaseBasedFitnessPopulationController
[INFO ] fr.inria.astor.core.setup.ConfigurationProperties.print(ConfigurationProperties.java:69) - p:ignoreflakyinfl= false
[INFO ] fr.inria.astor.core.setup.ConfigurationProperties.print(ConfigurationProperties.java:69) - p:cleantemplates= true
[INFO ] fr.inria.astor.core.setup.ConfigurationProperties.print(ConfigurationProperties.java:69) - p:applyCrossover= false
[INFO ] fr.inria.astor.core.setup.ConfigurationProperties.print(ConfigurationProperties.java:69) - p:maxmodificationpoints= 1000
[INFO ] fr.inria.astor.core.setup.ConfigurationProperties.print(ConfigurationProperties.java:69) - p:duplicateingredientsinspace= false
[INFO ] fr.inria.astor.core.setup.ConfigurationProperties.print(ConfigurationProperties.java:69) - p:metid= 0
[INFO ] fr.inria.astor.core.setup.ConfigurationProperties.print(ConfigurationProperties.java:69) - p:saveall= false
[INFO ] fr.inria.astor.core.setup.ConfigurationProperties.print(ConfigurationProperties.java:69) - p:seed= 0
[INFO ] fr.inria.astor.core.setup.ConfigurationProperties.print(ConfigurationProperties.java:69) - p:savecompletepatched= true
[INFO ] fr.inria.astor.core.setup.ConfigurationProperties.print(ConfigurationProperties.java:69) - p:resetoperations= false
[INFO ] fr.inria.astor.core.setup.ConfigurationProperties.print(ConfigurationProperties.java:69) - p:processoutputinfile= false
[INFO ] fr.inria.astor.core.setup.ConfigurationProperties.print(ConfigurationProperties.java:69) - p:location= .
[INFO ] fr.inria.astor.core.setup.ConfigurationProperties.print(ConfigurationProperties.java:69) - p:probabilistictransformation= true
[INFO ] fr.inria.astor.core.setup.ConfigurationProperties.print(ConfigurationProperties.java:69) - p:overridemaxtime= true
[INFO ] fr.inria.astor.core.setup.ConfigurationProperties.print(ConfigurationProperties.java:69) - p:outputjsonresult= false
[INFO ] fr.inria.astor.core.setup.ConfigurationProperties.print(ConfigurationProperties.java:69) - p:allpoints= false
[INFO ] fr.inria.astor.core.setup.ConfigurationProperties.print(ConfigurationProperties.java:69) - p:bugId= 280
[INFO ] fr.inria.astor.core.setup.ConfigurationProperties.print(ConfigurationProperties.java:69) - p:evosuitetimeout= 120
[INFO ] fr.inria.astor.core.setup.ConfigurationProperties.print(ConfigurationProperties.java:69) - p:nrPlaceholders= 1
[INFO ] fr.inria.astor.core.setup.ConfigurationProperties.print(ConfigurationProperties.java:69) - p:forcesubprocesskilling= true
[INFO ] fr.inria.astor.core.setup.ConfigurationProperties.print(ConfigurationProperties.java:71) - ----------------------------
[INFO ] fr.inria.astor.core.solutionsearch.EvolutionarySearchEngine.startEvolution(EvolutionarySearchEngine.java:40) - 
----Starting Solution Search
[INFO ] fr.inria.astor.core.validation.processbased.LaucherJUnitProcess.killProcess(LaucherJUnitProcess.java:185) - The Process that runs JUnit test cases did not terminate within waitTime of 10 seconds
[INFO ] fr.inria.astor.core.validation.processbased.LaucherJUnitProcess.killProcess(LaucherJUnitProcess.java:187) - Killed the Process that runs JUnit test cases 4830
[INFO ] fr.inria.astor.core.validation.processbased.LaucherJUnitProcess.killProcess(LaucherJUnitProcess.java:185) - The Process that runs JUnit test cases did not terminate within waitTime of 10 seconds
[INFO ] fr.inria.astor.core.validation.processbased.LaucherJUnitProcess.killProcess(LaucherJUnitProcess.java:187) - Killed the Process that runs JUnit test cases 9530
[INFO ] fr.inria.astor.core.validation.processbased.LaucherJUnitProcess.killProcess(LaucherJUnitProcess.java:185) - The Process that runs JUnit test cases did not terminate within waitTime of 10 seconds
[INFO ] fr.inria.astor.core.validation.processbased.LaucherJUnitProcess.killProcess(LaucherJUnitProcess.java:187) - Killed the Process that runs JUnit test cases 16705
[ERROR] fr.inria.astor.core.solutionsearch.AstorCoreEngine.validateReversedOriginalVariant(AstorCoreEngine.java:346) - Error variant :1160 the model was not the same from the original after this generation (see Diff in debug level)
[INFO ] fr.inria.astor.core.validation.processbased.LaucherJUnitProcess.killProcess(LaucherJUnitProcess.java:185) - The Process that runs JUnit test cases did not terminate within waitTime of 10 seconds
[INFO ] fr.inria.astor.core.validation.processbased.LaucherJUnitProcess.killProcess(LaucherJUnitProcess.java:187) - Killed the Process that runs JUnit test cases 22523
[INFO ] fr.inria.astor.core.validation.processbased.LaucherJUnitProcess.killProcess(LaucherJUnitProcess.java:185) - The Process that runs JUnit test cases did not terminate within waitTime of 10 seconds
[INFO ] fr.inria.astor.core.validation.processbased.LaucherJUnitProcess.killProcess(LaucherJUnitProcess.java:187) - Killed the Process that runs JUnit test cases 23308
[INFO ] fr.inria.astor.core.validation.processbased.LaucherJUnitProcess.killProcess(LaucherJUnitProcess.java:185) - The Process that runs JUnit test cases did not terminate within waitTime of 10 seconds
[INFO ] fr.inria.astor.core.validation.processbased.LaucherJUnitProcess.killProcess(LaucherJUnitProcess.java:187) - Killed the Process that runs JUnit test cases 24021
[INFO ] fr.inria.astor.core.solutionsearch.AstorCoreEngine.processCreatedVariant(AstorCoreEngine.java:436) - -Found Solution, child variant #1374
[ERROR] fr.inria.astor.core.solutionsearch.AstorCoreEngine.validateReversedOriginalVariant(AstorCoreEngine.java:346) - Error variant :1374 the model was not the same from the original after this generation (see Diff in debug level)
[INFO ] fr.inria.astor.core.solutionsearch.AstorCoreEngine.atEnd(AstorCoreEngine.java:168) - Time Repair Loop (s): 7285.724
[INFO ] fr.inria.astor.core.solutionsearch.AstorCoreEngine.atEnd(AstorCoreEngine.java:170) - generationsexecuted: 687
[INFO ] fr.inria.astor.core.solutionsearch.AstorCoreEngine.printFinalStatus(AstorCoreEngine.java:234) - 
----SUMMARY_EXECUTION---
[INFO ] fr.inria.astor.core.solutionsearch.AstorCoreEngine.atEnd(AstorCoreEngine.java:184) - 
 --SOLUTIONS DESCRIPTION--

 ----
ProgramVariant 1374
 
time(sec)= 7285
operation: InsertBeforeOp
location= org.apache.commons.math3.optimization.univariate.BrentOptimizer
line= 243
lineSuspiciousness= 0.183
lineSuspiciousness= 71
original statement= w = x
buggy kind= CtAssignmentImpl|CtBlockImpl
fixed statement= if (((p > (q * (a - x))) && 
(p < (q * (b - x)))) && 
((org.apache.commons.math3.util.FastMath.abs(p)) < (org.apache.commons.math3.util.FastMath.abs(((0.5 * q) * r))))) {

	d = p / q;
	u = x + d;


	if (((u - a) < tol2) || ((b - u) < tol2)) {
		if (x <= m) {
			d = tol1;
		}else {
			d = -tol1;
		}
	}
}else {

	if (x < m) {
		e = b - x;
	}else {
		e = a - x;
	}
	d = (org.apache.commons.math3.optimization.univariate.BrentOptimizer.GOLDEN_SECTION) * e;
}
Patch kind= CtIfImpl|CtBlockImpl
generation= 687
ingredientScope= LOCAL
validation=|true|0|4095|[]|
diffpatch=--- /script/jGenProg_Defects4J_Math_24/src/main/java/org/apache/commons/math3/optimization/univariate/BrentOptimizerjava
+++ /script/jGenProg_Defects4J_Math_24/src/main/java/org/apache/commons/math3/optimization/univariate/BrentOptimizerjava
@@ -132,6 +132,24 @@
 					}
 					v = w;
 					fv = fw;
+					if (((p > (q * (a - x))) && (p < (q * (b - x)))) && ((org.apache.commons.math3.util.FastMath.abs(p)) < (org.apache.commons.math3.util.FastMath.abs(((0.5 * q) * r))))) {
+						d = p / q;
+						u = x + d;
+						if (((u - a) < tol2) || ((b - u) < tol2)) {
+							if (x <= m) {
+								d = tol1;
+							}else {
+								d = -tol1;
+							}
+						}
+					}else {
+						if (x < m) {
+							e = b - x;
+						}else {
+							e = a - x;
+						}
+						d = (org.apache.commons.math3.optimization.univariate.BrentOptimizer.GOLDEN_SECTION) * e;
+					}
 					w = x;
 					fw = fx;
 					x = u;


diffpatchoriginal=--- /script/jGenProg_Defects4J_Math_24/src/main/java/org/apache/commons/math3/optimization/univariate/BrentOptimizerjava
+++ /script/jGenProg_Defects4J_Math_24/src/main/java/org/apache/commons/math3/optimization/univariate/BrentOptimizerjava
@@ -239,7 +239,7 @@
 						a = x;
 					}
 					v = w;
-					fv = fw;
+					fv = fw; 					if (((p > (q * (a - x))) && (p < (q * (b - x)))) && ((org.apache.commons.math3.util.FastMath.abs(p)) < (org.apache.commons.math3.util.FastMath.abs(((0.5 * q) * r))))) { 						d = p / q; 						u = x + d; 						if (((u - a) < tol2) || ((b - u) < tol2)) { 							if (x <= m) { 								d = tol1;}else { 								d = -tol1;}}}else { 						if (x < m) { 							e = b - x;}else { 							e = a - x;} 						d = (org.apache.commons.math3.optimization.univariate.BrentOptimizer.GOLDEN_SECTION) * e;}
 					w = x;
 					fw = fx;
 					x = u;



Astor Output:

General stats:
EXECUTION_IDENTIFIER=Math-24
TOTAL_TIME=7285.724
NR_GENERATIONS=687
NR_RIGHT_COMPILATIONS=490
NR_FAILLING_COMPILATIONS=197
NR_ERRONEOUS_VARIANCES=null
NR_FAILING_VALIDATION_PROCESS=null
OUTPUT_STATUS=STOP_BY_PATCH_FOUND

Patch stats:

Patch 1
VARIANT_ID=1374
TIME=7285
VALIDATION=|true|0|4095|[]|
GENERATION=687
FOLDER_SOLUTION_CODE=/script/jGenProg_Defects4J_Math_24/./output_astor/AstorMain-Math-24//src//variant-1374
--Patch Hunk #1
OPERATOR=InsertBeforeOp

LOCATION=org.apache.commons.math3.optimization.univariate.BrentOptimizer

PATH=/script/jGenProg_Defects4J_Math_24/src/main/java/org/apache/commons/math3/optimization/univariate/BrentOptimizer.java

MODIFIED_FILE_PATH=/script/jGenProg_Defects4J_Math_24/./output_astor/AstorMain-Math-24//src//variant-1374/org/apache/commons/math3/optimization/univariate/BrentOptimizer.java

LINE=243

SUSPICIOUNESS=0.183

MP_RANKING=71

ORIGINAL_CODE=w = x

BUGGY_CODE_TYPE=CtAssignmentImpl|CtBlockImpl

PATCH_HUNK_CODE=if (((p > (q * (a - x))) && 
(p < (q * (b - x)))) && 
((org.apache.commons.math3.util.FastMath.abs(p)) < (org.apache.commons.math3.util.FastMath.abs(((0.5 * q) * r))))) {

	d = p / q;
	u = x + d;


	if (((u - a) < tol2) || ((b - u) < tol2)) {
		if (x <= m) {
			d = tol1;
		}else {
			d = -tol1;
		}
	}
}else {

	if (x < m) {
		e = b - x;
	}else {
		e = a - x;
	}
	d = (org.apache.commons.math3.optimization.univariate.BrentOptimizer.GOLDEN_SECTION) * e;
}

PATCH_HUNK_TYPE=CtIfImpl|CtBlockImpl

INGREDIENT_SCOPE=LOCAL

INGREDIENT_PARENT=if (((p > (q * (a - x))) && 
(p < (q * (b - x)))) && 
((org.apache.commons.math3.util.FastMath.abs(p)) < (org.apache.commons.math3.util.FastMath.abs(((0.5 * q) * r))))) {

	d = p / q;
	u = x + d;


	if (((u - a) < tol2) || ((b - u) < tol2)) {
		if (x <= m) {
			d = tol1;
		}else {
			d = -tol1;
		}
	}
}else {

	if (x < m) {
		e = b - x;
	}else {
		e = a - x;
	}
	d = (org.apache.commons.math3.optimization.univariate.BrentOptimizer.GOLDEN_SECTION) * e;
}

PATCH_DIFF_ORIG=--- /script/jGenProg_Defects4J_Math_24/src/main/java/org/apache/commons/math3/optimization/univariate/BrentOptimizerjava
+++ /script/jGenProg_Defects4J_Math_24/src/main/java/org/apache/commons/math3/optimization/univariate/BrentOptimizerjava
@@ -239,7 +239,7 @@
 						a = x;
 					}
 					v = w;
-					fv = fw;
+					fv = fw; 					if (((p > (q * (a - x))) && (p < (q * (b - x)))) && ((org.apache.commons.math3.util.FastMath.abs(p)) < (org.apache.commons.math3.util.FastMath.abs(((0.5 * q) * r))))) { 						d = p / q; 						u = x + d; 						if (((u - a) < tol2) || ((b - u) < tol2)) { 							if (x <= m) { 								d = tol1;}else { 								d = -tol1;}}}else { 						if (x < m) { 							e = b - x;}else { 							e = a - x;} 						d = (org.apache.commons.math3.optimization.univariate.BrentOptimizer.GOLDEN_SECTION) * e;}
 					w = x;
 					fw = fx;
 					x = u;



[INFO ] fr.inria.main.evolution.AstorMain.run(AstorMain.java:204) - Time Total(s): 8060.271


Node: 92893c44d3fe



Date: Tue Aug  6 07:04:38 EDT 2019

cd /script/jGenProg_Defects4J_Math_24;
export JAVA_TOOL_OPTIONS="-Dfile.encoding=UTF8 -Duser.language=en-US -Duser.country=US -Duser.language=en";
TZ="America/New_York"; export TZ;
export PATH="/usr/lib/jvm/java-1.8.0-openjdk-amd64/bin/:$PATH";
export JAVA_HOME="/usr/lib/jvm/java-1.8.0-openjdk-amd64/bin/";
java -Xmx4048m -cp /script/libs/jtestex7.jar:/astor/target/astor-0.0.2-SNAPSHOT-jar-with-dependencies.jar fr.inria.main.evolution.AstorMain \
	-mode jgenprog \
	-location . \
	-id Math-24 \
	-failing org.apache.commons.math3.optimization.univariate.BrentOptimizerTest \
	-jvm4testexecution /usr/lib/jvm/java-1.7.0-openjdk-amd64/bin/ \
	-jvm4evosuitetestexecution /usr/lib/jvm/java-1.7.0-openjdk-amd64/bin/ \
	-maxgen 1000000 \
	-maxtime 120 \
	-stopfirst true \
	-seed 0 \
	-scope local \
	-population 1 \
	-javacompliancelevel 5 \
	-srcjavafolder src/main/java/ \
	-srctestfolder src/test/java/ \
	-binjavafolder target/classes/ \
	-bintestfolder target/test-classes/ \
	-parameters x:x \
	-dependencies /script/jGenProg_Defects4J_Math_24/target/classes/:/script/jGenProg_Defects4J_Math_24/target/test-classes/:/defects4j/framework/projects/lib/junit-4.11.jar;
	echo "\n\nNode: `hostname`\n";
	echo "\n\nDate: `date`\n";

