Determine revision date.................................................... OK
Picked up JAVA_TOOL_OPTIONS: -Dfile.encoding=UTF8 -Duser.language=en-US -Duser.country=US -Duser.language=en
log4j:ERROR setFile(null,true) call failed.
java.io.FileNotFoundException:  (No such file or directory)
	at java.io.FileOutputStream.open0(Native Method)
	at java.io.FileOutputStream.open(FileOutputStream.java:270)
	at java.io.FileOutputStream.<init>(FileOutputStream.java:213)
	at java.io.FileOutputStream.<init>(FileOutputStream.java:133)
	at org.apache.log4j.FileAppender.setFile(FileAppender.java:294)
	at org.apache.log4j.RollingFileAppender.setFile(RollingFileAppender.java:207)
	at org.apache.log4j.FileAppender.activateOptions(FileAppender.java:165)
	at org.apache.log4j.config.PropertySetter.activate(PropertySetter.java:307)
	at org.apache.log4j.config.PropertySetter.setProperties(PropertySetter.java:172)
	at org.apache.log4j.config.PropertySetter.setProperties(PropertySetter.java:104)
	at org.apache.log4j.PropertyConfigurator.parseAppender(PropertyConfigurator.java:842)
	at org.apache.log4j.PropertyConfigurator.parseCategory(PropertyConfigurator.java:768)
	at org.apache.log4j.PropertyConfigurator.parseCatsAndRenderers(PropertyConfigurator.java:672)
	at org.apache.log4j.PropertyConfigurator.doConfigure(PropertyConfigurator.java:516)
	at org.apache.log4j.PropertyConfigurator.doConfigure(PropertyConfigurator.java:580)
	at org.apache.log4j.helpers.OptionConverter.selectAndConfigure(OptionConverter.java:526)
	at org.apache.log4j.LogManager.<clinit>(LogManager.java:127)
	at org.apache.log4j.Logger.getLogger(Logger.java:117)
	at fr.inria.astor.core.setup.ConfigurationProperties.<clinit>(ConfigurationProperties.java:16)
	at fr.inria.main.AbstractMain.<clinit>(AbstractMain.java:100)
2019-12-27 07:24:08,069 INFO fr.inria.astor.core.setup.ProjectConfiguration - Version of the JVM used: 1.7.0_181
2019-12-27 07:24:08,071 INFO main - Java version of the JDK used to run tests: 1.7.0_181
2019-12-27 07:24:08,072 INFO main - The compliance of the JVM is:  7
2019-12-27 07:24:08,075 INFO main - command line arguments: [-mode  jgenprog  -location  .  -id  Closure-75  -failing  com.google.javascript.jscomp.PeepholeFoldConstantsTest  -jvm4testexecution  /usr/lib/jvm/java-1.7.0-openjdk-amd64/bin/  -jvm4evosuitetestexecution  /usr/lib/jvm/java-1.7.0-openjdk-amd64/bin/  -maxgen  1000000  -maxtime  120  -stopfirst  true  -seed  0  -scope  package  -population  1  -javacompliancelevel  6  -srcjavafolder  src/  -srctestfolder  test  -binjavafolder  build/classes/  -bintestfolder  build/test/  -parameters  mode:purpose  -dependencies  /script/jGenProg_Defects4J_Closure_75/build/classes:/script/jGenProg_Defects4J_Closure_75/build/test:/script/jGenProg_Defects4J_Closure_75/lib/caja-r4314.jar:/script/jGenProg_Defects4J_Closure_75/lib/json.jar:/script/jGenProg_Defects4J_Closure_75/lib/jsr305.jar:/script/jGenProg_Defects4J_Closure_75/lib/ant-launcher.jar:/script/jGenProg_Defects4J_Closure_75/lib/ant.jar:/script/jGenProg_Defects4J_Closure_75/lib/args4j.jar:/script/jGenProg_Defects4J_Closure_75/lib/guava.jar:/script/jGenProg_Defects4J_Closure_75/lib/junit.jar:/script/jGenProg_Defects4J_Closure_75/lib/libtrunk_rhino_parser_jarjared.jar:/script/jGenProg_Defects4J_Closure_75/lib/protobuf-java.jar]
2019-12-27 07:24:08,077 INFO fr.inria.main.evolution.AstorMain - Running Astor on a JDK at /usr/lib/jvm/java-8-openjdk-amd64/jre
[INFO ] fr.inria.main.AbstractMain.determineSourceFolders(AbstractMain.java:975) - Source folders: [/script/jGenProg_Defects4J_Closure_75/./src]
[INFO ] fr.inria.main.AbstractMain.determineSourceFolders(AbstractMain.java:994) - Source Test folders: [/script/jGenProg_Defects4J_Closure_75/./test]
[INFO ] fr.inria.main.evolution.AstorMain.createEngine(AstorMain.java:108) - mode is Purpose
[INFO ] fr.inria.astor.core.solutionsearch.AstorCoreEngine.resolveTestsToRun(AstorCoreEngine.java:1311) - Test retrieved from classes: 392
[INFO ] fr.inria.astor.core.faultlocalization.gzoltar.GZoltarFaultLocalization.calculateSuspicious(GZoltarFaultLocalization.java:74) - -Executing Gzoltar classpath: /script/jGenProg_Defects4J_Closure_75/./output_astor/AstorMain-Closure-75//bin//default from 392 classes with test cases
[INFO ] fr.inria.astor.core.faultlocalization.gzoltar.GZoltarFaultLocalization.searchSuspicious(GZoltarFaultLocalization.java:154) - Gzoltar fault localization: min susp value parameter: 0.1
[INFO ] fr.inria.astor.core.faultlocalization.gzoltar.GZoltarFaultLocalization.searchSuspicious(GZoltarFaultLocalization.java:174) - -gz-Adding classpath: [/script/jGenProg_Defects4J_Closure_75/./output_astor/AstorMain-Closure-75//bin//default, /script/jGenProg_Defects4J_Closure_75/build/classes/, /script/jGenProg_Defects4J_Closure_75/build/test/, /script/jGenProg_Defects4J_Closure_75/lib/caja-r4314.jar, /script/jGenProg_Defects4J_Closure_75/lib/json.jar, /script/jGenProg_Defects4J_Closure_75/lib/jsr305.jar, /script/jGenProg_Defects4J_Closure_75/lib/ant-launcher.jar, /script/jGenProg_Defects4J_Closure_75/lib/ant.jar, /script/jGenProg_Defects4J_Closure_75/lib/args4j.jar, /script/jGenProg_Defects4J_Closure_75/lib/guava.jar, /script/jGenProg_Defects4J_Closure_75/lib/junit.jar, /script/jGenProg_Defects4J_Closure_75/lib/libtrunk_rhino_parser_jarjared.jar, /script/jGenProg_Defects4J_Closure_75/lib/protobuf-java.jar]
[INFO ] fr.inria.astor.core.faultlocalization.gzoltar.GZoltarFaultLocalization.searchSuspicious(GZoltarFaultLocalization.java:214) - Test failt: com.google.javascript.jscomp.CrossModuleMethodMotionTest#testTwoMethods
[INFO ] fr.inria.astor.core.faultlocalization.gzoltar.GZoltarFaultLocalization.searchSuspicious(GZoltarFaultLocalization.java:214) - Test failt: com.google.javascript.jscomp.CrossModuleMethodMotionTest#testClosureVariableReads3
[INFO ] fr.inria.astor.core.faultlocalization.gzoltar.GZoltarFaultLocalization.searchSuspicious(GZoltarFaultLocalization.java:214) - Test failt: com.google.javascript.jscomp.PeepholeFoldConstantsTest#testIEString
[INFO ] fr.inria.astor.core.faultlocalization.gzoltar.GZoltarFaultLocalization.searchSuspicious(GZoltarFaultLocalization.java:226) - Gzoltar Test Result Total:6832, fails: 3, GZoltar suspicious 37195, with positive susp 3721
[INFO ] fr.inria.astor.core.faultlocalization.gzoltar.GZoltarFaultLocalization.searchSuspicious(GZoltarFaultLocalization.java:234) - nr test results 6832
[INFO ] fr.inria.astor.core.faultlocalization.gzoltar.GZoltarFaultLocalization.searchSuspicious(GZoltarFaultLocalization.java:289) - Gzoltar found: 434 with susp > 0.1, we consider: 434
[INFO ] fr.inria.astor.core.solutionsearch.AstorCoreEngine.calculateSuspicious(AstorCoreEngine.java:898) - Setting up the max to 1717130 milliseconds (1717 sec)
[INFO ] fr.inria.astor.core.solutionsearch.AstorCoreEngine.initPopulation(AstorCoreEngine.java:709) - 
---- Creating spoon model
[INFO ] fr.inria.astor.core.manipulation.MutationSupporter.buildSpoonModel(MutationSupporter.java:240) - Creating model,  Code location from working folder: /script/jGenProg_Defects4J_Closure_75/./src
[INFO ] fr.inria.astor.core.manipulation.MutationSupporter.buildModel(MutationSupporter.java:68) - building model: /script/jGenProg_Defects4J_Closure_75/./src, compliance level: 6
[INFO ] fr.inria.astor.core.manipulation.MutationSupporter.buildModel(MutationSupporter.java:82) - Classpath (Dependencies) for building SpoonModel: [/script/jGenProg_Defects4J_Closure_75/build/classes/, /script/jGenProg_Defects4J_Closure_75/build/test/, /script/jGenProg_Defects4J_Closure_75/lib/caja-r4314.jar, /script/jGenProg_Defects4J_Closure_75/lib/json.jar, /script/jGenProg_Defects4J_Closure_75/lib/jsr305.jar, /script/jGenProg_Defects4J_Closure_75/lib/ant-launcher.jar, /script/jGenProg_Defects4J_Closure_75/lib/ant.jar, /script/jGenProg_Defects4J_Closure_75/lib/args4j.jar, /script/jGenProg_Defects4J_Closure_75/lib/guava.jar, /script/jGenProg_Defects4J_Closure_75/lib/junit.jar, /script/jGenProg_Defects4J_Closure_75/lib/libtrunk_rhino_parser_jarjared.jar, /script/jGenProg_Defects4J_Closure_75/lib/protobuf-java.jar]
[INFO ] fr.inria.astor.core.solutionsearch.AstorCoreEngine.initModel(AstorCoreEngine.java:779) - Number of CtTypes created: 377
[INFO ] fr.inria.astor.core.solutionsearch.AstorCoreEngine.initPopulation(AstorCoreEngine.java:713) - 
---- Initial suspicious size: 434
[INFO ] fr.inria.astor.core.solutionsearch.population.ProgramVariantFactory.createModificationPoints(ProgramVariantFactory.java:223) -  Not ctClass for suspicious code Candidate [className=com.google.javascript.jscomp.mozilla.rhino.TokenStream, methodName=getToken()I, lineNumber=569, susp=0.5773502691896258]
[INFO ] fr.inria.astor.core.solutionsearch.population.ProgramVariantFactory.createModificationPoints(ProgramVariantFactory.java:223) -  Not ctClass for suspicious code Candidate [className=com.google.javascript.jscomp.mozilla.rhino.TokenStream, methodName=getToken()I, lineNumber=559, susp=0.17407765595569785]
[INFO ] fr.inria.astor.core.solutionsearch.population.ProgramVariantFactory.createModificationPoints(ProgramVariantFactory.java:223) -  Not ctClass for suspicious code Candidate [className=com.google.javascript.jscomp.mozilla.rhino.TokenStream, methodName=getToken()I, lineNumber=560, susp=0.17407765595569785]
[INFO ] fr.inria.astor.core.solutionsearch.population.ProgramVariantFactory.createModificationPoints(ProgramVariantFactory.java:223) -  Not ctClass for suspicious code Candidate [className=com.google.javascript.jscomp.CompilerTestCase, methodName=createModuleChain([Ljava/lang/String;)[Lcom/google/javascript/jscomp/JSModule;, lineNumber=939, susp=0.16012815380508713]
[INFO ] fr.inria.astor.core.solutionsearch.population.ProgramVariantFactory.createModificationPoints(ProgramVariantFactory.java:223) -  Not ctClass for suspicious code Candidate [className=com.google.javascript.jscomp.CompilerTestCase, methodName=createModuleChain([Ljava/lang/String;)[Lcom/google/javascript/jscomp/JSModule;, lineNumber=937, susp=0.15861031714362883]
[INFO ] fr.inria.astor.core.solutionsearch.population.ProgramVariantFactory.createModificationPoints(ProgramVariantFactory.java:223) -  Not ctClass for suspicious code Candidate [className=com.google.javascript.jscomp.CompilerTestCase, methodName=createModuleChain([Ljava/lang/String;)[Lcom/google/javascript/jscomp/JSModule;, lineNumber=938, susp=0.15861031714362883]
[INFO ] fr.inria.astor.core.solutionsearch.population.ProgramVariantFactory.createModificationPoints(ProgramVariantFactory.java:223) -  Not ctClass for suspicious code Candidate [className=com.google.javascript.jscomp.CompilerTestCase, methodName=createModuleChain([Ljava/lang/String;)[Lcom/google/javascript/jscomp/JSModule;, lineNumber=941, susp=0.15861031714362883]
[INFO ] fr.inria.astor.core.solutionsearch.population.ProgramVariantFactory.createModificationPoints(ProgramVariantFactory.java:223) -  Not ctClass for suspicious code Candidate [className=com.google.javascript.jscomp.mozilla.rhino.Parser, methodName=checkActivationName(Ljava/lang/String;I)V, lineNumber=3317, susp=0.1259881576697424]
[INFO ] fr.inria.astor.core.solutionsearch.population.ProgramVariantFactory.createModificationPoints(ProgramVariantFactory.java:223) -  Not ctClass for suspicious code Candidate [className=com.google.javascript.jscomp.mozilla.rhino.Parser, methodName=checkActivationName(Ljava/lang/String;I)V, lineNumber=3327, susp=0.1259881576697424]
[INFO ] fr.inria.astor.core.solutionsearch.population.ProgramVariantFactory.createModificationPoints(ProgramVariantFactory.java:223) -  Not ctClass for suspicious code Candidate [className=com.google.javascript.jscomp.mozilla.rhino.Parser, methodName=unaryExpr()Lcom/google/javascript/jscomp/mozilla/rhino/ast/AstNode;, lineNumber=2334, susp=0.1259881576697424]
[INFO ] fr.inria.astor.core.solutionsearch.population.ProgramVariantFactory.createModificationPoints(ProgramVariantFactory.java:223) -  Not ctClass for suspicious code Candidate [className=com.google.javascript.jscomp.mozilla.rhino.Parser, methodName=unaryExpr()Lcom/google/javascript/jscomp/mozilla/rhino/ast/AstNode;, lineNumber=2336, susp=0.1259881576697424]
[INFO ] fr.inria.astor.core.solutionsearch.population.ProgramVariantFactory.createModificationPoints(ProgramVariantFactory.java:223) -  Not ctClass for suspicious code Candidate [className=com.google.javascript.jscomp.mozilla.rhino.Parser, methodName=unaryExpr()Lcom/google/javascript/jscomp/mozilla/rhino/ast/AstNode;, lineNumber=2337, susp=0.1259881576697424]
[INFO ] fr.inria.astor.core.solutionsearch.population.ProgramVariantFactory.createModificationPoints(ProgramVariantFactory.java:223) -  Not ctClass for suspicious code Candidate [className=com.google.javascript.jscomp.mozilla.rhino.Parser, methodName=unaryExpr()Lcom/google/javascript/jscomp/mozilla/rhino/ast/AstNode;, lineNumber=2338, susp=0.1259881576697424]
[INFO ] fr.inria.astor.core.solutionsearch.population.ProgramVariantFactory.createModificationPoints(ProgramVariantFactory.java:223) -  Not ctClass for suspicious code Candidate [className=com.google.javascript.jscomp.mozilla.rhino.ast.FunctionNode, methodName=setRequiresActivation()V, lineNumber=314, susp=0.12451456127293807]
[INFO ] fr.inria.astor.core.solutionsearch.population.ProgramVariantFactory.createModificationPoints(ProgramVariantFactory.java:223) -  Not ctClass for suspicious code Candidate [className=com.google.javascript.jscomp.mozilla.rhino.ast.FunctionNode, methodName=setRequiresActivation()V, lineNumber=315, susp=0.12451456127293807]
[INFO ] fr.inria.astor.core.solutionsearch.population.ProgramVariantFactory.createModificationPoints(ProgramVariantFactory.java:223) -  Not ctClass for suspicious code Candidate [className=com.google.javascript.jscomp.mozilla.rhino.Parser, methodName=setRequiresActivation()V, lineNumber=3333, susp=0.12451456127293807]
[INFO ] fr.inria.astor.core.solutionsearch.population.ProgramVariantFactory.createModificationPoints(ProgramVariantFactory.java:223) -  Not ctClass for suspicious code Candidate [className=com.google.javascript.jscomp.mozilla.rhino.Parser, methodName=setRequiresActivation()V, lineNumber=3332, susp=0.12104550653376049]
[INFO ] fr.inria.astor.core.solutionsearch.population.ProgramVariantFactory.createModificationPoints(ProgramVariantFactory.java:223) -  Not ctClass for suspicious code Candidate [className=com.google.javascript.jscomp.mozilla.rhino.Parser, methodName=setRequiresActivation()V, lineNumber=3335, susp=0.12104550653376049]
[INFO ] fr.inria.astor.core.solutionsearch.population.ProgramVariantFactory.createModificationPoints(ProgramVariantFactory.java:223) -  Not ctClass for suspicious code Candidate [className=com.google.javascript.jscomp.CompilerTestCase, methodName=test([Lcom/google/javascript/jscomp/JSModule;[Ljava/lang/String;)V, lineNumber=483, susp=0.12104550653376049]
[INFO ] fr.inria.astor.core.solutionsearch.population.ProgramVariantFactory.createModificationPoints(ProgramVariantFactory.java:223) -  Not ctClass for suspicious code Candidate [className=com.google.javascript.jscomp.CompilerTestCase, methodName=test([Lcom/google/javascript/jscomp/JSModule;[Ljava/lang/String;Lcom/google/javascript/jscomp/DiagnosticType;)V, lineNumber=496, susp=0.12104550653376049]
[INFO ] fr.inria.astor.core.solutionsearch.population.ProgramVariantFactory.createModificationPoints(ProgramVariantFactory.java:223) -  Not ctClass for suspicious code Candidate [className=com.google.javascript.jscomp.CompilerTestCase, methodName=createModules([Ljava/lang/String;)[Lcom/google/javascript/jscomp/JSModule;, lineNumber=988, susp=0.10540925533894598]
[INFO ] fr.inria.astor.core.solutionsearch.population.ProgramVariantFactory.createModificationPoints(ProgramVariantFactory.java:223) -  Not ctClass for suspicious code Candidate [className=com.google.javascript.jscomp.CompilerTestCase, methodName=createModules([Ljava/lang/String;)[Lcom/google/javascript/jscomp/JSModule;, lineNumber=989, susp=0.10540925533894598]
[INFO ] fr.inria.astor.core.solutionsearch.population.ProgramVariantFactory.createModificationPoints(ProgramVariantFactory.java:223) -  Not ctClass for suspicious code Candidate [className=com.google.javascript.jscomp.CompilerTestCase, methodName=createModules([Ljava/lang/String;)[Lcom/google/javascript/jscomp/JSModule;, lineNumber=990, susp=0.10540925533894598]
[INFO ] fr.inria.astor.core.solutionsearch.population.ProgramVariantFactory.createModificationPoints(ProgramVariantFactory.java:223) -  Not ctClass for suspicious code Candidate [className=com.google.javascript.jscomp.CompilerTestCase, methodName=createModules([Ljava/lang/String;)[Lcom/google/javascript/jscomp/JSModule;, lineNumber=991, susp=0.10540925533894598]
[INFO ] fr.inria.astor.core.solutionsearch.population.ProgramVariantFactory.createModificationPoints(ProgramVariantFactory.java:223) -  Not ctClass for suspicious code Candidate [className=com.google.javascript.jscomp.CompilerTestCase, methodName=createModules([Ljava/lang/String;)[Lcom/google/javascript/jscomp/JSModule;, lineNumber=993, susp=0.10540925533894598]
[INFO ] fr.inria.astor.core.solutionsearch.population.ProgramVariantFactory.createModificationPoints(ProgramVariantFactory.java:223) -  Not ctClass for suspicious code Candidate [className=com.google.javascript.jscomp.CompilerTestCase, methodName=test([Lcom/google/javascript/jscomp/JSModule;[Ljava/lang/String;Lcom/google/javascript/jscomp/DiagnosticType;Lcom/google/javascript/jscomp/DiagnosticType;)V, lineNumber=511, susp=0.10286889997472794]
[INFO ] fr.inria.astor.core.solutionsearch.population.ProgramVariantFactory.createModificationPoints(ProgramVariantFactory.java:223) -  Not ctClass for suspicious code Candidate [className=com.google.javascript.jscomp.CompilerTestCase, methodName=test([Lcom/google/javascript/jscomp/JSModule;[Ljava/lang/String;Lcom/google/javascript/jscomp/DiagnosticType;Lcom/google/javascript/jscomp/DiagnosticType;)V, lineNumber=512, susp=0.10286889997472794]
[INFO ] fr.inria.astor.core.solutionsearch.population.ProgramVariantFactory.createModificationPoints(ProgramVariantFactory.java:223) -  Not ctClass for suspicious code Candidate [className=com.google.javascript.jscomp.CompilerTestCase, methodName=test([Lcom/google/javascript/jscomp/JSModule;[Ljava/lang/String;Lcom/google/javascript/jscomp/DiagnosticType;Lcom/google/javascript/jscomp/DiagnosticType;)V, lineNumber=514, susp=0.10286889997472794]
[INFO ] fr.inria.astor.core.solutionsearch.population.ProgramVariantFactory.createModificationPoints(ProgramVariantFactory.java:223) -  Not ctClass for suspicious code Candidate [className=com.google.javascript.jscomp.CompilerTestCase, methodName=test([Lcom/google/javascript/jscomp/JSModule;[Ljava/lang/String;Lcom/google/javascript/jscomp/DiagnosticType;Lcom/google/javascript/jscomp/DiagnosticType;)V, lineNumber=515, susp=0.10286889997472794]
[INFO ] fr.inria.astor.core.solutionsearch.population.ProgramVariantFactory.createModificationPoints(ProgramVariantFactory.java:223) -  Not ctClass for suspicious code Candidate [className=com.google.javascript.jscomp.CompilerTestCase, methodName=test(Lcom/google/javascript/jscomp/Compiler;[Ljava/lang/String;Lcom/google/javascript/jscomp/DiagnosticType;Lcom/google/javascript/jscomp/DiagnosticType;)V, lineNumber=679, susp=0.10286889997472794]
[INFO ] fr.inria.astor.core.solutionsearch.population.ProgramVariantFactory.createProgramInstance(ProgramVariantFactory.java:134) - Total suspicious from FL: 434,  311
[INFO ] fr.inria.astor.core.solutionsearch.population.ProgramVariantFactory.createProgramInstance(ProgramVariantFactory.java:143) - Total ModPoint created: 311
[INFO ] fr.inria.astor.core.solutionsearch.population.ProgramVariantFactory.createInitialPopulation(ProgramVariantFactory.java:82) - Creating program variant #1, [Variant id: 1, #gens: 311, #ops: 0, parent:-]
[INFO ] fr.inria.astor.core.solutionsearch.AstorCoreEngine.setFitnessOfPopulation(AstorCoreEngine.java:754) - The original fitness is : 1.0
