Determine revision date.................................................... OK
Picked up JAVA_TOOL_OPTIONS: -Dfile.encoding=UTF8 -Duser.language=en-US -Duser.country=US -Duser.language=en
log4j:ERROR setFile(null,true) call failed.
java.io.FileNotFoundException:  (No such file or directory)
	at java.io.FileOutputStream.open0(Native Method)
	at java.io.FileOutputStream.open(FileOutputStream.java:270)
	at java.io.FileOutputStream.<init>(FileOutputStream.java:213)
	at java.io.FileOutputStream.<init>(FileOutputStream.java:133)
	at org.apache.log4j.FileAppender.setFile(FileAppender.java:294)
	at org.apache.log4j.RollingFileAppender.setFile(RollingFileAppender.java:207)
	at org.apache.log4j.FileAppender.activateOptions(FileAppender.java:165)
	at org.apache.log4j.config.PropertySetter.activate(PropertySetter.java:307)
	at org.apache.log4j.config.PropertySetter.setProperties(PropertySetter.java:172)
	at org.apache.log4j.config.PropertySetter.setProperties(PropertySetter.java:104)
	at org.apache.log4j.PropertyConfigurator.parseAppender(PropertyConfigurator.java:842)
	at org.apache.log4j.PropertyConfigurator.parseCategory(PropertyConfigurator.java:768)
	at org.apache.log4j.PropertyConfigurator.parseCatsAndRenderers(PropertyConfigurator.java:672)
	at org.apache.log4j.PropertyConfigurator.doConfigure(PropertyConfigurator.java:516)
	at org.apache.log4j.PropertyConfigurator.doConfigure(PropertyConfigurator.java:580)
	at org.apache.log4j.helpers.OptionConverter.selectAndConfigure(OptionConverter.java:526)
	at org.apache.log4j.LogManager.<clinit>(LogManager.java:127)
	at org.apache.log4j.Logger.getLogger(Logger.java:117)
	at fr.inria.astor.core.setup.ConfigurationProperties.<clinit>(ConfigurationProperties.java:16)
	at fr.inria.main.AbstractMain.<clinit>(AbstractMain.java:100)
2019-12-07 11:19:02,042 INFO fr.inria.astor.core.setup.ProjectConfiguration - Version of the JVM used: 1.7.0_181
2019-12-07 11:19:02,043 INFO main - Java version of the JDK used to run tests: 1.7.0_181
2019-12-07 11:19:02,044 INFO main - The compliance of the JVM is:  7
2019-12-07 11:19:02,046 INFO main - command line arguments: [-mode  jgenprog  -location  .  -id  Math-14  -failing  org.apache.commons.math3.fitting.PolynomialFitterTest  -jvm4testexecution  /usr/lib/jvm/java-1.7.0-openjdk-amd64/bin/  -jvm4evosuitetestexecution  /usr/lib/jvm/java-1.7.0-openjdk-amd64/bin/  -maxgen  1000000  -maxtime  120  -stopfirst  true  -seed  0  -scope  package  -population  1  -javacompliancelevel  5  -srcjavafolder  src/main/java/  -srctestfolder  src/test/java/  -binjavafolder  target/classes/  -bintestfolder  target/test-classes/  -parameters  mode:purpose  -dependencies  /script/jGenProg_Defects4J_Math_14/target/classes/:/script/jGenProg_Defects4J_Math_14/target/test-classes/:/defects4j/framework/projects/lib/junit-4.11.jar]
2019-12-07 11:19:02,051 INFO fr.inria.main.evolution.AstorMain - Running Astor on a JDK at /usr/lib/jvm/java-8-openjdk-amd64/jre
[INFO ] fr.inria.main.AbstractMain.determineSourceFolders(AbstractMain.java:975) - Source folders: [/script/jGenProg_Defects4J_Math_14/./src/main/java]
[INFO ] fr.inria.main.AbstractMain.determineSourceFolders(AbstractMain.java:994) - Source Test folders: [/script/jGenProg_Defects4J_Math_14/./src/test/java]
[INFO ] fr.inria.main.evolution.AstorMain.createEngine(AstorMain.java:108) - mode is Purpose
[INFO ] fr.inria.astor.core.solutionsearch.AstorCoreEngine.resolveTestsToRun(AstorCoreEngine.java:1311) - Test retrieved from classes: 756
[INFO ] fr.inria.astor.core.faultlocalization.gzoltar.GZoltarFaultLocalization.calculateSuspicious(GZoltarFaultLocalization.java:74) - -Executing Gzoltar classpath: /script/jGenProg_Defects4J_Math_14/./output_astor/AstorMain-Math-14//bin//default from 756 classes with test cases
[INFO ] fr.inria.astor.core.faultlocalization.gzoltar.GZoltarFaultLocalization.searchSuspicious(GZoltarFaultLocalization.java:154) - Gzoltar fault localization: min susp value parameter: 0.1
[INFO ] fr.inria.astor.core.faultlocalization.gzoltar.GZoltarFaultLocalization.searchSuspicious(GZoltarFaultLocalization.java:174) - -gz-Adding classpath: [/script/jGenProg_Defects4J_Math_14/./output_astor/AstorMain-Math-14//bin//default, /script/jGenProg_Defects4J_Math_14/target/classes/, /script/jGenProg_Defects4J_Math_14/target/test-classes/, /defects4j/framework/projects/lib/junit-4.11.jar]
[INFO ] fr.inria.astor.core.faultlocalization.gzoltar.GZoltarFaultLocalization.searchSuspicious(GZoltarFaultLocalization.java:214) - Test failt: org.apache.commons.math3.analysis.differentiation.DerivativeStructureTest#testPrimitiveRemainder
[INFO ] fr.inria.astor.core.faultlocalization.gzoltar.GZoltarFaultLocalization.searchSuspicious(GZoltarFaultLocalization.java:214) - Test failt: org.apache.commons.math3.analysis.differentiation.DerivativeStructureTest#testRemainder
[INFO ] fr.inria.astor.core.faultlocalization.gzoltar.GZoltarFaultLocalization.searchSuspicious(GZoltarFaultLocalization.java:214) - Test failt: org.apache.commons.math3.analysis.interpolation.BicubicSplineInterpolatingFunctionTest#testPlane
[INFO ] fr.inria.astor.core.faultlocalization.gzoltar.GZoltarFaultLocalization.searchSuspicious(GZoltarFaultLocalization.java:214) - Test failt: org.apache.commons.math3.analysis.interpolation.BicubicSplineInterpolatingFunctionTest#testParaboloid
[INFO ] fr.inria.astor.core.faultlocalization.gzoltar.GZoltarFaultLocalization.searchSuspicious(GZoltarFaultLocalization.java:214) - Test failt: org.apache.commons.math3.analysis.interpolation.BicubicSplineInterpolatingFunctionTest#testSplinePartialDerivatives
[INFO ] fr.inria.astor.core.faultlocalization.gzoltar.GZoltarFaultLocalization.searchSuspicious(GZoltarFaultLocalization.java:214) - Test failt: org.apache.commons.math3.analysis.interpolation.BicubicSplineInterpolatingFunctionTest#testMatchingPartialDerivatives
[INFO ] fr.inria.astor.core.faultlocalization.gzoltar.GZoltarFaultLocalization.searchSuspicious(GZoltarFaultLocalization.java:214) - Test failt: org.apache.commons.math3.optim.nonlinear.scalar.gradient.NonLinearConjugateGradientOptimizerTest#testTwoSets
[INFO ] fr.inria.astor.core.faultlocalization.gzoltar.GZoltarFaultLocalization.searchSuspicious(GZoltarFaultLocalization.java:214) - Test failt: org.apache.commons.math3.optim.nonlinear.scalar.gradient.NonLinearConjugateGradientOptimizerTest#testIllConditioned
[INFO ] fr.inria.astor.core.faultlocalization.gzoltar.GZoltarFaultLocalization.searchSuspicious(GZoltarFaultLocalization.java:214) - Test failt: org.apache.commons.math3.optim.nonlinear.scalar.gradient.NonLinearConjugateGradientOptimizerTest#testCircleFitting
[INFO ] fr.inria.astor.core.faultlocalization.gzoltar.GZoltarFaultLocalization.searchSuspicious(GZoltarFaultLocalization.java:214) - Test failt: org.apache.commons.math3.random.MersenneTwisterTest#testNextLongNegativeRange
[INFO ] fr.inria.astor.core.faultlocalization.gzoltar.GZoltarFaultLocalization.searchSuspicious(GZoltarFaultLocalization.java:214) - Test failt: org.apache.commons.math3.random.MersenneTwisterTest#testNextLongPositiveRange
[INFO ] fr.inria.astor.core.faultlocalization.gzoltar.GZoltarFaultLocalization.searchSuspicious(GZoltarFaultLocalization.java:214) - Test failt: org.apache.commons.math3.stat.descriptive.rank.PercentileTest#testSpecialValues
[INFO ] fr.inria.astor.core.faultlocalization.gzoltar.GZoltarFaultLocalization.searchSuspicious(GZoltarFaultLocalization.java:214) - Test failt: org.apache.commons.math3.ode.events.EventStateTest#closeEvents
[INFO ] fr.inria.astor.core.faultlocalization.gzoltar.GZoltarFaultLocalization.searchSuspicious(GZoltarFaultLocalization.java:214) - Test failt: org.apache.commons.math3.util.FastMathStrictComparisonTest#test1[21]
[INFO ] fr.inria.astor.core.faultlocalization.gzoltar.GZoltarFaultLocalization.searchSuspicious(GZoltarFaultLocalization.java:214) - Test failt: org.apache.commons.math3.util.FastMathStrictComparisonTest#test1[22]
[INFO ] fr.inria.astor.core.faultlocalization.gzoltar.GZoltarFaultLocalization.searchSuspicious(GZoltarFaultLocalization.java:214) - Test failt: org.apache.commons.math3.util.FastMathStrictComparisonTest#test1[23]
[INFO ] fr.inria.astor.core.faultlocalization.gzoltar.GZoltarFaultLocalization.searchSuspicious(GZoltarFaultLocalization.java:214) - Test failt: org.apache.commons.math3.util.FastMathStrictComparisonTest#test1[24]
[INFO ] fr.inria.astor.core.faultlocalization.gzoltar.GZoltarFaultLocalization.searchSuspicious(GZoltarFaultLocalization.java:214) - Test failt: org.apache.commons.math3.util.FastMathStrictComparisonTest#test1[25]
[INFO ] fr.inria.astor.core.faultlocalization.gzoltar.GZoltarFaultLocalization.searchSuspicious(GZoltarFaultLocalization.java:214) - Test failt: org.apache.commons.math3.util.FastMathStrictComparisonTest#test1[26]
[INFO ] fr.inria.astor.core.faultlocalization.gzoltar.GZoltarFaultLocalization.searchSuspicious(GZoltarFaultLocalization.java:214) - Test failt: org.apache.commons.math3.util.FastMathStrictComparisonTest#test1[47]
[INFO ] fr.inria.astor.core.faultlocalization.gzoltar.GZoltarFaultLocalization.searchSuspicious(GZoltarFaultLocalization.java:214) - Test failt: org.apache.commons.math3.util.FastMathStrictComparisonTest#test1[48]
[INFO ] fr.inria.astor.core.faultlocalization.gzoltar.GZoltarFaultLocalization.searchSuspicious(GZoltarFaultLocalization.java:214) - Test failt: org.apache.commons.math3.util.FastMathStrictComparisonTest#test1[49]
[INFO ] fr.inria.astor.core.faultlocalization.gzoltar.GZoltarFaultLocalization.searchSuspicious(GZoltarFaultLocalization.java:214) - Test failt: org.apache.commons.math3.util.FastMathStrictComparisonTest#test1[50]
[INFO ] fr.inria.astor.core.faultlocalization.gzoltar.GZoltarFaultLocalization.searchSuspicious(GZoltarFaultLocalization.java:214) - Test failt: org.apache.commons.math3.util.FastMathStrictComparisonTest#test1[51]
[INFO ] fr.inria.astor.core.faultlocalization.gzoltar.GZoltarFaultLocalization.searchSuspicious(GZoltarFaultLocalization.java:214) - Test failt: org.apache.commons.math3.exception.util.LocalizedFormatsTest#testMessageNumber
[INFO ] fr.inria.astor.core.faultlocalization.gzoltar.GZoltarFaultLocalization.searchSuspicious(GZoltarFaultLocalization.java:214) - Test failt: org.apache.commons.math3.complex.ComplexTest#testReciprocalReal
[INFO ] fr.inria.astor.core.faultlocalization.gzoltar.GZoltarFaultLocalization.searchSuspicious(GZoltarFaultLocalization.java:214) - Test failt: org.apache.commons.math3.complex.ComplexTest#testReciprocalZero
[INFO ] fr.inria.astor.core.faultlocalization.gzoltar.GZoltarFaultLocalization.searchSuspicious(GZoltarFaultLocalization.java:214) - Test failt: org.apache.commons.math3.complex.ComplexTest#testMath221
[INFO ] fr.inria.astor.core.faultlocalization.gzoltar.GZoltarFaultLocalization.searchSuspicious(GZoltarFaultLocalization.java:214) - Test failt: org.apache.commons.math3.analysis.interpolation.TricubicSplineInterpolatorTest#testPlane
[INFO ] fr.inria.astor.core.faultlocalization.gzoltar.GZoltarFaultLocalization.searchSuspicious(GZoltarFaultLocalization.java:214) - Test failt: org.apache.commons.math3.analysis.interpolation.TricubicSplineInterpolatorTest#testWave
[INFO ] fr.inria.astor.core.faultlocalization.gzoltar.GZoltarFaultLocalization.searchSuspicious(GZoltarFaultLocalization.java:214) - Test failt: org.apache.commons.math3.optim.linear.SimplexSolverTest#testMath828Cycle
[INFO ] fr.inria.astor.core.faultlocalization.gzoltar.GZoltarFaultLocalization.searchSuspicious(GZoltarFaultLocalization.java:214) - Test failt: org.apache.commons.math3.random.ISAACTest#testNextLongNegativeRange
[INFO ] fr.inria.astor.core.faultlocalization.gzoltar.GZoltarFaultLocalization.searchSuspicious(GZoltarFaultLocalization.java:214) - Test failt: org.apache.commons.math3.random.ISAACTest#testNextLongPositiveRange
[INFO ] fr.inria.astor.core.faultlocalization.gzoltar.GZoltarFaultLocalization.searchSuspicious(GZoltarFaultLocalization.java:214) - Test failt: org.apache.commons.math3.analysis.interpolation.BicubicSplineInterpolatorTest#testPlane
[INFO ] fr.inria.astor.core.faultlocalization.gzoltar.GZoltarFaultLocalization.searchSuspicious(GZoltarFaultLocalization.java:214) - Test failt: org.apache.commons.math3.geometry.euclidean.threed.PolyhedronsSetTest#testBox
[INFO ] fr.inria.astor.core.faultlocalization.gzoltar.GZoltarFaultLocalization.searchSuspicious(GZoltarFaultLocalization.java:214) - Test failt: org.apache.commons.math3.geometry.euclidean.threed.PolyhedronsSetTest#testCross
[INFO ] fr.inria.astor.core.faultlocalization.gzoltar.GZoltarFaultLocalization.searchSuspicious(GZoltarFaultLocalization.java:214) - Test failt: org.apache.commons.math3.geometry.euclidean.threed.PolyhedronsSetTest#testBuildBox
[INFO ] fr.inria.astor.core.faultlocalization.gzoltar.GZoltarFaultLocalization.searchSuspicious(GZoltarFaultLocalization.java:214) - Test failt: org.apache.commons.math3.geometry.euclidean.threed.PolyhedronsSetTest#testTetrahedron
[INFO ] fr.inria.astor.core.faultlocalization.gzoltar.GZoltarFaultLocalization.searchSuspicious(GZoltarFaultLocalization.java:214) - Test failt: org.apache.commons.math3.geometry.euclidean.threed.PolyhedronsSetTest#testIsometry
[INFO ] fr.inria.astor.core.faultlocalization.gzoltar.GZoltarFaultLocalization.searchSuspicious(GZoltarFaultLocalization.java:214) - Test failt: org.apache.commons.math3.stat.ranking.NaturalRankingTest#testNaNsFixedTiesRandom
[INFO ] fr.inria.astor.core.faultlocalization.gzoltar.GZoltarFaultLocalization.searchSuspicious(GZoltarFaultLocalization.java:214) - Test failt: org.apache.commons.math3.geometry.euclidean.oned.IntervalsSetTest#testInterval
[INFO ] fr.inria.astor.core.faultlocalization.gzoltar.GZoltarFaultLocalization.searchSuspicious(GZoltarFaultLocalization.java:214) - Test failt: org.apache.commons.math3.geometry.euclidean.oned.IntervalsSetTest#testMultiple
[INFO ] fr.inria.astor.core.faultlocalization.gzoltar.GZoltarFaultLocalization.searchSuspicious(GZoltarFaultLocalization.java:214) - Test failt: org.apache.commons.math3.geometry.euclidean.oned.IntervalsSetTest#testSinglePoint
[INFO ] fr.inria.astor.core.faultlocalization.gzoltar.GZoltarFaultLocalization.searchSuspicious(GZoltarFaultLocalization.java:214) - Test failt: org.apache.commons.math3.optim.nonlinear.scalar.MultiStartMultivariateOptimizerTest#testCircleFitting
[INFO ] fr.inria.astor.core.faultlocalization.gzoltar.GZoltarFaultLocalization.searchSuspicious(GZoltarFaultLocalization.java:214) - Test failt: org.apache.commons.math3.stat.correlation.CovarianceTest#testInsufficientData
[INFO ] fr.inria.astor.core.faultlocalization.gzoltar.GZoltarFaultLocalization.searchSuspicious(GZoltarFaultLocalization.java:226) - Gzoltar Test Result Total:4546, fails: 45, GZoltar suspicious 32868, with positive susp 3176
[INFO ] fr.inria.astor.core.faultlocalization.gzoltar.GZoltarFaultLocalization.searchSuspicious(GZoltarFaultLocalization.java:234) - nr test results 4546
[INFO ] fr.inria.astor.core.faultlocalization.gzoltar.GZoltarFaultLocalization.searchSuspicious(GZoltarFaultLocalization.java:289) - Gzoltar found: 1000 with susp > 0.1, we consider: 1000
[INFO ] fr.inria.astor.core.solutionsearch.AstorCoreEngine.calculateSuspicious(AstorCoreEngine.java:898) - Setting up the max to 8790930 milliseconds (8790 sec)
[INFO ] fr.inria.astor.core.solutionsearch.AstorCoreEngine.initPopulation(AstorCoreEngine.java:709) - 
---- Creating spoon model
[INFO ] fr.inria.astor.core.manipulation.MutationSupporter.buildSpoonModel(MutationSupporter.java:240) - Creating model,  Code location from working folder: /script/jGenProg_Defects4J_Math_14/./src/main/java
[INFO ] fr.inria.astor.core.manipulation.MutationSupporter.buildModel(MutationSupporter.java:68) - building model: /script/jGenProg_Defects4J_Math_14/./src/main/java, compliance level: 5
[INFO ] fr.inria.astor.core.manipulation.MutationSupporter.buildModel(MutationSupporter.java:82) - Classpath (Dependencies) for building SpoonModel: [/script/jGenProg_Defects4J_Math_14/target/classes/, /script/jGenProg_Defects4J_Math_14/target/test-classes/, /defects4j/framework/projects/lib/junit-4.11.jar]
[INFO ] fr.inria.astor.core.solutionsearch.AstorCoreEngine.initModel(AstorCoreEngine.java:779) - Number of CtTypes created: 696
[INFO ] fr.inria.astor.core.solutionsearch.AstorCoreEngine.initPopulation(AstorCoreEngine.java:713) - 
---- Initial suspicious size: 1000
[INFO ] fr.inria.astor.core.solutionsearch.population.ProgramVariantFactory.createModificationPoints(ProgramVariantFactory.java:223) -  Not ctClass for suspicious code Candidate [className=org.apache.commons.math3.geometry.partitioning.InsideFinder, methodName=recurseSides(Lorg/apache/commons/math3/geometry/partitioning/BSPTree;Lorg/apache/commons/math3/geometry/partitioning/SubHyperplane;)V, lineNumber=105, susp=0.22360679774997896]
[INFO ] fr.inria.astor.core.solutionsearch.population.ProgramVariantFactory.createModificationPoints(ProgramVariantFactory.java:223) -  Not ctClass for suspicious code Candidate [className=org.apache.commons.math3.geometry.partitioning.InsideFinder, methodName=recurseSides(Lorg/apache/commons/math3/geometry/partitioning/BSPTree;Lorg/apache/commons/math3/geometry/partitioning/SubHyperplane;)V, lineNumber=108, susp=0.22360679774997896]
[INFO ] fr.inria.astor.core.solutionsearch.population.ProgramVariantFactory.createModificationPoints(ProgramVariantFactory.java:223) -  Not ctClass for suspicious code Candidate [className=org.apache.commons.math3.geometry.partitioning.InsideFinder, methodName=recurseSides(Lorg/apache/commons/math3/geometry/partitioning/BSPTree;Lorg/apache/commons/math3/geometry/partitioning/SubHyperplane;)V, lineNumber=111, susp=0.22360679774997896]
[INFO ] fr.inria.astor.core.solutionsearch.population.ProgramVariantFactory.createModificationPoints(ProgramVariantFactory.java:223) -  Not ctClass for suspicious code Candidate [className=org.apache.commons.math3.geometry.partitioning.InsideFinder, methodName=recurseSides(Lorg/apache/commons/math3/geometry/partitioning/BSPTree;Lorg/apache/commons/math3/geometry/partitioning/SubHyperplane;)V, lineNumber=112, susp=0.22360679774997896]
[INFO ] fr.inria.astor.core.solutionsearch.population.ProgramVariantFactory.createModificationPoints(ProgramVariantFactory.java:223) -  Not ctClass for suspicious code Candidate [className=org.apache.commons.math3.optim.nonlinear.scalar.gradient.CircleScalar$2, methodName=value([D)[D, lineNumber=68, susp=0.21081851067789195]
[INFO ] fr.inria.astor.core.solutionsearch.population.ProgramVariantFactory.createModificationPoints(ProgramVariantFactory.java:223) -  Not ctClass for suspicious code Candidate [className=org.apache.commons.math3.optim.nonlinear.scalar.gradient.CircleScalar$2, methodName=value([D)[D, lineNumber=69, susp=0.21081851067789195]
[INFO ] fr.inria.astor.core.solutionsearch.population.ProgramVariantFactory.createModificationPoints(ProgramVariantFactory.java:223) -  Not ctClass for suspicious code Candidate [className=org.apache.commons.math3.optim.nonlinear.scalar.gradient.CircleScalar$2, methodName=value([D)[D, lineNumber=71, susp=0.21081851067789195]
[INFO ] fr.inria.astor.core.solutionsearch.population.ProgramVariantFactory.createModificationPoints(ProgramVariantFactory.java:223) -  Not ctClass for suspicious code Candidate [className=org.apache.commons.math3.optim.nonlinear.scalar.gradient.CircleScalar$2, methodName=value([D)[D, lineNumber=72, susp=0.21081851067789195]
[INFO ] fr.inria.astor.core.solutionsearch.population.ProgramVariantFactory.createModificationPoints(ProgramVariantFactory.java:223) -  Not ctClass for suspicious code Candidate [className=org.apache.commons.math3.optim.nonlinear.scalar.gradient.CircleScalar$2, methodName=value([D)[D, lineNumber=73, susp=0.21081851067789195]
[INFO ] fr.inria.astor.core.solutionsearch.population.ProgramVariantFactory.createModificationPoints(ProgramVariantFactory.java:223) -  Not ctClass for suspicious code Candidate [className=org.apache.commons.math3.optim.nonlinear.scalar.gradient.CircleScalar$2, methodName=value([D)[D, lineNumber=74, susp=0.21081851067789195]
[INFO ] fr.inria.astor.core.solutionsearch.population.ProgramVariantFactory.createModificationPoints(ProgramVariantFactory.java:223) -  Not ctClass for suspicious code Candidate [className=org.apache.commons.math3.optim.nonlinear.scalar.gradient.CircleScalar$2, methodName=value([D)[D, lineNumber=75, susp=0.21081851067789195]
[INFO ] fr.inria.astor.core.solutionsearch.population.ProgramVariantFactory.createModificationPoints(ProgramVariantFactory.java:223) -  Not ctClass for suspicious code Candidate [className=org.apache.commons.math3.optim.nonlinear.scalar.gradient.CircleScalar$2, methodName=value([D)[D, lineNumber=76, susp=0.21081851067789195]
[INFO ] fr.inria.astor.core.solutionsearch.population.ProgramVariantFactory.createModificationPoints(ProgramVariantFactory.java:223) -  Not ctClass for suspicious code Candidate [className=org.apache.commons.math3.optim.nonlinear.scalar.gradient.CircleScalar$2, methodName=value([D)[D, lineNumber=77, susp=0.21081851067789195]
[INFO ] fr.inria.astor.core.solutionsearch.population.ProgramVariantFactory.createModificationPoints(ProgramVariantFactory.java:223) -  Not ctClass for suspicious code Candidate [className=org.apache.commons.math3.optim.nonlinear.scalar.gradient.CircleScalar$2, methodName=value([D)[D, lineNumber=78, susp=0.21081851067789195]
[INFO ] fr.inria.astor.core.solutionsearch.population.ProgramVariantFactory.createModificationPoints(ProgramVariantFactory.java:223) -  Not ctClass for suspicious code Candidate [className=org.apache.commons.math3.optim.nonlinear.scalar.gradient.CircleScalar$2, methodName=value([D)[D, lineNumber=79, susp=0.21081851067789195]
[INFO ] fr.inria.astor.core.solutionsearch.population.ProgramVariantFactory.createModificationPoints(ProgramVariantFactory.java:223) -  Not ctClass for suspicious code Candidate [className=org.apache.commons.math3.optim.nonlinear.scalar.gradient.CircleScalar$2, methodName=value([D)[D, lineNumber=81, susp=0.21081851067789195]
[INFO ] fr.inria.astor.core.solutionsearch.population.ProgramVariantFactory.createModificationPoints(ProgramVariantFactory.java:223) -  Not ctClass for suspicious code Candidate [className=org.apache.commons.math3.optim.nonlinear.scalar.gradient.CircleScalar$1, methodName=value([D)D, lineNumber=53, susp=0.21081851067789195]
[INFO ] fr.inria.astor.core.solutionsearch.population.ProgramVariantFactory.createModificationPoints(ProgramVariantFactory.java:223) -  Not ctClass for suspicious code Candidate [className=org.apache.commons.math3.optim.nonlinear.scalar.gradient.CircleScalar$1, methodName=value([D)D, lineNumber=54, susp=0.21081851067789195]
[INFO ] fr.inria.astor.core.solutionsearch.population.ProgramVariantFactory.createModificationPoints(ProgramVariantFactory.java:223) -  Not ctClass for suspicious code Candidate [className=org.apache.commons.math3.optim.nonlinear.scalar.gradient.CircleScalar$1, methodName=value([D)D, lineNumber=55, susp=0.21081851067789195]
[INFO ] fr.inria.astor.core.solutionsearch.population.ProgramVariantFactory.createModificationPoints(ProgramVariantFactory.java:223) -  Not ctClass for suspicious code Candidate [className=org.apache.commons.math3.optim.nonlinear.scalar.gradient.CircleScalar$1, methodName=value([D)D, lineNumber=56, susp=0.21081851067789195]
[INFO ] fr.inria.astor.core.solutionsearch.population.ProgramVariantFactory.createModificationPoints(ProgramVariantFactory.java:223) -  Not ctClass for suspicious code Candidate [className=org.apache.commons.math3.optim.nonlinear.scalar.gradient.CircleScalar$1, methodName=value([D)D, lineNumber=57, susp=0.21081851067789195]
[INFO ] fr.inria.astor.core.solutionsearch.population.ProgramVariantFactory.createModificationPoints(ProgramVariantFactory.java:223) -  Not ctClass for suspicious code Candidate [className=org.apache.commons.math3.optim.nonlinear.scalar.gradient.CircleScalar$1, methodName=value([D)D, lineNumber=58, susp=0.21081851067789195]
[INFO ] fr.inria.astor.core.solutionsearch.population.ProgramVariantFactory.createModificationPoints(ProgramVariantFactory.java:223) -  Not ctClass for suspicious code Candidate [className=org.apache.commons.math3.optim.nonlinear.scalar.gradient.CircleScalar$1, methodName=value([D)D, lineNumber=59, susp=0.21081851067789195]
[INFO ] fr.inria.astor.core.solutionsearch.population.ProgramVariantFactory.createModificationPoints(ProgramVariantFactory.java:223) -  Not ctClass for suspicious code Candidate [className=org.apache.commons.math3.optim.nonlinear.scalar.gradient.CircleScalar$1, methodName=value([D)D, lineNumber=60, susp=0.21081851067789195]
[INFO ] fr.inria.astor.core.solutionsearch.population.ProgramVariantFactory.createModificationPoints(ProgramVariantFactory.java:223) -  Not ctClass for suspicious code Candidate [className=org.apache.commons.math3.optim.nonlinear.scalar.gradient.CircleScalar, methodName=addPoint(DD)V, lineNumber=39, susp=0.21081851067789195]
[INFO ] fr.inria.astor.core.solutionsearch.population.ProgramVariantFactory.createModificationPoints(ProgramVariantFactory.java:223) -  Not ctClass for suspicious code Candidate [className=org.apache.commons.math3.optim.nonlinear.scalar.gradient.CircleScalar, methodName=addPoint(DD)V, lineNumber=40, susp=0.21081851067789195]
[INFO ] fr.inria.astor.core.solutionsearch.population.ProgramVariantFactory.createModificationPoints(ProgramVariantFactory.java:223) -  Not ctClass for suspicious code Candidate [className=org.apache.commons.math3.optim.nonlinear.scalar.gradient.CircleScalar, methodName=getRadius(Lorg/apache/commons/math3/geometry/euclidean/twod/Vector2D;)D, lineNumber=43, susp=0.21081851067789195]
[INFO ] fr.inria.astor.core.solutionsearch.population.ProgramVariantFactory.createModificationPoints(ProgramVariantFactory.java:223) -  Not ctClass for suspicious code Candidate [className=org.apache.commons.math3.optim.nonlinear.scalar.gradient.CircleScalar, methodName=getRadius(Lorg/apache/commons/math3/geometry/euclidean/twod/Vector2D;)D, lineNumber=44, susp=0.21081851067789195]
[INFO ] fr.inria.astor.core.solutionsearch.population.ProgramVariantFactory.createModificationPoints(ProgramVariantFactory.java:223) -  Not ctClass for suspicious code Candidate [className=org.apache.commons.math3.optim.nonlinear.scalar.gradient.CircleScalar, methodName=getRadius(Lorg/apache/commons/math3/geometry/euclidean/twod/Vector2D;)D, lineNumber=45, susp=0.21081851067789195]
[INFO ] fr.inria.astor.core.solutionsearch.population.ProgramVariantFactory.createModificationPoints(ProgramVariantFactory.java:223) -  Not ctClass for suspicious code Candidate [className=org.apache.commons.math3.optim.nonlinear.scalar.gradient.CircleScalar, methodName=getRadius(Lorg/apache/commons/math3/geometry/euclidean/twod/Vector2D;)D, lineNumber=46, susp=0.21081851067789195]
[INFO ] fr.inria.astor.core.solutionsearch.population.ProgramVariantFactory.createModificationPoints(ProgramVariantFactory.java:223) -  Not ctClass for suspicious code Candidate [className=org.apache.commons.math3.optim.nonlinear.scalar.gradient.CircleScalar, methodName=getRadius(Lorg/apache/commons/math3/geometry/euclidean/twod/Vector2D;)D, lineNumber=47, susp=0.21081851067789195]
[INFO ] fr.inria.astor.core.solutionsearch.population.ProgramVariantFactory.createModificationPoints(ProgramVariantFactory.java:223) -  Not ctClass for suspicious code Candidate [className=org.apache.commons.math3.optim.nonlinear.scalar.gradient.CircleScalar, methodName=getObjectiveFunction()Lorg/apache/commons/math3/optim/nonlinear/scalar/ObjectiveFunction;, lineNumber=51, susp=0.21081851067789195]
[INFO ] fr.inria.astor.core.solutionsearch.population.ProgramVariantFactory.createModificationPoints(ProgramVariantFactory.java:223) -  Not ctClass for suspicious code Candidate [className=org.apache.commons.math3.optim.nonlinear.scalar.gradient.CircleScalar, methodName=getObjectiveFunctionGradient()Lorg/apache/commons/math3/optim/nonlinear/scalar/ObjectiveFunctionGradient;, lineNumber=66, susp=0.21081851067789195]
[INFO ] fr.inria.astor.core.solutionsearch.population.ProgramVariantFactory.createModificationPoints(ProgramVariantFactory.java:223) -  Not ctClass for suspicious code Candidate [className=org.apache.commons.math3.optim.nonlinear.scalar.gradient.CircleScalar, methodName=access$000(Lorg/apache/commons/math3/optim/nonlinear/scalar/gradient/CircleScalar;)Ljava/util/ArrayList;, lineNumber=31, susp=0.21081851067789195]
[INFO ] fr.inria.astor.core.solutionsearch.population.ProgramVariantFactory.createModificationPoints(ProgramVariantFactory.java:223) -  Not ctClass for suspicious code Candidate [className=org.apache.commons.math3.geometry.partitioning.SubHyperplane$SplitSubHyperplane, methodName=getPlus()Lorg/apache/commons/math3/geometry/partitioning/SubHyperplane;, lineNumber=119, susp=0.16609095970747995]
[INFO ] fr.inria.astor.core.solutionsearch.population.ProgramVariantFactory.createModificationPoints(ProgramVariantFactory.java:223) -  Not ctClass for suspicious code Candidate [className=org.apache.commons.math3.geometry.partitioning.SubHyperplane$SplitSubHyperplane, methodName=getMinus()Lorg/apache/commons/math3/geometry/partitioning/SubHyperplane;, lineNumber=126, susp=0.16609095970747995]
[INFO ] fr.inria.astor.core.solutionsearch.population.ProgramVariantFactory.createModificationPoints(ProgramVariantFactory.java:223) -  Not ctClass for suspicious code Candidate [className=org.apache.commons.math3.geometry.partitioning.InsideFinder, methodName=recurseSides(Lorg/apache/commons/math3/geometry/partitioning/BSPTree;Lorg/apache/commons/math3/geometry/partitioning/SubHyperplane;)V, lineNumber=62, susp=0.15214515486254615]
[INFO ] fr.inria.astor.core.solutionsearch.population.ProgramVariantFactory.createModificationPoints(ProgramVariantFactory.java:223) -  Not ctClass for suspicious code Candidate [className=org.apache.commons.math3.geometry.partitioning.InsideFinder, methodName=recurseSides(Lorg/apache/commons/math3/geometry/partitioning/BSPTree;Lorg/apache/commons/math3/geometry/partitioning/SubHyperplane;)V, lineNumber=63, susp=0.15214515486254615]
[INFO ] fr.inria.astor.core.solutionsearch.population.ProgramVariantFactory.createModificationPoints(ProgramVariantFactory.java:223) -  Not ctClass for suspicious code Candidate [className=org.apache.commons.math3.geometry.partitioning.InsideFinder, methodName=recurseSides(Lorg/apache/commons/math3/geometry/partitioning/BSPTree;Lorg/apache/commons/math3/geometry/partitioning/SubHyperplane;)V, lineNumber=65, susp=0.15214515486254615]
[INFO ] fr.inria.astor.core.solutionsearch.population.ProgramVariantFactory.createModificationPoints(ProgramVariantFactory.java:223) -  Not ctClass for suspicious code Candidate [className=org.apache.commons.math3.geometry.partitioning.InsideFinder, methodName=recurseSides(Lorg/apache/commons/math3/geometry/partitioning/BSPTree;Lorg/apache/commons/math3/geometry/partitioning/SubHyperplane;)V, lineNumber=66, susp=0.15214515486254615]
[INFO ] fr.inria.astor.core.solutionsearch.population.ProgramVariantFactory.createModificationPoints(ProgramVariantFactory.java:223) -  Not ctClass for suspicious code Candidate [className=org.apache.commons.math3.geometry.partitioning.InsideFinder, methodName=recurseSides(Lorg/apache/commons/math3/geometry/partitioning/BSPTree;Lorg/apache/commons/math3/geometry/partitioning/SubHyperplane;)V, lineNumber=68, susp=0.15214515486254615]
[INFO ] fr.inria.astor.core.solutionsearch.population.ProgramVariantFactory.createModificationPoints(ProgramVariantFactory.java:223) -  Not ctClass for suspicious code Candidate [className=org.apache.commons.math3.geometry.partitioning.InsideFinder, methodName=recurseSides(Lorg/apache/commons/math3/geometry/partitioning/BSPTree;Lorg/apache/commons/math3/geometry/partitioning/SubHyperplane;)V, lineNumber=71, susp=0.15214515486254615]
[INFO ] fr.inria.astor.core.solutionsearch.population.ProgramVariantFactory.createModificationPoints(ProgramVariantFactory.java:223) -  Not ctClass for suspicious code Candidate [className=org.apache.commons.math3.geometry.partitioning.InsideFinder, methodName=recurseSides(Lorg/apache/commons/math3/geometry/partitioning/BSPTree;Lorg/apache/commons/math3/geometry/partitioning/SubHyperplane;)V, lineNumber=72, susp=0.15214515486254615]
[INFO ] fr.inria.astor.core.solutionsearch.population.ProgramVariantFactory.createModificationPoints(ProgramVariantFactory.java:223) -  Not ctClass for suspicious code Candidate [className=org.apache.commons.math3.geometry.partitioning.InsideFinder, methodName=recurseSides(Lorg/apache/commons/math3/geometry/partitioning/BSPTree;Lorg/apache/commons/math3/geometry/partitioning/SubHyperplane;)V, lineNumber=90, susp=0.15214515486254615]
[INFO ] fr.inria.astor.core.solutionsearch.population.ProgramVariantFactory.createModificationPoints(ProgramVariantFactory.java:223) -  Not ctClass for suspicious code Candidate [className=org.apache.commons.math3.geometry.partitioning.InsideFinder, methodName=recurseSides(Lorg/apache/commons/math3/geometry/partitioning/BSPTree;Lorg/apache/commons/math3/geometry/partitioning/SubHyperplane;)V, lineNumber=95, susp=0.15214515486254615]
[INFO ] fr.inria.astor.core.solutionsearch.population.ProgramVariantFactory.createModificationPoints(ProgramVariantFactory.java:223) -  Not ctClass for suspicious code Candidate [className=org.apache.commons.math3.geometry.partitioning.InsideFinder, methodName=recurseSides(Lorg/apache/commons/math3/geometry/partitioning/BSPTree;Lorg/apache/commons/math3/geometry/partitioning/SubHyperplane;)V, lineNumber=99, susp=0.15214515486254615]
[INFO ] fr.inria.astor.core.solutionsearch.population.ProgramVariantFactory.createModificationPoints(ProgramVariantFactory.java:223) -  Not ctClass for suspicious code Candidate [className=org.apache.commons.math3.geometry.partitioning.InsideFinder, methodName=recurseSides(Lorg/apache/commons/math3/geometry/partitioning/BSPTree;Lorg/apache/commons/math3/geometry/partitioning/SubHyperplane;)V, lineNumber=100, susp=0.15214515486254615]
[INFO ] fr.inria.astor.core.solutionsearch.population.ProgramVariantFactory.createModificationPoints(ProgramVariantFactory.java:223) -  Not ctClass for suspicious code Candidate [className=org.apache.commons.math3.geometry.partitioning.InsideFinder, methodName=recurseSides(Lorg/apache/commons/math3/geometry/partitioning/BSPTree;Lorg/apache/commons/math3/geometry/partitioning/SubHyperplane;)V, lineNumber=134, susp=0.15214515486254615]
[INFO ] fr.inria.astor.core.solutionsearch.population.ProgramVariantFactory.createModificationPoints(ProgramVariantFactory.java:223) -  Not ctClass for suspicious code Candidate [className=org.apache.commons.math3.geometry.partitioning.InsideFinder, methodName=plusFound()Z, lineNumber=140, susp=0.15214515486254615]
[INFO ] fr.inria.astor.core.solutionsearch.population.ProgramVariantFactory.createModificationPoints(ProgramVariantFactory.java:223) -  Not ctClass for suspicious code Candidate [className=org.apache.commons.math3.geometry.partitioning.InsideFinder, methodName=minusFound()Z, lineNumber=147, susp=0.15214515486254615]
[INFO ] fr.inria.astor.core.solutionsearch.population.ProgramVariantFactory.createModificationPoints(ProgramVariantFactory.java:223) -  Not ctClass for suspicious code Candidate [className=org.apache.commons.math3.optim.nonlinear.scalar.LineSearch$1, methodName=value(D)D, lineNumber=116, susp=0.14462030521243746]
[INFO ] fr.inria.astor.core.solutionsearch.population.ProgramVariantFactory.createModificationPoints(ProgramVariantFactory.java:223) -  Not ctClass for suspicious code Candidate [className=org.apache.commons.math3.optim.nonlinear.scalar.LineSearch$1, methodName=value(D)D, lineNumber=117, susp=0.14462030521243746]
[INFO ] fr.inria.astor.core.solutionsearch.population.ProgramVariantFactory.createModificationPoints(ProgramVariantFactory.java:223) -  Not ctClass for suspicious code Candidate [className=org.apache.commons.math3.optim.nonlinear.scalar.LineSearch$1, methodName=value(D)D, lineNumber=118, susp=0.14462030521243746]
[INFO ] fr.inria.astor.core.solutionsearch.population.ProgramVariantFactory.createModificationPoints(ProgramVariantFactory.java:223) -  Not ctClass for suspicious code Candidate [className=org.apache.commons.math3.optim.nonlinear.scalar.LineSearch$1, methodName=value(D)D, lineNumber=120, susp=0.14462030521243746]
[INFO ] fr.inria.astor.core.solutionsearch.population.ProgramVariantFactory.createModificationPoints(ProgramVariantFactory.java:223) -  Not ctClass for suspicious code Candidate [className=org.apache.commons.math3.optim.nonlinear.scalar.LineSearch$1, methodName=value(D)D, lineNumber=121, susp=0.14462030521243746]
[INFO ] fr.inria.astor.core.solutionsearch.population.ProgramVariantFactory.createModificationPoints(ProgramVariantFactory.java:223) -  Not ctClass for suspicious code Candidate [className=org.apache.commons.math3.optim.nonlinear.scalar.LineSearch, methodName=search([D[D)Lorg/apache/commons/math3/optim/univariate/UnivariatePointValuePair;, lineNumber=113, susp=0.14462030521243746]
[INFO ] fr.inria.astor.core.solutionsearch.population.ProgramVariantFactory.createModificationPoints(ProgramVariantFactory.java:223) -  Not ctClass for suspicious code Candidate [className=org.apache.commons.math3.optim.nonlinear.scalar.LineSearch, methodName=search([D[D)Lorg/apache/commons/math3/optim/univariate/UnivariatePointValuePair;, lineNumber=114, susp=0.14462030521243746]
[INFO ] fr.inria.astor.core.solutionsearch.population.ProgramVariantFactory.createModificationPoints(ProgramVariantFactory.java:223) -  Not ctClass for suspicious code Candidate [className=org.apache.commons.math3.optim.nonlinear.scalar.LineSearch, methodName=search([D[D)Lorg/apache/commons/math3/optim/univariate/UnivariatePointValuePair;, lineNumber=125, susp=0.14462030521243746]
[INFO ] fr.inria.astor.core.solutionsearch.population.ProgramVariantFactory.createModificationPoints(ProgramVariantFactory.java:223) -  Not ctClass for suspicious code Candidate [className=org.apache.commons.math3.optim.nonlinear.scalar.LineSearch, methodName=search([D[D)Lorg/apache/commons/math3/optim/univariate/UnivariatePointValuePair;, lineNumber=126, susp=0.14462030521243746]
[INFO ] fr.inria.astor.core.solutionsearch.population.ProgramVariantFactory.createModificationPoints(ProgramVariantFactory.java:223) -  Not ctClass for suspicious code Candidate [className=org.apache.commons.math3.optim.nonlinear.scalar.LineSearch, methodName=search([D[D)Lorg/apache/commons/math3/optim/univariate/UnivariatePointValuePair;, lineNumber=130, susp=0.14462030521243746]
[INFO ] fr.inria.astor.core.solutionsearch.population.ProgramVariantFactory.createModificationPoints(ProgramVariantFactory.java:223) -  Not ctClass for suspicious code Candidate [className=org.apache.commons.math3.optim.nonlinear.scalar.LineSearch, methodName=access$000(Lorg/apache/commons/math3/optim/nonlinear/scalar/LineSearch;)Lorg/apache/commons/math3/optim/nonlinear/scalar/MultivariateOptimizer;, lineNumber=35, susp=0.14462030521243746]
[INFO ] fr.inria.astor.core.solutionsearch.population.ProgramVariantFactory.createProgramInstance(ProgramVariantFactory.java:134) - Total suspicious from FL: 1000,  319
[INFO ] fr.inria.astor.core.solutionsearch.population.ProgramVariantFactory.createProgramInstance(ProgramVariantFactory.java:143) - Total ModPoint created: 319
[INFO ] fr.inria.astor.core.solutionsearch.population.ProgramVariantFactory.createInitialPopulation(ProgramVariantFactory.java:82) - Creating program variant #1, [Variant id: 1, #gens: 319, #ops: 0, parent:-]
[INFO ] fr.inria.astor.core.solutionsearch.AstorCoreEngine.setFitnessOfPopulation(AstorCoreEngine.java:754) - The original fitness is : 1.0
[INFO ] fr.inria.astor.core.setup.ConfigurationProperties.print(ConfigurationProperties.java:66) - ----------------------------
[INFO ] fr.inria.astor.core.setup.ConfigurationProperties.print(ConfigurationProperties.java:67) - ---Configuration properties:---Execution values
[INFO ] fr.inria.astor.core.setup.ConfigurationProperties.print(ConfigurationProperties.java:69) - p:lastJUnitVersion= ./examples/libs/junit-4.11.jar
[INFO ] fr.inria.astor.core.setup.ConfigurationProperties.print(ConfigurationProperties.java:69) - p:alternativecompliancelevel= 8
[INFO ] fr.inria.astor.core.setup.ConfigurationProperties.print(ConfigurationProperties.java:69) - p:ignoredTestCases= 
[INFO ] fr.inria.astor.core.setup.ConfigurationProperties.print(ConfigurationProperties.java:69) - p:workingDirectory= /script/jGenProg_Defects4J_Math_14/./output_astor
[INFO ] fr.inria.astor.core.setup.ConfigurationProperties.print(ConfigurationProperties.java:69) - p:manipulatesuper= false
[INFO ] fr.inria.astor.core.setup.ConfigurationProperties.print(ConfigurationProperties.java:69) - p:validation= process
[INFO ] fr.inria.astor.core.setup.ConfigurationProperties.print(ConfigurationProperties.java:69) - p:jvm4testexecution= /usr/lib/jvm/java-1.7.0-openjdk-amd64/bin/
[INFO ] fr.inria.astor.core.setup.ConfigurationProperties.print(ConfigurationProperties.java:69) - p:operatorspace= irr-statements
[INFO ] fr.inria.astor.core.setup.ConfigurationProperties.print(ConfigurationProperties.java:69) - p:disablelog= false
[INFO ] fr.inria.astor.core.setup.ConfigurationProperties.print(ConfigurationProperties.java:69) - p:binjavafolder= target/classes/
[INFO ] fr.inria.astor.core.setup.ConfigurationProperties.print(ConfigurationProperties.java:69) - p:synthesis_depth= 3
[INFO ] fr.inria.astor.core.setup.ConfigurationProperties.print(ConfigurationProperties.java:69) - p:gzoltartestpackagetoexclude= junit.framework
[INFO ] fr.inria.astor.core.setup.ConfigurationProperties.print(ConfigurationProperties.java:69) - p:skipfitnessinitialpopulation= false
[INFO ] fr.inria.astor.core.setup.ConfigurationProperties.print(ConfigurationProperties.java:69) - p:evosuiteresultfolder= evosuite
[INFO ] fr.inria.astor.core.setup.ConfigurationProperties.print(ConfigurationProperties.java:69) - p:flthreshold= 0.1
[INFO ] fr.inria.astor.core.setup.ConfigurationProperties.print(ConfigurationProperties.java:69) - p:regressionforfaultlocalization= true
[INFO ] fr.inria.astor.core.setup.ConfigurationProperties.print(ConfigurationProperties.java:69) - p:collectonlyusedmethod= false
[INFO ] fr.inria.astor.core.setup.ConfigurationProperties.print(ConfigurationProperties.java:69) - p:preservelinenumbers= true
[INFO ] fr.inria.astor.core.setup.ConfigurationProperties.print(ConfigurationProperties.java:69) - p:tmax2= 8790930
[INFO ] fr.inria.astor.core.setup.ConfigurationProperties.print(ConfigurationProperties.java:69) - p:tmax1= 10000
[INFO ] fr.inria.astor.core.setup.ConfigurationProperties.print(ConfigurationProperties.java:69) - p:probagenmutation= false
[INFO ] fr.inria.astor.core.setup.ConfigurationProperties.print(ConfigurationProperties.java:69) - p:nomodificationconvergence= 100
[INFO ] fr.inria.astor.core.setup.ConfigurationProperties.print(ConfigurationProperties.java:69) - p:diff_type= relative
[INFO ] fr.inria.astor.core.setup.ConfigurationProperties.print(ConfigurationProperties.java:69) - p:targetelementprocessor= statements
[INFO ] fr.inria.astor.core.setup.ConfigurationProperties.print(ConfigurationProperties.java:69) - p:srctestfolder= src/test/java/
[INFO ] fr.inria.astor.core.setup.ConfigurationProperties.print(ConfigurationProperties.java:69) - p:forceExecuteRegression= false
[INFO ] fr.inria.astor.core.setup.ConfigurationProperties.print(ConfigurationProperties.java:69) - p:clusteringfilename= clustering.csv
[INFO ] fr.inria.astor.core.setup.ConfigurationProperties.print(ConfigurationProperties.java:69) - p:failing= org.apache.commons.math3.fitting.PolynomialFitterTest
[INFO ] fr.inria.astor.core.setup.ConfigurationProperties.print(ConfigurationProperties.java:69) - p:logtestexecution= false
[INFO ] fr.inria.astor.core.setup.ConfigurationProperties.print(ConfigurationProperties.java:69) - p:evo_buggy_class= true
[INFO ] fr.inria.astor.core.setup.ConfigurationProperties.print(ConfigurationProperties.java:69) - p:numberExecutions= 1
[INFO ] fr.inria.astor.core.setup.ConfigurationProperties.print(ConfigurationProperties.java:69) - p:maxnumbersolutions= 1000000
[INFO ] fr.inria.astor.core.setup.ConfigurationProperties.print(ConfigurationProperties.java:69) - p:evo_affected_by_op= true
[INFO ] fr.inria.astor.core.setup.ConfigurationProperties.print(ConfigurationProperties.java:69) - p:population= 1
[INFO ] fr.inria.astor.core.setup.ConfigurationProperties.print(ConfigurationProperties.java:69) - p:considerzerovaluesusp= false
[INFO ] fr.inria.astor.core.setup.ConfigurationProperties.print(ConfigurationProperties.java:69) - p:maxCombinationVariableLimit= false
[INFO ] fr.inria.astor.core.setup.ConfigurationProperties.print(ConfigurationProperties.java:69) - p:loglevel= INFO
[INFO ] fr.inria.astor.core.setup.ConfigurationProperties.print(ConfigurationProperties.java:69) - p:savesolution= true
[INFO ] fr.inria.astor.core.setup.ConfigurationProperties.print(ConfigurationProperties.java:69) - p:javacompliancelevel= 5
[INFO ] fr.inria.astor.core.setup.ConfigurationProperties.print(ConfigurationProperties.java:69) - p:uniqueoptogen= false
[INFO ] fr.inria.astor.core.setup.ConfigurationProperties.print(ConfigurationProperties.java:69) - p:gzoltarpackagetonotinstrument= junit.framework
[INFO ] fr.inria.astor.core.setup.ConfigurationProperties.print(ConfigurationProperties.java:69) - p:projectIdentifier= Math-14
[INFO ] fr.inria.astor.core.setup.ConfigurationProperties.print(ConfigurationProperties.java:69) - p:modificationpointnavigation= weight
[INFO ] fr.inria.astor.core.setup.ConfigurationProperties.print(ConfigurationProperties.java:69) - p:stopfirst= true
[INFO ] fr.inria.astor.core.setup.ConfigurationProperties.print(ConfigurationProperties.java:69) - p:multipointmodification= false
[INFO ] fr.inria.astor.core.setup.ConfigurationProperties.print(ConfigurationProperties.java:69) - p:elementsToMutate= 10
[INFO ] fr.inria.astor.core.setup.ConfigurationProperties.print(ConfigurationProperties.java:69) - p:jsonoutputname= astor_output
[INFO ] fr.inria.astor.core.setup.ConfigurationProperties.print(ConfigurationProperties.java:69) - p:evoDSE= false
[INFO ] fr.inria.astor.core.setup.ConfigurationProperties.print(ConfigurationProperties.java:69) - p:bintestfolder= target/test-classes/
[INFO ] fr.inria.astor.core.setup.ConfigurationProperties.print(ConfigurationProperties.java:69) - p:testbystep= false
[INFO ] fr.inria.astor.core.setup.ConfigurationProperties.print(ConfigurationProperties.java:69) - p:version-location= ./math-version/
[INFO ] fr.inria.astor.core.setup.ConfigurationProperties.print(ConfigurationProperties.java:69) - p:reintroduce= PARENTS:ORIGINAL
[INFO ] fr.inria.astor.core.setup.ConfigurationProperties.print(ConfigurationProperties.java:69) - p:executorjar= ./lib/jtestex7.jar
[INFO ] fr.inria.astor.core.setup.ConfigurationProperties.print(ConfigurationProperties.java:69) - p:maxGeneration= 1000000
[INFO ] fr.inria.astor.core.setup.ConfigurationProperties.print(ConfigurationProperties.java:69) - p:max_synthesis_step= 10000
[INFO ] fr.inria.astor.core.setup.ConfigurationProperties.print(ConfigurationProperties.java:69) - p:projectinfocommand= com.github.tdurieux:project-config-maven-plugin:info
[INFO ] fr.inria.astor.core.setup.ConfigurationProperties.print(ConfigurationProperties.java:69) - p:maxVarCombination= 1000
[INFO ] fr.inria.astor.core.setup.ConfigurationProperties.print(ConfigurationProperties.java:69) - p:maxtime= 120
[INFO ] fr.inria.astor.core.setup.ConfigurationProperties.print(ConfigurationProperties.java:69) - p:evosuitejar= ./lib/evosuite-master-1.0.4-SNAPSHOT.jar
[INFO ] fr.inria.astor.core.setup.ConfigurationProperties.print(ConfigurationProperties.java:69) - p:jvmversion= 1.7.0_181
[INFO ] fr.inria.astor.core.setup.ConfigurationProperties.print(ConfigurationProperties.java:69) - p:commandTrunk= 50000
[INFO ] fr.inria.astor.core.setup.ConfigurationProperties.print(ConfigurationProperties.java:69) - p:faultlocalization= gzoltar
[INFO ] fr.inria.astor.core.setup.ConfigurationProperties.print(ConfigurationProperties.java:69) - p:resetmodel= true
[INFO ] fr.inria.astor.core.setup.ConfigurationProperties.print(ConfigurationProperties.java:69) - p:maxsuspcandidates= 1000
[INFO ] fr.inria.astor.core.setup.ConfigurationProperties.print(ConfigurationProperties.java:69) - p:mode= purpose
[INFO ] fr.inria.astor.core.setup.ConfigurationProperties.print(ConfigurationProperties.java:69) - p:learningdir= 
[INFO ] fr.inria.astor.core.setup.ConfigurationProperties.print(ConfigurationProperties.java:69) - p:jvm4evosuitetestexecution= /usr/lib/jvm/java-1.7.0-openjdk-amd64/bin/
[INFO ] fr.inria.astor.core.setup.ConfigurationProperties.print(ConfigurationProperties.java:69) - p:filterfaultlocalization= true
[INFO ] fr.inria.astor.core.setup.ConfigurationProperties.print(ConfigurationProperties.java:69) - p:mutationrate= 1 
[INFO ] fr.inria.astor.core.setup.ConfigurationProperties.print(ConfigurationProperties.java:69) - p:pathToMVNRepository= 
[INFO ] fr.inria.astor.core.setup.ConfigurationProperties.print(ConfigurationProperties.java:69) - p:resourcesfolder= /src/main/resources:/src/test/resources:
[INFO ] fr.inria.astor.core.setup.ConfigurationProperties.print(ConfigurationProperties.java:69) - p:timezone= America/Los_Angeles
[INFO ] fr.inria.astor.core.setup.ConfigurationProperties.print(ConfigurationProperties.java:69) - p:runjava7code= false
[INFO ] fr.inria.astor.core.setup.ConfigurationProperties.print(ConfigurationProperties.java:69) - p:evoRunOnBuggyClass= true
[INFO ] fr.inria.astor.core.setup.ConfigurationProperties.print(ConfigurationProperties.java:69) - p:compiler= fr.inria.astor.core.manipulation.bytecode.compiler.SpoonClassCompiler
[INFO ] fr.inria.astor.core.setup.ConfigurationProperties.print(ConfigurationProperties.java:69) - p:limitbysuspicious= true
[INFO ] fr.inria.astor.core.setup.ConfigurationProperties.print(ConfigurationProperties.java:69) - p:logsattemps= true
[INFO ] fr.inria.astor.core.setup.ConfigurationProperties.print(ConfigurationProperties.java:69) - p:dependenciespath= /script/jGenProg_Defects4J_Math_14/target/classes/:/script/jGenProg_Defects4J_Math_14/target/test-classes/:/defects4j/framework/projects/lib/junit-4.11.jar
[INFO ] fr.inria.astor.core.setup.ConfigurationProperties.print(ConfigurationProperties.java:69) - p:logpatternlayout= [%-5p] %l - %m%n
[INFO ] fr.inria.astor.core.setup.ConfigurationProperties.print(ConfigurationProperties.java:69) - p:packageToInstrument= 
[INFO ] fr.inria.astor.core.setup.ConfigurationProperties.print(ConfigurationProperties.java:69) - p:skipfaultlocalization= false
[INFO ] fr.inria.astor.core.setup.ConfigurationProperties.print(ConfigurationProperties.java:69) - p:scope= package
[INFO ] fr.inria.astor.core.setup.ConfigurationProperties.print(ConfigurationProperties.java:69) - p:transformingredient= false
[INFO ] fr.inria.astor.core.setup.ConfigurationProperties.print(ConfigurationProperties.java:69) - p:fitnessfunction= fr.inria.astor.core.solutionsearch.population.TestCaseFitnessFunction
[INFO ] fr.inria.astor.core.setup.ConfigurationProperties.print(ConfigurationProperties.java:69) - p:maxnumvariablesperingredient= 10
[INFO ] fr.inria.astor.core.setup.ConfigurationProperties.print(ConfigurationProperties.java:69) - p:parsesourcefromoriginal= true
[INFO ] fr.inria.astor.core.setup.ConfigurationProperties.print(ConfigurationProperties.java:69) - p:pvariantfoldername= variant-
[INFO ] fr.inria.astor.core.setup.ConfigurationProperties.print(ConfigurationProperties.java:69) - p:savespoonmodelondisk= false
[INFO ] fr.inria.astor.core.setup.ConfigurationProperties.print(ConfigurationProperties.java:69) - p:srcjavafolder= src/main/java/
[INFO ] fr.inria.astor.core.setup.ConfigurationProperties.print(ConfigurationProperties.java:69) - p:populationcontroller= fr.inria.astor.core.solutionsearch.population.TestCaseBasedFitnessPopulationController
[INFO ] fr.inria.astor.core.setup.ConfigurationProperties.print(ConfigurationProperties.java:69) - p:ignoreflakyinfl= false
[INFO ] fr.inria.astor.core.setup.ConfigurationProperties.print(ConfigurationProperties.java:69) - p:cleantemplates= true
[INFO ] fr.inria.astor.core.setup.ConfigurationProperties.print(ConfigurationProperties.java:69) - p:applyCrossover= false
[INFO ] fr.inria.astor.core.setup.ConfigurationProperties.print(ConfigurationProperties.java:69) - p:maxmodificationpoints= 1000
[INFO ] fr.inria.astor.core.setup.ConfigurationProperties.print(ConfigurationProperties.java:69) - p:duplicateingredientsinspace= false
[INFO ] fr.inria.astor.core.setup.ConfigurationProperties.print(ConfigurationProperties.java:69) - p:metid= 0
[INFO ] fr.inria.astor.core.setup.ConfigurationProperties.print(ConfigurationProperties.java:69) - p:continuewhenmodelfail= true
[INFO ] fr.inria.astor.core.setup.ConfigurationProperties.print(ConfigurationProperties.java:69) - p:saveall= false
[INFO ] fr.inria.astor.core.setup.ConfigurationProperties.print(ConfigurationProperties.java:69) - p:seed= 0
[INFO ] fr.inria.astor.core.setup.ConfigurationProperties.print(ConfigurationProperties.java:69) - p:savecompletepatched= true
[INFO ] fr.inria.astor.core.setup.ConfigurationProperties.print(ConfigurationProperties.java:69) - p:resetoperations= false
[INFO ] fr.inria.astor.core.setup.ConfigurationProperties.print(ConfigurationProperties.java:69) - p:processoutputinfile= false
[INFO ] fr.inria.astor.core.setup.ConfigurationProperties.print(ConfigurationProperties.java:69) - p:location= .
[INFO ] fr.inria.astor.core.setup.ConfigurationProperties.print(ConfigurationProperties.java:69) - p:probabilistictransformation= true
[INFO ] fr.inria.astor.core.setup.ConfigurationProperties.print(ConfigurationProperties.java:69) - p:overridemaxtime= true
[INFO ] fr.inria.astor.core.setup.ConfigurationProperties.print(ConfigurationProperties.java:69) - p:outputjsonresult= false
[INFO ] fr.inria.astor.core.setup.ConfigurationProperties.print(ConfigurationProperties.java:69) - p:allpoints= false
[INFO ] fr.inria.astor.core.setup.ConfigurationProperties.print(ConfigurationProperties.java:69) - p:bugId= 280
[INFO ] fr.inria.astor.core.setup.ConfigurationProperties.print(ConfigurationProperties.java:69) - p:evosuitetimeout= 120
[INFO ] fr.inria.astor.core.setup.ConfigurationProperties.print(ConfigurationProperties.java:69) - p:maxtimefactor= 10
[INFO ] fr.inria.astor.core.setup.ConfigurationProperties.print(ConfigurationProperties.java:69) - p:nrPlaceholders= 1
[INFO ] fr.inria.astor.core.setup.ConfigurationProperties.print(ConfigurationProperties.java:69) - p:forcesubprocesskilling= true
[INFO ] fr.inria.astor.core.setup.ConfigurationProperties.print(ConfigurationProperties.java:71) - ----------------------------
[INFO ] fr.inria.astor.core.solutionsearch.EvolutionarySearchEngine.startEvolution(EvolutionarySearchEngine.java:40) - 
----Starting Solution Search
12:04:52.782 [main] INFO  org.nd4j.linalg.factory.Nd4jBackend - Loaded [CpuBackend] backend
12:04:54.248 [main] INFO  org.nd4j.nativeblas.NativeOpsHolder - Number of threads used for NativeOps: 6
12:04:55.030 [main] INFO  org.nd4j.nativeblas.Nd4jBlas - Number of threads used for BLAS: 6
12:04:55.035 [main] INFO  o.n.l.a.o.e.DefaultOpExecutioner - Backend used: [CPU]; OS: [Linux]
12:04:55.035 [main] INFO  o.n.l.a.o.e.DefaultOpExecutioner - Cores: [48]; Memory: [3.5GB];
12:04:55.035 [main] INFO  o.n.l.a.o.e.DefaultOpExecutioner - Blas vendor: [MKL]
12:04:55.559 [main] INFO  o.d.m.e.loader.WordVectorSerializer - Projected memory use for model: [3.96 MB]
12:04:58.483 [main] INFO  o.d.m.s.SequenceVectors - Building learning algorithms:
12:04:58.483 [main] INFO  o.d.m.s.SequenceVectors -           building SequenceLearningAlgorithm: [PV-DBOW]
12:04:58.492 [main] INFO  o.d.m.s.SequenceVectors -           building ElementsLearningAlgorithm: [SkipGram]
12:05:13.205 [main] INFO  o.d.m.s.SequenceVectors - Building learning algorithms:
12:05:13.205 [main] INFO  o.d.m.s.SequenceVectors -           building SequenceLearningAlgorithm: [PV-DBOW]
12:05:13.206 [main] INFO  o.d.m.s.SequenceVectors -           building ElementsLearningAlgorithm: [SkipGram]
12:06:59.340 [main] INFO  o.d.m.s.SequenceVectors - Building learning algorithms:
12:06:59.340 [main] INFO  o.d.m.s.SequenceVectors -           building SequenceLearningAlgorithm: [PV-DBOW]
12:06:59.341 [main] INFO  o.d.m.s.SequenceVectors -           building ElementsLearningAlgorithm: [SkipGram]
12:07:28.419 [main] INFO  o.d.m.s.SequenceVectors - Building learning algorithms:
12:07:28.420 [main] INFO  o.d.m.s.SequenceVectors -           building SequenceLearningAlgorithm: [PV-DBOW]
12:07:28.421 [main] INFO  o.d.m.s.SequenceVectors -           building ElementsLearningAlgorithm: [SkipGram]
12:08:37.848 [main] INFO  o.d.m.s.SequenceVectors - Building learning algorithms:
12:08:37.849 [main] INFO  o.d.m.s.SequenceVectors -           building SequenceLearningAlgorithm: [PV-DBOW]
12:08:37.850 [main] INFO  o.d.m.s.SequenceVectors -           building ElementsLearningAlgorithm: [SkipGram]
12:08:45.937 [main] INFO  o.d.m.s.SequenceVectors - Building learning algorithms:
12:08:45.938 [main] INFO  o.d.m.s.SequenceVectors -           building SequenceLearningAlgorithm: [PV-DBOW]
12:08:45.939 [main] INFO  o.d.m.s.SequenceVectors -           building ElementsLearningAlgorithm: [SkipGram]
12:09:47.629 [main] INFO  o.d.m.s.SequenceVectors - Building learning algorithms:
12:09:47.630 [main] INFO  o.d.m.s.SequenceVectors -           building SequenceLearningAlgorithm: [PV-DBOW]
12:09:47.631 [main] INFO  o.d.m.s.SequenceVectors -           building ElementsLearningAlgorithm: [SkipGram]
12:10:58.637 [main] INFO  o.d.m.s.SequenceVectors - Building learning algorithms:
12:10:58.638 [main] INFO  o.d.m.s.SequenceVectors -           building SequenceLearningAlgorithm: [PV-DBOW]
12:10:58.639 [main] INFO  o.d.m.s.SequenceVectors -           building ElementsLearningAlgorithm: [SkipGram]
12:17:24.624 [main] INFO  o.d.m.s.SequenceVectors - Building learning algorithms:
12:17:24.625 [main] INFO  o.d.m.s.SequenceVectors -           building SequenceLearningAlgorithm: [PV-DBOW]
12:17:24.628 [main] INFO  o.d.m.s.SequenceVectors -           building ElementsLearningAlgorithm: [SkipGram]
12:17:55.225 [main] INFO  o.d.m.s.SequenceVectors - Building learning algorithms:
12:17:55.225 [main] INFO  o.d.m.s.SequenceVectors -           building SequenceLearningAlgorithm: [PV-DBOW]
12:17:55.227 [main] INFO  o.d.m.s.SequenceVectors -           building ElementsLearningAlgorithm: [SkipGram]
12:23:17.705 [main] INFO  o.d.m.s.SequenceVectors - Building learning algorithms:
12:23:17.705 [main] INFO  o.d.m.s.SequenceVectors -           building SequenceLearningAlgorithm: [PV-DBOW]
12:23:17.707 [main] INFO  o.d.m.s.SequenceVectors -           building ElementsLearningAlgorithm: [SkipGram]
12:23:44.431 [main] INFO  o.d.m.s.SequenceVectors - Building learning algorithms:
12:23:44.432 [main] INFO  o.d.m.s.SequenceVectors -           building SequenceLearningAlgorithm: [PV-DBOW]
12:23:44.433 [main] INFO  o.d.m.s.SequenceVectors -           building ElementsLearningAlgorithm: [SkipGram]
12:31:01.766 [main] INFO  o.d.m.s.SequenceVectors - Building learning algorithms:
12:31:01.767 [main] INFO  o.d.m.s.SequenceVectors -           building SequenceLearningAlgorithm: [PV-DBOW]
12:31:01.768 [main] INFO  o.d.m.s.SequenceVectors -           building ElementsLearningAlgorithm: [SkipGram]
12:39:31.650 [main] INFO  o.d.m.s.SequenceVectors - Building learning algorithms:
12:39:31.651 [main] INFO  o.d.m.s.SequenceVectors -           building SequenceLearningAlgorithm: [PV-DBOW]
12:39:31.653 [main] INFO  o.d.m.s.SequenceVectors -           building ElementsLearningAlgorithm: [SkipGram]
[INFO ] fr.inria.astor.core.solutionsearch.AstorCoreEngine.belowMaxTime(AstorCoreEngine.java:278) - 
 No more time for operating
[INFO ] fr.inria.astor.core.solutionsearch.AstorCoreEngine.atEnd(AstorCoreEngine.java:170) - Time Repair Loop (s): 7200.574
[INFO ] fr.inria.astor.core.solutionsearch.AstorCoreEngine.atEnd(AstorCoreEngine.java:172) - generationsexecuted: 984
[INFO ] fr.inria.astor.core.solutionsearch.AstorCoreEngine.printFinalStatus(AstorCoreEngine.java:247) - 
----SUMMARY_EXECUTION---
[INFO ] fr.inria.astor.core.solutionsearch.AstorCoreEngine.printFinalStatus(AstorCoreEngine.java:257) - End Repair Search: NOT Found solution
[INFO ] fr.inria.main.evolution.AstorMain.run(AstorMain.java:208) - Time Total(s): 9940.973


Node: 451949bf41bb



Date: Sat Dec  7 14:04:43 EST 2019

cd /script/jGenProg_Defects4J_Math_14;
export JAVA_TOOL_OPTIONS="-Dfile.encoding=UTF8 -Duser.language=en-US -Duser.country=US -Duser.language=en";
TZ="America/New_York"; export TZ;
export PATH="/usr/lib/jvm/java-1.8.0-openjdk-amd64/bin/:$PATH";
export JAVA_HOME="/usr/lib/jvm/java-1.8.0-openjdk-amd64/bin/";
java -Xmx4048m -cp /script/libs/jtestex7.jar:/astor/target/astor-0.0.2-SNAPSHOT-jar-with-dependencies.jar fr.inria.main.evolution.AstorMain \
	-mode jgenprog \
	-location . \
	-id Math-14 \
	-failing org.apache.commons.math3.fitting.PolynomialFitterTest \
	-jvm4testexecution /usr/lib/jvm/java-1.7.0-openjdk-amd64/bin/ \
	-jvm4evosuitetestexecution /usr/lib/jvm/java-1.7.0-openjdk-amd64/bin/ \
	-maxgen 1000000 \
	-maxtime 120 \
	-stopfirst true \
	-seed 0 \
	-scope package \
	-population 1 \
	-javacompliancelevel 5 \
	-srcjavafolder src/main/java/ \
	-srctestfolder src/test/java/ \
	-binjavafolder target/classes/ \
	-bintestfolder target/test-classes/ \
	-parameters mode:purpose \
	-dependencies /script/jGenProg_Defects4J_Math_14/target/classes/:/script/jGenProg_Defects4J_Math_14/target/test-classes/:/defects4j/framework/projects/lib/junit-4.11.jar;
	echo "\n\nNode: `hostname`\n";
	echo "\n\nDate: `date`\n";

