Determine revision date.................................................... OK
Picked up JAVA_TOOL_OPTIONS: -Dfile.encoding=UTF8 -Duser.language=en-US -Duser.country=US -Duser.language=en
[INFO] 10:57:45,304 fr.inria.astor.core.setup.ProjectConfiguration:282 - Version of the JVM used: 1.7.0_181
[INFO] 10:57:45,308 main:381 - Java version of the JDK used to run tests: 1.7.0_181
[INFO] 10:57:45,308 main:382 - The compliance of the JVM is:  7
[INFO] 10:57:45,311 main:660 - command line arguments: [-mode  jgenprog  -location  .  -id  Math-10  -failing  org.apache.commons.math3.analysis.differentiation.DerivativeStructureTest  -jvm4testexecution  /usr/lib/jvm/java-1.7.0-openjdk-amd64/bin/  -jvm4evosuitetestexecution  /usr/lib/jvm/java-1.7.0-openjdk-amd64/bin/  -maxgen  1000000  -maxtime  120  -stopfirst  true  -seed  0  -scope  package  -population  1  -javacompliancelevel  5  -srcjavafolder  src/main/java/  -srctestfolder  src/test/java/  -binjavafolder  target/classes/  -bintestfolder  target/test-classes/  -parameters  mode:purpose  -dependencies  /script/jGenProg_Defects4J_Math_10/target/classes/:/script/jGenProg_Defects4J_Math_10/target/test-classes/:/defects4j/framework/projects/lib/junit-4.11.jar]
[INFO] 10:57:45,315 fr.inria.main.evolution.AstorMain:224 - Running Astor on a JDK at /usr/lib/jvm/java-8-openjdk-amd64/jre
[INFO ] fr.inria.main.AbstractMain.determineSourceFolders(AbstractMain.java:975) - Source folders: [/script/jGenProg_Defects4J_Math_10/./src/main/java]
[INFO ] fr.inria.main.AbstractMain.determineSourceFolders(AbstractMain.java:994) - Source Test folders: [/script/jGenProg_Defects4J_Math_10/./src/test/java]
[INFO ] fr.inria.main.evolution.AstorMain.createEngine(AstorMain.java:108) - mode is Purpose
[INFO ] fr.inria.astor.core.solutionsearch.AstorCoreEngine.resolveTestsToRun(AstorCoreEngine.java:1311) - Test retrieved from classes: 762
[INFO ] fr.inria.astor.core.faultlocalization.gzoltar.GZoltarFaultLocalization.calculateSuspicious(GZoltarFaultLocalization.java:74) - -Executing Gzoltar classpath: /script/jGenProg_Defects4J_Math_10/./output_astor/AstorMain-Math-10//bin//default from 762 classes with test cases
[INFO ] fr.inria.astor.core.faultlocalization.gzoltar.GZoltarFaultLocalization.searchSuspicious(GZoltarFaultLocalization.java:154) - Gzoltar fault localization: min susp value parameter: 0.1
[INFO ] fr.inria.astor.core.faultlocalization.gzoltar.GZoltarFaultLocalization.searchSuspicious(GZoltarFaultLocalization.java:174) - -gz-Adding classpath: [/script/jGenProg_Defects4J_Math_10/./output_astor/AstorMain-Math-10//bin//default, /script/jGenProg_Defects4J_Math_10/target/classes/, /script/jGenProg_Defects4J_Math_10/target/test-classes/, /defects4j/framework/projects/lib/junit-4.11.jar]
Exception in thread "main" java.lang.NullPointerException
	at com.gzoltar.core.GZoltar.run(GZoltar.java:51)
	at fr.inria.astor.core.faultlocalization.gzoltar.GZoltarFaultLocalization.searchSuspicious(GZoltarFaultLocalization.java:203)
	at fr.inria.astor.core.faultlocalization.gzoltar.GZoltarFaultLocalization.calculateSuspicious(GZoltarFaultLocalization.java:93)
	at fr.inria.astor.core.faultlocalization.gzoltar.GZoltarFaultLocalization.searchSuspicious(GZoltarFaultLocalization.java:48)
	at fr.inria.astor.core.solutionsearch.AstorCoreEngine.calculateSuspicious(AstorCoreEngine.java:888)
	at fr.inria.main.evolution.AstorMain.createEngine(AstorMain.java:133)
	at fr.inria.main.evolution.AstorMain.run(AstorMain.java:187)
	at fr.inria.main.evolution.AstorMain.execute(AstorMain.java:247)
	at fr.inria.main.evolution.AstorMain.main(AstorMain.java:218)


Node: bdc5d20602cd



Date: Mon Dec  2 11:01:48 EST 2019

cd /script/jGenProg_Defects4J_Math_10;
export JAVA_TOOL_OPTIONS="-Dfile.encoding=UTF8 -Duser.language=en-US -Duser.country=US -Duser.language=en";
TZ="America/New_York"; export TZ;
export PATH="/usr/lib/jvm/java-1.8.0-openjdk-amd64/bin/:$PATH";
export JAVA_HOME="/usr/lib/jvm/java-1.8.0-openjdk-amd64/bin/";
java -Xmx4048m -cp /script/libs/jtestex7.jar:/astor/target/astor-0.0.2-SNAPSHOT-jar-with-dependencies.jar fr.inria.main.evolution.AstorMain \
	-mode jgenprog \
	-location . \
	-id Math-10 \
	-failing org.apache.commons.math3.analysis.differentiation.DerivativeStructureTest \
	-jvm4testexecution /usr/lib/jvm/java-1.7.0-openjdk-amd64/bin/ \
	-jvm4evosuitetestexecution /usr/lib/jvm/java-1.7.0-openjdk-amd64/bin/ \
	-maxgen 1000000 \
	-maxtime 120 \
	-stopfirst true \
	-seed 0 \
	-scope package \
	-population 1 \
	-javacompliancelevel 5 \
	-srcjavafolder src/main/java/ \
	-srctestfolder src/test/java/ \
	-binjavafolder target/classes/ \
	-bintestfolder target/test-classes/ \
	-parameters mode:purpose \
	-dependencies /script/jGenProg_Defects4J_Math_10/target/classes/:/script/jGenProg_Defects4J_Math_10/target/test-classes/:/defects4j/framework/projects/lib/junit-4.11.jar;
	echo "\n\nNode: `hostname`\n";
	echo "\n\nDate: `date`\n";

