Determine revision date.................................................... OK
Picked up JAVA_TOOL_OPTIONS: -Dfile.encoding=UTF8 -Duser.language=en-US -Duser.country=US -Duser.language=en
log4j:ERROR setFile(null,true) call failed.
java.io.FileNotFoundException:  (No such file or directory)
	at java.io.FileOutputStream.open0(Native Method)
	at java.io.FileOutputStream.open(FileOutputStream.java:270)
	at java.io.FileOutputStream.<init>(FileOutputStream.java:213)
	at java.io.FileOutputStream.<init>(FileOutputStream.java:133)
	at org.apache.log4j.FileAppender.setFile(FileAppender.java:294)
	at org.apache.log4j.RollingFileAppender.setFile(RollingFileAppender.java:207)
	at org.apache.log4j.FileAppender.activateOptions(FileAppender.java:165)
	at org.apache.log4j.config.PropertySetter.activate(PropertySetter.java:307)
	at org.apache.log4j.config.PropertySetter.setProperties(PropertySetter.java:172)
	at org.apache.log4j.config.PropertySetter.setProperties(PropertySetter.java:104)
	at org.apache.log4j.PropertyConfigurator.parseAppender(PropertyConfigurator.java:842)
	at org.apache.log4j.PropertyConfigurator.parseCategory(PropertyConfigurator.java:768)
	at org.apache.log4j.PropertyConfigurator.parseCatsAndRenderers(PropertyConfigurator.java:672)
	at org.apache.log4j.PropertyConfigurator.doConfigure(PropertyConfigurator.java:516)
	at org.apache.log4j.PropertyConfigurator.doConfigure(PropertyConfigurator.java:580)
	at org.apache.log4j.helpers.OptionConverter.selectAndConfigure(OptionConverter.java:526)
	at org.apache.log4j.LogManager.<clinit>(LogManager.java:127)
	at org.apache.log4j.Logger.getLogger(Logger.java:117)
	at fr.inria.astor.core.setup.ConfigurationProperties.<clinit>(ConfigurationProperties.java:16)
	at fr.inria.main.AbstractMain.<clinit>(AbstractMain.java:99)
2019-11-17 22:46:53,939 INFO fr.inria.astor.core.setup.ProjectConfiguration - Version of the JVM used: 1.7.0_181
2019-11-17 22:46:53,942 INFO main - Java version of the JDK used to run tests: 1.7.0_181
2019-11-17 22:46:53,942 INFO main - The compliance of the JVM is:  7
2019-11-17 22:46:53,946 INFO main - command line arguments: [-mode  jgenprog  -location  .  -id  Closure-127  -failing  com.google.javascript.jscomp.UnreachableCodeEliminationTest  -jvm4testexecution  /usr/lib/jvm/java-1.7.0-openjdk-amd64/bin/  -jvm4evosuitetestexecution  /usr/lib/jvm/java-1.7.0-openjdk-amd64/bin/  -maxgen  1000000  -maxtime  120  -stopfirst  true  -seed  0  -scope  package  -population  1  -javacompliancelevel  6  -srcjavafolder  src/  -srctestfolder  test  -binjavafolder  build/classes/  -bintestfolder  build/test/  -parameters  x:x  -dependencies  /script/jGenProg_Defects4J_Closure_127/build/classes:/script/jGenProg_Defects4J_Closure_127/build/test:/script/jGenProg_Defects4J_Closure_127/build/lib/rhino.jar:/script/jGenProg_Defects4J_Closure_127/lib/ant-launcher.jar:/script/jGenProg_Defects4J_Closure_127/lib/ant.jar:/script/jGenProg_Defects4J_Closure_127/lib/caja-r4314.jar:/script/jGenProg_Defects4J_Closure_127/lib/jarjar.jar:/script/jGenProg_Defects4J_Closure_127/lib/json.jar:/script/jGenProg_Defects4J_Closure_127/lib/jsr305.jar:/script/jGenProg_Defects4J_Closure_127/lib/junit.jar:/script/jGenProg_Defects4J_Closure_127/lib/protobuf-java.jar:/script/jGenProg_Defects4J_Closure_127/lib/args4j.jar:/script/jGenProg_Defects4J_Closure_127/lib/guava.jar]
2019-11-17 22:46:53,948 INFO fr.inria.main.evolution.AstorMain - Running Astor on a JDK at /usr/lib/jvm/java-8-openjdk-amd64/jre
[INFO ] fr.inria.main.AbstractMain.determineSourceFolders(AbstractMain.java:960) - Source folders: [/script/jGenProg_Defects4J_Closure_127/./src]
[INFO ] fr.inria.main.AbstractMain.determineSourceFolders(AbstractMain.java:979) - Source Test folders: [/script/jGenProg_Defects4J_Closure_127/./test]
[INFO ] fr.inria.astor.core.faultlocalization.gzoltar.GZoltarFaultLocalization.calculateSuspicious(GZoltarFaultLocalization.java:74) - -Executing Gzoltar classpath: /script/jGenProg_Defects4J_Closure_127/./output_astor/AstorMain-Closure-127//bin//default from 448 classes with test cases
[INFO ] fr.inria.astor.core.faultlocalization.gzoltar.GZoltarFaultLocalization.searchSuspicious(GZoltarFaultLocalization.java:154) - Gzoltar fault localization: min susp value parameter: 0.1
[INFO ] fr.inria.astor.core.faultlocalization.gzoltar.GZoltarFaultLocalization.searchSuspicious(GZoltarFaultLocalization.java:174) - -gz-Adding classpath: [/script/jGenProg_Defects4J_Closure_127/./output_astor/AstorMain-Closure-127//bin//default, /script/jGenProg_Defects4J_Closure_127/build/classes/, /script/jGenProg_Defects4J_Closure_127/build/test/, /script/jGenProg_Defects4J_Closure_127/build/lib/rhino.jar, /script/jGenProg_Defects4J_Closure_127/lib/ant-launcher.jar, /script/jGenProg_Defects4J_Closure_127/lib/ant.jar, /script/jGenProg_Defects4J_Closure_127/lib/caja-r4314.jar, /script/jGenProg_Defects4J_Closure_127/lib/jarjar.jar, /script/jGenProg_Defects4J_Closure_127/lib/json.jar, /script/jGenProg_Defects4J_Closure_127/lib/jsr305.jar, /script/jGenProg_Defects4J_Closure_127/lib/junit.jar, /script/jGenProg_Defects4J_Closure_127/lib/protobuf-java.jar, /script/jGenProg_Defects4J_Closure_127/lib/args4j.jar, /script/jGenProg_Defects4J_Closure_127/lib/guava.jar]
[INFO ] fr.inria.astor.core.faultlocalization.gzoltar.GZoltarFaultLocalization.searchSuspicious(GZoltarFaultLocalization.java:214) - Test failt: com.google.javascript.jscomp.CrossModuleMethodMotionTest#testTwoMethods
[INFO ] fr.inria.astor.core.faultlocalization.gzoltar.GZoltarFaultLocalization.searchSuspicious(GZoltarFaultLocalization.java:214) - Test failt: com.google.javascript.jscomp.CrossModuleMethodMotionTest#testClosureVariableReads3
[INFO ] fr.inria.astor.core.faultlocalization.gzoltar.GZoltarFaultLocalization.searchSuspicious(GZoltarFaultLocalization.java:214) - Test failt: com.google.javascript.jscomp.UnreachableCodeEliminationTest#testIssue4177428_return
[INFO ] fr.inria.astor.core.faultlocalization.gzoltar.GZoltarFaultLocalization.searchSuspicious(GZoltarFaultLocalization.java:214) - Test failt: com.google.javascript.jscomp.UnreachableCodeEliminationTest#testDontRemoveBreakInTryFinally
[INFO ] fr.inria.astor.core.faultlocalization.gzoltar.GZoltarFaultLocalization.searchSuspicious(GZoltarFaultLocalization.java:214) - Test failt: com.google.javascript.jscomp.UnreachableCodeEliminationTest#testIssue4177428_continue
[INFO ] fr.inria.astor.core.faultlocalization.gzoltar.GZoltarFaultLocalization.searchSuspicious(GZoltarFaultLocalization.java:214) - Test failt: com.google.javascript.jscomp.UnreachableCodeEliminationTest#testDontRemoveBreakInTryFinallySwitch
[INFO ] fr.inria.astor.core.faultlocalization.gzoltar.GZoltarFaultLocalization.searchSuspicious(GZoltarFaultLocalization.java:214) - Test failt: com.google.javascript.jscomp.UnreachableCodeEliminationTest#testIssue4177428a
[INFO ] fr.inria.astor.core.faultlocalization.gzoltar.GZoltarFaultLocalization.searchSuspicious(GZoltarFaultLocalization.java:214) - Test failt: com.google.javascript.jscomp.UnreachableCodeEliminationTest#testIssue4177428c
[INFO ] fr.inria.astor.core.faultlocalization.gzoltar.GZoltarFaultLocalization.searchSuspicious(GZoltarFaultLocalization.java:226) - Gzoltar Test Result Total:7989, fails: 8, GZoltar suspicious 44481, with positive susp 5117
[INFO ] fr.inria.astor.core.faultlocalization.gzoltar.GZoltarFaultLocalization.searchSuspicious(GZoltarFaultLocalization.java:234) - nr test results 7989
[INFO ] fr.inria.astor.core.faultlocalization.gzoltar.GZoltarFaultLocalization.searchSuspicious(GZoltarFaultLocalization.java:289) - Gzoltar found: 616 with susp > 0.1, we consider: 616
[INFO ] fr.inria.astor.core.solutionsearch.AstorCoreEngine.calculateSuspicious(AstorCoreEngine.java:955) - Setting up the max to 1954880 milliseconds (1954 sec)
[INFO ] fr.inria.astor.core.solutionsearch.AstorCoreEngine.initPopulation(AstorCoreEngine.java:709) - 
---- Creating spoon model
[INFO ] fr.inria.astor.core.solutionsearch.AstorCoreEngine.initModel(AstorCoreEngine.java:801) - Creating model,  Code location from working folder: /script/jGenProg_Defects4J_Closure_127/./src
[INFO ] fr.inria.astor.core.manipulation.MutationSupporter.buildModel(MutationSupporter.java:66) - building model: /script/jGenProg_Defects4J_Closure_127/./src, compliance level: 6
[INFO ] fr.inria.astor.core.manipulation.MutationSupporter.buildModel(MutationSupporter.java:80) - Classpath (Dependencies) for building SpoonModel: [/script/jGenProg_Defects4J_Closure_127/build/classes/, /script/jGenProg_Defects4J_Closure_127/build/test/, /script/jGenProg_Defects4J_Closure_127/build/lib/rhino.jar, /script/jGenProg_Defects4J_Closure_127/lib/ant-launcher.jar, /script/jGenProg_Defects4J_Closure_127/lib/ant.jar, /script/jGenProg_Defects4J_Closure_127/lib/caja-r4314.jar, /script/jGenProg_Defects4J_Closure_127/lib/jarjar.jar, /script/jGenProg_Defects4J_Closure_127/lib/json.jar, /script/jGenProg_Defects4J_Closure_127/lib/jsr305.jar, /script/jGenProg_Defects4J_Closure_127/lib/junit.jar, /script/jGenProg_Defects4J_Closure_127/lib/protobuf-java.jar, /script/jGenProg_Defects4J_Closure_127/lib/args4j.jar, /script/jGenProg_Defects4J_Closure_127/lib/guava.jar]
[INFO ] fr.inria.astor.core.solutionsearch.AstorCoreEngine.initModel(AstorCoreEngine.java:836) - Number of CtTypes created: 416
[INFO ] fr.inria.astor.core.solutionsearch.AstorCoreEngine.initPopulation(AstorCoreEngine.java:713) - 
---- Initial suspicious size: 616
[INFO ] fr.inria.astor.core.solutionsearch.population.ProgramVariantFactory.createModificationPoints(ProgramVariantFactory.java:223) -  Not ctClass for suspicious code Candidate [className=com.google.javascript.rhino.head.Parser, methodName=tryStatement()Lcom/google/javascript/rhino/head/ast/TryStatement;, lineNumber=1431, susp=0.309426373877638]
[INFO ] fr.inria.astor.core.solutionsearch.population.ProgramVariantFactory.createModificationPoints(ProgramVariantFactory.java:223) -  Not ctClass for suspicious code Candidate [className=com.google.javascript.rhino.head.ast.TryStatement, methodName=setCatchClauses(Ljava/util/List;)V, lineNumber=81, susp=0.309426373877638]
[INFO ] fr.inria.astor.core.solutionsearch.population.ProgramVariantFactory.createModificationPoints(ProgramVariantFactory.java:223) -  Not ctClass for suspicious code Candidate [className=com.google.javascript.rhino.head.Parser, methodName=tryStatement()Lcom/google/javascript/rhino/head/ast/TryStatement;, lineNumber=1437, susp=0.276172385369497]
[INFO ] fr.inria.astor.core.solutionsearch.population.ProgramVariantFactory.createModificationPoints(ProgramVariantFactory.java:223) -  Not ctClass for suspicious code Candidate [className=com.google.javascript.rhino.head.Parser, methodName=tryStatement()Lcom/google/javascript/rhino/head/ast/TryStatement;, lineNumber=1438, susp=0.276172385369497]
[INFO ] fr.inria.astor.core.solutionsearch.population.ProgramVariantFactory.createModificationPoints(ProgramVariantFactory.java:223) -  Not ctClass for suspicious code Candidate [className=com.google.javascript.rhino.head.Parser, methodName=tryStatement()Lcom/google/javascript/rhino/head/ast/TryStatement;, lineNumber=1439, susp=0.276172385369497]
[INFO ] fr.inria.astor.core.solutionsearch.population.ProgramVariantFactory.createModificationPoints(ProgramVariantFactory.java:223) -  Not ctClass for suspicious code Candidate [className=com.google.javascript.rhino.head.Parser, methodName=tryStatement()Lcom/google/javascript/rhino/head/ast/TryStatement;, lineNumber=1447, susp=0.276172385369497]
[INFO ] fr.inria.astor.core.solutionsearch.population.ProgramVariantFactory.createModificationPoints(ProgramVariantFactory.java:223) -  Not ctClass for suspicious code Candidate [className=com.google.javascript.rhino.head.ast.TryStatement, methodName=setFinallyBlock(Lcom/google/javascript/rhino/head/ast/AstNode;)V, lineNumber=119, susp=0.276172385369497]
[INFO ] fr.inria.astor.core.solutionsearch.population.ProgramVariantFactory.createModificationPoints(ProgramVariantFactory.java:223) -  Not ctClass for suspicious code Candidate [className=com.google.javascript.rhino.head.ast.TryStatement, methodName=setFinallyPosition(I)V, lineNumber=133, susp=0.276172385369497]
[INFO ] fr.inria.astor.core.solutionsearch.population.ProgramVariantFactory.createModificationPoints(ProgramVariantFactory.java:223) -  Not ctClass for suspicious code Candidate [className=com.google.javascript.rhino.head.ast.TryStatement, methodName=setFinallyPosition(I)V, lineNumber=134, susp=0.276172385369497]
[INFO ] fr.inria.astor.core.solutionsearch.population.ProgramVariantFactory.createModificationPoints(ProgramVariantFactory.java:223) -  Not ctClass for suspicious code Candidate [className=com.google.javascript.rhino.head.Parser, methodName=matchJumpLabelName()Lcom/google/javascript/rhino/head/ast/LabeledStatement;, lineNumber=1489, susp=0.2475368857441686]
[INFO ] fr.inria.astor.core.solutionsearch.population.ProgramVariantFactory.createModificationPoints(ProgramVariantFactory.java:223) -  Not ctClass for suspicious code Candidate [className=com.google.javascript.rhino.head.Parser, methodName=matchJumpLabelName()Lcom/google/javascript/rhino/head/ast/LabeledStatement;, lineNumber=1487, susp=0.24514516892273006]
[INFO ] fr.inria.astor.core.solutionsearch.population.ProgramVariantFactory.createModificationPoints(ProgramVariantFactory.java:223) -  Not ctClass for suspicious code Candidate [className=com.google.javascript.rhino.head.Parser, methodName=matchJumpLabelName()Lcom/google/javascript/rhino/head/ast/LabeledStatement;, lineNumber=1488, susp=0.24514516892273006]
[INFO ] fr.inria.astor.core.solutionsearch.population.ProgramVariantFactory.createModificationPoints(ProgramVariantFactory.java:223) -  Not ctClass for suspicious code Candidate [className=com.google.javascript.rhino.head.Parser, methodName=matchJumpLabelName()Lcom/google/javascript/rhino/head/ast/LabeledStatement;, lineNumber=1491, susp=0.24514516892273006]
[INFO ] fr.inria.astor.core.solutionsearch.population.ProgramVariantFactory.createModificationPoints(ProgramVariantFactory.java:223) -  Not ctClass for suspicious code Candidate [className=com.google.javascript.rhino.head.TokenStream, methodName=stringToKeyword(Ljava/lang/String;)I, lineNumber=225, susp=0.21879748724684184]
[INFO ] fr.inria.astor.core.solutionsearch.population.ProgramVariantFactory.createModificationPoints(ProgramVariantFactory.java:223) -  Not ctClass for suspicious code Candidate [className=com.google.javascript.rhino.head.ast.LabeledStatement, methodName=getFirstLabel()Lcom/google/javascript/rhino/head/ast/Label;, lineNumber=104, susp=0.2175970699446223]
[INFO ] fr.inria.astor.core.solutionsearch.population.ProgramVariantFactory.createModificationPoints(ProgramVariantFactory.java:223) -  Not ctClass for suspicious code Candidate [className=com.google.javascript.rhino.head.ast.BreakStatement, methodName=setBreakLabel(Lcom/google/javascript/rhino/head/ast/Name;)V, lineNumber=57, susp=0.21566554640687682]
[INFO ] fr.inria.astor.core.solutionsearch.population.ProgramVariantFactory.createModificationPoints(ProgramVariantFactory.java:223) -  Not ctClass for suspicious code Candidate [className=com.google.javascript.rhino.head.Parser, methodName=breakStatement()Lcom/google/javascript/rhino/head/ast/BreakStatement;, lineNumber=1507, susp=0.21566554640687682]
[INFO ] fr.inria.astor.core.solutionsearch.population.ProgramVariantFactory.createModificationPoints(ProgramVariantFactory.java:223) -  Not ctClass for suspicious code Candidate [className=com.google.javascript.rhino.head.Parser, methodName=breakStatement()Lcom/google/javascript/rhino/head/ast/BreakStatement;, lineNumber=1508, susp=0.21566554640687682]
[INFO ] fr.inria.astor.core.solutionsearch.population.ProgramVariantFactory.createModificationPoints(ProgramVariantFactory.java:223) -  Not ctClass for suspicious code Candidate [className=com.google.javascript.rhino.head.Parser, methodName=nameOrLabel()Lcom/google/javascript/rhino/head/ast/AstNode;, lineNumber=1801, susp=0.18534061896456464]
[INFO ] fr.inria.astor.core.solutionsearch.population.ProgramVariantFactory.createModificationPoints(ProgramVariantFactory.java:223) -  Not ctClass for suspicious code Candidate [className=com.google.javascript.rhino.head.Parser, methodName=statementHelper()Lcom/google/javascript/rhino/head/ast/AstNode;, lineNumber=965, susp=0.18257418583505539]
[INFO ] fr.inria.astor.core.solutionsearch.population.ProgramVariantFactory.createModificationPoints(ProgramVariantFactory.java:223) -  Not ctClass for suspicious code Candidate [className=com.google.javascript.rhino.head.Parser, methodName=tryStatement()Lcom/google/javascript/rhino/head/ast/TryStatement;, lineNumber=1357, susp=0.18257418583505539]
[INFO ] fr.inria.astor.core.solutionsearch.population.ProgramVariantFactory.createModificationPoints(ProgramVariantFactory.java:223) -  Not ctClass for suspicious code Candidate [className=com.google.javascript.rhino.head.Parser, methodName=tryStatement()Lcom/google/javascript/rhino/head/ast/TryStatement;, lineNumber=1358, susp=0.18257418583505539]
[INFO ] fr.inria.astor.core.solutionsearch.population.ProgramVariantFactory.createModificationPoints(ProgramVariantFactory.java:223) -  Not ctClass for suspicious code Candidate [className=com.google.javascript.rhino.head.Parser, methodName=tryStatement()Lcom/google/javascript/rhino/head/ast/TryStatement;, lineNumber=1361, susp=0.18257418583505539]
[INFO ] fr.inria.astor.core.solutionsearch.population.ProgramVariantFactory.createModificationPoints(ProgramVariantFactory.java:223) -  Not ctClass for suspicious code Candidate [className=com.google.javascript.rhino.head.Parser, methodName=tryStatement()Lcom/google/javascript/rhino/head/ast/TryStatement;, lineNumber=1363, susp=0.18257418583505539]
[INFO ] fr.inria.astor.core.solutionsearch.population.ProgramVariantFactory.createModificationPoints(ProgramVariantFactory.java:223) -  Not ctClass for suspicious code Candidate [className=com.google.javascript.rhino.head.Parser, methodName=tryStatement()Lcom/google/javascript/rhino/head/ast/TryStatement;, lineNumber=1364, susp=0.18257418583505539]
[INFO ] fr.inria.astor.core.solutionsearch.population.ProgramVariantFactory.createModificationPoints(ProgramVariantFactory.java:223) -  Not ctClass for suspicious code Candidate [className=com.google.javascript.rhino.head.Parser, methodName=tryStatement()Lcom/google/javascript/rhino/head/ast/TryStatement;, lineNumber=1367, susp=0.18257418583505539]
[INFO ] fr.inria.astor.core.solutionsearch.population.ProgramVariantFactory.createModificationPoints(ProgramVariantFactory.java:223) -  Not ctClass for suspicious code Candidate [className=com.google.javascript.rhino.head.Parser, methodName=tryStatement()Lcom/google/javascript/rhino/head/ast/TryStatement;, lineNumber=1368, susp=0.18257418583505539]
[INFO ] fr.inria.astor.core.solutionsearch.population.ProgramVariantFactory.createModificationPoints(ProgramVariantFactory.java:223) -  Not ctClass for suspicious code Candidate [className=com.google.javascript.rhino.head.Parser, methodName=tryStatement()Lcom/google/javascript/rhino/head/ast/TryStatement;, lineNumber=1370, susp=0.18257418583505539]
[INFO ] fr.inria.astor.core.solutionsearch.population.ProgramVariantFactory.createModificationPoints(ProgramVariantFactory.java:223) -  Not ctClass for suspicious code Candidate [className=com.google.javascript.rhino.head.Parser, methodName=tryStatement()Lcom/google/javascript/rhino/head/ast/TryStatement;, lineNumber=1372, susp=0.18257418583505539]
[INFO ] fr.inria.astor.core.solutionsearch.population.ProgramVariantFactory.createModificationPoints(ProgramVariantFactory.java:223) -  Not ctClass for suspicious code Candidate [className=com.google.javascript.rhino.head.Parser, methodName=tryStatement()Lcom/google/javascript/rhino/head/ast/TryStatement;, lineNumber=1373, susp=0.18257418583505539]
[INFO ] fr.inria.astor.core.solutionsearch.population.ProgramVariantFactory.createModificationPoints(ProgramVariantFactory.java:223) -  Not ctClass for suspicious code Candidate [className=com.google.javascript.rhino.head.Parser, methodName=tryStatement()Lcom/google/javascript/rhino/head/ast/TryStatement;, lineNumber=1374, susp=0.18257418583505539]
[INFO ] fr.inria.astor.core.solutionsearch.population.ProgramVariantFactory.createModificationPoints(ProgramVariantFactory.java:223) -  Not ctClass for suspicious code Candidate [className=com.google.javascript.rhino.head.Parser, methodName=tryStatement()Lcom/google/javascript/rhino/head/ast/TryStatement;, lineNumber=1435, susp=0.18257418583505539]
[INFO ] fr.inria.astor.core.solutionsearch.population.ProgramVariantFactory.createModificationPoints(ProgramVariantFactory.java:223) -  Not ctClass for suspicious code Candidate [className=com.google.javascript.rhino.head.Parser, methodName=tryStatement()Lcom/google/javascript/rhino/head/ast/TryStatement;, lineNumber=1436, susp=0.18257418583505539]
[INFO ] fr.inria.astor.core.solutionsearch.population.ProgramVariantFactory.createModificationPoints(ProgramVariantFactory.java:223) -  Not ctClass for suspicious code Candidate [className=com.google.javascript.rhino.head.Parser, methodName=tryStatement()Lcom/google/javascript/rhino/head/ast/TryStatement;, lineNumber=1442, susp=0.18257418583505539]
[INFO ] fr.inria.astor.core.solutionsearch.population.ProgramVariantFactory.createModificationPoints(ProgramVariantFactory.java:223) -  Not ctClass for suspicious code Candidate [className=com.google.javascript.rhino.head.Parser, methodName=tryStatement()Lcom/google/javascript/rhino/head/ast/TryStatement;, lineNumber=1443, susp=0.18257418583505539]
[INFO ] fr.inria.astor.core.solutionsearch.population.ProgramVariantFactory.createModificationPoints(ProgramVariantFactory.java:223) -  Not ctClass for suspicious code Candidate [className=com.google.javascript.rhino.head.Parser, methodName=tryStatement()Lcom/google/javascript/rhino/head/ast/TryStatement;, lineNumber=1444, susp=0.18257418583505539]
[INFO ] fr.inria.astor.core.solutionsearch.population.ProgramVariantFactory.createModificationPoints(ProgramVariantFactory.java:223) -  Not ctClass for suspicious code Candidate [className=com.google.javascript.rhino.head.Parser, methodName=tryStatement()Lcom/google/javascript/rhino/head/ast/TryStatement;, lineNumber=1445, susp=0.18257418583505539]
[INFO ] fr.inria.astor.core.solutionsearch.population.ProgramVariantFactory.createModificationPoints(ProgramVariantFactory.java:223) -  Not ctClass for suspicious code Candidate [className=com.google.javascript.rhino.head.Parser, methodName=tryStatement()Lcom/google/javascript/rhino/head/ast/TryStatement;, lineNumber=1446, susp=0.18257418583505539]
[INFO ] fr.inria.astor.core.solutionsearch.population.ProgramVariantFactory.createModificationPoints(ProgramVariantFactory.java:223) -  Not ctClass for suspicious code Candidate [className=com.google.javascript.rhino.head.Parser, methodName=tryStatement()Lcom/google/javascript/rhino/head/ast/TryStatement;, lineNumber=1449, susp=0.18257418583505539]
[INFO ] fr.inria.astor.core.solutionsearch.population.ProgramVariantFactory.createModificationPoints(ProgramVariantFactory.java:223) -  Not ctClass for suspicious code Candidate [className=com.google.javascript.rhino.head.Parser, methodName=tryStatement()Lcom/google/javascript/rhino/head/ast/TryStatement;, lineNumber=1451, susp=0.18257418583505539]
[INFO ] fr.inria.astor.core.solutionsearch.population.ProgramVariantFactory.createModificationPoints(ProgramVariantFactory.java:223) -  Not ctClass for suspicious code Candidate [className=com.google.javascript.rhino.head.Parser, methodName=tryStatement()Lcom/google/javascript/rhino/head/ast/TryStatement;, lineNumber=1455, susp=0.18257418583505539]
[INFO ] fr.inria.astor.core.solutionsearch.population.ProgramVariantFactory.createModificationPoints(ProgramVariantFactory.java:223) -  Not ctClass for suspicious code Candidate [className=com.google.javascript.rhino.head.ast.TryStatement, methodName=getTryBlock()Lcom/google/javascript/rhino/head/ast/AstNode;, lineNumber=53, susp=0.18257418583505539]
[INFO ] fr.inria.astor.core.solutionsearch.population.ProgramVariantFactory.createModificationPoints(ProgramVariantFactory.java:223) -  Not ctClass for suspicious code Candidate [className=com.google.javascript.rhino.head.ast.TryStatement, methodName=setTryBlock(Lcom/google/javascript/rhino/head/ast/AstNode;)V, lineNumber=61, susp=0.18257418583505539]
[INFO ] fr.inria.astor.core.solutionsearch.population.ProgramVariantFactory.createModificationPoints(ProgramVariantFactory.java:223) -  Not ctClass for suspicious code Candidate [className=com.google.javascript.rhino.head.ast.TryStatement, methodName=setTryBlock(Lcom/google/javascript/rhino/head/ast/AstNode;)V, lineNumber=62, susp=0.18257418583505539]
[INFO ] fr.inria.astor.core.solutionsearch.population.ProgramVariantFactory.createModificationPoints(ProgramVariantFactory.java:223) -  Not ctClass for suspicious code Candidate [className=com.google.javascript.rhino.head.ast.TryStatement, methodName=setTryBlock(Lcom/google/javascript/rhino/head/ast/AstNode;)V, lineNumber=63, susp=0.18257418583505539]
[INFO ] fr.inria.astor.core.solutionsearch.population.ProgramVariantFactory.createModificationPoints(ProgramVariantFactory.java:223) -  Not ctClass for suspicious code Candidate [className=com.google.javascript.rhino.head.ast.TryStatement, methodName=setTryBlock(Lcom/google/javascript/rhino/head/ast/AstNode;)V, lineNumber=64, susp=0.18257418583505539]
[INFO ] fr.inria.astor.core.solutionsearch.population.ProgramVariantFactory.createModificationPoints(ProgramVariantFactory.java:223) -  Not ctClass for suspicious code Candidate [className=com.google.javascript.rhino.head.ast.TryStatement, methodName=getCatchClauses()Ljava/util/List;, lineNumber=71, susp=0.18257418583505539]
[INFO ] fr.inria.astor.core.solutionsearch.population.ProgramVariantFactory.createModificationPoints(ProgramVariantFactory.java:223) -  Not ctClass for suspicious code Candidate [className=com.google.javascript.rhino.head.ast.TryStatement, methodName=setCatchClauses(Ljava/util/List;)V, lineNumber=80, susp=0.18257418583505539]
[INFO ] fr.inria.astor.core.solutionsearch.population.ProgramVariantFactory.createModificationPoints(ProgramVariantFactory.java:223) -  Not ctClass for suspicious code Candidate [className=com.google.javascript.rhino.head.ast.TryStatement, methodName=setCatchClauses(Ljava/util/List;)V, lineNumber=89, susp=0.18257418583505539]
[INFO ] fr.inria.astor.core.solutionsearch.population.ProgramVariantFactory.createModificationPoints(ProgramVariantFactory.java:223) -  Not ctClass for suspicious code Candidate [className=com.google.javascript.rhino.head.ast.TryStatement, methodName=getFinallyBlock()Lcom/google/javascript/rhino/head/ast/AstNode;, lineNumber=109, susp=0.18257418583505539]
[INFO ] fr.inria.astor.core.solutionsearch.population.ProgramVariantFactory.createModificationPoints(ProgramVariantFactory.java:223) -  Not ctClass for suspicious code Candidate [className=com.google.javascript.rhino.head.ast.TryStatement, methodName=setFinallyBlock(Lcom/google/javascript/rhino/head/ast/AstNode;)V, lineNumber=117, susp=0.18257418583505539]
[INFO ] fr.inria.astor.core.solutionsearch.population.ProgramVariantFactory.createModificationPoints(ProgramVariantFactory.java:223) -  Not ctClass for suspicious code Candidate [className=com.google.javascript.rhino.head.ast.TryStatement, methodName=setFinallyBlock(Lcom/google/javascript/rhino/head/ast/AstNode;)V, lineNumber=118, susp=0.18257418583505539]
[INFO ] fr.inria.astor.core.solutionsearch.population.ProgramVariantFactory.createModificationPoints(ProgramVariantFactory.java:223) -  Not ctClass for suspicious code Candidate [className=com.google.javascript.rhino.head.ast.TryStatement, methodName=setFinallyBlock(Lcom/google/javascript/rhino/head/ast/AstNode;)V, lineNumber=120, susp=0.18257418583505539]
[INFO ] fr.inria.astor.core.solutionsearch.population.ProgramVariantFactory.createModificationPoints(ProgramVariantFactory.java:223) -  Not ctClass for suspicious code Candidate [className=com.google.javascript.rhino.head.ast.Label, methodName=getName()Ljava/lang/String;, lineNumber=46, susp=0.16770509831248423]
[INFO ] fr.inria.astor.core.solutionsearch.population.ProgramVariantFactory.createModificationPoints(ProgramVariantFactory.java:223) -  Not ctClass for suspicious code Candidate [className=com.google.javascript.rhino.head.ast.Label, methodName=setName(Ljava/lang/String;)V, lineNumber=55, susp=0.16770509831248423]
[INFO ] fr.inria.astor.core.solutionsearch.population.ProgramVariantFactory.createModificationPoints(ProgramVariantFactory.java:223) -  Not ctClass for suspicious code Candidate [className=com.google.javascript.rhino.head.ast.Label, methodName=setName(Ljava/lang/String;)V, lineNumber=56, susp=0.16770509831248423]
[INFO ] fr.inria.astor.core.solutionsearch.population.ProgramVariantFactory.createModificationPoints(ProgramVariantFactory.java:223) -  Not ctClass for suspicious code Candidate [className=com.google.javascript.rhino.head.ast.Label, methodName=setName(Ljava/lang/String;)V, lineNumber=58, susp=0.16770509831248423]
[INFO ] fr.inria.astor.core.solutionsearch.population.ProgramVariantFactory.createModificationPoints(ProgramVariantFactory.java:223) -  Not ctClass for suspicious code Candidate [className=com.google.javascript.rhino.head.ast.Label, methodName=setName(Ljava/lang/String;)V, lineNumber=59, susp=0.16770509831248423]
[INFO ] fr.inria.astor.core.solutionsearch.population.ProgramVariantFactory.createModificationPoints(ProgramVariantFactory.java:223) -  Not ctClass for suspicious code Candidate [className=com.google.javascript.rhino.head.Parser, methodName=statementHelper()Lcom/google/javascript/rhino/head/ast/AstNode;, lineNumber=1038, susp=0.16770509831248423]
[INFO ] fr.inria.astor.core.solutionsearch.population.ProgramVariantFactory.createModificationPoints(ProgramVariantFactory.java:223) -  Not ctClass for suspicious code Candidate [className=com.google.javascript.rhino.head.Parser, methodName=recordLabel(Lcom/google/javascript/rhino/head/ast/Label;Lcom/google/javascript/rhino/head/ast/LabeledStatement;)V, lineNumber=1738, susp=0.16770509831248423]
[INFO ] fr.inria.astor.core.solutionsearch.population.ProgramVariantFactory.createModificationPoints(ProgramVariantFactory.java:223) -  Not ctClass for suspicious code Candidate [className=com.google.javascript.rhino.head.Parser, methodName=recordLabel(Lcom/google/javascript/rhino/head/ast/Label;Lcom/google/javascript/rhino/head/ast/LabeledStatement;)V, lineNumber=1739, susp=0.16770509831248423]
[INFO ] fr.inria.astor.core.solutionsearch.population.ProgramVariantFactory.createModificationPoints(ProgramVariantFactory.java:223) -  Not ctClass for suspicious code Candidate [className=com.google.javascript.rhino.head.Parser, methodName=recordLabel(Lcom/google/javascript/rhino/head/ast/Label;Lcom/google/javascript/rhino/head/ast/LabeledStatement;)V, lineNumber=1740, susp=0.16770509831248423]
[INFO ] fr.inria.astor.core.solutionsearch.population.ProgramVariantFactory.createModificationPoints(ProgramVariantFactory.java:223) -  Not ctClass for suspicious code Candidate [className=com.google.javascript.rhino.head.Parser, methodName=recordLabel(Lcom/google/javascript/rhino/head/ast/Label;Lcom/google/javascript/rhino/head/ast/LabeledStatement;)V, lineNumber=1741, susp=0.16770509831248423]
[INFO ] fr.inria.astor.core.solutionsearch.population.ProgramVariantFactory.createModificationPoints(ProgramVariantFactory.java:223) -  Not ctClass for suspicious code Candidate [className=com.google.javascript.rhino.head.Parser, methodName=recordLabel(Lcom/google/javascript/rhino/head/ast/Label;Lcom/google/javascript/rhino/head/ast/LabeledStatement;)V, lineNumber=1742, susp=0.16770509831248423]
[INFO ] fr.inria.astor.core.solutionsearch.population.ProgramVariantFactory.createModificationPoints(ProgramVariantFactory.java:223) -  Not ctClass for suspicious code Candidate [className=com.google.javascript.rhino.head.Parser, methodName=recordLabel(Lcom/google/javascript/rhino/head/ast/Label;Lcom/google/javascript/rhino/head/ast/LabeledStatement;)V, lineNumber=1755, susp=0.16770509831248423]
[INFO ] fr.inria.astor.core.solutionsearch.population.ProgramVariantFactory.createModificationPoints(ProgramVariantFactory.java:223) -  Not ctClass for suspicious code Candidate [className=com.google.javascript.rhino.head.Parser, methodName=recordLabel(Lcom/google/javascript/rhino/head/ast/Label;Lcom/google/javascript/rhino/head/ast/LabeledStatement;)V, lineNumber=1756, susp=0.16770509831248423]
[INFO ] fr.inria.astor.core.solutionsearch.population.ProgramVariantFactory.createModificationPoints(ProgramVariantFactory.java:223) -  Not ctClass for suspicious code Candidate [className=com.google.javascript.rhino.head.Parser, methodName=recordLabel(Lcom/google/javascript/rhino/head/ast/Label;Lcom/google/javascript/rhino/head/ast/LabeledStatement;)V, lineNumber=1757, susp=0.16770509831248423]
[INFO ] fr.inria.astor.core.solutionsearch.population.ProgramVariantFactory.createModificationPoints(ProgramVariantFactory.java:223) -  Not ctClass for suspicious code Candidate [className=com.google.javascript.rhino.head.Parser, methodName=nameOrLabel()Lcom/google/javascript/rhino/head/ast/AstNode;, lineNumber=1781, susp=0.16770509831248423]
[INFO ] fr.inria.astor.core.solutionsearch.population.ProgramVariantFactory.createModificationPoints(ProgramVariantFactory.java:223) -  Not ctClass for suspicious code Candidate [className=com.google.javascript.rhino.head.Parser, methodName=nameOrLabel()Lcom/google/javascript/rhino/head/ast/AstNode;, lineNumber=1782, susp=0.16770509831248423]
[INFO ] fr.inria.astor.core.solutionsearch.population.ProgramVariantFactory.createModificationPoints(ProgramVariantFactory.java:223) -  Not ctClass for suspicious code Candidate [className=com.google.javascript.rhino.head.Parser, methodName=nameOrLabel()Lcom/google/javascript/rhino/head/ast/AstNode;, lineNumber=1783, susp=0.16770509831248423]
[INFO ] fr.inria.astor.core.solutionsearch.population.ProgramVariantFactory.createModificationPoints(ProgramVariantFactory.java:223) -  Not ctClass for suspicious code Candidate [className=com.google.javascript.rhino.head.Parser, methodName=nameOrLabel()Lcom/google/javascript/rhino/head/ast/AstNode;, lineNumber=1785, susp=0.16770509831248423]
[INFO ] fr.inria.astor.core.solutionsearch.population.ProgramVariantFactory.createModificationPoints(ProgramVariantFactory.java:223) -  Not ctClass for suspicious code Candidate [className=com.google.javascript.rhino.head.Parser, methodName=nameOrLabel()Lcom/google/javascript/rhino/head/ast/AstNode;, lineNumber=1786, susp=0.16770509831248423]
[INFO ] fr.inria.astor.core.solutionsearch.population.ProgramVariantFactory.createModificationPoints(ProgramVariantFactory.java:223) -  Not ctClass for suspicious code Candidate [className=com.google.javascript.rhino.head.Parser, methodName=nameOrLabel()Lcom/google/javascript/rhino/head/ast/AstNode;, lineNumber=1799, susp=0.16770509831248423]
[INFO ] fr.inria.astor.core.solutionsearch.population.ProgramVariantFactory.createModificationPoints(ProgramVariantFactory.java:223) -  Not ctClass for suspicious code Candidate [className=com.google.javascript.rhino.head.Parser, methodName=nameOrLabel()Lcom/google/javascript/rhino/head/ast/AstNode;, lineNumber=1800, susp=0.16770509831248423]
[INFO ] fr.inria.astor.core.solutionsearch.population.ProgramVariantFactory.createModificationPoints(ProgramVariantFactory.java:223) -  Not ctClass for suspicious code Candidate [className=com.google.javascript.rhino.head.Parser, methodName=nameOrLabel()Lcom/google/javascript/rhino/head/ast/AstNode;, lineNumber=1804, susp=0.16770509831248423]
[INFO ] fr.inria.astor.core.solutionsearch.population.ProgramVariantFactory.createModificationPoints(ProgramVariantFactory.java:223) -  Not ctClass for suspicious code Candidate [className=com.google.javascript.rhino.head.Parser, methodName=nameOrLabel()Lcom/google/javascript/rhino/head/ast/AstNode;, lineNumber=1806, susp=0.16770509831248423]
[INFO ] fr.inria.astor.core.solutionsearch.population.ProgramVariantFactory.createModificationPoints(ProgramVariantFactory.java:223) -  Not ctClass for suspicious code Candidate [className=com.google.javascript.rhino.head.Parser, methodName=nameOrLabel()Lcom/google/javascript/rhino/head/ast/AstNode;, lineNumber=1807, susp=0.16770509831248423]
[INFO ] fr.inria.astor.core.solutionsearch.population.ProgramVariantFactory.createModificationPoints(ProgramVariantFactory.java:223) -  Not ctClass for suspicious code Candidate [className=com.google.javascript.rhino.head.Parser, methodName=nameOrLabel()Lcom/google/javascript/rhino/head/ast/AstNode;, lineNumber=1808, susp=0.16770509831248423]
[INFO ] fr.inria.astor.core.solutionsearch.population.ProgramVariantFactory.createModificationPoints(ProgramVariantFactory.java:223) -  Not ctClass for suspicious code Candidate [className=com.google.javascript.rhino.head.Parser, methodName=nameOrLabel()Lcom/google/javascript/rhino/head/ast/AstNode;, lineNumber=1809, susp=0.16770509831248423]
[INFO ] fr.inria.astor.core.solutionsearch.population.ProgramVariantFactory.createModificationPoints(ProgramVariantFactory.java:223) -  Not ctClass for suspicious code Candidate [className=com.google.javascript.rhino.head.Parser, methodName=nameOrLabel()Lcom/google/javascript/rhino/head/ast/AstNode;, lineNumber=1813, susp=0.16770509831248423]
[INFO ] fr.inria.astor.core.solutionsearch.population.ProgramVariantFactory.createModificationPoints(ProgramVariantFactory.java:223) -  Not ctClass for suspicious code Candidate [className=com.google.javascript.rhino.head.Parser, methodName=nameOrLabel()Lcom/google/javascript/rhino/head/ast/AstNode;, lineNumber=1816, susp=0.16770509831248423]
[INFO ] fr.inria.astor.core.solutionsearch.population.ProgramVariantFactory.createModificationPoints(ProgramVariantFactory.java:223) -  Not ctClass for suspicious code Candidate [className=com.google.javascript.rhino.head.Parser, methodName=nameOrLabel()Lcom/google/javascript/rhino/head/ast/AstNode;, lineNumber=1817, susp=0.16770509831248423]
[INFO ] fr.inria.astor.core.solutionsearch.population.ProgramVariantFactory.createModificationPoints(ProgramVariantFactory.java:223) -  Not ctClass for suspicious code Candidate [className=com.google.javascript.rhino.head.Parser, methodName=name(II)Lcom/google/javascript/rhino/head/ast/AstNode;, lineNumber=2885, susp=0.16770509831248423]
[INFO ] fr.inria.astor.core.solutionsearch.population.ProgramVariantFactory.createModificationPoints(ProgramVariantFactory.java:223) -  Not ctClass for suspicious code Candidate [className=com.google.javascript.rhino.head.Parser, methodName=name(II)Lcom/google/javascript/rhino/head/ast/AstNode;, lineNumber=2886, susp=0.16770509831248423]
[INFO ] fr.inria.astor.core.solutionsearch.population.ProgramVariantFactory.createModificationPoints(ProgramVariantFactory.java:223) -  Not ctClass for suspicious code Candidate [className=com.google.javascript.rhino.head.Parser, methodName=name(II)Lcom/google/javascript/rhino/head/ast/AstNode;, lineNumber=2887, susp=0.16770509831248423]
[INFO ] fr.inria.astor.core.solutionsearch.population.ProgramVariantFactory.createModificationPoints(ProgramVariantFactory.java:223) -  Not ctClass for suspicious code Candidate [className=com.google.javascript.rhino.head.Parser, methodName=name(II)Lcom/google/javascript/rhino/head/ast/AstNode;, lineNumber=2888, susp=0.16770509831248423]
[INFO ] fr.inria.astor.core.solutionsearch.population.ProgramVariantFactory.createModificationPoints(ProgramVariantFactory.java:223) -  Not ctClass for suspicious code Candidate [className=com.google.javascript.rhino.head.ast.LabeledStatement, methodName=getLabels()Ljava/util/List;, lineNumber=45, susp=0.16770509831248423]
[INFO ] fr.inria.astor.core.solutionsearch.population.ProgramVariantFactory.createModificationPoints(ProgramVariantFactory.java:223) -  Not ctClass for suspicious code Candidate [className=com.google.javascript.rhino.head.ast.LabeledStatement, methodName=addLabel(Lcom/google/javascript/rhino/head/ast/Label;)V, lineNumber=67, susp=0.16770509831248423]
[INFO ] fr.inria.astor.core.solutionsearch.population.ProgramVariantFactory.createModificationPoints(ProgramVariantFactory.java:223) -  Not ctClass for suspicious code Candidate [className=com.google.javascript.rhino.head.ast.LabeledStatement, methodName=addLabel(Lcom/google/javascript/rhino/head/ast/Label;)V, lineNumber=68, susp=0.16770509831248423]
[INFO ] fr.inria.astor.core.solutionsearch.population.ProgramVariantFactory.createModificationPoints(ProgramVariantFactory.java:223) -  Not ctClass for suspicious code Candidate [className=com.google.javascript.rhino.head.ast.LabeledStatement, methodName=addLabel(Lcom/google/javascript/rhino/head/ast/Label;)V, lineNumber=69, susp=0.16770509831248423]
[INFO ] fr.inria.astor.core.solutionsearch.population.ProgramVariantFactory.createModificationPoints(ProgramVariantFactory.java:223) -  Not ctClass for suspicious code Candidate [className=com.google.javascript.rhino.head.ast.LabeledStatement, methodName=addLabel(Lcom/google/javascript/rhino/head/ast/Label;)V, lineNumber=70, susp=0.16770509831248423]
[INFO ] fr.inria.astor.core.solutionsearch.population.ProgramVariantFactory.createModificationPoints(ProgramVariantFactory.java:223) -  Not ctClass for suspicious code Candidate [className=com.google.javascript.rhino.head.ast.LabeledStatement, methodName=getStatement()Lcom/google/javascript/rhino/head/ast/AstNode;, lineNumber=76, susp=0.16770509831248423]
[INFO ] fr.inria.astor.core.solutionsearch.population.ProgramVariantFactory.createModificationPoints(ProgramVariantFactory.java:223) -  Not ctClass for suspicious code Candidate [className=com.google.javascript.rhino.head.ast.LabeledStatement, methodName=setStatement(Lcom/google/javascript/rhino/head/ast/AstNode;)V, lineNumber=98, susp=0.16770509831248423]
[INFO ] fr.inria.astor.core.solutionsearch.population.ProgramVariantFactory.createModificationPoints(ProgramVariantFactory.java:223) -  Not ctClass for suspicious code Candidate [className=com.google.javascript.rhino.head.ast.LabeledStatement, methodName=setStatement(Lcom/google/javascript/rhino/head/ast/AstNode;)V, lineNumber=99, susp=0.16770509831248423]
[INFO ] fr.inria.astor.core.solutionsearch.population.ProgramVariantFactory.createModificationPoints(ProgramVariantFactory.java:223) -  Not ctClass for suspicious code Candidate [className=com.google.javascript.rhino.head.ast.LabeledStatement, methodName=setStatement(Lcom/google/javascript/rhino/head/ast/AstNode;)V, lineNumber=100, susp=0.16770509831248423]
[INFO ] fr.inria.astor.core.solutionsearch.population.ProgramVariantFactory.createModificationPoints(ProgramVariantFactory.java:223) -  Not ctClass for suspicious code Candidate [className=com.google.javascript.rhino.head.ast.LabeledStatement, methodName=setStatement(Lcom/google/javascript/rhino/head/ast/AstNode;)V, lineNumber=101, susp=0.16770509831248423]
[INFO ] fr.inria.astor.core.solutionsearch.population.ProgramVariantFactory.createModificationPoints(ProgramVariantFactory.java:223) -  Not ctClass for suspicious code Candidate [className=com.google.javascript.rhino.head.ast.Jump, methodName=setJumpStatement(Lcom/google/javascript/rhino/head/ast/Jump;)V, lineNumber=56, susp=0.16484511834894675]
[INFO ] fr.inria.astor.core.solutionsearch.population.ProgramVariantFactory.createModificationPoints(ProgramVariantFactory.java:223) -  Not ctClass for suspicious code Candidate [className=com.google.javascript.rhino.head.ast.Jump, methodName=setJumpStatement(Lcom/google/javascript/rhino/head/ast/Jump;)V, lineNumber=57, susp=0.16484511834894675]
[INFO ] fr.inria.astor.core.solutionsearch.population.ProgramVariantFactory.createModificationPoints(ProgramVariantFactory.java:223) -  Not ctClass for suspicious code Candidate [className=com.google.javascript.rhino.head.ast.Jump, methodName=setJumpStatement(Lcom/google/javascript/rhino/head/ast/Jump;)V, lineNumber=58, susp=0.16484511834894675]
[INFO ] fr.inria.astor.core.solutionsearch.population.ProgramVariantFactory.createModificationPoints(ProgramVariantFactory.java:223) -  Not ctClass for suspicious code Candidate [className=com.google.javascript.rhino.head.ast.Jump, methodName=setJumpStatement(Lcom/google/javascript/rhino/head/ast/Jump;)V, lineNumber=59, susp=0.16484511834894675]
[INFO ] fr.inria.astor.core.solutionsearch.population.ProgramVariantFactory.createModificationPoints(ProgramVariantFactory.java:223) -  Not ctClass for suspicious code Candidate [className=com.google.javascript.rhino.head.ast.Jump, methodName=setJumpStatement(Lcom/google/javascript/rhino/head/ast/Jump;)V, lineNumber=60, susp=0.16484511834894675]
[INFO ] fr.inria.astor.core.solutionsearch.population.ProgramVariantFactory.createModificationPoints(ProgramVariantFactory.java:223) -  Not ctClass for suspicious code Candidate [className=com.google.javascript.rhino.head.Parser, methodName=matchJumpLabelName()Lcom/google/javascript/rhino/head/ast/LabeledStatement;, lineNumber=1496, susp=0.16004609991611998]
[INFO ] fr.inria.astor.core.solutionsearch.population.ProgramVariantFactory.createModificationPoints(ProgramVariantFactory.java:223) -  Not ctClass for suspicious code Candidate [className=com.google.javascript.rhino.head.Parser, methodName=matchJumpLabelName()Lcom/google/javascript/rhino/head/ast/LabeledStatement;, lineNumber=1484, susp=0.15939417826583457]
[INFO ] fr.inria.astor.core.solutionsearch.population.ProgramVariantFactory.createModificationPoints(ProgramVariantFactory.java:223) -  Not ctClass for suspicious code Candidate [className=com.google.javascript.rhino.head.Parser, methodName=matchJumpLabelName()Lcom/google/javascript/rhino/head/ast/LabeledStatement;, lineNumber=1486, susp=0.15939417826583457]
[INFO ] fr.inria.astor.core.solutionsearch.population.ProgramVariantFactory.createModificationPoints(ProgramVariantFactory.java:223) -  Not ctClass for suspicious code Candidate [className=com.google.javascript.rhino.head.ast.BreakStatement, methodName=getBreakLabel()Lcom/google/javascript/rhino/head/ast/Name;, lineNumber=45, susp=0.14071950894605836]
[INFO ] fr.inria.astor.core.solutionsearch.population.ProgramVariantFactory.createModificationPoints(ProgramVariantFactory.java:223) -  Not ctClass for suspicious code Candidate [className=com.google.javascript.rhino.head.Parser, methodName=breakStatement()Lcom/google/javascript/rhino/head/ast/BreakStatement;, lineNumber=1530, susp=0.13934660285832354]
[INFO ] fr.inria.astor.core.solutionsearch.population.ProgramVariantFactory.createModificationPoints(ProgramVariantFactory.java:223) -  Not ctClass for suspicious code Candidate [className=com.google.javascript.rhino.head.ast.BreakStatement, methodName=setBreakTarget(Lcom/google/javascript/rhino/head/ast/Jump;)V, lineNumber=75, susp=0.13934660285832354]
[INFO ] fr.inria.astor.core.solutionsearch.population.ProgramVariantFactory.createModificationPoints(ProgramVariantFactory.java:223) -  Not ctClass for suspicious code Candidate [className=com.google.javascript.rhino.head.ast.BreakStatement, methodName=setBreakTarget(Lcom/google/javascript/rhino/head/ast/Jump;)V, lineNumber=76, susp=0.13934660285832354]
[INFO ] fr.inria.astor.core.solutionsearch.population.ProgramVariantFactory.createModificationPoints(ProgramVariantFactory.java:223) -  Not ctClass for suspicious code Candidate [className=com.google.javascript.rhino.head.ast.BreakStatement, methodName=setBreakTarget(Lcom/google/javascript/rhino/head/ast/Jump;)V, lineNumber=77, susp=0.13934660285832354]
[INFO ] fr.inria.astor.core.solutionsearch.population.ProgramVariantFactory.createModificationPoints(ProgramVariantFactory.java:223) -  Not ctClass for suspicious code Candidate [className=com.google.javascript.rhino.head.ast.BreakStatement, methodName=setBreakTarget(Lcom/google/javascript/rhino/head/ast/Jump;)V, lineNumber=78, susp=0.13934660285832354]
[INFO ] fr.inria.astor.core.solutionsearch.population.ProgramVariantFactory.createModificationPoints(ProgramVariantFactory.java:223) -  Not ctClass for suspicious code Candidate [className=com.google.javascript.rhino.head.Parser, methodName=statementHelper()Lcom/google/javascript/rhino/head/ast/AstNode;, lineNumber=973, susp=0.1386750490563073]
[INFO ] fr.inria.astor.core.solutionsearch.population.ProgramVariantFactory.createModificationPoints(ProgramVariantFactory.java:223) -  Not ctClass for suspicious code Candidate [className=com.google.javascript.rhino.head.Parser, methodName=breakStatement()Lcom/google/javascript/rhino/head/ast/BreakStatement;, lineNumber=1526, susp=0.1386750490563073]
[INFO ] fr.inria.astor.core.solutionsearch.population.ProgramVariantFactory.createModificationPoints(ProgramVariantFactory.java:223) -  Not ctClass for suspicious code Candidate [className=com.google.javascript.rhino.head.Parser, methodName=breakStatement()Lcom/google/javascript/rhino/head/ast/BreakStatement;, lineNumber=1527, susp=0.1386750490563073]
[INFO ] fr.inria.astor.core.solutionsearch.population.ProgramVariantFactory.createModificationPoints(ProgramVariantFactory.java:223) -  Not ctClass for suspicious code Candidate [className=com.google.javascript.rhino.head.Parser, methodName=breakStatement()Lcom/google/javascript/rhino/head/ast/BreakStatement;, lineNumber=1529, susp=0.1386750490563073]
[INFO ] fr.inria.astor.core.solutionsearch.population.ProgramVariantFactory.createModificationPoints(ProgramVariantFactory.java:223) -  Not ctClass for suspicious code Candidate [className=com.google.javascript.rhino.head.Parser, methodName=breakStatement()Lcom/google/javascript/rhino/head/ast/BreakStatement;, lineNumber=1531, susp=0.1386750490563073]
[INFO ] fr.inria.astor.core.solutionsearch.population.ProgramVariantFactory.createModificationPoints(ProgramVariantFactory.java:223) -  Not ctClass for suspicious code Candidate [className=com.google.javascript.rhino.head.Parser, methodName=breakStatement()Lcom/google/javascript/rhino/head/ast/BreakStatement;, lineNumber=1532, susp=0.1386750490563073]
[INFO ] fr.inria.astor.core.solutionsearch.population.ProgramVariantFactory.createModificationPoints(ProgramVariantFactory.java:223) -  Not ctClass for suspicious code Candidate [className=com.google.javascript.rhino.head.ast.BreakStatement, methodName=setBreakLabel(Lcom/google/javascript/rhino/head/ast/Name;)V, lineNumber=55, susp=0.1386750490563073]
[INFO ] fr.inria.astor.core.solutionsearch.population.ProgramVariantFactory.createModificationPoints(ProgramVariantFactory.java:223) -  Not ctClass for suspicious code Candidate [className=com.google.javascript.rhino.head.ast.BreakStatement, methodName=setBreakLabel(Lcom/google/javascript/rhino/head/ast/Name;)V, lineNumber=56, susp=0.1386750490563073]
[INFO ] fr.inria.astor.core.solutionsearch.population.ProgramVariantFactory.createModificationPoints(ProgramVariantFactory.java:223) -  Not ctClass for suspicious code Candidate [className=com.google.javascript.rhino.head.ast.BreakStatement, methodName=setBreakLabel(Lcom/google/javascript/rhino/head/ast/Name;)V, lineNumber=58, susp=0.1386750490563073]
[INFO ] fr.inria.astor.core.solutionsearch.population.ProgramVariantFactory.createModificationPoints(ProgramVariantFactory.java:223) -  Not ctClass for suspicious code Candidate [className=com.google.javascript.rhino.head.TokenStream, methodName=stringToKeyword(Ljava/lang/String;)I, lineNumber=201, susp=0.13736056394868904]
[INFO ] fr.inria.astor.core.solutionsearch.population.ProgramVariantFactory.createModificationPoints(ProgramVariantFactory.java:223) -  Not ctClass for suspicious code Candidate [className=com.google.javascript.rhino.head.Parser, methodName=statementHelper()Lcom/google/javascript/rhino/head/ast/AstNode;, lineNumber=972, susp=0.13671718540493266]
[INFO ] fr.inria.astor.core.solutionsearch.population.ProgramVariantFactory.createModificationPoints(ProgramVariantFactory.java:223) -  Not ctClass for suspicious code Candidate [className=com.google.javascript.rhino.head.Parser, methodName=breakStatement()Lcom/google/javascript/rhino/head/ast/BreakStatement;, lineNumber=1502, susp=0.13671718540493266]
[INFO ] fr.inria.astor.core.solutionsearch.population.ProgramVariantFactory.createModificationPoints(ProgramVariantFactory.java:223) -  Not ctClass for suspicious code Candidate [className=com.google.javascript.rhino.head.Parser, methodName=breakStatement()Lcom/google/javascript/rhino/head/ast/BreakStatement;, lineNumber=1503, susp=0.13671718540493266]
[INFO ] fr.inria.astor.core.solutionsearch.population.ProgramVariantFactory.createModificationPoints(ProgramVariantFactory.java:223) -  Not ctClass for suspicious code Candidate [className=com.google.javascript.rhino.head.Parser, methodName=breakStatement()Lcom/google/javascript/rhino/head/ast/BreakStatement;, lineNumber=1504, susp=0.13671718540493266]
[INFO ] fr.inria.astor.core.solutionsearch.population.ProgramVariantFactory.createModificationPoints(ProgramVariantFactory.java:223) -  Not ctClass for suspicious code Candidate [className=com.google.javascript.rhino.head.Parser, methodName=breakStatement()Lcom/google/javascript/rhino/head/ast/BreakStatement;, lineNumber=1505, susp=0.13671718540493266]
[INFO ] fr.inria.astor.core.solutionsearch.population.ProgramVariantFactory.createModificationPoints(ProgramVariantFactory.java:223) -  Not ctClass for suspicious code Candidate [className=com.google.javascript.rhino.head.Parser, methodName=breakStatement()Lcom/google/javascript/rhino/head/ast/BreakStatement;, lineNumber=1506, susp=0.13671718540493266]
[INFO ] fr.inria.astor.core.solutionsearch.population.ProgramVariantFactory.createModificationPoints(ProgramVariantFactory.java:223) -  Not ctClass for suspicious code Candidate [className=com.google.javascript.rhino.head.Parser, methodName=breakStatement()Lcom/google/javascript/rhino/head/ast/BreakStatement;, lineNumber=1512, susp=0.13671718540493266]
[INFO ] fr.inria.astor.core.solutionsearch.population.ProgramVariantFactory.createModificationPoints(ProgramVariantFactory.java:223) -  Not ctClass for suspicious code Candidate [className=com.google.javascript.rhino.head.Parser, methodName=breakStatement()Lcom/google/javascript/rhino/head/ast/BreakStatement;, lineNumber=1514, susp=0.13671718540493266]
[INFO ] fr.inria.astor.core.solutionsearch.population.ProgramVariantFactory.createModificationPoints(ProgramVariantFactory.java:223) -  Not ctClass for suspicious code Candidate [className=com.google.javascript.rhino.head.Parser, methodName=breakStatement()Lcom/google/javascript/rhino/head/ast/BreakStatement;, lineNumber=1516, susp=0.13671718540493266]
[INFO ] fr.inria.astor.core.solutionsearch.population.ProgramVariantFactory.createModificationPoints(ProgramVariantFactory.java:223) -  Not ctClass for suspicious code Candidate [className=com.google.javascript.rhino.head.TokenStream, methodName=stringToKeyword(Ljava/lang/String;)I, lineNumber=199, susp=0.13671718540493266]
[INFO ] fr.inria.astor.core.solutionsearch.population.ProgramVariantFactory.createModificationPoints(ProgramVariantFactory.java:223) -  Not ctClass for suspicious code Candidate [className=com.google.javascript.rhino.head.TokenStream, methodName=stringToKeyword(Ljava/lang/String;)I, lineNumber=200, susp=0.13671718540493266]
[INFO ] fr.inria.astor.core.solutionsearch.population.ProgramVariantFactory.createModificationPoints(ProgramVariantFactory.java:223) -  Not ctClass for suspicious code Candidate [className=com.google.javascript.rhino.head.Parser, methodName=continueStatement()Lcom/google/javascript/rhino/head/ast/ContinueStatement;, lineNumber=1560, susp=0.11785113019775793]
[INFO ] fr.inria.astor.core.solutionsearch.population.ProgramVariantFactory.createModificationPoints(ProgramVariantFactory.java:223) -  Not ctClass for suspicious code Candidate [className=com.google.javascript.rhino.head.ast.ContinueStatement, methodName=setLabel(Lcom/google/javascript/rhino/head/ast/Name;)V, lineNumber=90, susp=0.11785113019775793]
[INFO ] fr.inria.astor.core.solutionsearch.population.ProgramVariantFactory.createModificationPoints(ProgramVariantFactory.java:223) -  Not ctClass for suspicious code Candidate [className=com.google.javascript.rhino.head.Parser, methodName=continueStatement()Lcom/google/javascript/rhino/head/ast/ContinueStatement;, lineNumber=1557, susp=0.11180339887498948]
[INFO ] fr.inria.astor.core.solutionsearch.population.ProgramVariantFactory.createModificationPoints(ProgramVariantFactory.java:223) -  Not ctClass for suspicious code Candidate [className=com.google.javascript.rhino.head.ObjToIntMap, methodName=ensureIndex(Ljava/lang/Object;)I, lineNumber=366, susp=0.10660035817780521]
[INFO ] fr.inria.astor.core.solutionsearch.population.ProgramVariantFactory.createModificationPoints(ProgramVariantFactory.java:223) -  Not ctClass for suspicious code Candidate [className=com.google.javascript.rhino.head.Parser, methodName=continueStatement()Lcom/google/javascript/rhino/head/ast/ContinueStatement;, lineNumber=1543, susp=0.10660035817780521]
[INFO ] fr.inria.astor.core.solutionsearch.population.ProgramVariantFactory.createModificationPoints(ProgramVariantFactory.java:223) -  Not ctClass for suspicious code Candidate [className=com.google.javascript.rhino.head.Parser, methodName=continueStatement()Lcom/google/javascript/rhino/head/ast/ContinueStatement;, lineNumber=1544, susp=0.10660035817780521]
[INFO ] fr.inria.astor.core.solutionsearch.population.ProgramVariantFactory.createModificationPoints(ProgramVariantFactory.java:223) -  Not ctClass for suspicious code Candidate [className=com.google.javascript.rhino.head.Parser, methodName=peekTokenOrEOL()I, lineNumber=368, susp=0.10369516947304253]
[INFO ] fr.inria.astor.core.solutionsearch.population.ProgramVariantFactory.createModificationPoints(ProgramVariantFactory.java:223) -  Not ctClass for suspicious code Candidate [className=com.google.javascript.rhino.head.ObjToIntMap, methodName=ensureIndex(Ljava/lang/Object;)I, lineNumber=361, susp=0.10194414990458772]
[INFO ] fr.inria.astor.core.solutionsearch.population.ProgramVariantFactory.createProgramInstance(ProgramVariantFactory.java:134) - Total suspicious from FL: 616,  353
[INFO ] fr.inria.astor.core.solutionsearch.population.ProgramVariantFactory.createProgramInstance(ProgramVariantFactory.java:143) - Total ModPoint created: 353
[INFO ] fr.inria.astor.core.solutionsearch.population.ProgramVariantFactory.createInitialPopulation(ProgramVariantFactory.java:82) - Creating program variant #1, [Variant id: 1, #gens: 353, #ops: 0, parent:-]
[INFO ] fr.inria.astor.core.solutionsearch.AstorCoreEngine.setFitnessOfPopulation(AstorCoreEngine.java:754) - The original fitness is : 6.0
[INFO ] fr.inria.astor.core.setup.ConfigurationProperties.print(ConfigurationProperties.java:66) - ----------------------------
[INFO ] fr.inria.astor.core.setup.ConfigurationProperties.print(ConfigurationProperties.java:67) - ---Configuration properties:---Execution values
[INFO ] fr.inria.astor.core.setup.ConfigurationProperties.print(ConfigurationProperties.java:69) - p:lastJUnitVersion= ./examples/libs/junit-4.11.jar
[INFO ] fr.inria.astor.core.setup.ConfigurationProperties.print(ConfigurationProperties.java:69) - p:alternativecompliancelevel= 8
[INFO ] fr.inria.astor.core.setup.ConfigurationProperties.print(ConfigurationProperties.java:69) - p:ignoredTestCases= 
[INFO ] fr.inria.astor.core.setup.ConfigurationProperties.print(ConfigurationProperties.java:69) - p:workingDirectory= /script/jGenProg_Defects4J_Closure_127/./output_astor
[INFO ] fr.inria.astor.core.setup.ConfigurationProperties.print(ConfigurationProperties.java:69) - p:manipulatesuper= false
[INFO ] fr.inria.astor.core.setup.ConfigurationProperties.print(ConfigurationProperties.java:69) - p:validation= process
[INFO ] fr.inria.astor.core.setup.ConfigurationProperties.print(ConfigurationProperties.java:69) - p:jvm4testexecution= /usr/lib/jvm/java-1.7.0-openjdk-amd64/bin/
[INFO ] fr.inria.astor.core.setup.ConfigurationProperties.print(ConfigurationProperties.java:69) - p:operatorspace= irr-statements
[INFO ] fr.inria.astor.core.setup.ConfigurationProperties.print(ConfigurationProperties.java:69) - p:disablelog= false
[INFO ] fr.inria.astor.core.setup.ConfigurationProperties.print(ConfigurationProperties.java:69) - p:binjavafolder= build/classes/
[INFO ] fr.inria.astor.core.setup.ConfigurationProperties.print(ConfigurationProperties.java:69) - p:synthesis_depth= 3
[INFO ] fr.inria.astor.core.setup.ConfigurationProperties.print(ConfigurationProperties.java:69) - p:gzoltartestpackagetoexclude= junit.framework
[INFO ] fr.inria.astor.core.setup.ConfigurationProperties.print(ConfigurationProperties.java:69) - p:skipfitnessinitialpopulation= false
[INFO ] fr.inria.astor.core.setup.ConfigurationProperties.print(ConfigurationProperties.java:69) - p:evosuiteresultfolder= evosuite
[INFO ] fr.inria.astor.core.setup.ConfigurationProperties.print(ConfigurationProperties.java:69) - p:flthreshold= 0.1
[INFO ] fr.inria.astor.core.setup.ConfigurationProperties.print(ConfigurationProperties.java:69) - p:regressionforfaultlocalization= true
[INFO ] fr.inria.astor.core.setup.ConfigurationProperties.print(ConfigurationProperties.java:69) - p:collectonlyusedmethod= false
[INFO ] fr.inria.astor.core.setup.ConfigurationProperties.print(ConfigurationProperties.java:69) - p:preservelinenumbers= true
[INFO ] fr.inria.astor.core.setup.ConfigurationProperties.print(ConfigurationProperties.java:69) - p:tmax2= 1954880
[INFO ] fr.inria.astor.core.setup.ConfigurationProperties.print(ConfigurationProperties.java:69) - p:tmax1= 10000
[INFO ] fr.inria.astor.core.setup.ConfigurationProperties.print(ConfigurationProperties.java:69) - p:probagenmutation= false
[INFO ] fr.inria.astor.core.setup.ConfigurationProperties.print(ConfigurationProperties.java:69) - p:nomodificationconvergence= 100
[INFO ] fr.inria.astor.core.setup.ConfigurationProperties.print(ConfigurationProperties.java:69) - p:diff_type= relative
[INFO ] fr.inria.astor.core.setup.ConfigurationProperties.print(ConfigurationProperties.java:69) - p:targetelementprocessor= statements
[INFO ] fr.inria.astor.core.setup.ConfigurationProperties.print(ConfigurationProperties.java:69) - p:srctestfolder= test
[INFO ] fr.inria.astor.core.setup.ConfigurationProperties.print(ConfigurationProperties.java:69) - p:forceExecuteRegression= false
[INFO ] fr.inria.astor.core.setup.ConfigurationProperties.print(ConfigurationProperties.java:69) - p:clusteringfilename= clustering.csv
[INFO ] fr.inria.astor.core.setup.ConfigurationProperties.print(ConfigurationProperties.java:69) - p:failing= com.google.javascript.jscomp.UnreachableCodeEliminationTest
[INFO ] fr.inria.astor.core.setup.ConfigurationProperties.print(ConfigurationProperties.java:69) - p:logtestexecution= false
[INFO ] fr.inria.astor.core.setup.ConfigurationProperties.print(ConfigurationProperties.java:69) - p:evo_buggy_class= true
[INFO ] fr.inria.astor.core.setup.ConfigurationProperties.print(ConfigurationProperties.java:69) - p:numberExecutions= 1
[INFO ] fr.inria.astor.core.setup.ConfigurationProperties.print(ConfigurationProperties.java:69) - p:maxnumbersolutions= 1000000
[INFO ] fr.inria.astor.core.setup.ConfigurationProperties.print(ConfigurationProperties.java:69) - p:evo_affected_by_op= true
[INFO ] fr.inria.astor.core.setup.ConfigurationProperties.print(ConfigurationProperties.java:69) - p:population= 1
[INFO ] fr.inria.astor.core.setup.ConfigurationProperties.print(ConfigurationProperties.java:69) - p:considerzerovaluesusp= false
[INFO ] fr.inria.astor.core.setup.ConfigurationProperties.print(ConfigurationProperties.java:69) - p:maxCombinationVariableLimit= false
[INFO ] fr.inria.astor.core.setup.ConfigurationProperties.print(ConfigurationProperties.java:69) - p:loglevel= INFO
[INFO ] fr.inria.astor.core.setup.ConfigurationProperties.print(ConfigurationProperties.java:69) - p:savesolution= true
[INFO ] fr.inria.astor.core.setup.ConfigurationProperties.print(ConfigurationProperties.java:69) - p:javacompliancelevel= 6
[INFO ] fr.inria.astor.core.setup.ConfigurationProperties.print(ConfigurationProperties.java:69) - p:x= x
[INFO ] fr.inria.astor.core.setup.ConfigurationProperties.print(ConfigurationProperties.java:69) - p:uniqueoptogen= false
[INFO ] fr.inria.astor.core.setup.ConfigurationProperties.print(ConfigurationProperties.java:69) - p:gzoltarpackagetonotinstrument= junit.framework
[INFO ] fr.inria.astor.core.setup.ConfigurationProperties.print(ConfigurationProperties.java:69) - p:projectIdentifier= Closure-127
[INFO ] fr.inria.astor.core.setup.ConfigurationProperties.print(ConfigurationProperties.java:69) - p:modificationpointnavigation= weight
[INFO ] fr.inria.astor.core.setup.ConfigurationProperties.print(ConfigurationProperties.java:69) - p:stopfirst= true
[INFO ] fr.inria.astor.core.setup.ConfigurationProperties.print(ConfigurationProperties.java:69) - p:multipointmodification= false
[INFO ] fr.inria.astor.core.setup.ConfigurationProperties.print(ConfigurationProperties.java:69) - p:elementsToMutate= 10
[INFO ] fr.inria.astor.core.setup.ConfigurationProperties.print(ConfigurationProperties.java:69) - p:jsonoutputname= astor_output
[INFO ] fr.inria.astor.core.setup.ConfigurationProperties.print(ConfigurationProperties.java:69) - p:evoDSE= false
[INFO ] fr.inria.astor.core.setup.ConfigurationProperties.print(ConfigurationProperties.java:69) - p:bintestfolder= build/test/
[INFO ] fr.inria.astor.core.setup.ConfigurationProperties.print(ConfigurationProperties.java:69) - p:testbystep= false
[INFO ] fr.inria.astor.core.setup.ConfigurationProperties.print(ConfigurationProperties.java:69) - p:version-location= ./math-version/
[INFO ] fr.inria.astor.core.setup.ConfigurationProperties.print(ConfigurationProperties.java:69) - p:reintroduce= PARENTS:ORIGINAL
[INFO ] fr.inria.astor.core.setup.ConfigurationProperties.print(ConfigurationProperties.java:69) - p:executorjar= ./lib/jtestex7.jar
[INFO ] fr.inria.astor.core.setup.ConfigurationProperties.print(ConfigurationProperties.java:69) - p:maxGeneration= 1000000
[INFO ] fr.inria.astor.core.setup.ConfigurationProperties.print(ConfigurationProperties.java:69) - p:max_synthesis_step= 10000
[INFO ] fr.inria.astor.core.setup.ConfigurationProperties.print(ConfigurationProperties.java:69) - p:projectinfocommand= com.github.tdurieux:project-config-maven-plugin:info
[INFO ] fr.inria.astor.core.setup.ConfigurationProperties.print(ConfigurationProperties.java:69) - p:maxVarCombination= 1000
[INFO ] fr.inria.astor.core.setup.ConfigurationProperties.print(ConfigurationProperties.java:69) - p:maxtime= 120
[INFO ] fr.inria.astor.core.setup.ConfigurationProperties.print(ConfigurationProperties.java:69) - p:evosuitejar= ./lib/evosuite-master-1.0.4-SNAPSHOT.jar
[INFO ] fr.inria.astor.core.setup.ConfigurationProperties.print(ConfigurationProperties.java:69) - p:jvmversion= 1.7.0_181
[INFO ] fr.inria.astor.core.setup.ConfigurationProperties.print(ConfigurationProperties.java:69) - p:commandTrunk= 50000
[INFO ] fr.inria.astor.core.setup.ConfigurationProperties.print(ConfigurationProperties.java:69) - p:faultlocalization= gzoltar
[INFO ] fr.inria.astor.core.setup.ConfigurationProperties.print(ConfigurationProperties.java:69) - p:resetmodel= true
[INFO ] fr.inria.astor.core.setup.ConfigurationProperties.print(ConfigurationProperties.java:69) - p:maxsuspcandidates= 1000
[INFO ] fr.inria.astor.core.setup.ConfigurationProperties.print(ConfigurationProperties.java:69) - p:mode= jgenprog
[INFO ] fr.inria.astor.core.setup.ConfigurationProperties.print(ConfigurationProperties.java:69) - p:learningdir= 
[INFO ] fr.inria.astor.core.setup.ConfigurationProperties.print(ConfigurationProperties.java:69) - p:jvm4evosuitetestexecution= /usr/lib/jvm/java-1.7.0-openjdk-amd64/bin/
[INFO ] fr.inria.astor.core.setup.ConfigurationProperties.print(ConfigurationProperties.java:69) - p:filterfaultlocalization= true
[INFO ] fr.inria.astor.core.setup.ConfigurationProperties.print(ConfigurationProperties.java:69) - p:mutationrate= 1 
[INFO ] fr.inria.astor.core.setup.ConfigurationProperties.print(ConfigurationProperties.java:69) - p:pathToMVNRepository= 
[INFO ] fr.inria.astor.core.setup.ConfigurationProperties.print(ConfigurationProperties.java:69) - p:resourcesfolder= /src/main/resources:/src/test/resources:
[INFO ] fr.inria.astor.core.setup.ConfigurationProperties.print(ConfigurationProperties.java:69) - p:timezone= America/Los_Angeles
[INFO ] fr.inria.astor.core.setup.ConfigurationProperties.print(ConfigurationProperties.java:69) - p:runjava7code= false
[INFO ] fr.inria.astor.core.setup.ConfigurationProperties.print(ConfigurationProperties.java:69) - p:evoRunOnBuggyClass= true
[INFO ] fr.inria.astor.core.setup.ConfigurationProperties.print(ConfigurationProperties.java:69) - p:compiler= fr.inria.astor.core.manipulation.bytecode.compiler.SpoonClassCompiler
[INFO ] fr.inria.astor.core.setup.ConfigurationProperties.print(ConfigurationProperties.java:69) - p:limitbysuspicious= true
[INFO ] fr.inria.astor.core.setup.ConfigurationProperties.print(ConfigurationProperties.java:69) - p:logsattemps= true
[INFO ] fr.inria.astor.core.setup.ConfigurationProperties.print(ConfigurationProperties.java:69) - p:dependenciespath= /script/jGenProg_Defects4J_Closure_127/build/classes:/script/jGenProg_Defects4J_Closure_127/build/test:/script/jGenProg_Defects4J_Closure_127/build/lib/rhino.jar:/script/jGenProg_Defects4J_Closure_127/lib/ant-launcher.jar:/script/jGenProg_Defects4J_Closure_127/lib/ant.jar:/script/jGenProg_Defects4J_Closure_127/lib/caja-r4314.jar:/script/jGenProg_Defects4J_Closure_127/lib/jarjar.jar:/script/jGenProg_Defects4J_Closure_127/lib/json.jar:/script/jGenProg_Defects4J_Closure_127/lib/jsr305.jar:/script/jGenProg_Defects4J_Closure_127/lib/junit.jar:/script/jGenProg_Defects4J_Closure_127/lib/protobuf-java.jar:/script/jGenProg_Defects4J_Closure_127/lib/args4j.jar:/script/jGenProg_Defects4J_Closure_127/lib/guava.jar
[INFO ] fr.inria.astor.core.setup.ConfigurationProperties.print(ConfigurationProperties.java:69) - p:logpatternlayout= [%-5p] %l - %m%n
[INFO ] fr.inria.astor.core.setup.ConfigurationProperties.print(ConfigurationProperties.java:69) - p:packageToInstrument= 
[INFO ] fr.inria.astor.core.setup.ConfigurationProperties.print(ConfigurationProperties.java:69) - p:skipfaultlocalization= false
[INFO ] fr.inria.astor.core.setup.ConfigurationProperties.print(ConfigurationProperties.java:69) - p:scope= package
[INFO ] fr.inria.astor.core.setup.ConfigurationProperties.print(ConfigurationProperties.java:69) - p:transformingredient= false
[INFO ] fr.inria.astor.core.setup.ConfigurationProperties.print(ConfigurationProperties.java:69) - p:fitnessfunction= fr.inria.astor.core.solutionsearch.population.TestCaseFitnessFunction
[INFO ] fr.inria.astor.core.setup.ConfigurationProperties.print(ConfigurationProperties.java:69) - p:maxnumvariablesperingredient= 10
[INFO ] fr.inria.astor.core.setup.ConfigurationProperties.print(ConfigurationProperties.java:69) - p:parsesourcefromoriginal= true
[INFO ] fr.inria.astor.core.setup.ConfigurationProperties.print(ConfigurationProperties.java:69) - p:pvariantfoldername= variant-
[INFO ] fr.inria.astor.core.setup.ConfigurationProperties.print(ConfigurationProperties.java:69) - p:savespoonmodelondisk= false
[INFO ] fr.inria.astor.core.setup.ConfigurationProperties.print(ConfigurationProperties.java:69) - p:srcjavafolder= src/
[INFO ] fr.inria.astor.core.setup.ConfigurationProperties.print(ConfigurationProperties.java:69) - p:populationcontroller= fr.inria.astor.core.solutionsearch.population.TestCaseBasedFitnessPopulationController
[INFO ] fr.inria.astor.core.setup.ConfigurationProperties.print(ConfigurationProperties.java:69) - p:ignoreflakyinfl= false
[INFO ] fr.inria.astor.core.setup.ConfigurationProperties.print(ConfigurationProperties.java:69) - p:cleantemplates= true
[INFO ] fr.inria.astor.core.setup.ConfigurationProperties.print(ConfigurationProperties.java:69) - p:applyCrossover= false
[INFO ] fr.inria.astor.core.setup.ConfigurationProperties.print(ConfigurationProperties.java:69) - p:maxmodificationpoints= 1000
[INFO ] fr.inria.astor.core.setup.ConfigurationProperties.print(ConfigurationProperties.java:69) - p:duplicateingredientsinspace= false
[INFO ] fr.inria.astor.core.setup.ConfigurationProperties.print(ConfigurationProperties.java:69) - p:metid= 0
[INFO ] fr.inria.astor.core.setup.ConfigurationProperties.print(ConfigurationProperties.java:69) - p:saveall= false
[INFO ] fr.inria.astor.core.setup.ConfigurationProperties.print(ConfigurationProperties.java:69) - p:seed= 0
[INFO ] fr.inria.astor.core.setup.ConfigurationProperties.print(ConfigurationProperties.java:69) - p:savecompletepatched= true
[INFO ] fr.inria.astor.core.setup.ConfigurationProperties.print(ConfigurationProperties.java:69) - p:resetoperations= false
[INFO ] fr.inria.astor.core.setup.ConfigurationProperties.print(ConfigurationProperties.java:69) - p:processoutputinfile= false
[INFO ] fr.inria.astor.core.setup.ConfigurationProperties.print(ConfigurationProperties.java:69) - p:location= .
[INFO ] fr.inria.astor.core.setup.ConfigurationProperties.print(ConfigurationProperties.java:69) - p:probabilistictransformation= true
[INFO ] fr.inria.astor.core.setup.ConfigurationProperties.print(ConfigurationProperties.java:69) - p:overridemaxtime= true
[INFO ] fr.inria.astor.core.setup.ConfigurationProperties.print(ConfigurationProperties.java:69) - p:outputjsonresult= false
[INFO ] fr.inria.astor.core.setup.ConfigurationProperties.print(ConfigurationProperties.java:69) - p:allpoints= false
[INFO ] fr.inria.astor.core.setup.ConfigurationProperties.print(ConfigurationProperties.java:69) - p:bugId= 280
[INFO ] fr.inria.astor.core.setup.ConfigurationProperties.print(ConfigurationProperties.java:69) - p:evosuitetimeout= 120
[INFO ] fr.inria.astor.core.setup.ConfigurationProperties.print(ConfigurationProperties.java:69) - p:maxtimefactor= 10
[INFO ] fr.inria.astor.core.setup.ConfigurationProperties.print(ConfigurationProperties.java:69) - p:nrPlaceholders= 1
[INFO ] fr.inria.astor.core.setup.ConfigurationProperties.print(ConfigurationProperties.java:69) - p:forcesubprocesskilling= true
[INFO ] fr.inria.astor.core.setup.ConfigurationProperties.print(ConfigurationProperties.java:71) - ----------------------------
[INFO ] fr.inria.astor.core.solutionsearch.EvolutionarySearchEngine.startEvolution(EvolutionarySearchEngine.java:40) - 
----Starting Solution Search
[INFO ] fr.inria.astor.core.validation.processbased.LaucherJUnitProcess.killProcess(LaucherJUnitProcess.java:181) - The Process that runs JUnit test cases did not terminate within waitTime of 10 seconds
[INFO ] fr.inria.astor.core.validation.processbased.LaucherJUnitProcess.killProcess(LaucherJUnitProcess.java:183) - Killed the Process that runs JUnit test cases 2631
[INFO ] fr.inria.astor.core.validation.processbased.LaucherJUnitProcess.killProcess(LaucherJUnitProcess.java:181) - The Process that runs JUnit test cases did not terminate within waitTime of 10 seconds
[INFO ] fr.inria.astor.core.validation.processbased.LaucherJUnitProcess.killProcess(LaucherJUnitProcess.java:183) - Killed the Process that runs JUnit test cases 4928
[INFO ] fr.inria.astor.core.validation.processbased.LaucherJUnitProcess.killProcess(LaucherJUnitProcess.java:181) - The Process that runs JUnit test cases did not terminate within waitTime of 10 seconds
[INFO ] fr.inria.astor.core.validation.processbased.LaucherJUnitProcess.killProcess(LaucherJUnitProcess.java:183) - Killed the Process that runs JUnit test cases 5065
[INFO ] fr.inria.astor.core.validation.processbased.LaucherJUnitProcess.killProcess(LaucherJUnitProcess.java:181) - The Process that runs JUnit test cases did not terminate within waitTime of 10 seconds
[INFO ] fr.inria.astor.core.validation.processbased.LaucherJUnitProcess.killProcess(LaucherJUnitProcess.java:183) - Killed the Process that runs JUnit test cases 5382
[INFO ] fr.inria.astor.core.validation.processbased.LaucherJUnitProcess.killProcess(LaucherJUnitProcess.java:181) - The Process that runs JUnit test cases did not terminate within waitTime of 10 seconds
[INFO ] fr.inria.astor.core.validation.processbased.LaucherJUnitProcess.killProcess(LaucherJUnitProcess.java:183) - Killed the Process that runs JUnit test cases 5924
[INFO ] fr.inria.astor.core.validation.processbased.LaucherJUnitProcess.killProcess(LaucherJUnitProcess.java:181) - The Process that runs JUnit test cases did not terminate within waitTime of 10 seconds
[INFO ] fr.inria.astor.core.validation.processbased.LaucherJUnitProcess.killProcess(LaucherJUnitProcess.java:183) - Killed the Process that runs JUnit test cases 6151
[INFO ] fr.inria.astor.core.validation.processbased.LaucherJUnitProcess.killProcess(LaucherJUnitProcess.java:181) - The Process that runs JUnit test cases did not terminate within waitTime of 10 seconds
[INFO ] fr.inria.astor.core.validation.processbased.LaucherJUnitProcess.killProcess(LaucherJUnitProcess.java:183) - Killed the Process that runs JUnit test cases 9845
[INFO ] fr.inria.astor.core.validation.processbased.LaucherJUnitProcess.killProcess(LaucherJUnitProcess.java:181) - The Process that runs JUnit test cases did not terminate within waitTime of 10 seconds
[INFO ] fr.inria.astor.core.validation.processbased.LaucherJUnitProcess.killProcess(LaucherJUnitProcess.java:183) - Killed the Process that runs JUnit test cases 10342
[INFO ] fr.inria.astor.core.validation.processbased.LaucherJUnitProcess.killProcess(LaucherJUnitProcess.java:181) - The Process that runs JUnit test cases did not terminate within waitTime of 10 seconds
[INFO ] fr.inria.astor.core.validation.processbased.LaucherJUnitProcess.killProcess(LaucherJUnitProcess.java:183) - Killed the Process that runs JUnit test cases 14894
[INFO ] fr.inria.astor.core.solutionsearch.AstorCoreEngine.belowMaxTime(AstorCoreEngine.java:278) - 
 No more time for operating
[INFO ] fr.inria.astor.core.solutionsearch.AstorCoreEngine.atEnd(AstorCoreEngine.java:170) - Time Repair Loop (s): 7200.806
[INFO ] fr.inria.astor.core.solutionsearch.AstorCoreEngine.atEnd(AstorCoreEngine.java:172) - generationsexecuted: 521
[INFO ] fr.inria.astor.core.solutionsearch.AstorCoreEngine.printFinalStatus(AstorCoreEngine.java:247) - 
----SUMMARY_EXECUTION---
[INFO ] fr.inria.astor.core.solutionsearch.AstorCoreEngine.atEnd(AstorCoreEngine.java:186) - 
 --SOLUTIONS DESCRIPTION--


Astor Output:

General stats:
EXECUTION_IDENTIFIER=Closure-127
TOTAL_TIME=7200.806
NR_GENERATIONS=521
NR_RIGHT_COMPILATIONS=361
NR_FAILLING_COMPILATIONS=160
NR_ERRONEOUS_VARIANCES=null
NR_FAILING_VALIDATION_PROCESS=null
OUTPUT_STATUS=TIME_OUT

Patch stats:

[INFO ] fr.inria.main.evolution.AstorMain.run(AstorMain.java:200) - Time Total(s): 17908.512


Node: 9632d64f5d3f



Date: Mon Nov 18 03:45:23 EST 2019

cd /script/jGenProg_Defects4J_Closure_127;
export JAVA_TOOL_OPTIONS="-Dfile.encoding=UTF8 -Duser.language=en-US -Duser.country=US -Duser.language=en";
TZ="America/New_York"; export TZ;
export PATH="/usr/lib/jvm/java-1.8.0-openjdk-amd64/bin/:$PATH";
export JAVA_HOME="/usr/lib/jvm/java-1.8.0-openjdk-amd64/bin/";
java -Xmx4048m -cp /script/libs/jtestex7.jar:/astor/target/astor-0.0.2-SNAPSHOT-jar-with-dependencies.jar fr.inria.main.evolution.AstorMain \
	-mode jgenprog \
	-location . \
	-id Closure-127 \
	-failing com.google.javascript.jscomp.UnreachableCodeEliminationTest \
	-jvm4testexecution /usr/lib/jvm/java-1.7.0-openjdk-amd64/bin/ \
	-jvm4evosuitetestexecution /usr/lib/jvm/java-1.7.0-openjdk-amd64/bin/ \
	-maxgen 1000000 \
	-maxtime 120 \
	-stopfirst true \
	-seed 0 \
	-scope package \
	-population 1 \
	-javacompliancelevel 6 \
	-srcjavafolder src/ \
	-srctestfolder test \
	-binjavafolder build/classes/ \
	-bintestfolder build/test/ \
	-parameters x:x \
	-dependencies /script/jGenProg_Defects4J_Closure_127/build/classes:/script/jGenProg_Defects4J_Closure_127/build/test:/script/jGenProg_Defects4J_Closure_127/build/lib/rhino.jar:/script/jGenProg_Defects4J_Closure_127/lib/ant-launcher.jar:/script/jGenProg_Defects4J_Closure_127/lib/ant.jar:/script/jGenProg_Defects4J_Closure_127/lib/caja-r4314.jar:/script/jGenProg_Defects4J_Closure_127/lib/jarjar.jar:/script/jGenProg_Defects4J_Closure_127/lib/json.jar:/script/jGenProg_Defects4J_Closure_127/lib/jsr305.jar:/script/jGenProg_Defects4J_Closure_127/lib/junit.jar:/script/jGenProg_Defects4J_Closure_127/lib/protobuf-java.jar:/script/jGenProg_Defects4J_Closure_127/lib/args4j.jar:/script/jGenProg_Defects4J_Closure_127/lib/guava.jar;
	echo "\n\nNode: `hostname`\n";
	echo "\n\nDate: `date`\n";

