Determine revision date.................................................... OK
Picked up JAVA_TOOL_OPTIONS: -Dfile.encoding=UTF8 -Duser.language=en-US -Duser.country=US -Duser.language=en
log4j:ERROR setFile(null,true) call failed.
java.io.FileNotFoundException:  (No such file or directory)
	at java.io.FileOutputStream.open0(Native Method)
	at java.io.FileOutputStream.open(FileOutputStream.java:270)
	at java.io.FileOutputStream.<init>(FileOutputStream.java:213)
	at java.io.FileOutputStream.<init>(FileOutputStream.java:133)
	at org.apache.log4j.FileAppender.setFile(FileAppender.java:294)
	at org.apache.log4j.RollingFileAppender.setFile(RollingFileAppender.java:207)
	at org.apache.log4j.FileAppender.activateOptions(FileAppender.java:165)
	at org.apache.log4j.config.PropertySetter.activate(PropertySetter.java:307)
	at org.apache.log4j.config.PropertySetter.setProperties(PropertySetter.java:172)
	at org.apache.log4j.config.PropertySetter.setProperties(PropertySetter.java:104)
	at org.apache.log4j.PropertyConfigurator.parseAppender(PropertyConfigurator.java:842)
	at org.apache.log4j.PropertyConfigurator.parseCategory(PropertyConfigurator.java:768)
	at org.apache.log4j.PropertyConfigurator.parseCatsAndRenderers(PropertyConfigurator.java:672)
	at org.apache.log4j.PropertyConfigurator.doConfigure(PropertyConfigurator.java:516)
	at org.apache.log4j.PropertyConfigurator.doConfigure(PropertyConfigurator.java:580)
	at org.apache.log4j.helpers.OptionConverter.selectAndConfigure(OptionConverter.java:526)
	at org.apache.log4j.LogManager.<clinit>(LogManager.java:127)
	at org.apache.log4j.Logger.getLogger(Logger.java:117)
	at fr.inria.astor.core.setup.ConfigurationProperties.<clinit>(ConfigurationProperties.java:16)
	at fr.inria.main.AbstractMain.<clinit>(AbstractMain.java:99)
2019-09-09 01:35:48,086 INFO fr.inria.astor.core.setup.ProjectConfiguration - Version of the JVM used: 1.7.0_181
2019-09-09 01:35:48,087 INFO main - Java version of the JDK used to run tests: 1.7.0_181
2019-09-09 01:35:48,087 INFO main - The compliance of the JVM is:  7
2019-09-09 01:35:48,089 INFO main - command line arguments: [-mode  jgenprog  -location  .  -id  Math-17  -failing  org.apache.commons.math3.dfp.DfpTest  -jvm4testexecution  /usr/lib/jvm/java-1.7.0-openjdk-amd64/bin/  -jvm4evosuitetestexecution  /usr/lib/jvm/java-1.7.0-openjdk-amd64/bin/  -maxgen  1000000  -maxtime  120  -stopfirst  true  -seed  0  -scope  package  -population  1  -javacompliancelevel  5  -srcjavafolder  src/main/java/  -srctestfolder  src/test/java/  -binjavafolder  target/classes/  -bintestfolder  target/test-classes/  -parameters  x:x  -dependencies  /script/jGenProg_Defects4J_Math_17/target/classes/:/script/jGenProg_Defects4J_Math_17/target/test-classes/:/defects4j/framework/projects/lib/junit-4.11.jar]
2019-09-09 01:35:48,090 INFO fr.inria.main.evolution.AstorMain - Running Astor on a JDK at /usr/lib/jvm/java-8-openjdk-amd64/jre
[INFO ] fr.inria.main.AbstractMain.determineSourceFolders(AbstractMain.java:960) - Source folders: [/script/jGenProg_Defects4J_Math_17/./src/main/java]
[INFO ] fr.inria.main.AbstractMain.determineSourceFolders(AbstractMain.java:979) - Source Test folders: [/script/jGenProg_Defects4J_Math_17/./src/test/java]
[INFO ] fr.inria.astor.core.faultlocalization.gzoltar.GZoltarFaultLocalization.calculateSuspicious(GZoltarFaultLocalization.java:74) - -Executing Gzoltar classpath: /script/jGenProg_Defects4J_Math_17/./output_astor/AstorMain-Math-17//bin//default from 678 classes with test cases
[INFO ] fr.inria.astor.core.faultlocalization.gzoltar.GZoltarFaultLocalization.searchSuspicious(GZoltarFaultLocalization.java:154) - Gzoltar fault localization: min susp value parameter: 0.1
[INFO ] fr.inria.astor.core.faultlocalization.gzoltar.GZoltarFaultLocalization.searchSuspicious(GZoltarFaultLocalization.java:174) - -gz-Adding classpath: [/script/jGenProg_Defects4J_Math_17/./output_astor/AstorMain-Math-17//bin//default, /script/jGenProg_Defects4J_Math_17/target/classes/, /script/jGenProg_Defects4J_Math_17/target/test-classes/, /defects4j/framework/projects/lib/junit-4.11.jar]
[INFO ] fr.inria.astor.core.faultlocalization.gzoltar.GZoltarFaultLocalization.searchSuspicious(GZoltarFaultLocalization.java:214) - Test failt: org.apache.commons.math3.util.FastMathTest#checkMissingFastMathClasses
[INFO ] fr.inria.astor.core.faultlocalization.gzoltar.GZoltarFaultLocalization.searchSuspicious(GZoltarFaultLocalization.java:214) - Test failt: org.apache.commons.math3.dfp.DfpTest#testMultiply
[INFO ] fr.inria.astor.core.faultlocalization.gzoltar.GZoltarFaultLocalization.searchSuspicious(GZoltarFaultLocalization.java:226) - Gzoltar Test Result Total:4176, fails: 2, GZoltar suspicious 28410, with positive susp 291
[INFO ] fr.inria.astor.core.faultlocalization.gzoltar.GZoltarFaultLocalization.searchSuspicious(GZoltarFaultLocalization.java:234) - nr test results 4176
[INFO ] fr.inria.astor.core.faultlocalization.gzoltar.GZoltarFaultLocalization.searchSuspicious(GZoltarFaultLocalization.java:289) - Gzoltar found: 230 with susp > 0.1, we consider: 230
[INFO ] fr.inria.astor.core.solutionsearch.AstorCoreEngine.calculateSuspicious(AstorCoreEngine.java:955) - Setting up the max to 5336010 milliseconds (5336 sec)
[INFO ] fr.inria.astor.core.solutionsearch.AstorCoreEngine.initPopulation(AstorCoreEngine.java:709) - 
---- Creating spoon model
[INFO ] fr.inria.astor.core.solutionsearch.AstorCoreEngine.initModel(AstorCoreEngine.java:801) - Creating model,  Code location from working folder: /script/jGenProg_Defects4J_Math_17/./src/main/java
[INFO ] fr.inria.astor.core.manipulation.MutationSupporter.buildModel(MutationSupporter.java:66) - building model: /script/jGenProg_Defects4J_Math_17/./src/main/java, compliance level: 5
[INFO ] fr.inria.astor.core.manipulation.MutationSupporter.buildModel(MutationSupporter.java:80) - Classpath (Dependencies) for building SpoonModel: [/script/jGenProg_Defects4J_Math_17/target/classes/, /script/jGenProg_Defects4J_Math_17/target/test-classes/, /defects4j/framework/projects/lib/junit-4.11.jar]
[INFO ] fr.inria.astor.core.solutionsearch.AstorCoreEngine.initModel(AstorCoreEngine.java:836) - Number of CtTypes created: 622
[INFO ] fr.inria.astor.core.solutionsearch.AstorCoreEngine.initPopulation(AstorCoreEngine.java:713) - 
---- Initial suspicious size: 230
[INFO ] fr.inria.astor.core.solutionsearch.population.ProgramVariantFactory.createProgramInstance(ProgramVariantFactory.java:134) - Total suspicious from FL: 230,  208
[INFO ] fr.inria.astor.core.solutionsearch.population.ProgramVariantFactory.createProgramInstance(ProgramVariantFactory.java:143) - Total ModPoint created: 208
[INFO ] fr.inria.astor.core.solutionsearch.population.ProgramVariantFactory.createInitialPopulation(ProgramVariantFactory.java:82) - Creating program variant #1, [Variant id: 1, #gens: 208, #ops: 0, parent:-]
[INFO ] fr.inria.astor.core.solutionsearch.AstorCoreEngine.setFitnessOfPopulation(AstorCoreEngine.java:754) - The original fitness is : 1.0
[INFO ] fr.inria.astor.core.setup.ConfigurationProperties.print(ConfigurationProperties.java:66) - ----------------------------
[INFO ] fr.inria.astor.core.setup.ConfigurationProperties.print(ConfigurationProperties.java:67) - ---Configuration properties:---Execution values
[INFO ] fr.inria.astor.core.setup.ConfigurationProperties.print(ConfigurationProperties.java:69) - p:lastJUnitVersion= ./examples/libs/junit-4.11.jar
[INFO ] fr.inria.astor.core.setup.ConfigurationProperties.print(ConfigurationProperties.java:69) - p:alternativecompliancelevel= 8
[INFO ] fr.inria.astor.core.setup.ConfigurationProperties.print(ConfigurationProperties.java:69) - p:ignoredTestCases= 
[INFO ] fr.inria.astor.core.setup.ConfigurationProperties.print(ConfigurationProperties.java:69) - p:workingDirectory= /script/jGenProg_Defects4J_Math_17/./output_astor
[INFO ] fr.inria.astor.core.setup.ConfigurationProperties.print(ConfigurationProperties.java:69) - p:manipulatesuper= false
[INFO ] fr.inria.astor.core.setup.ConfigurationProperties.print(ConfigurationProperties.java:69) - p:validation= process
[INFO ] fr.inria.astor.core.setup.ConfigurationProperties.print(ConfigurationProperties.java:69) - p:jvm4testexecution= /usr/lib/jvm/java-1.7.0-openjdk-amd64/bin/
[INFO ] fr.inria.astor.core.setup.ConfigurationProperties.print(ConfigurationProperties.java:69) - p:operatorspace= irr-statements
[INFO ] fr.inria.astor.core.setup.ConfigurationProperties.print(ConfigurationProperties.java:69) - p:disablelog= false
[INFO ] fr.inria.astor.core.setup.ConfigurationProperties.print(ConfigurationProperties.java:69) - p:binjavafolder= target/classes/
[INFO ] fr.inria.astor.core.setup.ConfigurationProperties.print(ConfigurationProperties.java:69) - p:synthesis_depth= 3
[INFO ] fr.inria.astor.core.setup.ConfigurationProperties.print(ConfigurationProperties.java:69) - p:gzoltartestpackagetoexclude= junit.framework
[INFO ] fr.inria.astor.core.setup.ConfigurationProperties.print(ConfigurationProperties.java:69) - p:skipfitnessinitialpopulation= false
[INFO ] fr.inria.astor.core.setup.ConfigurationProperties.print(ConfigurationProperties.java:69) - p:evosuiteresultfolder= evosuite
[INFO ] fr.inria.astor.core.setup.ConfigurationProperties.print(ConfigurationProperties.java:69) - p:flthreshold= 0.1
[INFO ] fr.inria.astor.core.setup.ConfigurationProperties.print(ConfigurationProperties.java:69) - p:regressionforfaultlocalization= true
[INFO ] fr.inria.astor.core.setup.ConfigurationProperties.print(ConfigurationProperties.java:69) - p:collectonlyusedmethod= false
[INFO ] fr.inria.astor.core.setup.ConfigurationProperties.print(ConfigurationProperties.java:69) - p:preservelinenumbers= true
[INFO ] fr.inria.astor.core.setup.ConfigurationProperties.print(ConfigurationProperties.java:69) - p:tmax2= 5336010
[INFO ] fr.inria.astor.core.setup.ConfigurationProperties.print(ConfigurationProperties.java:69) - p:tmax1= 10000
[INFO ] fr.inria.astor.core.setup.ConfigurationProperties.print(ConfigurationProperties.java:69) - p:probagenmutation= false
[INFO ] fr.inria.astor.core.setup.ConfigurationProperties.print(ConfigurationProperties.java:69) - p:nomodificationconvergence= 100
[INFO ] fr.inria.astor.core.setup.ConfigurationProperties.print(ConfigurationProperties.java:69) - p:diff_type= relative
[INFO ] fr.inria.astor.core.setup.ConfigurationProperties.print(ConfigurationProperties.java:69) - p:targetelementprocessor= statements
[INFO ] fr.inria.astor.core.setup.ConfigurationProperties.print(ConfigurationProperties.java:69) - p:srctestfolder= src/test/java/
[INFO ] fr.inria.astor.core.setup.ConfigurationProperties.print(ConfigurationProperties.java:69) - p:forceExecuteRegression= false
[INFO ] fr.inria.astor.core.setup.ConfigurationProperties.print(ConfigurationProperties.java:69) - p:clusteringfilename= clustering.csv
[INFO ] fr.inria.astor.core.setup.ConfigurationProperties.print(ConfigurationProperties.java:69) - p:failing= org.apache.commons.math3.dfp.DfpTest
[INFO ] fr.inria.astor.core.setup.ConfigurationProperties.print(ConfigurationProperties.java:69) - p:logtestexecution= false
[INFO ] fr.inria.astor.core.setup.ConfigurationProperties.print(ConfigurationProperties.java:69) - p:evo_buggy_class= true
[INFO ] fr.inria.astor.core.setup.ConfigurationProperties.print(ConfigurationProperties.java:69) - p:numberExecutions= 1
[INFO ] fr.inria.astor.core.setup.ConfigurationProperties.print(ConfigurationProperties.java:69) - p:maxnumbersolutions= 1000000
[INFO ] fr.inria.astor.core.setup.ConfigurationProperties.print(ConfigurationProperties.java:69) - p:evo_affected_by_op= true
[INFO ] fr.inria.astor.core.setup.ConfigurationProperties.print(ConfigurationProperties.java:69) - p:population= 1
[INFO ] fr.inria.astor.core.setup.ConfigurationProperties.print(ConfigurationProperties.java:69) - p:considerzerovaluesusp= false
[INFO ] fr.inria.astor.core.setup.ConfigurationProperties.print(ConfigurationProperties.java:69) - p:maxCombinationVariableLimit= false
[INFO ] fr.inria.astor.core.setup.ConfigurationProperties.print(ConfigurationProperties.java:69) - p:loglevel= INFO
[INFO ] fr.inria.astor.core.setup.ConfigurationProperties.print(ConfigurationProperties.java:69) - p:savesolution= true
[INFO ] fr.inria.astor.core.setup.ConfigurationProperties.print(ConfigurationProperties.java:69) - p:javacompliancelevel= 5
[INFO ] fr.inria.astor.core.setup.ConfigurationProperties.print(ConfigurationProperties.java:69) - p:x= x
[INFO ] fr.inria.astor.core.setup.ConfigurationProperties.print(ConfigurationProperties.java:69) - p:uniqueoptogen= false
[INFO ] fr.inria.astor.core.setup.ConfigurationProperties.print(ConfigurationProperties.java:69) - p:gzoltarpackagetonotinstrument= junit.framework
[INFO ] fr.inria.astor.core.setup.ConfigurationProperties.print(ConfigurationProperties.java:69) - p:projectIdentifier= Math-17
[INFO ] fr.inria.astor.core.setup.ConfigurationProperties.print(ConfigurationProperties.java:69) - p:modificationpointnavigation= weight
[INFO ] fr.inria.astor.core.setup.ConfigurationProperties.print(ConfigurationProperties.java:69) - p:stopfirst= true
[INFO ] fr.inria.astor.core.setup.ConfigurationProperties.print(ConfigurationProperties.java:69) - p:multipointmodification= false
[INFO ] fr.inria.astor.core.setup.ConfigurationProperties.print(ConfigurationProperties.java:69) - p:elementsToMutate= 10
[INFO ] fr.inria.astor.core.setup.ConfigurationProperties.print(ConfigurationProperties.java:69) - p:jsonoutputname= astor_output
[INFO ] fr.inria.astor.core.setup.ConfigurationProperties.print(ConfigurationProperties.java:69) - p:evoDSE= false
[INFO ] fr.inria.astor.core.setup.ConfigurationProperties.print(ConfigurationProperties.java:69) - p:bintestfolder= target/test-classes/
[INFO ] fr.inria.astor.core.setup.ConfigurationProperties.print(ConfigurationProperties.java:69) - p:testbystep= false
[INFO ] fr.inria.astor.core.setup.ConfigurationProperties.print(ConfigurationProperties.java:69) - p:version-location= ./math-version/
[INFO ] fr.inria.astor.core.setup.ConfigurationProperties.print(ConfigurationProperties.java:69) - p:reintroduce= PARENTS:ORIGINAL
[INFO ] fr.inria.astor.core.setup.ConfigurationProperties.print(ConfigurationProperties.java:69) - p:executorjar= ./lib/jtestex7.jar
[INFO ] fr.inria.astor.core.setup.ConfigurationProperties.print(ConfigurationProperties.java:69) - p:maxGeneration= 1000000
[INFO ] fr.inria.astor.core.setup.ConfigurationProperties.print(ConfigurationProperties.java:69) - p:max_synthesis_step= 10000
[INFO ] fr.inria.astor.core.setup.ConfigurationProperties.print(ConfigurationProperties.java:69) - p:projectinfocommand= com.github.tdurieux:project-config-maven-plugin:info
[INFO ] fr.inria.astor.core.setup.ConfigurationProperties.print(ConfigurationProperties.java:69) - p:maxVarCombination= 1000
[INFO ] fr.inria.astor.core.setup.ConfigurationProperties.print(ConfigurationProperties.java:69) - p:maxtime= 120
[INFO ] fr.inria.astor.core.setup.ConfigurationProperties.print(ConfigurationProperties.java:69) - p:evosuitejar= ./lib/evosuite-master-1.0.4-SNAPSHOT.jar
[INFO ] fr.inria.astor.core.setup.ConfigurationProperties.print(ConfigurationProperties.java:69) - p:jvmversion= 1.7.0_181
[INFO ] fr.inria.astor.core.setup.ConfigurationProperties.print(ConfigurationProperties.java:69) - p:commandTrunk= 50000
[INFO ] fr.inria.astor.core.setup.ConfigurationProperties.print(ConfigurationProperties.java:69) - p:faultlocalization= gzoltar
[INFO ] fr.inria.astor.core.setup.ConfigurationProperties.print(ConfigurationProperties.java:69) - p:resetmodel= true
[INFO ] fr.inria.astor.core.setup.ConfigurationProperties.print(ConfigurationProperties.java:69) - p:maxsuspcandidates= 1000
[INFO ] fr.inria.astor.core.setup.ConfigurationProperties.print(ConfigurationProperties.java:69) - p:mode= jgenprog
[INFO ] fr.inria.astor.core.setup.ConfigurationProperties.print(ConfigurationProperties.java:69) - p:learningdir= 
[INFO ] fr.inria.astor.core.setup.ConfigurationProperties.print(ConfigurationProperties.java:69) - p:jvm4evosuitetestexecution= /usr/lib/jvm/java-1.7.0-openjdk-amd64/bin/
[INFO ] fr.inria.astor.core.setup.ConfigurationProperties.print(ConfigurationProperties.java:69) - p:filterfaultlocalization= true
[INFO ] fr.inria.astor.core.setup.ConfigurationProperties.print(ConfigurationProperties.java:69) - p:mutationrate= 1 
[INFO ] fr.inria.astor.core.setup.ConfigurationProperties.print(ConfigurationProperties.java:69) - p:pathToMVNRepository= 
[INFO ] fr.inria.astor.core.setup.ConfigurationProperties.print(ConfigurationProperties.java:69) - p:resourcesfolder= /src/main/resources:/src/test/resources:
[INFO ] fr.inria.astor.core.setup.ConfigurationProperties.print(ConfigurationProperties.java:69) - p:timezone= America/Los_Angeles
[INFO ] fr.inria.astor.core.setup.ConfigurationProperties.print(ConfigurationProperties.java:69) - p:runjava7code= false
[INFO ] fr.inria.astor.core.setup.ConfigurationProperties.print(ConfigurationProperties.java:69) - p:evoRunOnBuggyClass= true
[INFO ] fr.inria.astor.core.setup.ConfigurationProperties.print(ConfigurationProperties.java:69) - p:compiler= fr.inria.astor.core.manipulation.bytecode.compiler.SpoonClassCompiler
[INFO ] fr.inria.astor.core.setup.ConfigurationProperties.print(ConfigurationProperties.java:69) - p:limitbysuspicious= true
[INFO ] fr.inria.astor.core.setup.ConfigurationProperties.print(ConfigurationProperties.java:69) - p:logsattemps= true
[INFO ] fr.inria.astor.core.setup.ConfigurationProperties.print(ConfigurationProperties.java:69) - p:dependenciespath= /script/jGenProg_Defects4J_Math_17/target/classes/:/script/jGenProg_Defects4J_Math_17/target/test-classes/:/defects4j/framework/projects/lib/junit-4.11.jar
[INFO ] fr.inria.astor.core.setup.ConfigurationProperties.print(ConfigurationProperties.java:69) - p:logpatternlayout= [%-5p] %l - %m%n
[INFO ] fr.inria.astor.core.setup.ConfigurationProperties.print(ConfigurationProperties.java:69) - p:packageToInstrument= 
[INFO ] fr.inria.astor.core.setup.ConfigurationProperties.print(ConfigurationProperties.java:69) - p:skipfaultlocalization= false
[INFO ] fr.inria.astor.core.setup.ConfigurationProperties.print(ConfigurationProperties.java:69) - p:scope= package
[INFO ] fr.inria.astor.core.setup.ConfigurationProperties.print(ConfigurationProperties.java:69) - p:transformingredient= false
[INFO ] fr.inria.astor.core.setup.ConfigurationProperties.print(ConfigurationProperties.java:69) - p:fitnessfunction= fr.inria.astor.core.solutionsearch.population.TestCaseFitnessFunction
[INFO ] fr.inria.astor.core.setup.ConfigurationProperties.print(ConfigurationProperties.java:69) - p:maxnumvariablesperingredient= 10
[INFO ] fr.inria.astor.core.setup.ConfigurationProperties.print(ConfigurationProperties.java:69) - p:parsesourcefromoriginal= true
[INFO ] fr.inria.astor.core.setup.ConfigurationProperties.print(ConfigurationProperties.java:69) - p:pvariantfoldername= variant-
[INFO ] fr.inria.astor.core.setup.ConfigurationProperties.print(ConfigurationProperties.java:69) - p:savespoonmodelondisk= false
[INFO ] fr.inria.astor.core.setup.ConfigurationProperties.print(ConfigurationProperties.java:69) - p:srcjavafolder= src/main/java/
[INFO ] fr.inria.astor.core.setup.ConfigurationProperties.print(ConfigurationProperties.java:69) - p:populationcontroller= fr.inria.astor.core.solutionsearch.population.TestCaseBasedFitnessPopulationController
[INFO ] fr.inria.astor.core.setup.ConfigurationProperties.print(ConfigurationProperties.java:69) - p:ignoreflakyinfl= false
[INFO ] fr.inria.astor.core.setup.ConfigurationProperties.print(ConfigurationProperties.java:69) - p:cleantemplates= true
[INFO ] fr.inria.astor.core.setup.ConfigurationProperties.print(ConfigurationProperties.java:69) - p:applyCrossover= false
[INFO ] fr.inria.astor.core.setup.ConfigurationProperties.print(ConfigurationProperties.java:69) - p:maxmodificationpoints= 1000
[INFO ] fr.inria.astor.core.setup.ConfigurationProperties.print(ConfigurationProperties.java:69) - p:duplicateingredientsinspace= false
[INFO ] fr.inria.astor.core.setup.ConfigurationProperties.print(ConfigurationProperties.java:69) - p:metid= 0
[INFO ] fr.inria.astor.core.setup.ConfigurationProperties.print(ConfigurationProperties.java:69) - p:saveall= false
[INFO ] fr.inria.astor.core.setup.ConfigurationProperties.print(ConfigurationProperties.java:69) - p:seed= 0
[INFO ] fr.inria.astor.core.setup.ConfigurationProperties.print(ConfigurationProperties.java:69) - p:savecompletepatched= true
[INFO ] fr.inria.astor.core.setup.ConfigurationProperties.print(ConfigurationProperties.java:69) - p:resetoperations= false
[INFO ] fr.inria.astor.core.setup.ConfigurationProperties.print(ConfigurationProperties.java:69) - p:processoutputinfile= false
[INFO ] fr.inria.astor.core.setup.ConfigurationProperties.print(ConfigurationProperties.java:69) - p:location= .
[INFO ] fr.inria.astor.core.setup.ConfigurationProperties.print(ConfigurationProperties.java:69) - p:probabilistictransformation= true
[INFO ] fr.inria.astor.core.setup.ConfigurationProperties.print(ConfigurationProperties.java:69) - p:overridemaxtime= true
[INFO ] fr.inria.astor.core.setup.ConfigurationProperties.print(ConfigurationProperties.java:69) - p:outputjsonresult= false
[INFO ] fr.inria.astor.core.setup.ConfigurationProperties.print(ConfigurationProperties.java:69) - p:allpoints= false
[INFO ] fr.inria.astor.core.setup.ConfigurationProperties.print(ConfigurationProperties.java:69) - p:bugId= 280
[INFO ] fr.inria.astor.core.setup.ConfigurationProperties.print(ConfigurationProperties.java:69) - p:evosuitetimeout= 120
[INFO ] fr.inria.astor.core.setup.ConfigurationProperties.print(ConfigurationProperties.java:69) - p:maxtimefactor= 10
[INFO ] fr.inria.astor.core.setup.ConfigurationProperties.print(ConfigurationProperties.java:69) - p:nrPlaceholders= 1
[INFO ] fr.inria.astor.core.setup.ConfigurationProperties.print(ConfigurationProperties.java:69) - p:forcesubprocesskilling= true
[INFO ] fr.inria.astor.core.setup.ConfigurationProperties.print(ConfigurationProperties.java:71) - ----------------------------
[INFO ] fr.inria.astor.core.solutionsearch.EvolutionarySearchEngine.startEvolution(EvolutionarySearchEngine.java:40) - 
----Starting Solution Search
[INFO ] fr.inria.astor.core.validation.processbased.LaucherJUnitProcess.killProcess(LaucherJUnitProcess.java:181) - The Process that runs JUnit test cases did not terminate within waitTime of 10 seconds
[INFO ] fr.inria.astor.core.validation.processbased.LaucherJUnitProcess.killProcess(LaucherJUnitProcess.java:183) - Killed the Process that runs JUnit test cases 1969
[INFO ] fr.inria.astor.core.validation.processbased.LaucherJUnitProcess.killProcess(LaucherJUnitProcess.java:181) - The Process that runs JUnit test cases did not terminate within waitTime of 10 seconds
[INFO ] fr.inria.astor.core.validation.processbased.LaucherJUnitProcess.killProcess(LaucherJUnitProcess.java:183) - Killed the Process that runs JUnit test cases 3051
[INFO ] fr.inria.astor.core.validation.processbased.LaucherJUnitProcess.killProcess(LaucherJUnitProcess.java:181) - The Process that runs JUnit test cases did not terminate within waitTime of 10 seconds
[INFO ] fr.inria.astor.core.validation.processbased.LaucherJUnitProcess.killProcess(LaucherJUnitProcess.java:183) - Killed the Process that runs JUnit test cases 7598
[INFO ] fr.inria.astor.core.validation.processbased.LaucherJUnitProcess.killProcess(LaucherJUnitProcess.java:181) - The Process that runs JUnit test cases did not terminate within waitTime of 10 seconds
[INFO ] fr.inria.astor.core.validation.processbased.LaucherJUnitProcess.killProcess(LaucherJUnitProcess.java:183) - Killed the Process that runs JUnit test cases 10705
[INFO ] fr.inria.astor.core.validation.processbased.LaucherJUnitProcess.killProcess(LaucherJUnitProcess.java:181) - The Process that runs JUnit test cases did not terminate within waitTime of 10 seconds
[INFO ] fr.inria.astor.core.validation.processbased.LaucherJUnitProcess.killProcess(LaucherJUnitProcess.java:183) - Killed the Process that runs JUnit test cases 13542
[INFO ] fr.inria.astor.core.validation.processbased.LaucherJUnitProcess.killProcess(LaucherJUnitProcess.java:181) - The Process that runs JUnit test cases did not terminate within waitTime of 10 seconds
[INFO ] fr.inria.astor.core.validation.processbased.LaucherJUnitProcess.killProcess(LaucherJUnitProcess.java:183) - Killed the Process that runs JUnit test cases 15704
[INFO ] fr.inria.astor.core.validation.processbased.LaucherJUnitProcess.killProcess(LaucherJUnitProcess.java:181) - The Process that runs JUnit test cases did not terminate within waitTime of 10 seconds
[INFO ] fr.inria.astor.core.validation.processbased.LaucherJUnitProcess.killProcess(LaucherJUnitProcess.java:183) - Killed the Process that runs JUnit test cases 16021
[INFO ] fr.inria.astor.core.validation.processbased.LaucherJUnitProcess.killProcess(LaucherJUnitProcess.java:181) - The Process that runs JUnit test cases did not terminate within waitTime of 10 seconds
[INFO ] fr.inria.astor.core.validation.processbased.LaucherJUnitProcess.killProcess(LaucherJUnitProcess.java:183) - Killed the Process that runs JUnit test cases 17193
[INFO ] fr.inria.astor.core.validation.processbased.LaucherJUnitProcess.killProcess(LaucherJUnitProcess.java:181) - The Process that runs JUnit test cases did not terminate within waitTime of 10 seconds
[INFO ] fr.inria.astor.core.validation.processbased.LaucherJUnitProcess.killProcess(LaucherJUnitProcess.java:183) - Killed the Process that runs JUnit test cases 19265
[INFO ] fr.inria.astor.core.validation.processbased.LaucherJUnitProcess.killProcess(LaucherJUnitProcess.java:181) - The Process that runs JUnit test cases did not terminate within waitTime of 10 seconds
[INFO ] fr.inria.astor.core.validation.processbased.LaucherJUnitProcess.killProcess(LaucherJUnitProcess.java:183) - Killed the Process that runs JUnit test cases 23182
[INFO ] fr.inria.astor.core.validation.processbased.LaucherJUnitProcess.killProcess(LaucherJUnitProcess.java:181) - The Process that runs JUnit test cases did not terminate within waitTime of 10 seconds
[INFO ] fr.inria.astor.core.validation.processbased.LaucherJUnitProcess.killProcess(LaucherJUnitProcess.java:183) - Killed the Process that runs JUnit test cases 24984
[INFO ] fr.inria.astor.core.validation.processbased.LaucherJUnitProcess.killProcess(LaucherJUnitProcess.java:181) - The Process that runs JUnit test cases did not terminate within waitTime of 10 seconds
[INFO ] fr.inria.astor.core.validation.processbased.LaucherJUnitProcess.killProcess(LaucherJUnitProcess.java:183) - Killed the Process that runs JUnit test cases 25301
[INFO ] fr.inria.astor.core.validation.processbased.LaucherJUnitProcess.killProcess(LaucherJUnitProcess.java:181) - The Process that runs JUnit test cases did not terminate within waitTime of 10 seconds
[INFO ] fr.inria.astor.core.validation.processbased.LaucherJUnitProcess.killProcess(LaucherJUnitProcess.java:183) - Killed the Process that runs JUnit test cases 29083
[INFO ] fr.inria.astor.core.validation.processbased.LaucherJUnitProcess.killProcess(LaucherJUnitProcess.java:181) - The Process that runs JUnit test cases did not terminate within waitTime of 10 seconds
[INFO ] fr.inria.astor.core.validation.processbased.LaucherJUnitProcess.killProcess(LaucherJUnitProcess.java:183) - Killed the Process that runs JUnit test cases 29985
[INFO ] fr.inria.astor.core.validation.processbased.LaucherJUnitProcess.killProcess(LaucherJUnitProcess.java:181) - The Process that runs JUnit test cases did not terminate within waitTime of 10 seconds
[INFO ] fr.inria.astor.core.validation.processbased.LaucherJUnitProcess.killProcess(LaucherJUnitProcess.java:183) - Killed the Process that runs JUnit test cases 31742
[INFO ] fr.inria.astor.core.validation.processbased.LaucherJUnitProcess.killProcess(LaucherJUnitProcess.java:181) - The Process that runs JUnit test cases did not terminate within waitTime of 10 seconds
[INFO ] fr.inria.astor.core.validation.processbased.LaucherJUnitProcess.killProcess(LaucherJUnitProcess.java:183) - Killed the Process that runs JUnit test cases 31789
[INFO ] fr.inria.astor.core.validation.processbased.LaucherJUnitProcess.killProcess(LaucherJUnitProcess.java:181) - The Process that runs JUnit test cases did not terminate within waitTime of 10 seconds
[INFO ] fr.inria.astor.core.validation.processbased.LaucherJUnitProcess.killProcess(LaucherJUnitProcess.java:183) - Killed the Process that runs JUnit test cases 32016
[INFO ] fr.inria.astor.core.validation.processbased.LaucherJUnitProcess.killProcess(LaucherJUnitProcess.java:181) - The Process that runs JUnit test cases did not terminate within waitTime of 10 seconds
[INFO ] fr.inria.astor.core.validation.processbased.LaucherJUnitProcess.killProcess(LaucherJUnitProcess.java:183) - Killed the Process that runs JUnit test cases 33998
[INFO ] fr.inria.astor.core.validation.processbased.LaucherJUnitProcess.killProcess(LaucherJUnitProcess.java:181) - The Process that runs JUnit test cases did not terminate within waitTime of 10 seconds
[INFO ] fr.inria.astor.core.validation.processbased.LaucherJUnitProcess.killProcess(LaucherJUnitProcess.java:183) - Killed the Process that runs JUnit test cases 34810
[INFO ] fr.inria.astor.core.validation.processbased.LaucherJUnitProcess.killProcess(LaucherJUnitProcess.java:181) - The Process that runs JUnit test cases did not terminate within waitTime of 10 seconds
[INFO ] fr.inria.astor.core.validation.processbased.LaucherJUnitProcess.killProcess(LaucherJUnitProcess.java:183) - Killed the Process that runs JUnit test cases 37287
[INFO ] fr.inria.astor.core.validation.processbased.LaucherJUnitProcess.killProcess(LaucherJUnitProcess.java:181) - The Process that runs JUnit test cases did not terminate within waitTime of 10 seconds
[INFO ] fr.inria.astor.core.validation.processbased.LaucherJUnitProcess.killProcess(LaucherJUnitProcess.java:183) - Killed the Process that runs JUnit test cases 37469
[INFO ] fr.inria.astor.core.validation.processbased.LaucherJUnitProcess.killProcess(LaucherJUnitProcess.java:181) - The Process that runs JUnit test cases did not terminate within waitTime of 10 seconds
[INFO ] fr.inria.astor.core.validation.processbased.LaucherJUnitProcess.killProcess(LaucherJUnitProcess.java:183) - Killed the Process that runs JUnit test cases 38281
[INFO ] fr.inria.astor.core.validation.processbased.LaucherJUnitProcess.killProcess(LaucherJUnitProcess.java:181) - The Process that runs JUnit test cases did not terminate within waitTime of 10 seconds
[INFO ] fr.inria.astor.core.validation.processbased.LaucherJUnitProcess.killProcess(LaucherJUnitProcess.java:183) - Killed the Process that runs JUnit test cases 38643
[INFO ] fr.inria.astor.core.validation.processbased.LaucherJUnitProcess.killProcess(LaucherJUnitProcess.java:181) - The Process that runs JUnit test cases did not terminate within waitTime of 10 seconds
[INFO ] fr.inria.astor.core.validation.processbased.LaucherJUnitProcess.killProcess(LaucherJUnitProcess.java:183) - Killed the Process that runs JUnit test cases 40760
[INFO ] fr.inria.astor.core.validation.processbased.LaucherJUnitProcess.killProcess(LaucherJUnitProcess.java:181) - The Process that runs JUnit test cases did not terminate within waitTime of 10 seconds
[INFO ] fr.inria.astor.core.validation.processbased.LaucherJUnitProcess.killProcess(LaucherJUnitProcess.java:183) - Killed the Process that runs JUnit test cases 41347
[INFO ] fr.inria.astor.core.validation.processbased.LaucherJUnitProcess.killProcess(LaucherJUnitProcess.java:181) - The Process that runs JUnit test cases did not terminate within waitTime of 10 seconds
[INFO ] fr.inria.astor.core.validation.processbased.LaucherJUnitProcess.killProcess(LaucherJUnitProcess.java:183) - Killed the Process that runs JUnit test cases 41574
[INFO ] fr.inria.astor.core.validation.processbased.LaucherJUnitProcess.killProcess(LaucherJUnitProcess.java:181) - The Process that runs JUnit test cases did not terminate within waitTime of 10 seconds
[INFO ] fr.inria.astor.core.validation.processbased.LaucherJUnitProcess.killProcess(LaucherJUnitProcess.java:183) - Killed the Process that runs JUnit test cases 42476
[INFO ] fr.inria.astor.core.validation.processbased.LaucherJUnitProcess.killProcess(LaucherJUnitProcess.java:181) - The Process that runs JUnit test cases did not terminate within waitTime of 10 seconds
[INFO ] fr.inria.astor.core.validation.processbased.LaucherJUnitProcess.killProcess(LaucherJUnitProcess.java:183) - Killed the Process that runs JUnit test cases 44683
[INFO ] fr.inria.astor.core.validation.processbased.LaucherJUnitProcess.killProcess(LaucherJUnitProcess.java:181) - The Process that runs JUnit test cases did not terminate within waitTime of 10 seconds
[INFO ] fr.inria.astor.core.validation.processbased.LaucherJUnitProcess.killProcess(LaucherJUnitProcess.java:183) - Killed the Process that runs JUnit test cases 45045
[INFO ] fr.inria.astor.core.validation.processbased.LaucherJUnitProcess.killProcess(LaucherJUnitProcess.java:181) - The Process that runs JUnit test cases did not terminate within waitTime of 10 seconds
[INFO ] fr.inria.astor.core.validation.processbased.LaucherJUnitProcess.killProcess(LaucherJUnitProcess.java:183) - Killed the Process that runs JUnit test cases 45677
[INFO ] fr.inria.astor.core.validation.processbased.LaucherJUnitProcess.killProcess(LaucherJUnitProcess.java:181) - The Process that runs JUnit test cases did not terminate within waitTime of 10 seconds
[INFO ] fr.inria.astor.core.validation.processbased.LaucherJUnitProcess.killProcess(LaucherJUnitProcess.java:183) - Killed the Process that runs JUnit test cases 48784
[INFO ] fr.inria.astor.core.validation.processbased.LaucherJUnitProcess.killProcess(LaucherJUnitProcess.java:181) - The Process that runs JUnit test cases did not terminate within waitTime of 10 seconds
[INFO ] fr.inria.astor.core.validation.processbased.LaucherJUnitProcess.killProcess(LaucherJUnitProcess.java:183) - Killed the Process that runs JUnit test cases 53061
[INFO ] fr.inria.astor.core.validation.processbased.LaucherJUnitProcess.killProcess(LaucherJUnitProcess.java:181) - The Process that runs JUnit test cases did not terminate within waitTime of 10 seconds
[INFO ] fr.inria.astor.core.validation.processbased.LaucherJUnitProcess.killProcess(LaucherJUnitProcess.java:183) - Killed the Process that runs JUnit test cases 55178
[INFO ] fr.inria.astor.core.validation.processbased.LaucherJUnitProcess.killProcess(LaucherJUnitProcess.java:181) - The Process that runs JUnit test cases did not terminate within waitTime of 10 seconds
[INFO ] fr.inria.astor.core.validation.processbased.LaucherJUnitProcess.killProcess(LaucherJUnitProcess.java:183) - Killed the Process that runs JUnit test cases 56845
[INFO ] fr.inria.astor.core.validation.processbased.LaucherJUnitProcess.killProcess(LaucherJUnitProcess.java:181) - The Process that runs JUnit test cases did not terminate within waitTime of 10 seconds
[INFO ] fr.inria.astor.core.validation.processbased.LaucherJUnitProcess.killProcess(LaucherJUnitProcess.java:183) - Killed the Process that runs JUnit test cases 58512
[INFO ] fr.inria.astor.core.validation.processbased.LaucherJUnitProcess.killProcess(LaucherJUnitProcess.java:181) - The Process that runs JUnit test cases did not terminate within waitTime of 10 seconds
[INFO ] fr.inria.astor.core.validation.processbased.LaucherJUnitProcess.killProcess(LaucherJUnitProcess.java:183) - Killed the Process that runs JUnit test cases 59729
[INFO ] fr.inria.astor.core.validation.processbased.LaucherJUnitProcess.killProcess(LaucherJUnitProcess.java:181) - The Process that runs JUnit test cases did not terminate within waitTime of 10 seconds
[INFO ] fr.inria.astor.core.validation.processbased.LaucherJUnitProcess.killProcess(LaucherJUnitProcess.java:183) - Killed the Process that runs JUnit test cases 61171
[INFO ] fr.inria.astor.core.validation.processbased.LaucherJUnitProcess.killProcess(LaucherJUnitProcess.java:181) - The Process that runs JUnit test cases did not terminate within waitTime of 10 seconds
[INFO ] fr.inria.astor.core.validation.processbased.LaucherJUnitProcess.killProcess(LaucherJUnitProcess.java:183) - Killed the Process that runs JUnit test cases 64503
[INFO ] fr.inria.astor.core.validation.processbased.LaucherJUnitProcess.killProcess(LaucherJUnitProcess.java:181) - The Process that runs JUnit test cases did not terminate within waitTime of 10 seconds
[INFO ] fr.inria.astor.core.validation.processbased.LaucherJUnitProcess.killProcess(LaucherJUnitProcess.java:183) - Killed the Process that runs JUnit test cases 67520
[INFO ] fr.inria.astor.core.validation.processbased.LaucherJUnitProcess.killProcess(LaucherJUnitProcess.java:181) - The Process that runs JUnit test cases did not terminate within waitTime of 10 seconds
[INFO ] fr.inria.astor.core.validation.processbased.LaucherJUnitProcess.killProcess(LaucherJUnitProcess.java:183) - Killed the Process that runs JUnit test cases 68962
[INFO ] fr.inria.astor.core.validation.processbased.LaucherJUnitProcess.killProcess(LaucherJUnitProcess.java:181) - The Process that runs JUnit test cases did not terminate within waitTime of 10 seconds
[INFO ] fr.inria.astor.core.validation.processbased.LaucherJUnitProcess.killProcess(LaucherJUnitProcess.java:183) - Killed the Process that runs JUnit test cases 69324
[INFO ] fr.inria.astor.core.validation.processbased.LaucherJUnitProcess.killProcess(LaucherJUnitProcess.java:181) - The Process that runs JUnit test cases did not terminate within waitTime of 10 seconds
[INFO ] fr.inria.astor.core.validation.processbased.LaucherJUnitProcess.killProcess(LaucherJUnitProcess.java:183) - Killed the Process that runs JUnit test cases 69821
[INFO ] fr.inria.astor.core.validation.processbased.LaucherJUnitProcess.killProcess(LaucherJUnitProcess.java:181) - The Process that runs JUnit test cases did not terminate within waitTime of 10 seconds
[INFO ] fr.inria.astor.core.validation.processbased.LaucherJUnitProcess.killProcess(LaucherJUnitProcess.java:183) - Killed the Process that runs JUnit test cases 73153
[INFO ] fr.inria.astor.core.validation.processbased.LaucherJUnitProcess.killProcess(LaucherJUnitProcess.java:181) - The Process that runs JUnit test cases did not terminate within waitTime of 10 seconds
[INFO ] fr.inria.astor.core.validation.processbased.LaucherJUnitProcess.killProcess(LaucherJUnitProcess.java:183) - Killed the Process that runs JUnit test cases 73785
[INFO ] fr.inria.astor.core.validation.processbased.LaucherJUnitProcess.killProcess(LaucherJUnitProcess.java:181) - The Process that runs JUnit test cases did not terminate within waitTime of 10 seconds
[INFO ] fr.inria.astor.core.validation.processbased.LaucherJUnitProcess.killProcess(LaucherJUnitProcess.java:183) - Killed the Process that runs JUnit test cases 74327
[INFO ] fr.inria.astor.core.validation.processbased.LaucherJUnitProcess.killProcess(LaucherJUnitProcess.java:181) - The Process that runs JUnit test cases did not terminate within waitTime of 10 seconds
[INFO ] fr.inria.astor.core.validation.processbased.LaucherJUnitProcess.killProcess(LaucherJUnitProcess.java:183) - Killed the Process that runs JUnit test cases 76624
[INFO ] fr.inria.astor.core.validation.processbased.LaucherJUnitProcess.killProcess(LaucherJUnitProcess.java:181) - The Process that runs JUnit test cases did not terminate within waitTime of 10 seconds
[INFO ] fr.inria.astor.core.validation.processbased.LaucherJUnitProcess.killProcess(LaucherJUnitProcess.java:183) - Killed the Process that runs JUnit test cases 77571
[INFO ] fr.inria.astor.core.validation.processbased.LaucherJUnitProcess.killProcess(LaucherJUnitProcess.java:181) - The Process that runs JUnit test cases did not terminate within waitTime of 10 seconds
[INFO ] fr.inria.astor.core.validation.processbased.LaucherJUnitProcess.killProcess(LaucherJUnitProcess.java:183) - Killed the Process that runs JUnit test cases 80588
[INFO ] fr.inria.astor.core.validation.processbased.LaucherJUnitProcess.killProcess(LaucherJUnitProcess.java:181) - The Process that runs JUnit test cases did not terminate within waitTime of 10 seconds
[INFO ] fr.inria.astor.core.validation.processbased.LaucherJUnitProcess.killProcess(LaucherJUnitProcess.java:183) - Killed the Process that runs JUnit test cases 81310
[INFO ] fr.inria.astor.core.validation.processbased.LaucherJUnitProcess.killProcess(LaucherJUnitProcess.java:181) - The Process that runs JUnit test cases did not terminate within waitTime of 10 seconds
[INFO ] fr.inria.astor.core.validation.processbased.LaucherJUnitProcess.killProcess(LaucherJUnitProcess.java:183) - Killed the Process that runs JUnit test cases 82932
[INFO ] fr.inria.astor.core.validation.processbased.LaucherJUnitProcess.killProcess(LaucherJUnitProcess.java:181) - The Process that runs JUnit test cases did not terminate within waitTime of 10 seconds
[INFO ] fr.inria.astor.core.validation.processbased.LaucherJUnitProcess.killProcess(LaucherJUnitProcess.java:183) - Killed the Process that runs JUnit test cases 83924
[INFO ] fr.inria.astor.core.validation.processbased.LaucherJUnitProcess.killProcess(LaucherJUnitProcess.java:181) - The Process that runs JUnit test cases did not terminate within waitTime of 10 seconds
[INFO ] fr.inria.astor.core.validation.processbased.LaucherJUnitProcess.killProcess(LaucherJUnitProcess.java:183) - Killed the Process that runs JUnit test cases 84061
[INFO ] fr.inria.astor.core.validation.processbased.LaucherJUnitProcess.killProcess(LaucherJUnitProcess.java:181) - The Process that runs JUnit test cases did not terminate within waitTime of 10 seconds
[INFO ] fr.inria.astor.core.validation.processbased.LaucherJUnitProcess.killProcess(LaucherJUnitProcess.java:183) - Killed the Process that runs JUnit test cases 88473
[INFO ] fr.inria.astor.core.validation.processbased.LaucherJUnitProcess.killProcess(LaucherJUnitProcess.java:181) - The Process that runs JUnit test cases did not terminate within waitTime of 10 seconds
[INFO ] fr.inria.astor.core.validation.processbased.LaucherJUnitProcess.killProcess(LaucherJUnitProcess.java:183) - Killed the Process that runs JUnit test cases 90095
[INFO ] fr.inria.astor.core.validation.processbased.LaucherJUnitProcess.killProcess(LaucherJUnitProcess.java:181) - The Process that runs JUnit test cases did not terminate within waitTime of 10 seconds
[INFO ] fr.inria.astor.core.validation.processbased.LaucherJUnitProcess.killProcess(LaucherJUnitProcess.java:183) - Killed the Process that runs JUnit test cases 90547
[INFO ] fr.inria.astor.core.validation.processbased.LaucherJUnitProcess.killProcess(LaucherJUnitProcess.java:181) - The Process that runs JUnit test cases did not terminate within waitTime of 10 seconds
[INFO ] fr.inria.astor.core.validation.processbased.LaucherJUnitProcess.killProcess(LaucherJUnitProcess.java:183) - Killed the Process that runs JUnit test cases 91089
[INFO ] fr.inria.astor.core.validation.processbased.LaucherJUnitProcess.killProcess(LaucherJUnitProcess.java:181) - The Process that runs JUnit test cases did not terminate within waitTime of 10 seconds
[INFO ] fr.inria.astor.core.validation.processbased.LaucherJUnitProcess.killProcess(LaucherJUnitProcess.java:183) - Killed the Process that runs JUnit test cases 97436
[INFO ] fr.inria.astor.core.validation.processbased.LaucherJUnitProcess.killProcess(LaucherJUnitProcess.java:181) - The Process that runs JUnit test cases did not terminate within waitTime of 10 seconds
[INFO ] fr.inria.astor.core.validation.processbased.LaucherJUnitProcess.killProcess(LaucherJUnitProcess.java:183) - Killed the Process that runs JUnit test cases 2466
[INFO ] fr.inria.astor.core.validation.processbased.LaucherJUnitProcess.killProcess(LaucherJUnitProcess.java:181) - The Process that runs JUnit test cases did not terminate within waitTime of 10 seconds
[INFO ] fr.inria.astor.core.validation.processbased.LaucherJUnitProcess.killProcess(LaucherJUnitProcess.java:183) - Killed the Process that runs JUnit test cases 2828
[INFO ] fr.inria.astor.core.validation.processbased.LaucherJUnitProcess.killProcess(LaucherJUnitProcess.java:181) - The Process that runs JUnit test cases did not terminate within waitTime of 10 seconds
[INFO ] fr.inria.astor.core.validation.processbased.LaucherJUnitProcess.killProcess(LaucherJUnitProcess.java:183) - Killed the Process that runs JUnit test cases 5306
[INFO ] fr.inria.astor.core.validation.processbased.LaucherJUnitProcess.killProcess(LaucherJUnitProcess.java:181) - The Process that runs JUnit test cases did not terminate within waitTime of 10 seconds
[INFO ] fr.inria.astor.core.validation.processbased.LaucherJUnitProcess.killProcess(LaucherJUnitProcess.java:183) - Killed the Process that runs JUnit test cases 8009
[INFO ] fr.inria.astor.core.validation.processbased.LaucherJUnitProcess.killProcess(LaucherJUnitProcess.java:181) - The Process that runs JUnit test cases did not terminate within waitTime of 10 seconds
[INFO ] fr.inria.astor.core.validation.processbased.LaucherJUnitProcess.killProcess(LaucherJUnitProcess.java:183) - Killed the Process that runs JUnit test cases 9271
[INFO ] fr.inria.astor.core.validation.processbased.LaucherJUnitProcess.killProcess(LaucherJUnitProcess.java:181) - The Process that runs JUnit test cases did not terminate within waitTime of 10 seconds
[INFO ] fr.inria.astor.core.validation.processbased.LaucherJUnitProcess.killProcess(LaucherJUnitProcess.java:183) - Killed the Process that runs JUnit test cases 9363
[INFO ] fr.inria.astor.core.validation.processbased.LaucherJUnitProcess.killProcess(LaucherJUnitProcess.java:181) - The Process that runs JUnit test cases did not terminate within waitTime of 10 seconds
[INFO ] fr.inria.astor.core.validation.processbased.LaucherJUnitProcess.killProcess(LaucherJUnitProcess.java:183) - Killed the Process that runs JUnit test cases 10761
[INFO ] fr.inria.astor.core.validation.processbased.LaucherJUnitProcess.killProcess(LaucherJUnitProcess.java:181) - The Process that runs JUnit test cases did not terminate within waitTime of 10 seconds
[INFO ] fr.inria.astor.core.validation.processbased.LaucherJUnitProcess.killProcess(LaucherJUnitProcess.java:183) - Killed the Process that runs JUnit test cases 12563
[INFO ] fr.inria.astor.core.validation.processbased.LaucherJUnitProcess.killProcess(LaucherJUnitProcess.java:181) - The Process that runs JUnit test cases did not terminate within waitTime of 10 seconds
[INFO ] fr.inria.astor.core.validation.processbased.LaucherJUnitProcess.killProcess(LaucherJUnitProcess.java:183) - Killed the Process that runs JUnit test cases 12610
[INFO ] fr.inria.astor.core.validation.processbased.LaucherJUnitProcess.killProcess(LaucherJUnitProcess.java:181) - The Process that runs JUnit test cases did not terminate within waitTime of 10 seconds
[INFO ] fr.inria.astor.core.validation.processbased.LaucherJUnitProcess.killProcess(LaucherJUnitProcess.java:183) - Killed the Process that runs JUnit test cases 16305
[INFO ] fr.inria.astor.core.validation.processbased.LaucherJUnitProcess.killProcess(LaucherJUnitProcess.java:181) - The Process that runs JUnit test cases did not terminate within waitTime of 10 seconds
[INFO ] fr.inria.astor.core.validation.processbased.LaucherJUnitProcess.killProcess(LaucherJUnitProcess.java:183) - Killed the Process that runs JUnit test cases 18108
[INFO ] fr.inria.astor.core.validation.processbased.LaucherJUnitProcess.killProcess(LaucherJUnitProcess.java:181) - The Process that runs JUnit test cases did not terminate within waitTime of 10 seconds
[INFO ] fr.inria.astor.core.validation.processbased.LaucherJUnitProcess.killProcess(LaucherJUnitProcess.java:183) - Killed the Process that runs JUnit test cases 21126
[INFO ] fr.inria.astor.core.validation.processbased.LaucherJUnitProcess.killProcess(LaucherJUnitProcess.java:181) - The Process that runs JUnit test cases did not terminate within waitTime of 10 seconds
[INFO ] fr.inria.astor.core.validation.processbased.LaucherJUnitProcess.killProcess(LaucherJUnitProcess.java:183) - Killed the Process that runs JUnit test cases 21398
[INFO ] fr.inria.astor.core.validation.processbased.LaucherJUnitProcess.killProcess(LaucherJUnitProcess.java:181) - The Process that runs JUnit test cases did not terminate within waitTime of 10 seconds
[INFO ] fr.inria.astor.core.validation.processbased.LaucherJUnitProcess.killProcess(LaucherJUnitProcess.java:183) - Killed the Process that runs JUnit test cases 24371
[INFO ] fr.inria.astor.core.validation.processbased.LaucherJUnitProcess.killProcess(LaucherJUnitProcess.java:181) - The Process that runs JUnit test cases did not terminate within waitTime of 10 seconds
[INFO ] fr.inria.astor.core.validation.processbased.LaucherJUnitProcess.killProcess(LaucherJUnitProcess.java:183) - Killed the Process that runs JUnit test cases 25635
[INFO ] fr.inria.astor.core.validation.processbased.LaucherJUnitProcess.killProcess(LaucherJUnitProcess.java:181) - The Process that runs JUnit test cases did not terminate within waitTime of 10 seconds
[INFO ] fr.inria.astor.core.validation.processbased.LaucherJUnitProcess.killProcess(LaucherJUnitProcess.java:183) - Killed the Process that runs JUnit test cases 25682
[INFO ] fr.inria.astor.core.validation.processbased.LaucherJUnitProcess.killProcess(LaucherJUnitProcess.java:181) - The Process that runs JUnit test cases did not terminate within waitTime of 10 seconds
[INFO ] fr.inria.astor.core.validation.processbased.LaucherJUnitProcess.killProcess(LaucherJUnitProcess.java:183) - Killed the Process that runs JUnit test cases 26269
[INFO ] fr.inria.astor.core.validation.processbased.LaucherJUnitProcess.killProcess(LaucherJUnitProcess.java:181) - The Process that runs JUnit test cases did not terminate within waitTime of 10 seconds
[INFO ] fr.inria.astor.core.validation.processbased.LaucherJUnitProcess.killProcess(LaucherJUnitProcess.java:183) - Killed the Process that runs JUnit test cases 26991
[INFO ] fr.inria.astor.core.validation.processbased.LaucherJUnitProcess.killProcess(LaucherJUnitProcess.java:181) - The Process that runs JUnit test cases did not terminate within waitTime of 10 seconds
[INFO ] fr.inria.astor.core.validation.processbased.LaucherJUnitProcess.killProcess(LaucherJUnitProcess.java:183) - Killed the Process that runs JUnit test cases 28343
[INFO ] fr.inria.astor.core.validation.processbased.LaucherJUnitProcess.killProcess(LaucherJUnitProcess.java:181) - The Process that runs JUnit test cases did not terminate within waitTime of 10 seconds
[INFO ] fr.inria.astor.core.validation.processbased.LaucherJUnitProcess.killProcess(LaucherJUnitProcess.java:183) - Killed the Process that runs JUnit test cases 28480
[INFO ] fr.inria.astor.core.validation.processbased.LaucherJUnitProcess.killProcess(LaucherJUnitProcess.java:181) - The Process that runs JUnit test cases did not terminate within waitTime of 10 seconds
[INFO ] fr.inria.astor.core.validation.processbased.LaucherJUnitProcess.killProcess(LaucherJUnitProcess.java:183) - Killed the Process that runs JUnit test cases 28572
[INFO ] fr.inria.astor.core.validation.processbased.LaucherJUnitProcess.killProcess(LaucherJUnitProcess.java:181) - The Process that runs JUnit test cases did not terminate within waitTime of 10 seconds
[INFO ] fr.inria.astor.core.validation.processbased.LaucherJUnitProcess.killProcess(LaucherJUnitProcess.java:183) - Killed the Process that runs JUnit test cases 29880
[INFO ] fr.inria.astor.core.validation.processbased.LaucherJUnitProcess.killProcess(LaucherJUnitProcess.java:181) - The Process that runs JUnit test cases did not terminate within waitTime of 10 seconds
[INFO ] fr.inria.astor.core.validation.processbased.LaucherJUnitProcess.killProcess(LaucherJUnitProcess.java:183) - Killed the Process that runs JUnit test cases 31053
[INFO ] fr.inria.astor.core.validation.processbased.LaucherJUnitProcess.killProcess(LaucherJUnitProcess.java:181) - The Process that runs JUnit test cases did not terminate within waitTime of 10 seconds
[INFO ] fr.inria.astor.core.validation.processbased.LaucherJUnitProcess.killProcess(LaucherJUnitProcess.java:183) - Killed the Process that runs JUnit test cases 34254
[INFO ] fr.inria.astor.core.validation.processbased.LaucherJUnitProcess.killProcess(LaucherJUnitProcess.java:181) - The Process that runs JUnit test cases did not terminate within waitTime of 10 seconds
[INFO ] fr.inria.astor.core.validation.processbased.LaucherJUnitProcess.killProcess(LaucherJUnitProcess.java:183) - Killed the Process that runs JUnit test cases 34346
[INFO ] fr.inria.astor.core.validation.processbased.LaucherJUnitProcess.killProcess(LaucherJUnitProcess.java:181) - The Process that runs JUnit test cases did not terminate within waitTime of 10 seconds
[INFO ] fr.inria.astor.core.validation.processbased.LaucherJUnitProcess.killProcess(LaucherJUnitProcess.java:183) - Killed the Process that runs JUnit test cases 34438
[INFO ] fr.inria.astor.core.validation.processbased.LaucherJUnitProcess.killProcess(LaucherJUnitProcess.java:181) - The Process that runs JUnit test cases did not terminate within waitTime of 10 seconds
[INFO ] fr.inria.astor.core.validation.processbased.LaucherJUnitProcess.killProcess(LaucherJUnitProcess.java:183) - Killed the Process that runs JUnit test cases 34891
[INFO ] fr.inria.astor.core.validation.processbased.LaucherJUnitProcess.killProcess(LaucherJUnitProcess.java:181) - The Process that runs JUnit test cases did not terminate within waitTime of 10 seconds
[INFO ] fr.inria.astor.core.validation.processbased.LaucherJUnitProcess.killProcess(LaucherJUnitProcess.java:183) - Killed the Process that runs JUnit test cases 35343
[INFO ] fr.inria.astor.core.validation.processbased.LaucherJUnitProcess.killProcess(LaucherJUnitProcess.java:181) - The Process that runs JUnit test cases did not terminate within waitTime of 10 seconds
[INFO ] fr.inria.astor.core.validation.processbased.LaucherJUnitProcess.killProcess(LaucherJUnitProcess.java:183) - Killed the Process that runs JUnit test cases 38498
[INFO ] fr.inria.astor.core.validation.processbased.LaucherJUnitProcess.killProcess(LaucherJUnitProcess.java:181) - The Process that runs JUnit test cases did not terminate within waitTime of 10 seconds
[INFO ] fr.inria.astor.core.validation.processbased.LaucherJUnitProcess.killProcess(LaucherJUnitProcess.java:183) - Killed the Process that runs JUnit test cases 40797
[INFO ] fr.inria.astor.core.validation.processbased.LaucherJUnitProcess.killProcess(LaucherJUnitProcess.java:181) - The Process that runs JUnit test cases did not terminate within waitTime of 10 seconds
[INFO ] fr.inria.astor.core.validation.processbased.LaucherJUnitProcess.killProcess(LaucherJUnitProcess.java:183) - Killed the Process that runs JUnit test cases 41159
[INFO ] fr.inria.astor.core.validation.processbased.LaucherJUnitProcess.killProcess(LaucherJUnitProcess.java:181) - The Process that runs JUnit test cases did not terminate within waitTime of 10 seconds
[INFO ] fr.inria.astor.core.validation.processbased.LaucherJUnitProcess.killProcess(LaucherJUnitProcess.java:183) - Killed the Process that runs JUnit test cases 41703
[INFO ] fr.inria.astor.core.validation.processbased.LaucherJUnitProcess.killProcess(LaucherJUnitProcess.java:181) - The Process that runs JUnit test cases did not terminate within waitTime of 10 seconds
[INFO ] fr.inria.astor.core.validation.processbased.LaucherJUnitProcess.killProcess(LaucherJUnitProcess.java:183) - Killed the Process that runs JUnit test cases 42516
[INFO ] fr.inria.astor.core.validation.processbased.LaucherJUnitProcess.killProcess(LaucherJUnitProcess.java:181) - The Process that runs JUnit test cases did not terminate within waitTime of 10 seconds
[INFO ] fr.inria.astor.core.validation.processbased.LaucherJUnitProcess.killProcess(LaucherJUnitProcess.java:183) - Killed the Process that runs JUnit test cases 43328
[INFO ] fr.inria.astor.core.validation.processbased.LaucherJUnitProcess.killProcess(LaucherJUnitProcess.java:181) - The Process that runs JUnit test cases did not terminate within waitTime of 10 seconds
[INFO ] fr.inria.astor.core.validation.processbased.LaucherJUnitProcess.killProcess(LaucherJUnitProcess.java:183) - Killed the Process that runs JUnit test cases 44185
[INFO ] fr.inria.astor.core.validation.processbased.LaucherJUnitProcess.killProcess(LaucherJUnitProcess.java:181) - The Process that runs JUnit test cases did not terminate within waitTime of 10 seconds
[INFO ] fr.inria.astor.core.validation.processbased.LaucherJUnitProcess.killProcess(LaucherJUnitProcess.java:183) - Killed the Process that runs JUnit test cases 44232
[INFO ] fr.inria.astor.core.validation.processbased.LaucherJUnitProcess.killProcess(LaucherJUnitProcess.java:181) - The Process that runs JUnit test cases did not terminate within waitTime of 10 seconds
[INFO ] fr.inria.astor.core.validation.processbased.LaucherJUnitProcess.killProcess(LaucherJUnitProcess.java:183) - Killed the Process that runs JUnit test cases 51303
[INFO ] fr.inria.astor.core.validation.processbased.LaucherJUnitProcess.killProcess(LaucherJUnitProcess.java:181) - The Process that runs JUnit test cases did not terminate within waitTime of 10 seconds
[INFO ] fr.inria.astor.core.validation.processbased.LaucherJUnitProcess.killProcess(LaucherJUnitProcess.java:183) - Killed the Process that runs JUnit test cases 52610
[INFO ] fr.inria.astor.core.validation.processbased.LaucherJUnitProcess.killProcess(LaucherJUnitProcess.java:181) - The Process that runs JUnit test cases did not terminate within waitTime of 10 seconds
[INFO ] fr.inria.astor.core.validation.processbased.LaucherJUnitProcess.killProcess(LaucherJUnitProcess.java:183) - Killed the Process that runs JUnit test cases 54188
[INFO ] fr.inria.astor.core.validation.processbased.LaucherJUnitProcess.killProcess(LaucherJUnitProcess.java:181) - The Process that runs JUnit test cases did not terminate within waitTime of 10 seconds
[INFO ] fr.inria.astor.core.validation.processbased.LaucherJUnitProcess.killProcess(LaucherJUnitProcess.java:183) - Killed the Process that runs JUnit test cases 54956
[INFO ] fr.inria.astor.core.validation.processbased.LaucherJUnitProcess.killProcess(LaucherJUnitProcess.java:181) - The Process that runs JUnit test cases did not terminate within waitTime of 10 seconds
[INFO ] fr.inria.astor.core.validation.processbased.LaucherJUnitProcess.killProcess(LaucherJUnitProcess.java:183) - Killed the Process that runs JUnit test cases 58110
[INFO ] fr.inria.astor.core.validation.processbased.LaucherJUnitProcess.killProcess(LaucherJUnitProcess.java:181) - The Process that runs JUnit test cases did not terminate within waitTime of 10 seconds
[INFO ] fr.inria.astor.core.validation.processbased.LaucherJUnitProcess.killProcess(LaucherJUnitProcess.java:183) - Killed the Process that runs JUnit test cases 59058
[INFO ] fr.inria.astor.core.validation.processbased.LaucherJUnitProcess.killProcess(LaucherJUnitProcess.java:181) - The Process that runs JUnit test cases did not terminate within waitTime of 10 seconds
[INFO ] fr.inria.astor.core.validation.processbased.LaucherJUnitProcess.killProcess(LaucherJUnitProcess.java:183) - Killed the Process that runs JUnit test cases 60231
[INFO ] fr.inria.astor.core.validation.processbased.LaucherJUnitProcess.killProcess(LaucherJUnitProcess.java:181) - The Process that runs JUnit test cases did not terminate within waitTime of 10 seconds
[INFO ] fr.inria.astor.core.validation.processbased.LaucherJUnitProcess.killProcess(LaucherJUnitProcess.java:183) - Killed the Process that runs JUnit test cases 64059
[INFO ] fr.inria.astor.core.validation.processbased.LaucherJUnitProcess.killProcess(LaucherJUnitProcess.java:181) - The Process that runs JUnit test cases did not terminate within waitTime of 10 seconds
[INFO ] fr.inria.astor.core.validation.processbased.LaucherJUnitProcess.killProcess(LaucherJUnitProcess.java:183) - Killed the Process that runs JUnit test cases 64692
[INFO ] fr.inria.astor.core.validation.processbased.LaucherJUnitProcess.killProcess(LaucherJUnitProcess.java:181) - The Process that runs JUnit test cases did not terminate within waitTime of 10 seconds
[INFO ] fr.inria.astor.core.validation.processbased.LaucherJUnitProcess.killProcess(LaucherJUnitProcess.java:183) - Killed the Process that runs JUnit test cases 65144
[INFO ] fr.inria.astor.core.validation.processbased.LaucherJUnitProcess.killProcess(LaucherJUnitProcess.java:181) - The Process that runs JUnit test cases did not terminate within waitTime of 10 seconds
[INFO ] fr.inria.astor.core.validation.processbased.LaucherJUnitProcess.killProcess(LaucherJUnitProcess.java:183) - Killed the Process that runs JUnit test cases 65641
[INFO ] fr.inria.astor.core.validation.processbased.LaucherJUnitProcess.killProcess(LaucherJUnitProcess.java:181) - The Process that runs JUnit test cases did not terminate within waitTime of 10 seconds
[INFO ] fr.inria.astor.core.validation.processbased.LaucherJUnitProcess.killProcess(LaucherJUnitProcess.java:183) - Killed the Process that runs JUnit test cases 67398
[INFO ] fr.inria.astor.core.validation.processbased.LaucherJUnitProcess.killProcess(LaucherJUnitProcess.java:181) - The Process that runs JUnit test cases did not terminate within waitTime of 10 seconds
[INFO ] fr.inria.astor.core.validation.processbased.LaucherJUnitProcess.killProcess(LaucherJUnitProcess.java:183) - Killed the Process that runs JUnit test cases 71589
[INFO ] fr.inria.astor.core.validation.processbased.LaucherJUnitProcess.killProcess(LaucherJUnitProcess.java:181) - The Process that runs JUnit test cases did not terminate within waitTime of 10 seconds
[INFO ] fr.inria.astor.core.validation.processbased.LaucherJUnitProcess.killProcess(LaucherJUnitProcess.java:183) - Killed the Process that runs JUnit test cases 71681
[INFO ] fr.inria.astor.core.validation.processbased.LaucherJUnitProcess.killProcess(LaucherJUnitProcess.java:181) - The Process that runs JUnit test cases did not terminate within waitTime of 10 seconds
[INFO ] fr.inria.astor.core.validation.processbased.LaucherJUnitProcess.killProcess(LaucherJUnitProcess.java:183) - Killed the Process that runs JUnit test cases 71908
[INFO ] fr.inria.astor.core.validation.processbased.LaucherJUnitProcess.killProcess(LaucherJUnitProcess.java:181) - The Process that runs JUnit test cases did not terminate within waitTime of 10 seconds
[INFO ] fr.inria.astor.core.validation.processbased.LaucherJUnitProcess.killProcess(LaucherJUnitProcess.java:183) - Killed the Process that runs JUnit test cases 72136
[INFO ] fr.inria.astor.core.validation.processbased.LaucherJUnitProcess.killProcess(LaucherJUnitProcess.java:181) - The Process that runs JUnit test cases did not terminate within waitTime of 10 seconds
[INFO ] fr.inria.astor.core.validation.processbased.LaucherJUnitProcess.killProcess(LaucherJUnitProcess.java:183) - Killed the Process that runs JUnit test cases 76101
[INFO ] fr.inria.astor.core.validation.processbased.LaucherJUnitProcess.killProcess(LaucherJUnitProcess.java:181) - The Process that runs JUnit test cases did not terminate within waitTime of 10 seconds
[INFO ] fr.inria.astor.core.validation.processbased.LaucherJUnitProcess.killProcess(LaucherJUnitProcess.java:183) - Killed the Process that runs JUnit test cases 79120
[INFO ] fr.inria.astor.core.validation.processbased.LaucherJUnitProcess.killProcess(LaucherJUnitProcess.java:181) - The Process that runs JUnit test cases did not terminate within waitTime of 10 seconds
[INFO ] fr.inria.astor.core.validation.processbased.LaucherJUnitProcess.killProcess(LaucherJUnitProcess.java:183) - Killed the Process that runs JUnit test cases 79842
[INFO ] fr.inria.astor.core.validation.processbased.LaucherJUnitProcess.killProcess(LaucherJUnitProcess.java:181) - The Process that runs JUnit test cases did not terminate within waitTime of 10 seconds
[INFO ] fr.inria.astor.core.validation.processbased.LaucherJUnitProcess.killProcess(LaucherJUnitProcess.java:183) - Killed the Process that runs JUnit test cases 80159
[INFO ] fr.inria.astor.core.solutionsearch.AstorCoreEngine.belowMaxTime(AstorCoreEngine.java:278) - 
 No more time for operating
[INFO ] fr.inria.astor.core.solutionsearch.AstorCoreEngine.atEnd(AstorCoreEngine.java:170) - Time Repair Loop (s): 7200.06
[INFO ] fr.inria.astor.core.solutionsearch.AstorCoreEngine.atEnd(AstorCoreEngine.java:172) - generationsexecuted: 4775
[INFO ] fr.inria.astor.core.solutionsearch.AstorCoreEngine.printFinalStatus(AstorCoreEngine.java:247) - 
----SUMMARY_EXECUTION---
[INFO ] fr.inria.astor.core.solutionsearch.AstorCoreEngine.atEnd(AstorCoreEngine.java:186) - 
 --SOLUTIONS DESCRIPTION--


Astor Output:

General stats:
EXECUTION_IDENTIFIER=Math-17
TOTAL_TIME=7200.06
NR_GENERATIONS=4775
NR_RIGHT_COMPILATIONS=3968
NR_FAILLING_COMPILATIONS=807
NR_ERRONEOUS_VARIANCES=null
NR_FAILING_VALIDATION_PROCESS=null
OUTPUT_STATUS=TIME_OUT

Patch stats:

[INFO ] fr.inria.main.evolution.AstorMain.run(AstorMain.java:200) - Time Total(s): 8199.309


Node: fd4bd9415316



Date: Mon Sep  9 03:52:28 EDT 2019

cd /script/jGenProg_Defects4J_Math_17;
export JAVA_TOOL_OPTIONS="-Dfile.encoding=UTF8 -Duser.language=en-US -Duser.country=US -Duser.language=en";
TZ="America/New_York"; export TZ;
export PATH="/usr/lib/jvm/java-1.8.0-openjdk-amd64/bin/:$PATH";
export JAVA_HOME="/usr/lib/jvm/java-1.8.0-openjdk-amd64/bin/";
java -Xmx4048m -cp /script/libs/jtestex7.jar:/astor/target/astor-0.0.2-SNAPSHOT-jar-with-dependencies.jar fr.inria.main.evolution.AstorMain \
	-mode jgenprog \
	-location . \
	-id Math-17 \
	-failing org.apache.commons.math3.dfp.DfpTest \
	-jvm4testexecution /usr/lib/jvm/java-1.7.0-openjdk-amd64/bin/ \
	-jvm4evosuitetestexecution /usr/lib/jvm/java-1.7.0-openjdk-amd64/bin/ \
	-maxgen 1000000 \
	-maxtime 120 \
	-stopfirst true \
	-seed 0 \
	-scope package \
	-population 1 \
	-javacompliancelevel 5 \
	-srcjavafolder src/main/java/ \
	-srctestfolder src/test/java/ \
	-binjavafolder target/classes/ \
	-bintestfolder target/test-classes/ \
	-parameters x:x \
	-dependencies /script/jGenProg_Defects4J_Math_17/target/classes/:/script/jGenProg_Defects4J_Math_17/target/test-classes/:/defects4j/framework/projects/lib/junit-4.11.jar;
	echo "\n\nNode: `hostname`\n";
	echo "\n\nDate: `date`\n";

