Determine revision date.................................................... OK
Picked up JAVA_TOOL_OPTIONS: -Dfile.encoding=UTF8 -Duser.language=en-US -Duser.country=US -Duser.language=en
log4j:ERROR setFile(null,true) call failed.
java.io.FileNotFoundException:  (No such file or directory)
	at java.io.FileOutputStream.open0(Native Method)
	at java.io.FileOutputStream.open(FileOutputStream.java:270)
	at java.io.FileOutputStream.<init>(FileOutputStream.java:213)
	at java.io.FileOutputStream.<init>(FileOutputStream.java:133)
	at org.apache.log4j.FileAppender.setFile(FileAppender.java:294)
	at org.apache.log4j.RollingFileAppender.setFile(RollingFileAppender.java:207)
	at org.apache.log4j.FileAppender.activateOptions(FileAppender.java:165)
	at org.apache.log4j.config.PropertySetter.activate(PropertySetter.java:307)
	at org.apache.log4j.config.PropertySetter.setProperties(PropertySetter.java:172)
	at org.apache.log4j.config.PropertySetter.setProperties(PropertySetter.java:104)
	at org.apache.log4j.PropertyConfigurator.parseAppender(PropertyConfigurator.java:842)
	at org.apache.log4j.PropertyConfigurator.parseCategory(PropertyConfigurator.java:768)
	at org.apache.log4j.PropertyConfigurator.parseCatsAndRenderers(PropertyConfigurator.java:672)
	at org.apache.log4j.PropertyConfigurator.doConfigure(PropertyConfigurator.java:516)
	at org.apache.log4j.PropertyConfigurator.doConfigure(PropertyConfigurator.java:580)
	at org.apache.log4j.helpers.OptionConverter.selectAndConfigure(OptionConverter.java:526)
	at org.apache.log4j.LogManager.<clinit>(LogManager.java:127)
	at org.apache.log4j.Logger.getLogger(Logger.java:117)
	at fr.inria.astor.core.setup.ConfigurationProperties.<clinit>(ConfigurationProperties.java:16)
	at fr.inria.main.AbstractMain.<clinit>(AbstractMain.java:99)
2019-09-28 05:06:36,628 INFO fr.inria.astor.core.setup.ProjectConfiguration - Version of the JVM used: 1.7.0_181
2019-09-28 05:06:36,629 INFO main - Java version of the JDK used to run tests: 1.7.0_181
2019-09-28 05:06:36,629 INFO main - The compliance of the JVM is:  7
2019-09-28 05:06:36,631 INFO main - command line arguments: [-mode  jgenprog  -location  .  -id  Mockito-11  -failing  org.mockito.internal.creation.DelegatingMethodTest  -jvm4testexecution  /usr/lib/jvm/java-1.7.0-openjdk-amd64/bin/  -jvm4evosuitetestexecution  /usr/lib/jvm/java-1.7.0-openjdk-amd64/bin/  -maxgen  1000000  -maxtime  120  -stopfirst  true  -seed  0  -scope  package  -population  1  -javacompliancelevel  5  -srcjavafolder  src  -srctestfolder  test  -binjavafolder  build/classes/main/  -bintestfolder  build/classes/test/  -parameters  x:x  -dependencies  /script/jGenProg_Defects4J_Mockito_11/build/classes/main/:/script/jGenProg_Defects4J_Mockito_11/build/classes/test/:/script/jGenProg_Defects4J_Mockito_11/lib/build/ant-googlecode-0.0.3.jar:/script/jGenProg_Defects4J_Mockito_11/lib/build/ant4hg-V0.07.jar:/script/jGenProg_Defects4J_Mockito_11/lib/build/asm-3.1.jar:/script/jGenProg_Defects4J_Mockito_11/lib/build/bnd-0.0.313.jar:/script/jGenProg_Defects4J_Mockito_11/lib/build/jarjar-1.0.jar:/script/jGenProg_Defects4J_Mockito_11/lib/build/jaxen-1.1.1.jar:/script/jGenProg_Defects4J_Mockito_11/lib/build/maven-ant-tasks-2.0.9.jar:/script/jGenProg_Defects4J_Mockito_11/lib/build/pmd-4.1.jar:/script/jGenProg_Defects4J_Mockito_11/lib/build/sorcerer.jar:/script/jGenProg_Defects4J_Mockito_11/lib/repackaged/cglib-and-asm-1.0.jar:/script/jGenProg_Defects4J_Mockito_11/lib/run/com.springsource.org.hamcrest.core-1.1.0.jar:/script/jGenProg_Defects4J_Mockito_11/lib/run/objenesis-2.1.jar:/script/jGenProg_Defects4J_Mockito_11/lib/sources/cglib-and-asm-1.0-sources.jar:/script/jGenProg_Defects4J_Mockito_11/lib/sources/com.springsource.org.hamcrest.core-1.1.0-sources.jar:/script/jGenProg_Defects4J_Mockito_11/lib/sources/objenesis-2.1-sources.jar:/script/jGenProg_Defects4J_Mockito_11/lib/test/fest-assert-1.3.jar:/script/jGenProg_Defects4J_Mockito_11/lib/test/fest-util-1.1.4.jar:/script/jGenProg_Defects4J_Mockito_11/lib/test/powermock-reflect-1.2.5.jar:/defects4j/framework/projects/Mockito/lib/asm-all-5.0.4.jar:/defects4j/framework/projects/Mockito/lib/assertj-core-2.1.0.jar:/defects4j/framework/projects/Mockito/lib/cglib-and-asm-1.0.jar:/defects4j/framework/projects/Mockito/lib/cobertura-2.0.3.jar:/defects4j/framework/projects/Mockito/lib/fest-assert-1.3.jar:/defects4j/framework/projects/Mockito/lib/fest-util-1.1.4.jar:/defects4j/framework/projects/Mockito/lib/hamcrest-all-1.3.jar:/defects4j/framework/projects/Mockito/lib/hamcrest-core-1.1.jar:/defects4j/framework/projects/Mockito/lib/objenesis-2.1.jar:/defects4j/framework/projects/Mockito/lib/objenesis-2.2.jar:/defects4j/framework/projects/Mockito/lib/powermock-reflect-1.2.5.jar:/defects4j/framework/projects/lib/cobertura-2.0.3.jar:/defects4j/framework/projects/lib/junit-4.11.jar]
2019-09-28 05:06:36,633 INFO fr.inria.main.evolution.AstorMain - Running Astor on a JDK at /usr/lib/jvm/java-8-openjdk-amd64/jre
[INFO ] fr.inria.main.AbstractMain.determineSourceFolders(AbstractMain.java:960) - Source folders: [/script/jGenProg_Defects4J_Mockito_11/./src]
[INFO ] fr.inria.main.AbstractMain.determineSourceFolders(AbstractMain.java:979) - Source Test folders: [/script/jGenProg_Defects4J_Mockito_11/./test]
[INFO ] fr.inria.astor.core.faultlocalization.gzoltar.GZoltarFaultLocalization.calculateSuspicious(GZoltarFaultLocalization.java:74) - -Executing Gzoltar classpath: /script/jGenProg_Defects4J_Mockito_11/./output_astor/AstorMain-Mockito-11//bin//default from 522 classes with test cases
[INFO ] fr.inria.astor.core.faultlocalization.gzoltar.GZoltarFaultLocalization.searchSuspicious(GZoltarFaultLocalization.java:154) - Gzoltar fault localization: min susp value parameter: 0.1
[INFO ] fr.inria.astor.core.faultlocalization.gzoltar.GZoltarFaultLocalization.searchSuspicious(GZoltarFaultLocalization.java:174) - -gz-Adding classpath: [/script/jGenProg_Defects4J_Mockito_11/./output_astor/AstorMain-Mockito-11//bin//default, /script/jGenProg_Defects4J_Mockito_11/build/classes/main/, /script/jGenProg_Defects4J_Mockito_11/build/classes/test/, /script/jGenProg_Defects4J_Mockito_11/lib/build/ant-googlecode-0.0.3.jar, /script/jGenProg_Defects4J_Mockito_11/lib/build/ant4hg-V0.07.jar, /script/jGenProg_Defects4J_Mockito_11/lib/build/asm-3.1.jar, /script/jGenProg_Defects4J_Mockito_11/lib/build/bnd-0.0.313.jar, /script/jGenProg_Defects4J_Mockito_11/lib/build/jarjar-1.0.jar, /script/jGenProg_Defects4J_Mockito_11/lib/build/jaxen-1.1.1.jar, /script/jGenProg_Defects4J_Mockito_11/lib/build/maven-ant-tasks-2.0.9.jar, /script/jGenProg_Defects4J_Mockito_11/lib/build/pmd-4.1.jar, /script/jGenProg_Defects4J_Mockito_11/lib/build/sorcerer.jar, /script/jGenProg_Defects4J_Mockito_11/lib/repackaged/cglib-and-asm-1.0.jar, /script/jGenProg_Defects4J_Mockito_11/lib/run/com.springsource.org.hamcrest.core-1.1.0.jar, /script/jGenProg_Defects4J_Mockito_11/lib/run/objenesis-2.1.jar, /script/jGenProg_Defects4J_Mockito_11/lib/sources/cglib-and-asm-1.0-sources.jar, /script/jGenProg_Defects4J_Mockito_11/lib/sources/com.springsource.org.hamcrest.core-1.1.0-sources.jar, /script/jGenProg_Defects4J_Mockito_11/lib/sources/objenesis-2.1-sources.jar, /script/jGenProg_Defects4J_Mockito_11/lib/test/fest-assert-1.3.jar, /script/jGenProg_Defects4J_Mockito_11/lib/test/fest-util-1.1.4.jar, /script/jGenProg_Defects4J_Mockito_11/lib/test/powermock-reflect-1.2.5.jar, /defects4j/framework/projects/Mockito/lib/asm-all-5.0.4.jar, /defects4j/framework/projects/Mockito/lib/assertj-core-2.1.0.jar, /defects4j/framework/projects/Mockito/lib/cglib-and-asm-1.0.jar, /defects4j/framework/projects/Mockito/lib/cobertura-2.0.3.jar, /defects4j/framework/projects/Mockito/lib/fest-assert-1.3.jar, /defects4j/framework/projects/Mockito/lib/fest-util-1.1.4.jar, /defects4j/framework/projects/Mockito/lib/hamcrest-all-1.3.jar, /defects4j/framework/projects/Mockito/lib/hamcrest-core-1.1.jar, /defects4j/framework/projects/Mockito/lib/objenesis-2.1.jar, /defects4j/framework/projects/Mockito/lib/objenesis-2.2.jar, /defects4j/framework/projects/Mockito/lib/powermock-reflect-1.2.5.jar, /defects4j/framework/projects/lib/cobertura-2.0.3.jar, /defects4j/framework/projects/lib/junit-4.11.jar]
[INFO ] fr.inria.astor.core.faultlocalization.gzoltar.GZoltarFaultLocalization.searchSuspicious(GZoltarFaultLocalization.java:214) - Test failt: org.mockito.internal.util.MockUtilTest#should_not_redefine_MockName_if_default
[INFO ] fr.inria.astor.core.faultlocalization.gzoltar.GZoltarFaultLocalization.searchSuspicious(GZoltarFaultLocalization.java:214) - Test failt: org.mockito.internal.util.MockUtilTest#should_redefine_MockName_if_default
[INFO ] fr.inria.astor.core.faultlocalization.gzoltar.GZoltarFaultLocalization.searchSuspicious(GZoltarFaultLocalization.java:214) - Test failt: org.mockito.internal.configuration.MockInjectionTest#can_try_property_or_setter_injection
[INFO ] fr.inria.astor.core.faultlocalization.gzoltar.GZoltarFaultLocalization.searchSuspicious(GZoltarFaultLocalization.java:214) - Test failt: org.mockitousage.basicapi.MockingMultipleInterfacesTest#should_mock_class_with_interfaces_of_different_class_loader_AND_different_classpaths
[INFO ] fr.inria.astor.core.faultlocalization.gzoltar.GZoltarFaultLocalization.searchSuspicious(GZoltarFaultLocalization.java:214) - Test failt: org.mockito.internal.util.collections.HashCodeAndEqualsSafeSetTest#can_iterate
[INFO ] fr.inria.astor.core.faultlocalization.gzoltar.GZoltarFaultLocalization.searchSuspicious(GZoltarFaultLocalization.java:214) - Test failt: org.mockito.internal.util.collections.HashCodeAndEqualsSafeSetTest#toArray_just_work
[INFO ] fr.inria.astor.core.faultlocalization.gzoltar.GZoltarFaultLocalization.searchSuspicious(GZoltarFaultLocalization.java:214) - Test failt: org.mockito.internal.util.reflection.GenericMetadataSupportTest#paramType_with_wildcard_return_type_of____returning_wildcard_with_class_lower_bound____resolved_to_List_and_type_argument_to_Integer
[INFO ] fr.inria.astor.core.faultlocalization.gzoltar.GZoltarFaultLocalization.searchSuspicious(GZoltarFaultLocalization.java:214) - Test failt: org.mockito.internal.util.reflection.GenericMetadataSupportTest#paramType_with_wildcard_return_type_of____returning_wildcard_with_typeVar_upper_bound____resolved_to_List_and_type_argument_to_Integer
[INFO ] fr.inria.astor.core.faultlocalization.gzoltar.GZoltarFaultLocalization.searchSuspicious(GZoltarFaultLocalization.java:214) - Test failt: org.mockito.internal.util.reflection.GenericMetadataSupportTest#can_get_raw_type_from_Class
[INFO ] fr.inria.astor.core.faultlocalization.gzoltar.GZoltarFaultLocalization.searchSuspicious(GZoltarFaultLocalization.java:214) - Test failt: org.mockito.internal.util.reflection.GenericMetadataSupportTest#bounded_typeVariable_return_type_of____returningK____resolved_to_Comparable_and_with_BoundedType
[INFO ] fr.inria.astor.core.faultlocalization.gzoltar.GZoltarFaultLocalization.searchSuspicious(GZoltarFaultLocalization.java:214) - Test failt: org.mockito.internal.util.reflection.GenericMetadataSupportTest#can_get_type_variables_from_Class
[INFO ] fr.inria.astor.core.faultlocalization.gzoltar.GZoltarFaultLocalization.searchSuspicious(GZoltarFaultLocalization.java:214) - Test failt: org.mockito.internal.util.reflection.GenericMetadataSupportTest#typeVariable_return_type_of____get____resolved_to_Set_and_type_argument_to_Number
[INFO ] fr.inria.astor.core.faultlocalization.gzoltar.GZoltarFaultLocalization.searchSuspicious(GZoltarFaultLocalization.java:214) - Test failt: org.mockito.internal.util.reflection.GenericMetadataSupportTest#class_return_type_of____append____resolved_to_StringBuilder_and_type_arguments
[INFO ] fr.inria.astor.core.faultlocalization.gzoltar.GZoltarFaultLocalization.searchSuspicious(GZoltarFaultLocalization.java:214) - Test failt: org.mockito.internal.util.reflection.GenericMetadataSupportTest#can_get_type_variables_from_ParameterizedType
[INFO ] fr.inria.astor.core.faultlocalization.gzoltar.GZoltarFaultLocalization.searchSuspicious(GZoltarFaultLocalization.java:214) - Test failt: org.mockito.internal.util.reflection.GenericMetadataSupportTest#fixed_ParamType_return_type_of____remove____resolved_to_Set_and_type_argument_to_Number
[INFO ] fr.inria.astor.core.faultlocalization.gzoltar.GZoltarFaultLocalization.searchSuspicious(GZoltarFaultLocalization.java:214) - Test failt: org.mockito.internal.util.reflection.GenericMetadataSupportTest#typeVariable_return_type_of____iterator____resolved_to_Iterator_and_type_argument_to_String
[INFO ] fr.inria.astor.core.faultlocalization.gzoltar.GZoltarFaultLocalization.searchSuspicious(GZoltarFaultLocalization.java:214) - Test failt: org.mockito.internal.util.reflection.GenericMetadataSupportTest#typeVariable_with_type_parameters_return_type_of____typeVar_with_type_params____resolved_K_hence_to_Comparable_and_with_BoundedType
[INFO ] fr.inria.astor.core.faultlocalization.gzoltar.GZoltarFaultLocalization.searchSuspicious(GZoltarFaultLocalization.java:214) - Test failt: org.mockito.internal.util.reflection.GenericMetadataSupportTest#paramType_return_type_of____values____resolved_to_Collection_and_type_argument_to_Parameterized_Set
[INFO ] fr.inria.astor.core.faultlocalization.gzoltar.GZoltarFaultLocalization.searchSuspicious(GZoltarFaultLocalization.java:214) - Test failt: org.mockito.internal.util.reflection.GenericMetadataSupportTest#paramType_with_wildcard_return_type_of____returning_wildcard_with_typeVar_lower_bound____resolved_to_List_and_type_argument_to_Integer
[INFO ] fr.inria.astor.core.faultlocalization.gzoltar.GZoltarFaultLocalization.searchSuspicious(GZoltarFaultLocalization.java:214) - Test failt: org.mockito.internal.util.reflection.GenericMetadataSupportTest#paramType_with_type_parameters_return_type_of____paramType_with_type_params____resolved_to_Collection_and_type_argument_to_Parameterized_Set
[INFO ] fr.inria.astor.core.faultlocalization.gzoltar.GZoltarFaultLocalization.searchSuspicious(GZoltarFaultLocalization.java:214) - Test failt: org.mockito.internal.util.reflection.GenericMetadataSupportTest#can_get_raw_type_from_ParameterizedType
[INFO ] fr.inria.astor.core.faultlocalization.gzoltar.GZoltarFaultLocalization.searchSuspicious(GZoltarFaultLocalization.java:214) - Test failt: org.mockitoutil.ClassLoadersTest#isolated_class_loader_can_load_all_classes_unless_all_classes_mathch_the_prefixes
[INFO ] fr.inria.astor.core.faultlocalization.gzoltar.GZoltarFaultLocalization.searchSuspicious(GZoltarFaultLocalization.java:214) - Test failt: org.mockitoutil.ClassLoadersTest#can_load_a_class_in_memory_from_bytes
[INFO ] fr.inria.astor.core.faultlocalization.gzoltar.GZoltarFaultLocalization.searchSuspicious(GZoltarFaultLocalization.java:214) - Test failt: org.mockito.internal.creation.MockSettingsImplTest#shouldAddVerboseLoggingListenerOnlyOnce
[INFO ] fr.inria.astor.core.faultlocalization.gzoltar.GZoltarFaultLocalization.searchSuspicious(GZoltarFaultLocalization.java:214) - Test failt: org.mockito.internal.creation.MockSettingsImplTest#shouldAddVerboseLoggingListener
[INFO ] fr.inria.astor.core.faultlocalization.gzoltar.GZoltarFaultLocalization.searchSuspicious(GZoltarFaultLocalization.java:214) - Test failt: org.mockito.internal.creation.MockSettingsImplTest#shouldAddInvocationListener
[INFO ] fr.inria.astor.core.faultlocalization.gzoltar.GZoltarFaultLocalization.searchSuspicious(GZoltarFaultLocalization.java:214) - Test failt: org.mockitousage.matchers.CapturingArgumentsTest#should_capture_when_stubbing_only_when_entire_invocation_matches
[INFO ] fr.inria.astor.core.faultlocalization.gzoltar.GZoltarFaultLocalization.searchSuspicious(GZoltarFaultLocalization.java:214) - Test failt: org.mockitousage.stubbing.StubbingWithAdditionalAnswers#can_return_arguments_of_invocation
[INFO ] fr.inria.astor.core.faultlocalization.gzoltar.GZoltarFaultLocalization.searchSuspicious(GZoltarFaultLocalization.java:214) - Test failt: org.mockitousage.stubbing.StubbingWithAdditionalAnswers#can_return_expanded_arguments_of_invocation
[INFO ] fr.inria.astor.core.faultlocalization.gzoltar.GZoltarFaultLocalization.searchSuspicious(GZoltarFaultLocalization.java:214) - Test failt: org.mockito.internal.util.reflection.FieldsTest#can_get_list_of_InstanceField
[INFO ] fr.inria.astor.core.faultlocalization.gzoltar.GZoltarFaultLocalization.searchSuspicious(GZoltarFaultLocalization.java:214) - Test failt: org.mockito.internal.util.reflection.FieldsTest#can_get_values_of_instance_fields
[INFO ] fr.inria.astor.core.faultlocalization.gzoltar.GZoltarFaultLocalization.searchSuspicious(GZoltarFaultLocalization.java:214) - Test failt: org.mockito.internal.util.reflection.FieldsTest#fields_should_return_all_declared_fields_in_hierarchy
[INFO ] fr.inria.astor.core.faultlocalization.gzoltar.GZoltarFaultLocalization.searchSuspicious(GZoltarFaultLocalization.java:214) - Test failt: org.mockito.internal.util.reflection.FieldsTest#can_filter_not_null_fields
[INFO ] fr.inria.astor.core.faultlocalization.gzoltar.GZoltarFaultLocalization.searchSuspicious(GZoltarFaultLocalization.java:214) - Test failt: org.mockito.internal.util.reflection.FieldsTest#fields_should_return_declared_fields
[INFO ] fr.inria.astor.core.faultlocalization.gzoltar.GZoltarFaultLocalization.searchSuspicious(GZoltarFaultLocalization.java:214) - Test failt: org.mockito.internal.creation.DelegatingMethodTest#equals_should_return_true_when_equal
[INFO ] fr.inria.astor.core.faultlocalization.gzoltar.GZoltarFaultLocalization.searchSuspicious(GZoltarFaultLocalization.java:214) - Test failt: org.mockito.internal.creation.DelegatingMethodTest#equals_should_return_true_when_self
[INFO ] fr.inria.astor.core.faultlocalization.gzoltar.GZoltarFaultLocalization.searchSuspicious(GZoltarFaultLocalization.java:214) - Test failt: org.mockito.internal.stubbing.answers.ReturnsArgumentAtTest#should_be_able_to_return_the_second_parameter
[INFO ] fr.inria.astor.core.faultlocalization.gzoltar.GZoltarFaultLocalization.searchSuspicious(GZoltarFaultLocalization.java:214) - Test failt: org.mockito.internal.stubbing.answers.ReturnsArgumentAtTest#should_be_able_to_return_the_last_parameter
[INFO ] fr.inria.astor.core.faultlocalization.gzoltar.GZoltarFaultLocalization.searchSuspicious(GZoltarFaultLocalization.java:214) - Test failt: org.mockito.internal.stubbing.answers.ReturnsArgumentAtTest#should_be_able_to_return_the_specified_parameter
[INFO ] fr.inria.astor.core.faultlocalization.gzoltar.GZoltarFaultLocalization.searchSuspicious(GZoltarFaultLocalization.java:214) - Test failt: org.mockito.internal.stubbing.answers.ReturnsArgumentAtTest#should_be_able_to_return_the_first_parameter
[INFO ] fr.inria.astor.core.faultlocalization.gzoltar.GZoltarFaultLocalization.searchSuspicious(GZoltarFaultLocalization.java:214) - Test failt: org.mockitousage.debugging.InvocationListenerCallbackTest#should_call_single_listener_when_mock_return_normally
[INFO ] fr.inria.astor.core.faultlocalization.gzoltar.GZoltarFaultLocalization.searchSuspicious(GZoltarFaultLocalization.java:214) - Test failt: org.mockitousage.debugging.InvocationListenerCallbackTest#should_call_all_listener_when_mock_return_normally
[INFO ] fr.inria.astor.core.faultlocalization.gzoltar.GZoltarFaultLocalization.searchSuspicious(GZoltarFaultLocalization.java:214) - Test failt: org.mockito.internal.debugging.VerboseMockInvocationLoggerTest#should_print_to_system_out
[INFO ] fr.inria.astor.core.faultlocalization.gzoltar.GZoltarFaultLocalization.searchSuspicious(GZoltarFaultLocalization.java:226) - Gzoltar Test Result Total:1323, fails: 43, GZoltar suspicious 6252, with positive susp 3331
[INFO ] fr.inria.astor.core.faultlocalization.gzoltar.GZoltarFaultLocalization.searchSuspicious(GZoltarFaultLocalization.java:234) - nr test results 1323
[INFO ] fr.inria.astor.core.faultlocalization.gzoltar.GZoltarFaultLocalization.searchSuspicious(GZoltarFaultLocalization.java:289) - Gzoltar found: 200 with susp > 0.1, we consider: 200
[INFO ] fr.inria.astor.core.solutionsearch.AstorCoreEngine.calculateSuspicious(AstorCoreEngine.java:955) - Setting up the max to 187370 milliseconds (187 sec)
[INFO ] fr.inria.astor.core.solutionsearch.AstorCoreEngine.initPopulation(AstorCoreEngine.java:709) - 
---- Creating spoon model
[INFO ] fr.inria.astor.core.solutionsearch.AstorCoreEngine.initModel(AstorCoreEngine.java:801) - Creating model,  Code location from working folder: /script/jGenProg_Defects4J_Mockito_11/./src
[INFO ] fr.inria.astor.core.manipulation.MutationSupporter.buildModel(MutationSupporter.java:66) - building model: /script/jGenProg_Defects4J_Mockito_11/./src, compliance level: 5
[INFO ] fr.inria.astor.core.manipulation.MutationSupporter.buildModel(MutationSupporter.java:80) - Classpath (Dependencies) for building SpoonModel: [/script/jGenProg_Defects4J_Mockito_11/build/classes/main/, /script/jGenProg_Defects4J_Mockito_11/build/classes/test/, /script/jGenProg_Defects4J_Mockito_11/lib/build/ant-googlecode-0.0.3.jar, /script/jGenProg_Defects4J_Mockito_11/lib/build/ant4hg-V0.07.jar, /script/jGenProg_Defects4J_Mockito_11/lib/build/asm-3.1.jar, /script/jGenProg_Defects4J_Mockito_11/lib/build/bnd-0.0.313.jar, /script/jGenProg_Defects4J_Mockito_11/lib/build/jarjar-1.0.jar, /script/jGenProg_Defects4J_Mockito_11/lib/build/jaxen-1.1.1.jar, /script/jGenProg_Defects4J_Mockito_11/lib/build/maven-ant-tasks-2.0.9.jar, /script/jGenProg_Defects4J_Mockito_11/lib/build/pmd-4.1.jar, /script/jGenProg_Defects4J_Mockito_11/lib/build/sorcerer.jar, /script/jGenProg_Defects4J_Mockito_11/lib/repackaged/cglib-and-asm-1.0.jar, /script/jGenProg_Defects4J_Mockito_11/lib/run/com.springsource.org.hamcrest.core-1.1.0.jar, /script/jGenProg_Defects4J_Mockito_11/lib/run/objenesis-2.1.jar, /script/jGenProg_Defects4J_Mockito_11/lib/sources/cglib-and-asm-1.0-sources.jar, /script/jGenProg_Defects4J_Mockito_11/lib/sources/com.springsource.org.hamcrest.core-1.1.0-sources.jar, /script/jGenProg_Defects4J_Mockito_11/lib/sources/objenesis-2.1-sources.jar, /script/jGenProg_Defects4J_Mockito_11/lib/test/fest-assert-1.3.jar, /script/jGenProg_Defects4J_Mockito_11/lib/test/fest-util-1.1.4.jar, /script/jGenProg_Defects4J_Mockito_11/lib/test/powermock-reflect-1.2.5.jar, /defects4j/framework/projects/Mockito/lib/asm-all-5.0.4.jar, /defects4j/framework/projects/Mockito/lib/assertj-core-2.1.0.jar, /defects4j/framework/projects/Mockito/lib/cglib-and-asm-1.0.jar, /defects4j/framework/projects/Mockito/lib/cobertura-2.0.3.jar, /defects4j/framework/projects/Mockito/lib/fest-assert-1.3.jar, /defects4j/framework/projects/Mockito/lib/fest-util-1.1.4.jar, /defects4j/framework/projects/Mockito/lib/hamcrest-all-1.3.jar, /defects4j/framework/projects/Mockito/lib/hamcrest-core-1.1.jar, /defects4j/framework/projects/Mockito/lib/objenesis-2.1.jar, /defects4j/framework/projects/Mockito/lib/objenesis-2.2.jar, /defects4j/framework/projects/Mockito/lib/powermock-reflect-1.2.5.jar, /defects4j/framework/projects/lib/cobertura-2.0.3.jar, /defects4j/framework/projects/lib/junit-4.11.jar]
[INFO ] fr.inria.astor.core.solutionsearch.AstorCoreEngine.initModel(AstorCoreEngine.java:836) - Number of CtTypes created: 306
[INFO ] fr.inria.astor.core.solutionsearch.AstorCoreEngine.initPopulation(AstorCoreEngine.java:713) - 
---- Initial suspicious size: 200
[INFO ] fr.inria.astor.core.solutionsearch.population.ProgramVariantFactory.createModificationPoints(ProgramVariantFactory.java:223) -  Not ctClass for suspicious code Candidate [className=org.fest.assertions.Assertions, methodName=assertThat(Ljava/lang/Object;)Lorg/fest/assertions/ObjectAssert;, lineNumber=313, susp=0.6960575579871306]
[INFO ] fr.inria.astor.core.solutionsearch.population.ProgramVariantFactory.createModificationPoints(ProgramVariantFactory.java:223) -  Not ctClass for suspicious code Candidate [className=org.fest.assertions.Assertions, methodName=assertThat(Ljava/util/List;)Lorg/fest/assertions/ListAssert;, lineNumber=159, susp=0.286183350337002]
[INFO ] fr.inria.astor.core.solutionsearch.population.ProgramVariantFactory.createModificationPoints(ProgramVariantFactory.java:223) -  Not ctClass for suspicious code Candidate [className=org.fest.assertions.Assertions, methodName=assertThat(Ljava/util/Collection;)Lorg/fest/assertions/CollectionAssert;, lineNumber=149, susp=0.2727977357881894]
[INFO ] fr.inria.astor.core.solutionsearch.population.ProgramVariantFactory.createModificationPoints(ProgramVariantFactory.java:223) -  Not ctClass for suspicious code Candidate [className=org.mockito.internal.invocation.InvocationBuilder, methodName=argTypes([Ljava/lang/Class;)Lorg/mockito/internal/invocation/InvocationBuilder;, lineNumber=114, susp=0.230556167081694]
[INFO ] fr.inria.astor.core.solutionsearch.population.ProgramVariantFactory.createModificationPoints(ProgramVariantFactory.java:223) -  Not ctClass for suspicious code Candidate [className=org.mockito.internal.invocation.InvocationBuilder, methodName=argTypes([Ljava/lang/Class;)Lorg/mockito/internal/invocation/InvocationBuilder;, lineNumber=115, susp=0.230556167081694]
[INFO ] fr.inria.astor.core.solutionsearch.population.ProgramVariantFactory.createModificationPoints(ProgramVariantFactory.java:223) -  Not ctClass for suspicious code Candidate [className=org.mockitoutil.ClassLoaders$InMemoryClassLoader, methodName=findClass(Ljava/lang/String;)Ljava/lang/Class;, lineNumber=98, susp=0.21566554640687682]
[INFO ] fr.inria.astor.core.solutionsearch.population.ProgramVariantFactory.createModificationPoints(ProgramVariantFactory.java:223) -  Not ctClass for suspicious code Candidate [className=org.mockitoutil.ClassLoaders$InMemoryClassLoader, methodName=findClass(Ljava/lang/String;)Ljava/lang/Class;, lineNumber=96, susp=0.17609018126512477]
[INFO ] fr.inria.astor.core.solutionsearch.population.ProgramVariantFactory.createModificationPoints(ProgramVariantFactory.java:223) -  Not ctClass for suspicious code Candidate [className=org.mockitoutil.ClassLoaders$InMemoryClassLoader, methodName=findClass(Ljava/lang/String;)Ljava/lang/Class;, lineNumber=97, susp=0.17609018126512477]
[INFO ] fr.inria.astor.core.solutionsearch.population.ProgramVariantFactory.createModificationPoints(ProgramVariantFactory.java:223) -  Not ctClass for suspicious code Candidate [className=org.mockitoutil.ClassLoaders$InMemoryClassLoaderBuilder, methodName=withClassDefinition(Ljava/lang/String;[B)Lorg/mockitoutil/ClassLoaders$InMemoryClassLoaderBuilder;, lineNumber=79, susp=0.17609018126512477]
[INFO ] fr.inria.astor.core.solutionsearch.population.ProgramVariantFactory.createModificationPoints(ProgramVariantFactory.java:223) -  Not ctClass for suspicious code Candidate [className=org.mockitoutil.ClassLoaders$InMemoryClassLoaderBuilder, methodName=withClassDefinition(Ljava/lang/String;[B)Lorg/mockitoutil/ClassLoaders$InMemoryClassLoaderBuilder;, lineNumber=80, susp=0.17609018126512477]
[INFO ] fr.inria.astor.core.solutionsearch.population.ProgramVariantFactory.createModificationPoints(ProgramVariantFactory.java:223) -  Not ctClass for suspicious code Candidate [className=org.mockitoutil.ClassLoaders$InMemoryClassLoaderBuilder, methodName=build()Ljava/lang/ClassLoader;, lineNumber=84, susp=0.17609018126512477]
[INFO ] fr.inria.astor.core.solutionsearch.population.ProgramVariantFactory.createModificationPoints(ProgramVariantFactory.java:223) -  Not ctClass for suspicious code Candidate [className=org.mockitoutil.ClassLoaders, methodName=inMemoryClassLoader()Lorg/mockitoutil/ClassLoaders$InMemoryClassLoaderBuilder;, lineNumber=22, susp=0.17609018126512477]
[INFO ] fr.inria.astor.core.solutionsearch.population.ProgramVariantFactory.createModificationPoints(ProgramVariantFactory.java:223) -  Not ctClass for suspicious code Candidate [className=org.mockitoutil.SimpleClassGenerator, methodName=makeMarkerInterface(Ljava/lang/String;)[B, lineNumber=12, susp=0.17609018126512477]
[INFO ] fr.inria.astor.core.solutionsearch.population.ProgramVariantFactory.createModificationPoints(ProgramVariantFactory.java:223) -  Not ctClass for suspicious code Candidate [className=org.mockitoutil.SimpleClassGenerator, methodName=makeMarkerInterface(Ljava/lang/String;)[B, lineNumber=14, susp=0.17609018126512477]
[INFO ] fr.inria.astor.core.solutionsearch.population.ProgramVariantFactory.createModificationPoints(ProgramVariantFactory.java:223) -  Not ctClass for suspicious code Candidate [className=org.mockitoutil.SimpleClassGenerator, methodName=makeMarkerInterface(Ljava/lang/String;)[B, lineNumber=15, susp=0.17609018126512477]
[INFO ] fr.inria.astor.core.solutionsearch.population.ProgramVariantFactory.createModificationPoints(ProgramVariantFactory.java:223) -  Not ctClass for suspicious code Candidate [className=org.mockitoutil.SimpleClassGenerator, methodName=makeMarkerInterface(Ljava/lang/String;)[B, lineNumber=16, susp=0.17609018126512477]
[INFO ] fr.inria.astor.core.solutionsearch.population.ProgramVariantFactory.createModificationPoints(ProgramVariantFactory.java:223) -  Not ctClass for suspicious code Candidate [className=org.mockitoutil.SimpleClassGenerator, methodName=makeMarkerInterface(Ljava/lang/String;)[B, lineNumber=18, susp=0.17609018126512477]
[INFO ] fr.inria.astor.core.solutionsearch.population.ProgramVariantFactory.createModificationPoints(ProgramVariantFactory.java:223) -  Not ctClass for suspicious code Candidate [className=org.mockito.internal.invocation.InvocationBuilder, methodName=args([Ljava/lang/Object;)Lorg/mockito/internal/invocation/InvocationBuilder;, lineNumber=77, susp=0.11739345417674985]
[INFO ] fr.inria.astor.core.solutionsearch.population.ProgramVariantFactory.createModificationPoints(ProgramVariantFactory.java:223) -  Not ctClass for suspicious code Candidate [className=org.mockito.internal.invocation.InvocationBuilder, methodName=args([Ljava/lang/Object;)Lorg/mockito/internal/invocation/InvocationBuilder;, lineNumber=78, susp=0.11739345417674985]
[INFO ] fr.inria.astor.core.solutionsearch.population.ProgramVariantFactory.createModificationPoints(ProgramVariantFactory.java:223) -  Not ctClass for suspicious code Candidate [className=org.mockitoutil.ClassLoaders$InMemoryClassLoader, methodName=findClass(Ljava/lang/String;)Ljava/lang/Class;, lineNumber=100, susp=0.10783277320343841]
[INFO ] fr.inria.astor.core.solutionsearch.population.ProgramVariantFactory.createModificationPoints(ProgramVariantFactory.java:223) -  Not ctClass for suspicious code Candidate [className=org.mockitoutil.ClassLoaders$LocalIsolatedURLClassLoader, methodName=classShouldBePrivate(Ljava/lang/String;)Z, lineNumber=70, susp=0.10783277320343841]
[INFO ] fr.inria.astor.core.solutionsearch.population.ProgramVariantFactory.createProgramInstance(ProgramVariantFactory.java:134) - Total suspicious from FL: 200,  163
[INFO ] fr.inria.astor.core.solutionsearch.population.ProgramVariantFactory.createProgramInstance(ProgramVariantFactory.java:143) - Total ModPoint created: 163
[INFO ] fr.inria.astor.core.solutionsearch.population.ProgramVariantFactory.createInitialPopulation(ProgramVariantFactory.java:82) - Creating program variant #1, [Variant id: 1, #gens: 163, #ops: 0, parent:-]
[INFO ] fr.inria.astor.core.solutionsearch.AstorCoreEngine.setFitnessOfPopulation(AstorCoreEngine.java:754) - The original fitness is : 10.0
[INFO ] fr.inria.astor.core.setup.ConfigurationProperties.print(ConfigurationProperties.java:66) - ----------------------------
[INFO ] fr.inria.astor.core.setup.ConfigurationProperties.print(ConfigurationProperties.java:67) - ---Configuration properties:---Execution values
[INFO ] fr.inria.astor.core.setup.ConfigurationProperties.print(ConfigurationProperties.java:69) - p:lastJUnitVersion= ./examples/libs/junit-4.11.jar
[INFO ] fr.inria.astor.core.setup.ConfigurationProperties.print(ConfigurationProperties.java:69) - p:alternativecompliancelevel= 8
[INFO ] fr.inria.astor.core.setup.ConfigurationProperties.print(ConfigurationProperties.java:69) - p:ignoredTestCases= 
[INFO ] fr.inria.astor.core.setup.ConfigurationProperties.print(ConfigurationProperties.java:69) - p:workingDirectory= /script/jGenProg_Defects4J_Mockito_11/./output_astor
[INFO ] fr.inria.astor.core.setup.ConfigurationProperties.print(ConfigurationProperties.java:69) - p:manipulatesuper= false
[INFO ] fr.inria.astor.core.setup.ConfigurationProperties.print(ConfigurationProperties.java:69) - p:validation= process
[INFO ] fr.inria.astor.core.setup.ConfigurationProperties.print(ConfigurationProperties.java:69) - p:jvm4testexecution= /usr/lib/jvm/java-1.7.0-openjdk-amd64/bin/
[INFO ] fr.inria.astor.core.setup.ConfigurationProperties.print(ConfigurationProperties.java:69) - p:operatorspace= irr-statements
[INFO ] fr.inria.astor.core.setup.ConfigurationProperties.print(ConfigurationProperties.java:69) - p:disablelog= false
[INFO ] fr.inria.astor.core.setup.ConfigurationProperties.print(ConfigurationProperties.java:69) - p:binjavafolder= build/classes/main/
[INFO ] fr.inria.astor.core.setup.ConfigurationProperties.print(ConfigurationProperties.java:69) - p:synthesis_depth= 3
[INFO ] fr.inria.astor.core.setup.ConfigurationProperties.print(ConfigurationProperties.java:69) - p:gzoltartestpackagetoexclude= junit.framework
[INFO ] fr.inria.astor.core.setup.ConfigurationProperties.print(ConfigurationProperties.java:69) - p:skipfitnessinitialpopulation= false
[INFO ] fr.inria.astor.core.setup.ConfigurationProperties.print(ConfigurationProperties.java:69) - p:evosuiteresultfolder= evosuite
[INFO ] fr.inria.astor.core.setup.ConfigurationProperties.print(ConfigurationProperties.java:69) - p:flthreshold= 0.1
[INFO ] fr.inria.astor.core.setup.ConfigurationProperties.print(ConfigurationProperties.java:69) - p:regressionforfaultlocalization= true
[INFO ] fr.inria.astor.core.setup.ConfigurationProperties.print(ConfigurationProperties.java:69) - p:collectonlyusedmethod= false
[INFO ] fr.inria.astor.core.setup.ConfigurationProperties.print(ConfigurationProperties.java:69) - p:preservelinenumbers= true
[INFO ] fr.inria.astor.core.setup.ConfigurationProperties.print(ConfigurationProperties.java:69) - p:tmax2= 187370
[INFO ] fr.inria.astor.core.setup.ConfigurationProperties.print(ConfigurationProperties.java:69) - p:tmax1= 10000
[INFO ] fr.inria.astor.core.setup.ConfigurationProperties.print(ConfigurationProperties.java:69) - p:probagenmutation= false
[INFO ] fr.inria.astor.core.setup.ConfigurationProperties.print(ConfigurationProperties.java:69) - p:nomodificationconvergence= 100
[INFO ] fr.inria.astor.core.setup.ConfigurationProperties.print(ConfigurationProperties.java:69) - p:diff_type= relative
[INFO ] fr.inria.astor.core.setup.ConfigurationProperties.print(ConfigurationProperties.java:69) - p:targetelementprocessor= statements
[INFO ] fr.inria.astor.core.setup.ConfigurationProperties.print(ConfigurationProperties.java:69) - p:srctestfolder= test
[INFO ] fr.inria.astor.core.setup.ConfigurationProperties.print(ConfigurationProperties.java:69) - p:forceExecuteRegression= false
[INFO ] fr.inria.astor.core.setup.ConfigurationProperties.print(ConfigurationProperties.java:69) - p:clusteringfilename= clustering.csv
[INFO ] fr.inria.astor.core.setup.ConfigurationProperties.print(ConfigurationProperties.java:69) - p:failing= org.mockito.internal.creation.DelegatingMethodTest
[INFO ] fr.inria.astor.core.setup.ConfigurationProperties.print(ConfigurationProperties.java:69) - p:logtestexecution= false
[INFO ] fr.inria.astor.core.setup.ConfigurationProperties.print(ConfigurationProperties.java:69) - p:evo_buggy_class= true
[INFO ] fr.inria.astor.core.setup.ConfigurationProperties.print(ConfigurationProperties.java:69) - p:numberExecutions= 1
[INFO ] fr.inria.astor.core.setup.ConfigurationProperties.print(ConfigurationProperties.java:69) - p:maxnumbersolutions= 1000000
[INFO ] fr.inria.astor.core.setup.ConfigurationProperties.print(ConfigurationProperties.java:69) - p:evo_affected_by_op= true
[INFO ] fr.inria.astor.core.setup.ConfigurationProperties.print(ConfigurationProperties.java:69) - p:population= 1
[INFO ] fr.inria.astor.core.setup.ConfigurationProperties.print(ConfigurationProperties.java:69) - p:considerzerovaluesusp= false
[INFO ] fr.inria.astor.core.setup.ConfigurationProperties.print(ConfigurationProperties.java:69) - p:maxCombinationVariableLimit= false
[INFO ] fr.inria.astor.core.setup.ConfigurationProperties.print(ConfigurationProperties.java:69) - p:loglevel= INFO
[INFO ] fr.inria.astor.core.setup.ConfigurationProperties.print(ConfigurationProperties.java:69) - p:savesolution= true
[INFO ] fr.inria.astor.core.setup.ConfigurationProperties.print(ConfigurationProperties.java:69) - p:javacompliancelevel= 5
[INFO ] fr.inria.astor.core.setup.ConfigurationProperties.print(ConfigurationProperties.java:69) - p:x= x
[INFO ] fr.inria.astor.core.setup.ConfigurationProperties.print(ConfigurationProperties.java:69) - p:uniqueoptogen= false
[INFO ] fr.inria.astor.core.setup.ConfigurationProperties.print(ConfigurationProperties.java:69) - p:gzoltarpackagetonotinstrument= junit.framework
[INFO ] fr.inria.astor.core.setup.ConfigurationProperties.print(ConfigurationProperties.java:69) - p:projectIdentifier= Mockito-11
[INFO ] fr.inria.astor.core.setup.ConfigurationProperties.print(ConfigurationProperties.java:69) - p:modificationpointnavigation= weight
[INFO ] fr.inria.astor.core.setup.ConfigurationProperties.print(ConfigurationProperties.java:69) - p:stopfirst= true
[INFO ] fr.inria.astor.core.setup.ConfigurationProperties.print(ConfigurationProperties.java:69) - p:multipointmodification= false
[INFO ] fr.inria.astor.core.setup.ConfigurationProperties.print(ConfigurationProperties.java:69) - p:elementsToMutate= 10
[INFO ] fr.inria.astor.core.setup.ConfigurationProperties.print(ConfigurationProperties.java:69) - p:jsonoutputname= astor_output
[INFO ] fr.inria.astor.core.setup.ConfigurationProperties.print(ConfigurationProperties.java:69) - p:evoDSE= false
[INFO ] fr.inria.astor.core.setup.ConfigurationProperties.print(ConfigurationProperties.java:69) - p:bintestfolder= build/classes/test/
[INFO ] fr.inria.astor.core.setup.ConfigurationProperties.print(ConfigurationProperties.java:69) - p:testbystep= false
[INFO ] fr.inria.astor.core.setup.ConfigurationProperties.print(ConfigurationProperties.java:69) - p:version-location= ./math-version/
[INFO ] fr.inria.astor.core.setup.ConfigurationProperties.print(ConfigurationProperties.java:69) - p:reintroduce= PARENTS:ORIGINAL
[INFO ] fr.inria.astor.core.setup.ConfigurationProperties.print(ConfigurationProperties.java:69) - p:executorjar= ./lib/jtestex7.jar
[INFO ] fr.inria.astor.core.setup.ConfigurationProperties.print(ConfigurationProperties.java:69) - p:maxGeneration= 1000000
[INFO ] fr.inria.astor.core.setup.ConfigurationProperties.print(ConfigurationProperties.java:69) - p:max_synthesis_step= 10000
[INFO ] fr.inria.astor.core.setup.ConfigurationProperties.print(ConfigurationProperties.java:69) - p:projectinfocommand= com.github.tdurieux:project-config-maven-plugin:info
[INFO ] fr.inria.astor.core.setup.ConfigurationProperties.print(ConfigurationProperties.java:69) - p:maxVarCombination= 1000
[INFO ] fr.inria.astor.core.setup.ConfigurationProperties.print(ConfigurationProperties.java:69) - p:maxtime= 120
[INFO ] fr.inria.astor.core.setup.ConfigurationProperties.print(ConfigurationProperties.java:69) - p:evosuitejar= ./lib/evosuite-master-1.0.4-SNAPSHOT.jar
[INFO ] fr.inria.astor.core.setup.ConfigurationProperties.print(ConfigurationProperties.java:69) - p:jvmversion= 1.7.0_181
[INFO ] fr.inria.astor.core.setup.ConfigurationProperties.print(ConfigurationProperties.java:69) - p:commandTrunk= 50000
[INFO ] fr.inria.astor.core.setup.ConfigurationProperties.print(ConfigurationProperties.java:69) - p:faultlocalization= gzoltar
[INFO ] fr.inria.astor.core.setup.ConfigurationProperties.print(ConfigurationProperties.java:69) - p:resetmodel= true
[INFO ] fr.inria.astor.core.setup.ConfigurationProperties.print(ConfigurationProperties.java:69) - p:maxsuspcandidates= 1000
[INFO ] fr.inria.astor.core.setup.ConfigurationProperties.print(ConfigurationProperties.java:69) - p:mode= jgenprog
[INFO ] fr.inria.astor.core.setup.ConfigurationProperties.print(ConfigurationProperties.java:69) - p:learningdir= 
[INFO ] fr.inria.astor.core.setup.ConfigurationProperties.print(ConfigurationProperties.java:69) - p:jvm4evosuitetestexecution= /usr/lib/jvm/java-1.7.0-openjdk-amd64/bin/
[INFO ] fr.inria.astor.core.setup.ConfigurationProperties.print(ConfigurationProperties.java:69) - p:filterfaultlocalization= true
[INFO ] fr.inria.astor.core.setup.ConfigurationProperties.print(ConfigurationProperties.java:69) - p:mutationrate= 1 
[INFO ] fr.inria.astor.core.setup.ConfigurationProperties.print(ConfigurationProperties.java:69) - p:pathToMVNRepository= 
[INFO ] fr.inria.astor.core.setup.ConfigurationProperties.print(ConfigurationProperties.java:69) - p:resourcesfolder= /src/main/resources:/src/test/resources:
[INFO ] fr.inria.astor.core.setup.ConfigurationProperties.print(ConfigurationProperties.java:69) - p:timezone= America/Los_Angeles
[INFO ] fr.inria.astor.core.setup.ConfigurationProperties.print(ConfigurationProperties.java:69) - p:runjava7code= false
[INFO ] fr.inria.astor.core.setup.ConfigurationProperties.print(ConfigurationProperties.java:69) - p:evoRunOnBuggyClass= true
[INFO ] fr.inria.astor.core.setup.ConfigurationProperties.print(ConfigurationProperties.java:69) - p:compiler= fr.inria.astor.core.manipulation.bytecode.compiler.SpoonClassCompiler
[INFO ] fr.inria.astor.core.setup.ConfigurationProperties.print(ConfigurationProperties.java:69) - p:limitbysuspicious= true
[INFO ] fr.inria.astor.core.setup.ConfigurationProperties.print(ConfigurationProperties.java:69) - p:logsattemps= true
[INFO ] fr.inria.astor.core.setup.ConfigurationProperties.print(ConfigurationProperties.java:69) - p:dependenciespath= /script/jGenProg_Defects4J_Mockito_11/build/classes/main/:/script/jGenProg_Defects4J_Mockito_11/build/classes/test/:/script/jGenProg_Defects4J_Mockito_11/lib/build/ant-googlecode-0.0.3.jar:/script/jGenProg_Defects4J_Mockito_11/lib/build/ant4hg-V0.07.jar:/script/jGenProg_Defects4J_Mockito_11/lib/build/asm-3.1.jar:/script/jGenProg_Defects4J_Mockito_11/lib/build/bnd-0.0.313.jar:/script/jGenProg_Defects4J_Mockito_11/lib/build/jarjar-1.0.jar:/script/jGenProg_Defects4J_Mockito_11/lib/build/jaxen-1.1.1.jar:/script/jGenProg_Defects4J_Mockito_11/lib/build/maven-ant-tasks-2.0.9.jar:/script/jGenProg_Defects4J_Mockito_11/lib/build/pmd-4.1.jar:/script/jGenProg_Defects4J_Mockito_11/lib/build/sorcerer.jar:/script/jGenProg_Defects4J_Mockito_11/lib/repackaged/cglib-and-asm-1.0.jar:/script/jGenProg_Defects4J_Mockito_11/lib/run/com.springsource.org.hamcrest.core-1.1.0.jar:/script/jGenProg_Defects4J_Mockito_11/lib/run/objenesis-2.1.jar:/script/jGenProg_Defects4J_Mockito_11/lib/sources/cglib-and-asm-1.0-sources.jar:/script/jGenProg_Defects4J_Mockito_11/lib/sources/com.springsource.org.hamcrest.core-1.1.0-sources.jar:/script/jGenProg_Defects4J_Mockito_11/lib/sources/objenesis-2.1-sources.jar:/script/jGenProg_Defects4J_Mockito_11/lib/test/fest-assert-1.3.jar:/script/jGenProg_Defects4J_Mockito_11/lib/test/fest-util-1.1.4.jar:/script/jGenProg_Defects4J_Mockito_11/lib/test/powermock-reflect-1.2.5.jar:/defects4j/framework/projects/Mockito/lib/asm-all-5.0.4.jar:/defects4j/framework/projects/Mockito/lib/assertj-core-2.1.0.jar:/defects4j/framework/projects/Mockito/lib/cglib-and-asm-1.0.jar:/defects4j/framework/projects/Mockito/lib/cobertura-2.0.3.jar:/defects4j/framework/projects/Mockito/lib/fest-assert-1.3.jar:/defects4j/framework/projects/Mockito/lib/fest-util-1.1.4.jar:/defects4j/framework/projects/Mockito/lib/hamcrest-all-1.3.jar:/defects4j/framework/projects/Mockito/lib/hamcrest-core-1.1.jar:/defects4j/framework/projects/Mockito/lib/objenesis-2.1.jar:/defects4j/framework/projects/Mockito/lib/objenesis-2.2.jar:/defects4j/framework/projects/Mockito/lib/powermock-reflect-1.2.5.jar:/defects4j/framework/projects/lib/cobertura-2.0.3.jar:/defects4j/framework/projects/lib/junit-4.11.jar
[INFO ] fr.inria.astor.core.setup.ConfigurationProperties.print(ConfigurationProperties.java:69) - p:logpatternlayout= [%-5p] %l - %m%n
[INFO ] fr.inria.astor.core.setup.ConfigurationProperties.print(ConfigurationProperties.java:69) - p:packageToInstrument= 
[INFO ] fr.inria.astor.core.setup.ConfigurationProperties.print(ConfigurationProperties.java:69) - p:skipfaultlocalization= false
[INFO ] fr.inria.astor.core.setup.ConfigurationProperties.print(ConfigurationProperties.java:69) - p:scope= package
[INFO ] fr.inria.astor.core.setup.ConfigurationProperties.print(ConfigurationProperties.java:69) - p:transformingredient= false
[INFO ] fr.inria.astor.core.setup.ConfigurationProperties.print(ConfigurationProperties.java:69) - p:fitnessfunction= fr.inria.astor.core.solutionsearch.population.TestCaseFitnessFunction
[INFO ] fr.inria.astor.core.setup.ConfigurationProperties.print(ConfigurationProperties.java:69) - p:maxnumvariablesperingredient= 10
[INFO ] fr.inria.astor.core.setup.ConfigurationProperties.print(ConfigurationProperties.java:69) - p:parsesourcefromoriginal= true
[INFO ] fr.inria.astor.core.setup.ConfigurationProperties.print(ConfigurationProperties.java:69) - p:pvariantfoldername= variant-
[INFO ] fr.inria.astor.core.setup.ConfigurationProperties.print(ConfigurationProperties.java:69) - p:savespoonmodelondisk= false
[INFO ] fr.inria.astor.core.setup.ConfigurationProperties.print(ConfigurationProperties.java:69) - p:srcjavafolder= src
[INFO ] fr.inria.astor.core.setup.ConfigurationProperties.print(ConfigurationProperties.java:69) - p:populationcontroller= fr.inria.astor.core.solutionsearch.population.TestCaseBasedFitnessPopulationController
[INFO ] fr.inria.astor.core.setup.ConfigurationProperties.print(ConfigurationProperties.java:69) - p:ignoreflakyinfl= false
[INFO ] fr.inria.astor.core.setup.ConfigurationProperties.print(ConfigurationProperties.java:69) - p:cleantemplates= true
[INFO ] fr.inria.astor.core.setup.ConfigurationProperties.print(ConfigurationProperties.java:69) - p:applyCrossover= false
[INFO ] fr.inria.astor.core.setup.ConfigurationProperties.print(ConfigurationProperties.java:69) - p:maxmodificationpoints= 1000
[INFO ] fr.inria.astor.core.setup.ConfigurationProperties.print(ConfigurationProperties.java:69) - p:duplicateingredientsinspace= false
[INFO ] fr.inria.astor.core.setup.ConfigurationProperties.print(ConfigurationProperties.java:69) - p:metid= 0
[INFO ] fr.inria.astor.core.setup.ConfigurationProperties.print(ConfigurationProperties.java:69) - p:saveall= false
[INFO ] fr.inria.astor.core.setup.ConfigurationProperties.print(ConfigurationProperties.java:69) - p:seed= 0
[INFO ] fr.inria.astor.core.setup.ConfigurationProperties.print(ConfigurationProperties.java:69) - p:savecompletepatched= true
[INFO ] fr.inria.astor.core.setup.ConfigurationProperties.print(ConfigurationProperties.java:69) - p:resetoperations= false
[INFO ] fr.inria.astor.core.setup.ConfigurationProperties.print(ConfigurationProperties.java:69) - p:processoutputinfile= false
[INFO ] fr.inria.astor.core.setup.ConfigurationProperties.print(ConfigurationProperties.java:69) - p:location= .
[INFO ] fr.inria.astor.core.setup.ConfigurationProperties.print(ConfigurationProperties.java:69) - p:probabilistictransformation= true
[INFO ] fr.inria.astor.core.setup.ConfigurationProperties.print(ConfigurationProperties.java:69) - p:overridemaxtime= true
[INFO ] fr.inria.astor.core.setup.ConfigurationProperties.print(ConfigurationProperties.java:69) - p:outputjsonresult= false
[INFO ] fr.inria.astor.core.setup.ConfigurationProperties.print(ConfigurationProperties.java:69) - p:allpoints= false
[INFO ] fr.inria.astor.core.setup.ConfigurationProperties.print(ConfigurationProperties.java:69) - p:bugId= 280
[INFO ] fr.inria.astor.core.setup.ConfigurationProperties.print(ConfigurationProperties.java:69) - p:evosuitetimeout= 120
[INFO ] fr.inria.astor.core.setup.ConfigurationProperties.print(ConfigurationProperties.java:69) - p:maxtimefactor= 10
[INFO ] fr.inria.astor.core.setup.ConfigurationProperties.print(ConfigurationProperties.java:69) - p:nrPlaceholders= 1
[INFO ] fr.inria.astor.core.setup.ConfigurationProperties.print(ConfigurationProperties.java:69) - p:forcesubprocesskilling= true
[INFO ] fr.inria.astor.core.setup.ConfigurationProperties.print(ConfigurationProperties.java:71) - ----------------------------
[INFO ] fr.inria.astor.core.solutionsearch.EvolutionarySearchEngine.startEvolution(EvolutionarySearchEngine.java:40) - 
----Starting Solution Search
[ERROR] fr.inria.astor.core.solutionsearch.AstorCoreEngine.validateReversedOriginalVariant(AstorCoreEngine.java:359) - Error variant :8678 the model was not the same from the original after this generation (see Diff in debug level)
[ERROR] fr.inria.astor.core.solutionsearch.AstorCoreEngine.validateReversedOriginalVariant(AstorCoreEngine.java:359) - Error variant :10164 the model was not the same from the original after this generation (see Diff in debug level)
[INFO ] fr.inria.astor.core.solutionsearch.AstorCoreEngine.belowMaxTime(AstorCoreEngine.java:278) - 
 No more time for operating
[INFO ] fr.inria.astor.core.solutionsearch.AstorCoreEngine.atEnd(AstorCoreEngine.java:170) - Time Repair Loop (s): 7200.584
[INFO ] fr.inria.astor.core.solutionsearch.AstorCoreEngine.atEnd(AstorCoreEngine.java:172) - generationsexecuted: 7589
[INFO ] fr.inria.astor.core.solutionsearch.AstorCoreEngine.printFinalStatus(AstorCoreEngine.java:247) - 
----SUMMARY_EXECUTION---
[INFO ] fr.inria.astor.core.solutionsearch.AstorCoreEngine.atEnd(AstorCoreEngine.java:186) - 
 --SOLUTIONS DESCRIPTION--


Astor Output:

General stats:
EXECUTION_IDENTIFIER=Mockito-11
TOTAL_TIME=7200.584
NR_GENERATIONS=7589
NR_RIGHT_COMPILATIONS=5174
NR_FAILLING_COMPILATIONS=2415
NR_ERRONEOUS_VARIANCES=null
NR_FAILING_VALIDATION_PROCESS=null
OUTPUT_STATUS=TIME_OUT

Patch stats:

[INFO ] fr.inria.main.evolution.AstorMain.run(AstorMain.java:200) - Time Total(s): 7265.966


Node: 3651583c6cb0



Date: Sat Sep 28 07:07:43 EDT 2019

cd /script/jGenProg_Defects4J_Mockito_11;
export JAVA_TOOL_OPTIONS="-Dfile.encoding=UTF8 -Duser.language=en-US -Duser.country=US -Duser.language=en";
TZ="America/New_York"; export TZ;
export PATH="/usr/lib/jvm/java-1.8.0-openjdk-amd64/bin/:$PATH";
export JAVA_HOME="/usr/lib/jvm/java-1.8.0-openjdk-amd64/bin/";
java -Xmx4048m -cp /script/libs/jtestex7.jar:/astor/target/astor-0.0.2-SNAPSHOT-jar-with-dependencies.jar fr.inria.main.evolution.AstorMain \
	-mode jgenprog \
	-location . \
	-id Mockito-11 \
	-failing org.mockito.internal.creation.DelegatingMethodTest \
	-jvm4testexecution /usr/lib/jvm/java-1.7.0-openjdk-amd64/bin/ \
	-jvm4evosuitetestexecution /usr/lib/jvm/java-1.7.0-openjdk-amd64/bin/ \
	-maxgen 1000000 \
	-maxtime 120 \
	-stopfirst true \
	-seed 0 \
	-scope package \
	-population 1 \
	-javacompliancelevel 5 \
	-srcjavafolder src \
	-srctestfolder test \
	-binjavafolder build/classes/main/ \
	-bintestfolder build/classes/test/ \
	-parameters x:x \
	-dependencies /script/jGenProg_Defects4J_Mockito_11/build/classes/main/:/script/jGenProg_Defects4J_Mockito_11/build/classes/test/:/script/jGenProg_Defects4J_Mockito_11/lib/build/ant-googlecode-0.0.3.jar:/script/jGenProg_Defects4J_Mockito_11/lib/build/ant4hg-V0.07.jar:/script/jGenProg_Defects4J_Mockito_11/lib/build/asm-3.1.jar:/script/jGenProg_Defects4J_Mockito_11/lib/build/bnd-0.0.313.jar:/script/jGenProg_Defects4J_Mockito_11/lib/build/jarjar-1.0.jar:/script/jGenProg_Defects4J_Mockito_11/lib/build/jaxen-1.1.1.jar:/script/jGenProg_Defects4J_Mockito_11/lib/build/maven-ant-tasks-2.0.9.jar:/script/jGenProg_Defects4J_Mockito_11/lib/build/pmd-4.1.jar:/script/jGenProg_Defects4J_Mockito_11/lib/build/sorcerer.jar:/script/jGenProg_Defects4J_Mockito_11/lib/repackaged/cglib-and-asm-1.0.jar:/script/jGenProg_Defects4J_Mockito_11/lib/run/com.springsource.org.hamcrest.core-1.1.0.jar:/script/jGenProg_Defects4J_Mockito_11/lib/run/objenesis-2.1.jar:/script/jGenProg_Defects4J_Mockito_11/lib/sources/cglib-and-asm-1.0-sources.jar:/script/jGenProg_Defects4J_Mockito_11/lib/sources/com.springsource.org.hamcrest.core-1.1.0-sources.jar:/script/jGenProg_Defects4J_Mockito_11/lib/sources/objenesis-2.1-sources.jar:/script/jGenProg_Defects4J_Mockito_11/lib/test/fest-assert-1.3.jar:/script/jGenProg_Defects4J_Mockito_11/lib/test/fest-util-1.1.4.jar:/script/jGenProg_Defects4J_Mockito_11/lib/test/powermock-reflect-1.2.5.jar:/defects4j/framework/projects/Mockito/lib/asm-all-5.0.4.jar:/defects4j/framework/projects/Mockito/lib/assertj-core-2.1.0.jar:/defects4j/framework/projects/Mockito/lib/cglib-and-asm-1.0.jar:/defects4j/framework/projects/Mockito/lib/cobertura-2.0.3.jar:/defects4j/framework/projects/Mockito/lib/fest-assert-1.3.jar:/defects4j/framework/projects/Mockito/lib/fest-util-1.1.4.jar:/defects4j/framework/projects/Mockito/lib/hamcrest-all-1.3.jar:/defects4j/framework/projects/Mockito/lib/hamcrest-core-1.1.jar:/defects4j/framework/projects/Mockito/lib/objenesis-2.1.jar:/defects4j/framework/projects/Mockito/lib/objenesis-2.2.jar:/defects4j/framework/projects/Mockito/lib/powermock-reflect-1.2.5.jar:/defects4j/framework/projects/lib/cobertura-2.0.3.jar:/defects4j/framework/projects/lib/junit-4.11.jar;
	echo "\n\nNode: `hostname`\n";
	echo "\n\nDate: `date`\n";

