Determine revision date.................................................... OK
Picked up JAVA_TOOL_OPTIONS: -Dfile.encoding=UTF8 -Duser.language=en-US -Duser.country=US -Duser.language=en
log4j:ERROR setFile(null,true) call failed.
java.io.FileNotFoundException:  (No such file or directory)
	at java.io.FileOutputStream.open0(Native Method)
	at java.io.FileOutputStream.open(FileOutputStream.java:270)
	at java.io.FileOutputStream.<init>(FileOutputStream.java:213)
	at java.io.FileOutputStream.<init>(FileOutputStream.java:133)
	at org.apache.log4j.FileAppender.setFile(FileAppender.java:294)
	at org.apache.log4j.RollingFileAppender.setFile(RollingFileAppender.java:207)
	at org.apache.log4j.FileAppender.activateOptions(FileAppender.java:165)
	at org.apache.log4j.config.PropertySetter.activate(PropertySetter.java:307)
	at org.apache.log4j.config.PropertySetter.setProperties(PropertySetter.java:172)
	at org.apache.log4j.config.PropertySetter.setProperties(PropertySetter.java:104)
	at org.apache.log4j.PropertyConfigurator.parseAppender(PropertyConfigurator.java:842)
	at org.apache.log4j.PropertyConfigurator.parseCategory(PropertyConfigurator.java:768)
	at org.apache.log4j.PropertyConfigurator.parseCatsAndRenderers(PropertyConfigurator.java:672)
	at org.apache.log4j.PropertyConfigurator.doConfigure(PropertyConfigurator.java:516)
	at org.apache.log4j.PropertyConfigurator.doConfigure(PropertyConfigurator.java:580)
	at org.apache.log4j.helpers.OptionConverter.selectAndConfigure(OptionConverter.java:526)
	at org.apache.log4j.LogManager.<clinit>(LogManager.java:127)
	at org.apache.log4j.Logger.getLogger(Logger.java:117)
	at fr.inria.astor.core.setup.ConfigurationProperties.<clinit>(ConfigurationProperties.java:16)
	at fr.inria.main.AbstractMain.<clinit>(AbstractMain.java:99)
2019-09-27 02:25:50,732 INFO fr.inria.astor.core.setup.ProjectConfiguration - Version of the JVM used: 1.7.0_181
2019-09-27 02:25:50,734 INFO main - Java version of the JDK used to run tests: 1.7.0_181
2019-09-27 02:25:50,734 INFO main - The compliance of the JVM is:  7
2019-09-27 02:25:50,748 INFO main - command line arguments: [-mode  jgenprog  -location  .  -id  Mockito-5  -failing  org.mockitointegration.NoJUnitDependenciesTest  -jvm4testexecution  /usr/lib/jvm/java-1.7.0-openjdk-amd64/bin/  -jvm4evosuitetestexecution  /usr/lib/jvm/java-1.7.0-openjdk-amd64/bin/  -maxgen  1000000  -maxtime  120  -stopfirst  true  -seed  0  -scope  package  -population  1  -javacompliancelevel  7  -srcjavafolder  src  -srctestfolder  test  -binjavafolder  build/classes/main/  -bintestfolder  build/classes/test/  -parameters  x:x  -dependencies  /script/jGenProg_Defects4J_Mockito_5/build/classes/main/:/script/jGenProg_Defects4J_Mockito_5/build/classes/test/:/script/jGenProg_Defects4J_Mockito_5/lib/build/ant-googlecode-0.0.3.jar:/script/jGenProg_Defects4J_Mockito_5/lib/build/ant4hg-V0.07.jar:/script/jGenProg_Defects4J_Mockito_5/lib/build/asm-3.1.jar:/script/jGenProg_Defects4J_Mockito_5/lib/build/bnd-0.0.313.jar:/script/jGenProg_Defects4J_Mockito_5/lib/build/jarjar-1.0.jar:/script/jGenProg_Defects4J_Mockito_5/lib/build/jaxen-1.1.1.jar:/script/jGenProg_Defects4J_Mockito_5/lib/build/maven-ant-tasks-2.0.9.jar:/script/jGenProg_Defects4J_Mockito_5/lib/build/pmd-4.1.jar:/script/jGenProg_Defects4J_Mockito_5/lib/build/sorcerer.jar:/script/jGenProg_Defects4J_Mockito_5/lib/repackaged/cglib-and-asm-1.0.jar:/script/jGenProg_Defects4J_Mockito_5/lib/sources/cglib-and-asm-1.0-sources.jar:/script/jGenProg_Defects4J_Mockito_5/lib/test/fest-assert-1.3.jar:/script/jGenProg_Defects4J_Mockito_5/lib/test/fest-util-1.1.4.jar:/script/jGenProg_Defects4J_Mockito_5/lib/test/powermock-reflect-1.2.5.jar:/defects4j/framework/projects/Mockito/lib/asm-all-5.0.4.jar:/defects4j/framework/projects/Mockito/lib/assertj-core-2.1.0.jar:/defects4j/framework/projects/Mockito/lib/cglib-and-asm-1.0.jar:/defects4j/framework/projects/Mockito/lib/cobertura-2.0.3.jar:/defects4j/framework/projects/Mockito/lib/fest-assert-1.3.jar:/defects4j/framework/projects/Mockito/lib/fest-util-1.1.4.jar:/defects4j/framework/projects/Mockito/lib/hamcrest-all-1.3.jar:/defects4j/framework/projects/Mockito/lib/hamcrest-core-1.1.jar:/defects4j/framework/projects/Mockito/lib/objenesis-2.1.jar:/defects4j/framework/projects/Mockito/lib/objenesis-2.2.jar:/defects4j/framework/projects/Mockito/lib/powermock-reflect-1.2.5.jar:/defects4j/framework/projects/lib/cobertura-2.0.3.jar:/defects4j/framework/projects/lib/junit-4.11.jar]
2019-09-27 02:25:50,750 INFO fr.inria.main.evolution.AstorMain - Running Astor on a JDK at /usr/lib/jvm/java-8-openjdk-amd64/jre
[INFO ] fr.inria.main.AbstractMain.determineSourceFolders(AbstractMain.java:960) - Source folders: [/script/jGenProg_Defects4J_Mockito_5/./src]
[INFO ] fr.inria.main.AbstractMain.determineSourceFolders(AbstractMain.java:979) - Source Test folders: [/script/jGenProg_Defects4J_Mockito_5/./test]
[INFO ] fr.inria.astor.core.faultlocalization.gzoltar.GZoltarFaultLocalization.calculateSuspicious(GZoltarFaultLocalization.java:74) - -Executing Gzoltar classpath: /script/jGenProg_Defects4J_Mockito_5/./output_astor/AstorMain-Mockito-5//bin//default from 550 classes with test cases
[INFO ] fr.inria.astor.core.faultlocalization.gzoltar.GZoltarFaultLocalization.searchSuspicious(GZoltarFaultLocalization.java:154) - Gzoltar fault localization: min susp value parameter: 0.1
[INFO ] fr.inria.astor.core.faultlocalization.gzoltar.GZoltarFaultLocalization.searchSuspicious(GZoltarFaultLocalization.java:174) - -gz-Adding classpath: [/script/jGenProg_Defects4J_Mockito_5/./output_astor/AstorMain-Mockito-5//bin//default, /script/jGenProg_Defects4J_Mockito_5/build/classes/main/, /script/jGenProg_Defects4J_Mockito_5/build/classes/test/, /script/jGenProg_Defects4J_Mockito_5/lib/build/ant-googlecode-0.0.3.jar, /script/jGenProg_Defects4J_Mockito_5/lib/build/ant4hg-V0.07.jar, /script/jGenProg_Defects4J_Mockito_5/lib/build/asm-3.1.jar, /script/jGenProg_Defects4J_Mockito_5/lib/build/bnd-0.0.313.jar, /script/jGenProg_Defects4J_Mockito_5/lib/build/jarjar-1.0.jar, /script/jGenProg_Defects4J_Mockito_5/lib/build/jaxen-1.1.1.jar, /script/jGenProg_Defects4J_Mockito_5/lib/build/maven-ant-tasks-2.0.9.jar, /script/jGenProg_Defects4J_Mockito_5/lib/build/pmd-4.1.jar, /script/jGenProg_Defects4J_Mockito_5/lib/build/sorcerer.jar, /script/jGenProg_Defects4J_Mockito_5/lib/repackaged/cglib-and-asm-1.0.jar, /script/jGenProg_Defects4J_Mockito_5/lib/sources/cglib-and-asm-1.0-sources.jar, /script/jGenProg_Defects4J_Mockito_5/lib/test/fest-assert-1.3.jar, /script/jGenProg_Defects4J_Mockito_5/lib/test/fest-util-1.1.4.jar, /script/jGenProg_Defects4J_Mockito_5/lib/test/powermock-reflect-1.2.5.jar, /defects4j/framework/projects/Mockito/lib/asm-all-5.0.4.jar, /defects4j/framework/projects/Mockito/lib/assertj-core-2.1.0.jar, /defects4j/framework/projects/Mockito/lib/cglib-and-asm-1.0.jar, /defects4j/framework/projects/Mockito/lib/cobertura-2.0.3.jar, /defects4j/framework/projects/Mockito/lib/fest-assert-1.3.jar, /defects4j/framework/projects/Mockito/lib/fest-util-1.1.4.jar, /defects4j/framework/projects/Mockito/lib/hamcrest-all-1.3.jar, /defects4j/framework/projects/Mockito/lib/hamcrest-core-1.1.jar, /defects4j/framework/projects/Mockito/lib/objenesis-2.1.jar, /defects4j/framework/projects/Mockito/lib/objenesis-2.2.jar, /defects4j/framework/projects/Mockito/lib/powermock-reflect-1.2.5.jar, /defects4j/framework/projects/lib/cobertura-2.0.3.jar, /defects4j/framework/projects/lib/junit-4.11.jar]
[INFO ] fr.inria.astor.core.faultlocalization.gzoltar.GZoltarFaultLocalization.searchSuspicious(GZoltarFaultLocalization.java:214) - Test failt: org.mockito.internal.util.MockUtilTest#should_not_redefine_MockName_if_default
[INFO ] fr.inria.astor.core.faultlocalization.gzoltar.GZoltarFaultLocalization.searchSuspicious(GZoltarFaultLocalization.java:214) - Test failt: org.mockito.internal.util.MockUtilTest#should_redefine_MockName_if_default
[INFO ] fr.inria.astor.core.faultlocalization.gzoltar.GZoltarFaultLocalization.searchSuspicious(GZoltarFaultLocalization.java:214) - Test failt: org.mockito.internal.configuration.MockInjectionTest#can_try_property_or_setter_injection
[INFO ] fr.inria.astor.core.faultlocalization.gzoltar.GZoltarFaultLocalization.searchSuspicious(GZoltarFaultLocalization.java:214) - Test failt: org.mockitousage.basicapi.MockingMultipleInterfacesTest#should_mock_class_with_interfaces_of_different_class_loader_AND_different_classpaths
[INFO ] fr.inria.astor.core.faultlocalization.gzoltar.GZoltarFaultLocalization.searchSuspicious(GZoltarFaultLocalization.java:214) - Test failt: org.mockitousage.bugs.DeepStubsWronglyReportsSerializationProblemsTest#should_not_raise_a_mockito_exception_about_serialization_when_accessing_deep_stub
[INFO ] fr.inria.astor.core.faultlocalization.gzoltar.GZoltarFaultLocalization.searchSuspicious(GZoltarFaultLocalization.java:214) - Test failt: org.mockito.internal.util.collections.HashCodeAndEqualsSafeSetTest#can_iterate
[INFO ] fr.inria.astor.core.faultlocalization.gzoltar.GZoltarFaultLocalization.searchSuspicious(GZoltarFaultLocalization.java:214) - Test failt: org.mockito.internal.util.collections.HashCodeAndEqualsSafeSetTest#toArray_just_work
[INFO ] fr.inria.astor.core.faultlocalization.gzoltar.GZoltarFaultLocalization.searchSuspicious(GZoltarFaultLocalization.java:214) - Test failt: org.mockito.internal.util.reflection.GenericMetadataSupportTest#paramType_with_wildcard_return_type_of____returning_wildcard_with_class_lower_bound____resolved_to_List_and_type_argument_to_Integer
[INFO ] fr.inria.astor.core.faultlocalization.gzoltar.GZoltarFaultLocalization.searchSuspicious(GZoltarFaultLocalization.java:214) - Test failt: org.mockito.internal.util.reflection.GenericMetadataSupportTest#paramType_with_wildcard_return_type_of____returning_wildcard_with_typeVar_upper_bound____resolved_to_List_and_type_argument_to_Integer
[INFO ] fr.inria.astor.core.faultlocalization.gzoltar.GZoltarFaultLocalization.searchSuspicious(GZoltarFaultLocalization.java:214) - Test failt: org.mockito.internal.util.reflection.GenericMetadataSupportTest#can_get_raw_type_from_Class
[INFO ] fr.inria.astor.core.faultlocalization.gzoltar.GZoltarFaultLocalization.searchSuspicious(GZoltarFaultLocalization.java:214) - Test failt: org.mockito.internal.util.reflection.GenericMetadataSupportTest#bounded_typeVariable_return_type_of____returningK____resolved_to_Comparable_and_with_BoundedType
[INFO ] fr.inria.astor.core.faultlocalization.gzoltar.GZoltarFaultLocalization.searchSuspicious(GZoltarFaultLocalization.java:214) - Test failt: org.mockito.internal.util.reflection.GenericMetadataSupportTest#can_get_type_variables_from_Class
[INFO ] fr.inria.astor.core.faultlocalization.gzoltar.GZoltarFaultLocalization.searchSuspicious(GZoltarFaultLocalization.java:214) - Test failt: org.mockito.internal.util.reflection.GenericMetadataSupportTest#typeVariable_return_type_of____get____resolved_to_Set_and_type_argument_to_Number
[INFO ] fr.inria.astor.core.faultlocalization.gzoltar.GZoltarFaultLocalization.searchSuspicious(GZoltarFaultLocalization.java:214) - Test failt: org.mockito.internal.util.reflection.GenericMetadataSupportTest#class_return_type_of____append____resolved_to_StringBuilder_and_type_arguments
[INFO ] fr.inria.astor.core.faultlocalization.gzoltar.GZoltarFaultLocalization.searchSuspicious(GZoltarFaultLocalization.java:214) - Test failt: org.mockito.internal.util.reflection.GenericMetadataSupportTest#can_get_type_variables_from_ParameterizedType
[INFO ] fr.inria.astor.core.faultlocalization.gzoltar.GZoltarFaultLocalization.searchSuspicious(GZoltarFaultLocalization.java:214) - Test failt: org.mockito.internal.util.reflection.GenericMetadataSupportTest#fixed_ParamType_return_type_of____remove____resolved_to_Set_and_type_argument_to_Number
[INFO ] fr.inria.astor.core.faultlocalization.gzoltar.GZoltarFaultLocalization.searchSuspicious(GZoltarFaultLocalization.java:214) - Test failt: org.mockito.internal.util.reflection.GenericMetadataSupportTest#typeVariable_return_type_of____iterator____resolved_to_Iterator_and_type_argument_to_String
[INFO ] fr.inria.astor.core.faultlocalization.gzoltar.GZoltarFaultLocalization.searchSuspicious(GZoltarFaultLocalization.java:214) - Test failt: org.mockito.internal.util.reflection.GenericMetadataSupportTest#typeVariable_with_type_parameters_return_type_of____typeVar_with_type_params____resolved_K_hence_to_Comparable_and_with_BoundedType
[INFO ] fr.inria.astor.core.faultlocalization.gzoltar.GZoltarFaultLocalization.searchSuspicious(GZoltarFaultLocalization.java:214) - Test failt: org.mockito.internal.util.reflection.GenericMetadataSupportTest#typeVariable_of_self_type
[INFO ] fr.inria.astor.core.faultlocalization.gzoltar.GZoltarFaultLocalization.searchSuspicious(GZoltarFaultLocalization.java:214) - Test failt: org.mockito.internal.util.reflection.GenericMetadataSupportTest#paramType_return_type_of____values____resolved_to_Collection_and_type_argument_to_Parameterized_Set
[INFO ] fr.inria.astor.core.faultlocalization.gzoltar.GZoltarFaultLocalization.searchSuspicious(GZoltarFaultLocalization.java:214) - Test failt: org.mockito.internal.util.reflection.GenericMetadataSupportTest#paramType_with_wildcard_return_type_of____returning_wildcard_with_typeVar_lower_bound____resolved_to_List_and_type_argument_to_Integer
[INFO ] fr.inria.astor.core.faultlocalization.gzoltar.GZoltarFaultLocalization.searchSuspicious(GZoltarFaultLocalization.java:214) - Test failt: org.mockito.internal.util.reflection.GenericMetadataSupportTest#paramType_with_type_parameters_return_type_of____paramType_with_type_params____resolved_to_Collection_and_type_argument_to_Parameterized_Set
[INFO ] fr.inria.astor.core.faultlocalization.gzoltar.GZoltarFaultLocalization.searchSuspicious(GZoltarFaultLocalization.java:214) - Test failt: org.mockito.internal.util.reflection.GenericMetadataSupportTest#can_get_raw_type_from_ParameterizedType
[INFO ] fr.inria.astor.core.faultlocalization.gzoltar.GZoltarFaultLocalization.searchSuspicious(GZoltarFaultLocalization.java:214) - Test failt: org.mockitoutil.ClassLoadersTest#return_current_classloader
[INFO ] fr.inria.astor.core.faultlocalization.gzoltar.GZoltarFaultLocalization.searchSuspicious(GZoltarFaultLocalization.java:214) - Test failt: org.mockitoutil.ClassLoadersTest#isolated_class_loader_can_load_all_classes_unless_all_classes_mathch_the_prefixes
[INFO ] fr.inria.astor.core.faultlocalization.gzoltar.GZoltarFaultLocalization.searchSuspicious(GZoltarFaultLocalization.java:214) - Test failt: org.mockitoutil.ClassLoadersTest#can_load_a_class_in_memory_from_bytes
[INFO ] fr.inria.astor.core.faultlocalization.gzoltar.GZoltarFaultLocalization.searchSuspicious(GZoltarFaultLocalization.java:214) - Test failt: org.mockitoutil.ClassLoadersTest#return_bootstrap_classloader
[INFO ] fr.inria.astor.core.faultlocalization.gzoltar.GZoltarFaultLocalization.searchSuspicious(GZoltarFaultLocalization.java:214) - Test failt: org.mockitoutil.ClassLoadersTest#can_list_all_classes_reachable_in_a_classloader
[INFO ] fr.inria.astor.core.faultlocalization.gzoltar.GZoltarFaultLocalization.searchSuspicious(GZoltarFaultLocalization.java:214) - Test failt: org.mockitoutil.ClassLoadersTest#excluding_class_loader_cannot_load_classes_when_no_correct_source_url_set
[INFO ] fr.inria.astor.core.faultlocalization.gzoltar.GZoltarFaultLocalization.searchSuspicious(GZoltarFaultLocalization.java:214) - Test failt: org.mockito.internal.creation.MockSettingsImplTest#shouldAddVerboseLoggingListenerOnlyOnce
[INFO ] fr.inria.astor.core.faultlocalization.gzoltar.GZoltarFaultLocalization.searchSuspicious(GZoltarFaultLocalization.java:214) - Test failt: org.mockito.internal.creation.MockSettingsImplTest#shouldAddVerboseLoggingListener
[INFO ] fr.inria.astor.core.faultlocalization.gzoltar.GZoltarFaultLocalization.searchSuspicious(GZoltarFaultLocalization.java:214) - Test failt: org.mockito.internal.creation.MockSettingsImplTest#shouldAddInvocationListener
[INFO ] fr.inria.astor.core.faultlocalization.gzoltar.GZoltarFaultLocalization.searchSuspicious(GZoltarFaultLocalization.java:214) - Test failt: org.mockitousage.matchers.CapturingArgumentsTest#should_capture_when_stubbing_only_when_entire_invocation_matches
[INFO ] fr.inria.astor.core.faultlocalization.gzoltar.GZoltarFaultLocalization.searchSuspicious(GZoltarFaultLocalization.java:214) - Test failt: org.mockitousage.stubbing.StubbingWithAdditionalAnswers#can_return_arguments_of_invocation
[INFO ] fr.inria.astor.core.faultlocalization.gzoltar.GZoltarFaultLocalization.searchSuspicious(GZoltarFaultLocalization.java:214) - Test failt: org.mockitousage.stubbing.StubbingWithAdditionalAnswers#can_return_expanded_arguments_of_invocation
[INFO ] fr.inria.astor.core.faultlocalization.gzoltar.GZoltarFaultLocalization.searchSuspicious(GZoltarFaultLocalization.java:214) - Test failt: org.mockitousage.stubbing.StubbingWithDelegateTest#exception_should_be_propagated_from_delegate
[INFO ] fr.inria.astor.core.faultlocalization.gzoltar.GZoltarFaultLocalization.searchSuspicious(GZoltarFaultLocalization.java:214) - Test failt: org.mockitointegration.NoJUnitDependenciesTest#pure_mockito_should_not_depend_JUnit
[INFO ] fr.inria.astor.core.faultlocalization.gzoltar.GZoltarFaultLocalization.searchSuspicious(GZoltarFaultLocalization.java:214) - Test failt: org.mockito.internal.util.reflection.FieldsTest#can_get_list_of_InstanceField
[INFO ] fr.inria.astor.core.faultlocalization.gzoltar.GZoltarFaultLocalization.searchSuspicious(GZoltarFaultLocalization.java:214) - Test failt: org.mockito.internal.util.reflection.FieldsTest#can_get_values_of_instance_fields
[INFO ] fr.inria.astor.core.faultlocalization.gzoltar.GZoltarFaultLocalization.searchSuspicious(GZoltarFaultLocalization.java:214) - Test failt: org.mockito.internal.util.reflection.FieldsTest#fields_should_return_all_declared_fields_in_hierarchy
[INFO ] fr.inria.astor.core.faultlocalization.gzoltar.GZoltarFaultLocalization.searchSuspicious(GZoltarFaultLocalization.java:214) - Test failt: org.mockito.internal.util.reflection.FieldsTest#can_filter_not_null_fields
[INFO ] fr.inria.astor.core.faultlocalization.gzoltar.GZoltarFaultLocalization.searchSuspicious(GZoltarFaultLocalization.java:214) - Test failt: org.mockito.internal.util.reflection.FieldsTest#fields_should_return_declared_fields
[INFO ] fr.inria.astor.core.faultlocalization.gzoltar.GZoltarFaultLocalization.searchSuspicious(GZoltarFaultLocalization.java:214) - Test failt: org.mockito.internal.stubbing.answers.ReturnsArgumentAtTest#should_be_able_to_return_the_second_parameter
[INFO ] fr.inria.astor.core.faultlocalization.gzoltar.GZoltarFaultLocalization.searchSuspicious(GZoltarFaultLocalization.java:214) - Test failt: org.mockito.internal.stubbing.answers.ReturnsArgumentAtTest#should_be_able_to_return_the_last_parameter
[INFO ] fr.inria.astor.core.faultlocalization.gzoltar.GZoltarFaultLocalization.searchSuspicious(GZoltarFaultLocalization.java:214) - Test failt: org.mockito.internal.stubbing.answers.ReturnsArgumentAtTest#should_be_able_to_return_the_specified_parameter
[INFO ] fr.inria.astor.core.faultlocalization.gzoltar.GZoltarFaultLocalization.searchSuspicious(GZoltarFaultLocalization.java:214) - Test failt: org.mockito.internal.stubbing.answers.ReturnsArgumentAtTest#should_be_able_to_return_the_first_parameter
[INFO ] fr.inria.astor.core.faultlocalization.gzoltar.GZoltarFaultLocalization.searchSuspicious(GZoltarFaultLocalization.java:214) - Test failt: org.mockitousage.debugging.InvocationListenerCallbackTest#should_call_single_listener_when_mock_return_normally
[INFO ] fr.inria.astor.core.faultlocalization.gzoltar.GZoltarFaultLocalization.searchSuspicious(GZoltarFaultLocalization.java:214) - Test failt: org.mockitousage.debugging.InvocationListenerCallbackTest#should_call_all_listener_when_mock_return_normally
[INFO ] fr.inria.astor.core.faultlocalization.gzoltar.GZoltarFaultLocalization.searchSuspicious(GZoltarFaultLocalization.java:214) - Test failt: org.mockito.internal.debugging.VerboseMockInvocationLoggerTest#should_print_to_system_out
[INFO ] fr.inria.astor.core.faultlocalization.gzoltar.GZoltarFaultLocalization.searchSuspicious(GZoltarFaultLocalization.java:226) - Gzoltar Test Result Total:1369, fails: 49, GZoltar suspicious 6457, with positive susp 3152
[INFO ] fr.inria.astor.core.faultlocalization.gzoltar.GZoltarFaultLocalization.searchSuspicious(GZoltarFaultLocalization.java:234) - nr test results 1369
[INFO ] fr.inria.astor.core.faultlocalization.gzoltar.GZoltarFaultLocalization.searchSuspicious(GZoltarFaultLocalization.java:289) - Gzoltar found: 264 with susp > 0.1, we consider: 264
[INFO ] fr.inria.astor.core.solutionsearch.AstorCoreEngine.calculateSuspicious(AstorCoreEngine.java:955) - Setting up the max to 316160 milliseconds (316 sec)
[INFO ] fr.inria.astor.core.solutionsearch.AstorCoreEngine.initPopulation(AstorCoreEngine.java:709) - 
---- Creating spoon model
[INFO ] fr.inria.astor.core.solutionsearch.AstorCoreEngine.initModel(AstorCoreEngine.java:801) - Creating model,  Code location from working folder: /script/jGenProg_Defects4J_Mockito_5/./src
[INFO ] fr.inria.astor.core.manipulation.MutationSupporter.buildModel(MutationSupporter.java:66) - building model: /script/jGenProg_Defects4J_Mockito_5/./src, compliance level: 7
[INFO ] fr.inria.astor.core.manipulation.MutationSupporter.buildModel(MutationSupporter.java:80) - Classpath (Dependencies) for building SpoonModel: [/script/jGenProg_Defects4J_Mockito_5/build/classes/main/, /script/jGenProg_Defects4J_Mockito_5/build/classes/test/, /script/jGenProg_Defects4J_Mockito_5/lib/build/ant-googlecode-0.0.3.jar, /script/jGenProg_Defects4J_Mockito_5/lib/build/ant4hg-V0.07.jar, /script/jGenProg_Defects4J_Mockito_5/lib/build/asm-3.1.jar, /script/jGenProg_Defects4J_Mockito_5/lib/build/bnd-0.0.313.jar, /script/jGenProg_Defects4J_Mockito_5/lib/build/jarjar-1.0.jar, /script/jGenProg_Defects4J_Mockito_5/lib/build/jaxen-1.1.1.jar, /script/jGenProg_Defects4J_Mockito_5/lib/build/maven-ant-tasks-2.0.9.jar, /script/jGenProg_Defects4J_Mockito_5/lib/build/pmd-4.1.jar, /script/jGenProg_Defects4J_Mockito_5/lib/build/sorcerer.jar, /script/jGenProg_Defects4J_Mockito_5/lib/repackaged/cglib-and-asm-1.0.jar, /script/jGenProg_Defects4J_Mockito_5/lib/sources/cglib-and-asm-1.0-sources.jar, /script/jGenProg_Defects4J_Mockito_5/lib/test/fest-assert-1.3.jar, /script/jGenProg_Defects4J_Mockito_5/lib/test/fest-util-1.1.4.jar, /script/jGenProg_Defects4J_Mockito_5/lib/test/powermock-reflect-1.2.5.jar, /defects4j/framework/projects/Mockito/lib/asm-all-5.0.4.jar, /defects4j/framework/projects/Mockito/lib/assertj-core-2.1.0.jar, /defects4j/framework/projects/Mockito/lib/cglib-and-asm-1.0.jar, /defects4j/framework/projects/Mockito/lib/cobertura-2.0.3.jar, /defects4j/framework/projects/Mockito/lib/fest-assert-1.3.jar, /defects4j/framework/projects/Mockito/lib/fest-util-1.1.4.jar, /defects4j/framework/projects/Mockito/lib/hamcrest-all-1.3.jar, /defects4j/framework/projects/Mockito/lib/hamcrest-core-1.1.jar, /defects4j/framework/projects/Mockito/lib/objenesis-2.1.jar, /defects4j/framework/projects/Mockito/lib/objenesis-2.2.jar, /defects4j/framework/projects/Mockito/lib/powermock-reflect-1.2.5.jar, /defects4j/framework/projects/lib/cobertura-2.0.3.jar, /defects4j/framework/projects/lib/junit-4.11.jar]
[ERROR] fr.inria.astor.core.solutionsearch.AstorCoreEngine.initModel(AstorCoreEngine.java:808) - Problem compiling the model with compliance level 7
[ERROR] fr.inria.astor.core.solutionsearch.AstorCoreEngine.initModel(AstorCoreEngine.java:810) - The type LocalizedMatcher must implement the inherited abstract method Matcher.describeMismatch(Object, Description) at /script/jGenProg_Defects4J_Mockito_5/src/org/mockito/internal/matchers/LocalizedMatcher.java:16
spoon.compiler.ModelBuildingException: The type LocalizedMatcher must implement the inherited abstract method Matcher.describeMismatch(Object, Description) at /script/jGenProg_Defects4J_Mockito_5/src/org/mockito/internal/matchers/LocalizedMatcher.java:16
	at spoon.support.compiler.jdt.JDTBasedSpoonCompiler.report(JDTBasedSpoonCompiler.java:624)
	at spoon.support.compiler.jdt.JDTBasedSpoonCompiler.reportProblems(JDTBasedSpoonCompiler.java:606)
	at spoon.support.compiler.jdt.JDTBasedSpoonCompiler.build(JDTBasedSpoonCompiler.java:115)
	at spoon.support.compiler.jdt.JDTBasedSpoonCompiler.build(JDTBasedSpoonCompiler.java:96)
	at fr.inria.astor.core.manipulation.MutationSupporter.buildModel(MutationSupporter.java:84)
	at fr.inria.astor.core.solutionsearch.AstorCoreEngine.initModel(AstorCoreEngine.java:805)
	at fr.inria.astor.core.solutionsearch.AstorCoreEngine.initPopulation(AstorCoreEngine.java:711)
	at fr.inria.astor.core.ingredientbased.IngredientBasedEvolutionaryRepairApproachImpl.initPopulation(IngredientBasedEvolutionaryRepairApproachImpl.java:70)
	at fr.inria.main.evolution.AstorMain.createEngine(AstorMain.java:127)
	at fr.inria.main.evolution.AstorMain.run(AstorMain.java:179)
	at fr.inria.main.evolution.AstorMain.execute(AstorMain.java:239)
	at fr.inria.main.evolution.AstorMain.main(AstorMain.java:210)
[INFO ] fr.inria.astor.core.solutionsearch.AstorCoreEngine.initModel(AstorCoreEngine.java:814) - Recompiling with compliance level 8
[INFO ] fr.inria.astor.core.manipulation.MutationSupporter.buildModel(MutationSupporter.java:66) - building model: /script/jGenProg_Defects4J_Mockito_5/./src, compliance level: 8
[INFO ] fr.inria.astor.core.manipulation.MutationSupporter.buildModel(MutationSupporter.java:80) - Classpath (Dependencies) for building SpoonModel: [/script/jGenProg_Defects4J_Mockito_5/build/classes/main/, /script/jGenProg_Defects4J_Mockito_5/build/classes/test/, /script/jGenProg_Defects4J_Mockito_5/lib/build/ant-googlecode-0.0.3.jar, /script/jGenProg_Defects4J_Mockito_5/lib/build/ant4hg-V0.07.jar, /script/jGenProg_Defects4J_Mockito_5/lib/build/asm-3.1.jar, /script/jGenProg_Defects4J_Mockito_5/lib/build/bnd-0.0.313.jar, /script/jGenProg_Defects4J_Mockito_5/lib/build/jarjar-1.0.jar, /script/jGenProg_Defects4J_Mockito_5/lib/build/jaxen-1.1.1.jar, /script/jGenProg_Defects4J_Mockito_5/lib/build/maven-ant-tasks-2.0.9.jar, /script/jGenProg_Defects4J_Mockito_5/lib/build/pmd-4.1.jar, /script/jGenProg_Defects4J_Mockito_5/lib/build/sorcerer.jar, /script/jGenProg_Defects4J_Mockito_5/lib/repackaged/cglib-and-asm-1.0.jar, /script/jGenProg_Defects4J_Mockito_5/lib/sources/cglib-and-asm-1.0-sources.jar, /script/jGenProg_Defects4J_Mockito_5/lib/test/fest-assert-1.3.jar, /script/jGenProg_Defects4J_Mockito_5/lib/test/fest-util-1.1.4.jar, /script/jGenProg_Defects4J_Mockito_5/lib/test/powermock-reflect-1.2.5.jar, /defects4j/framework/projects/Mockito/lib/asm-all-5.0.4.jar, /defects4j/framework/projects/Mockito/lib/assertj-core-2.1.0.jar, /defects4j/framework/projects/Mockito/lib/cglib-and-asm-1.0.jar, /defects4j/framework/projects/Mockito/lib/cobertura-2.0.3.jar, /defects4j/framework/projects/Mockito/lib/fest-assert-1.3.jar, /defects4j/framework/projects/Mockito/lib/fest-util-1.1.4.jar, /defects4j/framework/projects/Mockito/lib/hamcrest-all-1.3.jar, /defects4j/framework/projects/Mockito/lib/hamcrest-core-1.1.jar, /defects4j/framework/projects/Mockito/lib/objenesis-2.1.jar, /defects4j/framework/projects/Mockito/lib/objenesis-2.2.jar, /defects4j/framework/projects/Mockito/lib/powermock-reflect-1.2.5.jar, /defects4j/framework/projects/lib/cobertura-2.0.3.jar, /defects4j/framework/projects/lib/junit-4.11.jar]
spoon.compiler.ModelBuildingException: The type LocalizedMatcher must implement the inherited abstract method Matcher.describeMismatch(Object, Description) at /script/jGenProg_Defects4J_Mockito_5/src/org/mockito/internal/matchers/LocalizedMatcher.java:16
	at spoon.support.compiler.jdt.JDTBasedSpoonCompiler.report(JDTBasedSpoonCompiler.java:624)
	at spoon.support.compiler.jdt.JDTBasedSpoonCompiler.reportProblems(JDTBasedSpoonCompiler.java:606)
	at spoon.support.compiler.jdt.JDTBasedSpoonCompiler.build(JDTBasedSpoonCompiler.java:115)
	at spoon.support.compiler.jdt.JDTBasedSpoonCompiler.build(JDTBasedSpoonCompiler.java:96)
	at fr.inria.astor.core.manipulation.MutationSupporter.buildModel(MutationSupporter.java:84)
	at fr.inria.astor.core.solutionsearch.AstorCoreEngine.initModel(AstorCoreEngine.java:818)
	at fr.inria.astor.core.solutionsearch.AstorCoreEngine.initPopulation(AstorCoreEngine.java:711)
	at fr.inria.astor.core.ingredientbased.IngredientBasedEvolutionaryRepairApproachImpl.initPopulation(IngredientBasedEvolutionaryRepairApproachImpl.java:70)
	at fr.inria.main.evolution.AstorMain.createEngine(AstorMain.java:127)
	at fr.inria.main.evolution.AstorMain.run(AstorMain.java:179)
	at fr.inria.main.evolution.AstorMain.execute(AstorMain.java:239)
	at fr.inria.main.evolution.AstorMain.main(AstorMain.java:210)
[ERROR] fr.inria.astor.core.solutionsearch.AstorCoreEngine.initModel(AstorCoreEngine.java:822) - Error compiling: The type LocalizedMatcher must implement the inherited abstract method Matcher.describeMismatch(Object, Description) at /script/jGenProg_Defects4J_Mockito_5/src/org/mockito/internal/matchers/LocalizedMatcher.java:16
[ERROR] fr.inria.astor.core.solutionsearch.AstorCoreEngine.initModel(AstorCoreEngine.java:824) - Astor does not continue when model build fails
Exception in thread "main" spoon.compiler.ModelBuildingException: The type LocalizedMatcher must implement the inherited abstract method Matcher.describeMismatch(Object, Description) at /script/jGenProg_Defects4J_Mockito_5/src/org/mockito/internal/matchers/LocalizedMatcher.java:16
	at spoon.support.compiler.jdt.JDTBasedSpoonCompiler.report(JDTBasedSpoonCompiler.java:624)
	at spoon.support.compiler.jdt.JDTBasedSpoonCompiler.reportProblems(JDTBasedSpoonCompiler.java:606)
	at spoon.support.compiler.jdt.JDTBasedSpoonCompiler.build(JDTBasedSpoonCompiler.java:115)
	at spoon.support.compiler.jdt.JDTBasedSpoonCompiler.build(JDTBasedSpoonCompiler.java:96)
	at fr.inria.astor.core.manipulation.MutationSupporter.buildModel(MutationSupporter.java:84)
	at fr.inria.astor.core.solutionsearch.AstorCoreEngine.initModel(AstorCoreEngine.java:818)
	at fr.inria.astor.core.solutionsearch.AstorCoreEngine.initPopulation(AstorCoreEngine.java:711)
	at fr.inria.astor.core.ingredientbased.IngredientBasedEvolutionaryRepairApproachImpl.initPopulation(IngredientBasedEvolutionaryRepairApproachImpl.java:70)
	at fr.inria.main.evolution.AstorMain.createEngine(AstorMain.java:127)
	at fr.inria.main.evolution.AstorMain.run(AstorMain.java:179)
	at fr.inria.main.evolution.AstorMain.execute(AstorMain.java:239)
	at fr.inria.main.evolution.AstorMain.main(AstorMain.java:210)


Node: 0d6ee2f90b3e



Date: Fri Sep 27 02:26:29 EDT 2019

cd /script/jGenProg_Defects4J_Mockito_5;
export JAVA_TOOL_OPTIONS="-Dfile.encoding=UTF8 -Duser.language=en-US -Duser.country=US -Duser.language=en";
TZ="America/New_York"; export TZ;
export PATH="/usr/lib/jvm/java-1.8.0-openjdk-amd64/bin/:$PATH";
export JAVA_HOME="/usr/lib/jvm/java-1.8.0-openjdk-amd64/bin/";
java -Xmx4048m -cp /script/libs/jtestex7.jar:/astor/target/astor-0.0.2-SNAPSHOT-jar-with-dependencies.jar fr.inria.main.evolution.AstorMain \
	-mode jgenprog \
	-location . \
	-id Mockito-5 \
	-failing org.mockitointegration.NoJUnitDependenciesTest \
	-jvm4testexecution /usr/lib/jvm/java-1.7.0-openjdk-amd64/bin/ \
	-jvm4evosuitetestexecution /usr/lib/jvm/java-1.7.0-openjdk-amd64/bin/ \
	-maxgen 1000000 \
	-maxtime 120 \
	-stopfirst true \
	-seed 0 \
	-scope package \
	-population 1 \
	-javacompliancelevel 7 \
	-srcjavafolder src \
	-srctestfolder test \
	-binjavafolder build/classes/main/ \
	-bintestfolder build/classes/test/ \
	-parameters x:x \
	-dependencies /script/jGenProg_Defects4J_Mockito_5/build/classes/main/:/script/jGenProg_Defects4J_Mockito_5/build/classes/test/:/script/jGenProg_Defects4J_Mockito_5/lib/build/ant-googlecode-0.0.3.jar:/script/jGenProg_Defects4J_Mockito_5/lib/build/ant4hg-V0.07.jar:/script/jGenProg_Defects4J_Mockito_5/lib/build/asm-3.1.jar:/script/jGenProg_Defects4J_Mockito_5/lib/build/bnd-0.0.313.jar:/script/jGenProg_Defects4J_Mockito_5/lib/build/jarjar-1.0.jar:/script/jGenProg_Defects4J_Mockito_5/lib/build/jaxen-1.1.1.jar:/script/jGenProg_Defects4J_Mockito_5/lib/build/maven-ant-tasks-2.0.9.jar:/script/jGenProg_Defects4J_Mockito_5/lib/build/pmd-4.1.jar:/script/jGenProg_Defects4J_Mockito_5/lib/build/sorcerer.jar:/script/jGenProg_Defects4J_Mockito_5/lib/repackaged/cglib-and-asm-1.0.jar:/script/jGenProg_Defects4J_Mockito_5/lib/sources/cglib-and-asm-1.0-sources.jar:/script/jGenProg_Defects4J_Mockito_5/lib/test/fest-assert-1.3.jar:/script/jGenProg_Defects4J_Mockito_5/lib/test/fest-util-1.1.4.jar:/script/jGenProg_Defects4J_Mockito_5/lib/test/powermock-reflect-1.2.5.jar:/defects4j/framework/projects/Mockito/lib/asm-all-5.0.4.jar:/defects4j/framework/projects/Mockito/lib/assertj-core-2.1.0.jar:/defects4j/framework/projects/Mockito/lib/cglib-and-asm-1.0.jar:/defects4j/framework/projects/Mockito/lib/cobertura-2.0.3.jar:/defects4j/framework/projects/Mockito/lib/fest-assert-1.3.jar:/defects4j/framework/projects/Mockito/lib/fest-util-1.1.4.jar:/defects4j/framework/projects/Mockito/lib/hamcrest-all-1.3.jar:/defects4j/framework/projects/Mockito/lib/hamcrest-core-1.1.jar:/defects4j/framework/projects/Mockito/lib/objenesis-2.1.jar:/defects4j/framework/projects/Mockito/lib/objenesis-2.2.jar:/defects4j/framework/projects/Mockito/lib/powermock-reflect-1.2.5.jar:/defects4j/framework/projects/lib/cobertura-2.0.3.jar:/defects4j/framework/projects/lib/junit-4.11.jar;
	echo "\n\nNode: `hostname`\n";
	echo "\n\nDate: `date`\n";

