Determine revision date.................................................... OK
Picked up JAVA_TOOL_OPTIONS: -Dfile.encoding=UTF8 -Duser.language=en-US -Duser.country=US -Duser.language=en
log4j:ERROR setFile(null,true) call failed.
java.io.FileNotFoundException:  (No such file or directory)
	at java.io.FileOutputStream.open0(Native Method)
	at java.io.FileOutputStream.open(FileOutputStream.java:270)
	at java.io.FileOutputStream.<init>(FileOutputStream.java:213)
	at java.io.FileOutputStream.<init>(FileOutputStream.java:133)
	at org.apache.log4j.FileAppender.setFile(FileAppender.java:294)
	at org.apache.log4j.RollingFileAppender.setFile(RollingFileAppender.java:207)
	at org.apache.log4j.FileAppender.activateOptions(FileAppender.java:165)
	at org.apache.log4j.config.PropertySetter.activate(PropertySetter.java:307)
	at org.apache.log4j.config.PropertySetter.setProperties(PropertySetter.java:172)
	at org.apache.log4j.config.PropertySetter.setProperties(PropertySetter.java:104)
	at org.apache.log4j.PropertyConfigurator.parseAppender(PropertyConfigurator.java:842)
	at org.apache.log4j.PropertyConfigurator.parseCategory(PropertyConfigurator.java:768)
	at org.apache.log4j.PropertyConfigurator.parseCatsAndRenderers(PropertyConfigurator.java:672)
	at org.apache.log4j.PropertyConfigurator.doConfigure(PropertyConfigurator.java:516)
	at org.apache.log4j.PropertyConfigurator.doConfigure(PropertyConfigurator.java:580)
	at org.apache.log4j.helpers.OptionConverter.selectAndConfigure(OptionConverter.java:526)
	at org.apache.log4j.LogManager.<clinit>(LogManager.java:127)
	at org.apache.log4j.Logger.getLogger(Logger.java:117)
	at fr.inria.astor.core.setup.ConfigurationProperties.<clinit>(ConfigurationProperties.java:16)
	at fr.inria.main.AbstractMain.<clinit>(AbstractMain.java:99)
2019-08-28 08:57:23,535 INFO fr.inria.astor.core.setup.ProjectConfiguration - Version of the JVM used: 1.7.0_181
2019-08-28 08:57:23,536 INFO main - Java version of the JDK used to run tests: 1.7.0_181
2019-08-28 08:57:23,536 INFO main - The compliance of the JVM is:  7
2019-08-28 08:57:23,538 INFO main - command line arguments: [-mode  jgenprog  -location  .  -id  Math-103  -failing  org.apache.commons.math.distribution.NormalDistributionTest  -jvm4testexecution  /usr/lib/jvm/java-1.7.0-openjdk-amd64/bin/  -jvm4evosuitetestexecution  /usr/lib/jvm/java-1.7.0-openjdk-amd64/bin/  -maxgen  1000000  -maxtime  120  -stopfirst  true  -seed  0  -scope  local  -population  1  -javacompliancelevel  7  -srcjavafolder  src/java/  -srctestfolder  src/test/  -binjavafolder  target/classes/  -bintestfolder  target/test-classes/  -parameters  x:x  -dependencies  /script/jGenProg_Defects4J_Math_103/target/classes/:/script/jGenProg_Defects4J_Math_103/target/test-classes/:/defects4j/framework/projects/lib/junit-4.11.jar]
2019-08-28 08:57:23,540 INFO fr.inria.main.evolution.AstorMain - Running Astor on a JDK at /usr/lib/jvm/java-8-openjdk-amd64/jre
[INFO ] fr.inria.main.AbstractMain.determineSourceFolders(AbstractMain.java:960) - Source folders: [/script/jGenProg_Defects4J_Math_103/./src/java]
[INFO ] fr.inria.main.AbstractMain.determineSourceFolders(AbstractMain.java:979) - Source Test folders: [/script/jGenProg_Defects4J_Math_103/./src/test]
[INFO ] fr.inria.astor.core.faultlocalization.gzoltar.GZoltarFaultLocalization.calculateSuspicious(GZoltarFaultLocalization.java:74) - -Executing Gzoltar classpath: /script/jGenProg_Defects4J_Math_103/./output_astor/AstorMain-Math-103//bin//default from 274 classes with test cases
[INFO ] fr.inria.astor.core.faultlocalization.gzoltar.GZoltarFaultLocalization.searchSuspicious(GZoltarFaultLocalization.java:154) - Gzoltar fault localization: min susp value parameter: 0.1
[INFO ] fr.inria.astor.core.faultlocalization.gzoltar.GZoltarFaultLocalization.searchSuspicious(GZoltarFaultLocalization.java:174) - -gz-Adding classpath: [/script/jGenProg_Defects4J_Math_103/./output_astor/AstorMain-Math-103//bin//default, /script/jGenProg_Defects4J_Math_103/target/classes/, /script/jGenProg_Defects4J_Math_103/target/test-classes/, /defects4j/framework/projects/lib/junit-4.11.jar]
[INFO ] fr.inria.astor.core.faultlocalization.gzoltar.GZoltarFaultLocalization.searchSuspicious(GZoltarFaultLocalization.java:214) - Test failt: org.apache.commons.math.optimization.MultiDirectionalTest#testRosenbrock
[INFO ] fr.inria.astor.core.faultlocalization.gzoltar.GZoltarFaultLocalization.searchSuspicious(GZoltarFaultLocalization.java:214) - Test failt: org.apache.commons.math.optimization.MultiDirectionalTest#testPowell
[INFO ] fr.inria.astor.core.faultlocalization.gzoltar.GZoltarFaultLocalization.searchSuspicious(GZoltarFaultLocalization.java:214) - Test failt: org.apache.commons.math.distribution.NormalDistributionTest#testExtremeValues
[INFO ] fr.inria.astor.core.faultlocalization.gzoltar.GZoltarFaultLocalization.searchSuspicious(GZoltarFaultLocalization.java:226) - Gzoltar Test Result Total:1014, fails: 3, GZoltar suspicious 6484, with positive susp 63
[INFO ] fr.inria.astor.core.faultlocalization.gzoltar.GZoltarFaultLocalization.searchSuspicious(GZoltarFaultLocalization.java:234) - nr test results 1014
[INFO ] fr.inria.astor.core.faultlocalization.gzoltar.GZoltarFaultLocalization.searchSuspicious(GZoltarFaultLocalization.java:289) - Gzoltar found: 18 with susp > 0.1, we consider: 18
[INFO ] fr.inria.astor.core.solutionsearch.AstorCoreEngine.calculateSuspicious(AstorCoreEngine.java:955) - Setting up the max to 110380 milliseconds (110 sec)
[INFO ] fr.inria.astor.core.solutionsearch.AstorCoreEngine.initPopulation(AstorCoreEngine.java:709) - 
---- Creating spoon model
[INFO ] fr.inria.astor.core.solutionsearch.AstorCoreEngine.initModel(AstorCoreEngine.java:801) - Creating model,  Code location from working folder: /script/jGenProg_Defects4J_Math_103/./src/java
[INFO ] fr.inria.astor.core.manipulation.MutationSupporter.buildModel(MutationSupporter.java:66) - building model: /script/jGenProg_Defects4J_Math_103/./src/java, compliance level: 7
[INFO ] fr.inria.astor.core.manipulation.MutationSupporter.buildModel(MutationSupporter.java:80) - Classpath (Dependencies) for building SpoonModel: [/script/jGenProg_Defects4J_Math_103/target/classes/, /script/jGenProg_Defects4J_Math_103/target/test-classes/, /defects4j/framework/projects/lib/junit-4.11.jar]
[ERROR] fr.inria.astor.core.solutionsearch.AstorCoreEngine.initModel(AstorCoreEngine.java:808) - Problem compiling the model with compliance level 7
spoon.compiler.ModelBuildingException: The import org.apache.commons.discovery cannot be resolved at /script/jGenProg_Defects4J_Math_103/src/java/org/apache/commons/math/stat/descriptive/DescriptiveStatistics.java:22
	at spoon.support.compiler.jdt.JDTBasedSpoonCompiler.report(JDTBasedSpoonCompiler.java:624)
	at spoon.support.compiler.jdt.JDTBasedSpoonCompiler.reportProblems(JDTBasedSpoonCompiler.java:606)
	at spoon.support.compiler.jdt.JDTBasedSpoonCompiler.build(JDTBasedSpoonCompiler.java:115)
[ERROR] fr.inria.astor.core.solutionsearch.AstorCoreEngine.initModel(AstorCoreEngine.java:810) - The import org.apache.commons.discovery cannot be resolved at /script/jGenProg_Defects4J_Math_103/src/java/org/apache/commons/math/stat/descriptive/DescriptiveStatistics.java:22
	at spoon.support.compiler.jdt.JDTBasedSpoonCompiler.build(JDTBasedSpoonCompiler.java:96)
	at fr.inria.astor.core.manipulation.MutationSupporter.buildModel(MutationSupporter.java:84)
	at fr.inria.astor.core.solutionsearch.AstorCoreEngine.initModel(AstorCoreEngine.java:805)
	at fr.inria.astor.core.solutionsearch.AstorCoreEngine.initPopulation(AstorCoreEngine.java:711)
	at fr.inria.astor.core.ingredientbased.IngredientBasedEvolutionaryRepairApproachImpl.initPopulation(IngredientBasedEvolutionaryRepairApproachImpl.java:70)
	at fr.inria.main.evolution.AstorMain.createEngine(AstorMain.java:127)
	at fr.inria.main.evolution.AstorMain.run(AstorMain.java:179)
	at fr.inria.main.evolution.AstorMain.execute(AstorMain.java:239)
	at fr.inria.main.evolution.AstorMain.main(AstorMain.java:210)
[INFO ] fr.inria.astor.core.solutionsearch.AstorCoreEngine.initModel(AstorCoreEngine.java:814) - Recompiling with compliance level 8
[INFO ] fr.inria.astor.core.manipulation.MutationSupporter.buildModel(MutationSupporter.java:66) - building model: /script/jGenProg_Defects4J_Math_103/./src/java, compliance level: 8
[INFO ] fr.inria.astor.core.manipulation.MutationSupporter.buildModel(MutationSupporter.java:80) - Classpath (Dependencies) for building SpoonModel: [/script/jGenProg_Defects4J_Math_103/target/classes/, /script/jGenProg_Defects4J_Math_103/target/test-classes/, /defects4j/framework/projects/lib/junit-4.11.jar]
spoon.compiler.ModelBuildingException: The import org.apache.commons.discovery cannot be resolved at /script/jGenProg_Defects4J_Math_103/src/java/org/apache/commons/math/stat/descriptive/DescriptiveStatistics.java:22
	at spoon.support.compiler.jdt.JDTBasedSpoonCompiler.report(JDTBasedSpoonCompiler.java:624)
	at spoon.support.compiler.jdt.JDTBasedSpoonCompiler.reportProblems(JDTBasedSpoonCompiler.java:606)
	at spoon.support.compiler.jdt.JDTBasedSpoonCompiler.build(JDTBasedSpoonCompiler.java:115)
	at spoon.support.compiler.jdt.JDTBasedSpoonCompiler.build(JDTBasedSpoonCompiler.java:96)
	at fr.inria.astor.core.manipulation.MutationSupporter.buildModel(MutationSupporter.java:84)
	at fr.inria.astor.core.solutionsearch.AstorCoreEngine.initModel(AstorCoreEngine.java:818)
	at fr.inria.astor.core.solutionsearch.AstorCoreEngine.initPopulation(AstorCoreEngine.java:711)
	at fr.inria.astor.core.ingredientbased.IngredientBasedEvolutionaryRepairApproachImpl.initPopulation(IngredientBasedEvolutionaryRepairApproachImpl.java:70)
	at fr.inria.main.evolution.AstorMain.createEngine(AstorMain.java:127)
	at fr.inria.main.evolution.AstorMain.run(AstorMain.java:179)
	at fr.inria.main.evolution.AstorMain.execute(AstorMain.java:239)
	at fr.inria.main.evolution.AstorMain.main(AstorMain.java:210)
[ERROR] fr.inria.astor.core.solutionsearch.AstorCoreEngine.initModel(AstorCoreEngine.java:822) - Error compiling: The import org.apache.commons.discovery cannot be resolved at /script/jGenProg_Defects4J_Math_103/src/java/org/apache/commons/math/stat/descriptive/DescriptiveStatistics.java:22
[ERROR] fr.inria.astor.core.solutionsearch.AstorCoreEngine.initModel(AstorCoreEngine.java:824) - Astor does not continue when model build fails
Exception in thread "main" spoon.compiler.ModelBuildingException: The import org.apache.commons.discovery cannot be resolved at /script/jGenProg_Defects4J_Math_103/src/java/org/apache/commons/math/stat/descriptive/DescriptiveStatistics.java:22
	at spoon.support.compiler.jdt.JDTBasedSpoonCompiler.report(JDTBasedSpoonCompiler.java:624)
	at spoon.support.compiler.jdt.JDTBasedSpoonCompiler.reportProblems(JDTBasedSpoonCompiler.java:606)
	at spoon.support.compiler.jdt.JDTBasedSpoonCompiler.build(JDTBasedSpoonCompiler.java:115)
	at spoon.support.compiler.jdt.JDTBasedSpoonCompiler.build(JDTBasedSpoonCompiler.java:96)
	at fr.inria.astor.core.manipulation.MutationSupporter.buildModel(MutationSupporter.java:84)
	at fr.inria.astor.core.solutionsearch.AstorCoreEngine.initModel(AstorCoreEngine.java:818)
	at fr.inria.astor.core.solutionsearch.AstorCoreEngine.initPopulation(AstorCoreEngine.java:711)
	at fr.inria.astor.core.ingredientbased.IngredientBasedEvolutionaryRepairApproachImpl.initPopulation(IngredientBasedEvolutionaryRepairApproachImpl.java:70)
	at fr.inria.main.evolution.AstorMain.createEngine(AstorMain.java:127)
	at fr.inria.main.evolution.AstorMain.run(AstorMain.java:179)
	at fr.inria.main.evolution.AstorMain.execute(AstorMain.java:239)
	at fr.inria.main.evolution.AstorMain.main(AstorMain.java:210)


Node: 03909fcda5f5



Date: Wed Aug 28 08:57:39 EDT 2019

cd /script/jGenProg_Defects4J_Math_103;
export JAVA_TOOL_OPTIONS="-Dfile.encoding=UTF8 -Duser.language=en-US -Duser.country=US -Duser.language=en";
TZ="America/New_York"; export TZ;
export PATH="/usr/lib/jvm/java-1.8.0-openjdk-amd64/bin/:$PATH";
export JAVA_HOME="/usr/lib/jvm/java-1.8.0-openjdk-amd64/bin/";
java -Xmx4048m -cp /script/libs/jtestex7.jar:/astor/target/astor-0.0.2-SNAPSHOT-jar-with-dependencies.jar fr.inria.main.evolution.AstorMain \
	-mode jgenprog \
	-location . \
	-id Math-103 \
	-failing org.apache.commons.math.distribution.NormalDistributionTest \
	-jvm4testexecution /usr/lib/jvm/java-1.7.0-openjdk-amd64/bin/ \
	-jvm4evosuitetestexecution /usr/lib/jvm/java-1.7.0-openjdk-amd64/bin/ \
	-maxgen 1000000 \
	-maxtime 120 \
	-stopfirst true \
	-seed 0 \
	-scope local \
	-population 1 \
	-javacompliancelevel 7 \
	-srcjavafolder src/java/ \
	-srctestfolder src/test/ \
	-binjavafolder target/classes/ \
	-bintestfolder target/test-classes/ \
	-parameters x:x \
	-dependencies /script/jGenProg_Defects4J_Math_103/target/classes/:/script/jGenProg_Defects4J_Math_103/target/test-classes/:/defects4j/framework/projects/lib/junit-4.11.jar;
	echo "\n\nNode: `hostname`\n";
	echo "\n\nDate: `date`\n";

