Determine revision date.................................................... OK
Picked up JAVA_TOOL_OPTIONS: -Dfile.encoding=UTF8 -Duser.language=en-US -Duser.country=US -Duser.language=en
Error: Could not find or load main class fr.inria.main.evolution.AstorMain


Node: 03c548d05008



Date: Mon Oct 28 04:47:05 EDT 2019

cd /script/jGenProg_Defects4J_Chart_26;
export JAVA_TOOL_OPTIONS="-Dfile.encoding=UTF8 -Duser.language=en-US -Duser.country=US -Duser.language=en";
TZ="America/New_York"; export TZ;
export PATH="/usr/lib/jvm/java-1.8.0-openjdk-amd64/bin/:$PATH";
export JAVA_HOME="/usr/lib/jvm/java-1.8.0-openjdk-amd64/bin/";
java -Xmx4048m -cp /script/libs/jtestex7.jar:/astor/target/astor-0.0.2-SNAPSHOT-jar-with-dependencies.jar fr.inria.main.evolution.AstorMain \
	-mode jgenprog \
	-location . \
	-id Chart-26 \
	-failing org.jfree.chart.renderer.category.junit.BoxAndWhiskerRendererTests:org.jfree.chart.junit.AreaChartTests:org.jfree.chart.junit.StackedBarChart3DTests:org.jfree.chart.junit.StackedBarChartTests:org.jfree.chart.junit.StackedAreaChartTests:org.jfree.chart.renderer.category.junit.StatisticalLineAndShapeRendererTests:org.jfree.chart.junit.LineChart3DTests:org.jfree.chart.renderer.category.junit.MinMaxCategoryRendererTests:org.jfree.chart.junit.GanttChartTests:org.jfree.chart.renderer.category.junit.LevelRendererTests:org.jfree.chart.renderer.category.junit.IntervalBarRendererTests:org.jfree.chart.junit.BarChart3DTests:org.jfree.chart.junit.BarChartTests:org.jfree.chart.junit.WaterfallChartTests:org.jfree.chart.renderer.category.junit.LayeredBarRendererTests:org.jfree.chart.renderer.category.junit.StatisticalBarRendererTests:org.jfree.chart.renderer.category.junit.GroupedStackedBarRendererTests:org.jfree.chart.plot.junit.CategoryPlotTests:org.jfree.chart.junit.LineChartTests \
	-jvm4testexecution /usr/lib/jvm/java-1.7.0-openjdk-amd64/bin/ \
	-jvm4evosuitetestexecution /usr/lib/jvm/java-1.7.0-openjdk-amd64/bin/ \
	-maxgen 1000000 \
	-maxtime 120 \
	-stopfirst true \
	-seed 0 \
	-scope package \
	-population 1 \
	-javacompliancelevel 4 \
	-srcjavafolder source/ \
	-srctestfolder tests/ \
	-binjavafolder build/ \
	-bintestfolder build-tests/ \
	-parameters x:x \
	-dependencies /script/jGenProg_Defects4J_Chart_26/build/:/script/jGenProg_Defects4J_Chart_26/build-tests/:/script/jGenProg_Defects4J_Chart_26/lib/servlet.jar:/script/jGenProg_Defects4J_Chart_26/lib/junit.jar:/script/jGenProg_Defects4J_Chart_26/lib/itext-2.0.2.jar:/defects4j/framework/projects/lib/junit-4.11.jar;
	echo "\n\nNode: `hostname`\n";
	echo "\n\nDate: `date`\n";

Determine revision date.................................................... OK
Picked up JAVA_TOOL_OPTIONS: -Dfile.encoding=UTF8 -Duser.language=en-US -Duser.country=US -Duser.language=en
Error: Could not find or load main class fr.inria.main.evolution.AstorMain


Node: 9e3e15960a61



Date: Mon Oct 28 04:49:29 EDT 2019

cd /script/jGenProg_Defects4J_Chart_26;
export JAVA_TOOL_OPTIONS="-Dfile.encoding=UTF8 -Duser.language=en-US -Duser.country=US -Duser.language=en";
TZ="America/New_York"; export TZ;
export PATH="/usr/lib/jvm/java-1.8.0-openjdk-amd64/bin/:$PATH";
export JAVA_HOME="/usr/lib/jvm/java-1.8.0-openjdk-amd64/bin/";
java -Xmx4048m -cp /script/libs/jtestex7.jar:/astor/target/astor-0.0.2-SNAPSHOT-jar-with-dependencies.jar fr.inria.main.evolution.AstorMain \
	-mode jgenprog \
	-location . \
	-id Chart-26 \
	-failing org.jfree.chart.renderer.category.junit.BoxAndWhiskerRendererTests:org.jfree.chart.junit.AreaChartTests:org.jfree.chart.junit.StackedBarChart3DTests:org.jfree.chart.junit.StackedBarChartTests:org.jfree.chart.junit.StackedAreaChartTests:org.jfree.chart.renderer.category.junit.StatisticalLineAndShapeRendererTests:org.jfree.chart.junit.LineChart3DTests:org.jfree.chart.renderer.category.junit.MinMaxCategoryRendererTests:org.jfree.chart.junit.GanttChartTests:org.jfree.chart.renderer.category.junit.LevelRendererTests:org.jfree.chart.renderer.category.junit.IntervalBarRendererTests:org.jfree.chart.junit.BarChart3DTests:org.jfree.chart.junit.BarChartTests:org.jfree.chart.junit.WaterfallChartTests:org.jfree.chart.renderer.category.junit.LayeredBarRendererTests:org.jfree.chart.renderer.category.junit.StatisticalBarRendererTests:org.jfree.chart.renderer.category.junit.GroupedStackedBarRendererTests:org.jfree.chart.plot.junit.CategoryPlotTests:org.jfree.chart.junit.LineChartTests \
	-jvm4testexecution /usr/lib/jvm/java-1.7.0-openjdk-amd64/bin/ \
	-jvm4evosuitetestexecution /usr/lib/jvm/java-1.7.0-openjdk-amd64/bin/ \
	-maxgen 1000000 \
	-maxtime 120 \
	-stopfirst true \
	-seed 0 \
	-scope package \
	-population 1 \
	-javacompliancelevel 4 \
	-srcjavafolder source/ \
	-srctestfolder tests/ \
	-binjavafolder build/ \
	-bintestfolder build-tests/ \
	-parameters x:x \
	-dependencies /script/jGenProg_Defects4J_Chart_26/build/:/script/jGenProg_Defects4J_Chart_26/build-tests/:/script/jGenProg_Defects4J_Chart_26/lib/junit.jar:/script/jGenProg_Defects4J_Chart_26/lib/itext-2.0.2.jar:/script/jGenProg_Defects4J_Chart_26/lib/servlet.jar:/defects4j/framework/projects/lib/junit-4.11.jar;
	echo "\n\nNode: `hostname`\n";
	echo "\n\nDate: `date`\n";

