Determine revision date.................................................... OK
Picked up JAVA_TOOL_OPTIONS: -Dfile.encoding=UTF8 -Duser.language=en-US -Duser.country=US -Duser.language=en
[INFO] 04:34:04,552 fr.inria.astor.core.setup.ProjectConfiguration:282 - Version of the JVM used: 1.7.0_181
[INFO] 04:34:04,557 main:381 - Java version of the JDK used to run tests: 1.7.0_181
[INFO] 04:34:04,557 main:382 - The compliance of the JVM is:  7
[INFO] 04:34:04,559 main:660 - command line arguments: [-mode  jgenprog  -location  .  -id  Time-8  -failing  org.joda.time.TestDateTimeZone  -jvm4testexecution  /usr/lib/jvm/java-1.7.0-openjdk-amd64/bin/  -jvm4evosuitetestexecution  /usr/lib/jvm/java-1.7.0-openjdk-amd64/bin/  -maxgen  1000000  -maxtime  120  -stopfirst  true  -seed  0  -scope  local  -population  1  -javacompliancelevel  5  -srcjavafolder  src/main/java/  -srctestfolder  src/test/java/  -binjavafolder  target/classes/  -bintestfolder  target/test-classes/  -parameters  mode:leven  -dependencies  /script/jGenProg_Defects4J_Time_8/target/classes/:/script/jGenProg_Defects4J_Time_8/target/test-classes/:/defects4j/framework/projects/Time/lib/joda-convert-1.2.jar:/defects4j/framework/projects/Time/lib/junit-3.8.2.jar:/defects4j/framework/projects/Time/lib/junit/junit/3.8.2/junit-3.8.2.jar:/defects4j/framework/projects/Time/lib/org/joda/joda-convert/1.2/joda-convert-1.2.jar]
[INFO] 04:34:04,563 fr.inria.main.evolution.AstorMain:224 - Running Astor on a JDK at /usr/lib/jvm/java-8-openjdk-amd64/jre
[INFO ] fr.inria.main.AbstractMain.determineSourceFolders(AbstractMain.java:975) - Source folders: [/script/jGenProg_Defects4J_Time_8/./src/main/java]
[INFO ] fr.inria.main.AbstractMain.determineSourceFolders(AbstractMain.java:994) - Source Test folders: [/script/jGenProg_Defects4J_Time_8/./src/test/java]
[INFO ] fr.inria.main.evolution.AstorMain.createEngine(AstorMain.java:104) - mode is Leven
[INFO ] fr.inria.astor.core.solutionsearch.AstorCoreEngine.resolveTestsToRun(AstorCoreEngine.java:1311) - Test retrieved from classes: 262
[INFO ] fr.inria.astor.core.faultlocalization.gzoltar.GZoltarFaultLocalization.calculateSuspicious(GZoltarFaultLocalization.java:74) - -Executing Gzoltar classpath: /script/jGenProg_Defects4J_Time_8/./output_astor/AstorMain-Time-8//bin//default from 262 classes with test cases
[INFO ] fr.inria.astor.core.faultlocalization.gzoltar.GZoltarFaultLocalization.searchSuspicious(GZoltarFaultLocalization.java:154) - Gzoltar fault localization: min susp value parameter: 0.1
[INFO ] fr.inria.astor.core.faultlocalization.gzoltar.GZoltarFaultLocalization.searchSuspicious(GZoltarFaultLocalization.java:174) - -gz-Adding classpath: [/script/jGenProg_Defects4J_Time_8/./output_astor/AstorMain-Time-8//bin//default, /script/jGenProg_Defects4J_Time_8/target/classes/, /script/jGenProg_Defects4J_Time_8/target/test-classes/, /defects4j/framework/projects/Time/lib/joda-convert-1.2.jar, /defects4j/framework/projects/Time/lib/junit-3.8.2.jar, /defects4j/framework/projects/Time/lib/junit/junit/3.8.2/junit-3.8.2.jar, /defects4j/framework/projects/Time/lib/org/joda/joda-convert/1.2/joda-convert-1.2.jar]
[INFO ] fr.inria.astor.core.faultlocalization.gzoltar.GZoltarFaultLocalization.searchSuspicious(GZoltarFaultLocalization.java:214) - Test failt: org.joda.time.TestSerialization#testSerializedMutableDateTime
[INFO ] fr.inria.astor.core.faultlocalization.gzoltar.GZoltarFaultLocalization.searchSuspicious(GZoltarFaultLocalization.java:214) - Test failt: org.joda.time.TestSerialization#testSerializedGJChronologyChangedInternals
[INFO ] fr.inria.astor.core.faultlocalization.gzoltar.GZoltarFaultLocalization.searchSuspicious(GZoltarFaultLocalization.java:214) - Test failt: org.joda.time.TestSerialization#testDuration
[INFO ] fr.inria.astor.core.faultlocalization.gzoltar.GZoltarFaultLocalization.searchSuspicious(GZoltarFaultLocalization.java:214) - Test failt: org.joda.time.TestSerialization#testSerializedISOChronology
[INFO ] fr.inria.astor.core.faultlocalization.gzoltar.GZoltarFaultLocalization.searchSuspicious(GZoltarFaultLocalization.java:214) - Test failt: org.joda.time.TestSerialization#testSerializedBuddhistChronology
[INFO ] fr.inria.astor.core.faultlocalization.gzoltar.GZoltarFaultLocalization.searchSuspicious(GZoltarFaultLocalization.java:214) - Test failt: org.joda.time.TestSerialization#testSerializedDateTimeProperty
[INFO ] fr.inria.astor.core.faultlocalization.gzoltar.GZoltarFaultLocalization.searchSuspicious(GZoltarFaultLocalization.java:214) - Test failt: org.joda.time.TestSerialization#testSerializedPeriodType
[INFO ] fr.inria.astor.core.faultlocalization.gzoltar.GZoltarFaultLocalization.searchSuspicious(GZoltarFaultLocalization.java:214) - Test failt: org.joda.time.TestSerialization#testSerializedJulianChronology
[INFO ] fr.inria.astor.core.faultlocalization.gzoltar.GZoltarFaultLocalization.searchSuspicious(GZoltarFaultLocalization.java:214) - Test failt: org.joda.time.TestSerialization#testSerializedDateTimeFieldType
[INFO ] fr.inria.astor.core.faultlocalization.gzoltar.GZoltarFaultLocalization.searchSuspicious(GZoltarFaultLocalization.java:214) - Test failt: org.joda.time.TestSerialization#testSerializedYearMonthDay
[INFO ] fr.inria.astor.core.faultlocalization.gzoltar.GZoltarFaultLocalization.searchSuspicious(GZoltarFaultLocalization.java:214) - Test failt: org.joda.time.TestSerialization#testSerializedMutableDateTimeProperty
[INFO ] fr.inria.astor.core.faultlocalization.gzoltar.GZoltarFaultLocalization.searchSuspicious(GZoltarFaultLocalization.java:214) - Test failt: org.joda.time.TestSerialization#testSerializedGregorianChronology
[INFO ] fr.inria.astor.core.faultlocalization.gzoltar.GZoltarFaultLocalization.searchSuspicious(GZoltarFaultLocalization.java:214) - Test failt: org.joda.time.TestSerialization#testSerializedDateTime
[INFO ] fr.inria.astor.core.faultlocalization.gzoltar.GZoltarFaultLocalization.searchSuspicious(GZoltarFaultLocalization.java:214) - Test failt: org.joda.time.TestSerialization#testSerializedLocalDate
[INFO ] fr.inria.astor.core.faultlocalization.gzoltar.GZoltarFaultLocalization.searchSuspicious(GZoltarFaultLocalization.java:214) - Test failt: org.joda.time.TestSerialization#testSerializedLocalTime
[INFO ] fr.inria.astor.core.faultlocalization.gzoltar.GZoltarFaultLocalization.searchSuspicious(GZoltarFaultLocalization.java:214) - Test failt: org.joda.time.TestSerialization#testSerializedUnsupportedDateTimeField
[INFO ] fr.inria.astor.core.faultlocalization.gzoltar.GZoltarFaultLocalization.searchSuspicious(GZoltarFaultLocalization.java:214) - Test failt: org.joda.time.TestSerialization#testSerializedDateTimeZone
[INFO ] fr.inria.astor.core.faultlocalization.gzoltar.GZoltarFaultLocalization.searchSuspicious(GZoltarFaultLocalization.java:214) - Test failt: org.joda.time.TestSerialization#testSerializedCopticChronology
[INFO ] fr.inria.astor.core.faultlocalization.gzoltar.GZoltarFaultLocalization.searchSuspicious(GZoltarFaultLocalization.java:214) - Test failt: org.joda.time.TestSerialization#testSerializedLocalDateBuddhist
[INFO ] fr.inria.astor.core.faultlocalization.gzoltar.GZoltarFaultLocalization.searchSuspicious(GZoltarFaultLocalization.java:214) - Test failt: org.joda.time.TestSerialization#testSerializedDateMidnight
[INFO ] fr.inria.astor.core.faultlocalization.gzoltar.GZoltarFaultLocalization.searchSuspicious(GZoltarFaultLocalization.java:214) - Test failt: org.joda.time.TestSerialization#testSerializedGJChronology
[INFO ] fr.inria.astor.core.faultlocalization.gzoltar.GZoltarFaultLocalization.searchSuspicious(GZoltarFaultLocalization.java:214) - Test failt: org.joda.time.TestSerialization#testSerializedDateTimeZoneUTC
[INFO ] fr.inria.astor.core.faultlocalization.gzoltar.GZoltarFaultLocalization.searchSuspicious(GZoltarFaultLocalization.java:214) - Test failt: org.joda.time.TestSerialization#testSerializedInstant
[INFO ] fr.inria.astor.core.faultlocalization.gzoltar.GZoltarFaultLocalization.searchSuspicious(GZoltarFaultLocalization.java:214) - Test failt: org.joda.time.TestSerialization#testSerializedLocalDateTime
[INFO ] fr.inria.astor.core.faultlocalization.gzoltar.GZoltarFaultLocalization.searchSuspicious(GZoltarFaultLocalization.java:214) - Test failt: org.joda.time.TestSerialization#testSerializedTimeOfDay
[INFO ] fr.inria.astor.core.faultlocalization.gzoltar.GZoltarFaultLocalization.searchSuspicious(GZoltarFaultLocalization.java:214) - Test failt: org.joda.time.TestSerialization#testSerializedDateMidnightProperty
[INFO ] fr.inria.astor.core.faultlocalization.gzoltar.GZoltarFaultLocalization.searchSuspicious(GZoltarFaultLocalization.java:214) - Test failt: org.joda.time.format.TestDateTimeFormatter#testZoneShortNameNearTransition
[INFO ] fr.inria.astor.core.faultlocalization.gzoltar.GZoltarFaultLocalization.searchSuspicious(GZoltarFaultLocalization.java:214) - Test failt: org.joda.time.format.TestDateTimeFormatter#testZoneNameNearTransition
[INFO ] fr.inria.astor.core.faultlocalization.gzoltar.GZoltarFaultLocalization.searchSuspicious(GZoltarFaultLocalization.java:214) - Test failt: org.joda.time.format.TestDateTimeFormatter#testZoneShortNameNearTransition
[INFO ] fr.inria.astor.core.faultlocalization.gzoltar.GZoltarFaultLocalization.searchSuspicious(GZoltarFaultLocalization.java:214) - Test failt: org.joda.time.format.TestDateTimeFormatter#testZoneNameNearTransition
[INFO ] fr.inria.astor.core.faultlocalization.gzoltar.GZoltarFaultLocalization.searchSuspicious(GZoltarFaultLocalization.java:214) - Test failt: org.joda.time.format.TestDateTimeFormat#testFormat_zoneText
[INFO ] fr.inria.astor.core.faultlocalization.gzoltar.GZoltarFaultLocalization.searchSuspicious(GZoltarFaultLocalization.java:214) - Test failt: org.joda.time.format.TestDateTimeFormat#testFormat_zoneLongText
[INFO ] fr.inria.astor.core.faultlocalization.gzoltar.GZoltarFaultLocalization.searchSuspicious(GZoltarFaultLocalization.java:214) - Test failt: org.joda.time.format.TestDateTimeFormatStyle#testForStyle_fullDateTime
[INFO ] fr.inria.astor.core.faultlocalization.gzoltar.GZoltarFaultLocalization.searchSuspicious(GZoltarFaultLocalization.java:214) - Test failt: org.joda.time.format.TestDateTimeFormatStyle#testForStyle_mediumLongDateTime
[INFO ] fr.inria.astor.core.faultlocalization.gzoltar.GZoltarFaultLocalization.searchSuspicious(GZoltarFaultLocalization.java:214) - Test failt: org.joda.time.format.TestDateTimeFormatStyle#testForStyle_fullTime
[INFO ] fr.inria.astor.core.faultlocalization.gzoltar.GZoltarFaultLocalization.searchSuspicious(GZoltarFaultLocalization.java:214) - Test failt: org.joda.time.format.TestDateTimeFormatStyle#testForStyle_shortLongDateTime
[INFO ] fr.inria.astor.core.faultlocalization.gzoltar.GZoltarFaultLocalization.searchSuspicious(GZoltarFaultLocalization.java:214) - Test failt: org.joda.time.format.TestDateTimeFormatStyle#testForStyle_longTime
[INFO ] fr.inria.astor.core.faultlocalization.gzoltar.GZoltarFaultLocalization.searchSuspicious(GZoltarFaultLocalization.java:214) - Test failt: org.joda.time.format.TestDateTimeFormatStyle#testForStyle_mediumFullDateTime
[INFO ] fr.inria.astor.core.faultlocalization.gzoltar.GZoltarFaultLocalization.searchSuspicious(GZoltarFaultLocalization.java:214) - Test failt: org.joda.time.format.TestDateTimeFormatStyle#testForStyle_shortFullDateTime
[INFO ] fr.inria.astor.core.faultlocalization.gzoltar.GZoltarFaultLocalization.searchSuspicious(GZoltarFaultLocalization.java:214) - Test failt: org.joda.time.format.TestDateTimeFormatStyle#testForStyle_longDateTime
[INFO ] fr.inria.astor.core.faultlocalization.gzoltar.GZoltarFaultLocalization.searchSuspicious(GZoltarFaultLocalization.java:214) - Test failt: org.joda.time.format.TestDateTimeFormatterBuilder#test_printParseLongName
[INFO ] fr.inria.astor.core.faultlocalization.gzoltar.GZoltarFaultLocalization.searchSuspicious(GZoltarFaultLocalization.java:214) - Test failt: org.joda.time.format.TestDateTimeFormatterBuilder#test_printParseShortNameWithAutoLookup
[INFO ] fr.inria.astor.core.faultlocalization.gzoltar.GZoltarFaultLocalization.searchSuspicious(GZoltarFaultLocalization.java:214) - Test failt: org.joda.time.format.TestDateTimeFormatterBuilder#test_printParseLongNameWithLookup
[INFO ] fr.inria.astor.core.faultlocalization.gzoltar.GZoltarFaultLocalization.searchSuspicious(GZoltarFaultLocalization.java:214) - Test failt: org.joda.time.format.TestDateTimeFormatterBuilder#test_printParseShortNameWithLookup
[INFO ] fr.inria.astor.core.faultlocalization.gzoltar.GZoltarFaultLocalization.searchSuspicious(GZoltarFaultLocalization.java:214) - Test failt: org.joda.time.format.TestDateTimeFormatterBuilder#test_printParseShortName
[INFO ] fr.inria.astor.core.faultlocalization.gzoltar.GZoltarFaultLocalization.searchSuspicious(GZoltarFaultLocalization.java:214) - Test failt: org.joda.time.TestDays#testFactory_daysBetween_RPartial_MonthDay
[INFO ] fr.inria.astor.core.faultlocalization.gzoltar.GZoltarFaultLocalization.searchSuspicious(GZoltarFaultLocalization.java:214) - Test failt: org.joda.time.TestMonths#testFactory_monthsBetween_RPartial_MonthDay
[INFO ] fr.inria.astor.core.faultlocalization.gzoltar.GZoltarFaultLocalization.searchSuspicious(GZoltarFaultLocalization.java:214) - Test failt: org.joda.time.TestInterval_Basics#testIsEqual_RI
[INFO ] fr.inria.astor.core.faultlocalization.gzoltar.GZoltarFaultLocalization.searchSuspicious(GZoltarFaultLocalization.java:214) - Test failt: org.joda.time.TestMonths#testFactory_monthsBetween_RPartial_MonthDay
[INFO ] fr.inria.astor.core.faultlocalization.gzoltar.GZoltarFaultLocalization.searchSuspicious(GZoltarFaultLocalization.java:214) - Test failt: org.joda.time.TestDays#testFactory_daysBetween_RPartial_MonthDay
[INFO ] fr.inria.astor.core.faultlocalization.gzoltar.GZoltarFaultLocalization.searchSuspicious(GZoltarFaultLocalization.java:214) - Test failt: org.joda.time.TestDateTimeZone#testGetName_berlin
[INFO ] fr.inria.astor.core.faultlocalization.gzoltar.GZoltarFaultLocalization.searchSuspicious(GZoltarFaultLocalization.java:214) - Test failt: org.joda.time.TestDateTimeZone#testGetShortName
[INFO ] fr.inria.astor.core.faultlocalization.gzoltar.GZoltarFaultLocalization.searchSuspicious(GZoltarFaultLocalization.java:214) - Test failt: org.joda.time.TestDateTimeZone#testGetName
[INFO ] fr.inria.astor.core.faultlocalization.gzoltar.GZoltarFaultLocalization.searchSuspicious(GZoltarFaultLocalization.java:214) - Test failt: org.joda.time.TestDateTimeZone#testForOffsetHoursMinutes_int_int
[INFO ] fr.inria.astor.core.faultlocalization.gzoltar.GZoltarFaultLocalization.searchSuspicious(GZoltarFaultLocalization.java:214) - Test failt: org.joda.time.TestDateTimeZone#testGetShortName_berlin
[INFO ] fr.inria.astor.core.faultlocalization.gzoltar.GZoltarFaultLocalization.searchSuspicious(GZoltarFaultLocalization.java:214) - Test failt: org.joda.time.TestSerialization#testSerializedMutableDateTime
[INFO ] fr.inria.astor.core.faultlocalization.gzoltar.GZoltarFaultLocalization.searchSuspicious(GZoltarFaultLocalization.java:214) - Test failt: org.joda.time.TestSerialization#testSerializedGJChronologyChangedInternals
[INFO ] fr.inria.astor.core.faultlocalization.gzoltar.GZoltarFaultLocalization.searchSuspicious(GZoltarFaultLocalization.java:214) - Test failt: org.joda.time.TestSerialization#testDuration
[INFO ] fr.inria.astor.core.faultlocalization.gzoltar.GZoltarFaultLocalization.searchSuspicious(GZoltarFaultLocalization.java:214) - Test failt: org.joda.time.TestSerialization#testSerializedISOChronology
[INFO ] fr.inria.astor.core.faultlocalization.gzoltar.GZoltarFaultLocalization.searchSuspicious(GZoltarFaultLocalization.java:214) - Test failt: org.joda.time.TestSerialization#testSerializedBuddhistChronology
[INFO ] fr.inria.astor.core.faultlocalization.gzoltar.GZoltarFaultLocalization.searchSuspicious(GZoltarFaultLocalization.java:214) - Test failt: org.joda.time.TestSerialization#testSerializedDateTimeProperty
[INFO ] fr.inria.astor.core.faultlocalization.gzoltar.GZoltarFaultLocalization.searchSuspicious(GZoltarFaultLocalization.java:214) - Test failt: org.joda.time.TestSerialization#testSerializedPeriodType
[INFO ] fr.inria.astor.core.faultlocalization.gzoltar.GZoltarFaultLocalization.searchSuspicious(GZoltarFaultLocalization.java:214) - Test failt: org.joda.time.TestSerialization#testSerializedJulianChronology
[INFO ] fr.inria.astor.core.faultlocalization.gzoltar.GZoltarFaultLocalization.searchSuspicious(GZoltarFaultLocalization.java:214) - Test failt: org.joda.time.TestSerialization#testSerializedDateTimeFieldType
[INFO ] fr.inria.astor.core.faultlocalization.gzoltar.GZoltarFaultLocalization.searchSuspicious(GZoltarFaultLocalization.java:214) - Test failt: org.joda.time.TestSerialization#testSerializedYearMonthDay
[INFO ] fr.inria.astor.core.faultlocalization.gzoltar.GZoltarFaultLocalization.searchSuspicious(GZoltarFaultLocalization.java:214) - Test failt: org.joda.time.TestSerialization#testSerializedMutableDateTimeProperty
[INFO ] fr.inria.astor.core.faultlocalization.gzoltar.GZoltarFaultLocalization.searchSuspicious(GZoltarFaultLocalization.java:214) - Test failt: org.joda.time.TestSerialization#testSerializedGregorianChronology
[INFO ] fr.inria.astor.core.faultlocalization.gzoltar.GZoltarFaultLocalization.searchSuspicious(GZoltarFaultLocalization.java:214) - Test failt: org.joda.time.TestSerialization#testSerializedDateTime
[INFO ] fr.inria.astor.core.faultlocalization.gzoltar.GZoltarFaultLocalization.searchSuspicious(GZoltarFaultLocalization.java:214) - Test failt: org.joda.time.TestSerialization#testSerializedLocalDate
[INFO ] fr.inria.astor.core.faultlocalization.gzoltar.GZoltarFaultLocalization.searchSuspicious(GZoltarFaultLocalization.java:214) - Test failt: org.joda.time.TestSerialization#testSerializedLocalTime
[INFO ] fr.inria.astor.core.faultlocalization.gzoltar.GZoltarFaultLocalization.searchSuspicious(GZoltarFaultLocalization.java:214) - Test failt: org.joda.time.TestSerialization#testSerializedUnsupportedDateTimeField
[INFO ] fr.inria.astor.core.faultlocalization.gzoltar.GZoltarFaultLocalization.searchSuspicious(GZoltarFaultLocalization.java:214) - Test failt: org.joda.time.TestSerialization#testSerializedDateTimeZone
[INFO ] fr.inria.astor.core.faultlocalization.gzoltar.GZoltarFaultLocalization.searchSuspicious(GZoltarFaultLocalization.java:214) - Test failt: org.joda.time.TestSerialization#testSerializedCopticChronology
[INFO ] fr.inria.astor.core.faultlocalization.gzoltar.GZoltarFaultLocalization.searchSuspicious(GZoltarFaultLocalization.java:214) - Test failt: org.joda.time.TestSerialization#testSerializedLocalDateBuddhist
[INFO ] fr.inria.astor.core.faultlocalization.gzoltar.GZoltarFaultLocalization.searchSuspicious(GZoltarFaultLocalization.java:214) - Test failt: org.joda.time.TestSerialization#testSerializedDateMidnight
[INFO ] fr.inria.astor.core.faultlocalization.gzoltar.GZoltarFaultLocalization.searchSuspicious(GZoltarFaultLocalization.java:214) - Test failt: org.joda.time.TestSerialization#testSerializedGJChronology
[INFO ] fr.inria.astor.core.faultlocalization.gzoltar.GZoltarFaultLocalization.searchSuspicious(GZoltarFaultLocalization.java:214) - Test failt: org.joda.time.TestSerialization#testSerializedDateTimeZoneUTC
[INFO ] fr.inria.astor.core.faultlocalization.gzoltar.GZoltarFaultLocalization.searchSuspicious(GZoltarFaultLocalization.java:214) - Test failt: org.joda.time.TestSerialization#testSerializedInstant
[INFO ] fr.inria.astor.core.faultlocalization.gzoltar.GZoltarFaultLocalization.searchSuspicious(GZoltarFaultLocalization.java:214) - Test failt: org.joda.time.TestSerialization#testSerializedLocalDateTime
[INFO ] fr.inria.astor.core.faultlocalization.gzoltar.GZoltarFaultLocalization.searchSuspicious(GZoltarFaultLocalization.java:214) - Test failt: org.joda.time.TestSerialization#testSerializedTimeOfDay
[INFO ] fr.inria.astor.core.faultlocalization.gzoltar.GZoltarFaultLocalization.searchSuspicious(GZoltarFaultLocalization.java:214) - Test failt: org.joda.time.TestSerialization#testSerializedDateMidnightProperty
[INFO ] fr.inria.astor.core.faultlocalization.gzoltar.GZoltarFaultLocalization.searchSuspicious(GZoltarFaultLocalization.java:214) - Test failt: org.joda.time.format.TestDateTimeFormatter#testZoneShortNameNearTransition
[INFO ] fr.inria.astor.core.faultlocalization.gzoltar.GZoltarFaultLocalization.searchSuspicious(GZoltarFaultLocalization.java:214) - Test failt: org.joda.time.format.TestDateTimeFormatter#testZoneNameNearTransition
[INFO ] fr.inria.astor.core.faultlocalization.gzoltar.GZoltarFaultLocalization.searchSuspicious(GZoltarFaultLocalization.java:214) - Test failt: org.joda.time.format.TestDateTimeFormat#testFormat_zoneText
[INFO ] fr.inria.astor.core.faultlocalization.gzoltar.GZoltarFaultLocalization.searchSuspicious(GZoltarFaultLocalization.java:214) - Test failt: org.joda.time.format.TestDateTimeFormat#testFormat_zoneLongText
[INFO ] fr.inria.astor.core.faultlocalization.gzoltar.GZoltarFaultLocalization.searchSuspicious(GZoltarFaultLocalization.java:214) - Test failt: org.joda.time.format.TestDateTimeFormatStyle#testForStyle_fullDateTime
[INFO ] fr.inria.astor.core.faultlocalization.gzoltar.GZoltarFaultLocalization.searchSuspicious(GZoltarFaultLocalization.java:214) - Test failt: org.joda.time.format.TestDateTimeFormatStyle#testForStyle_mediumLongDateTime
[INFO ] fr.inria.astor.core.faultlocalization.gzoltar.GZoltarFaultLocalization.searchSuspicious(GZoltarFaultLocalization.java:214) - Test failt: org.joda.time.format.TestDateTimeFormatStyle#testForStyle_fullTime
[INFO ] fr.inria.astor.core.faultlocalization.gzoltar.GZoltarFaultLocalization.searchSuspicious(GZoltarFaultLocalization.java:214) - Test failt: org.joda.time.format.TestDateTimeFormatStyle#testForStyle_shortLongDateTime
[INFO ] fr.inria.astor.core.faultlocalization.gzoltar.GZoltarFaultLocalization.searchSuspicious(GZoltarFaultLocalization.java:214) - Test failt: org.joda.time.format.TestDateTimeFormatStyle#testForStyle_longTime
[INFO ] fr.inria.astor.core.faultlocalization.gzoltar.GZoltarFaultLocalization.searchSuspicious(GZoltarFaultLocalization.java:214) - Test failt: org.joda.time.format.TestDateTimeFormatStyle#testForStyle_mediumFullDateTime
[INFO ] fr.inria.astor.core.faultlocalization.gzoltar.GZoltarFaultLocalization.searchSuspicious(GZoltarFaultLocalization.java:214) - Test failt: org.joda.time.format.TestDateTimeFormatStyle#testForStyle_shortFullDateTime
[INFO ] fr.inria.astor.core.faultlocalization.gzoltar.GZoltarFaultLocalization.searchSuspicious(GZoltarFaultLocalization.java:214) - Test failt: org.joda.time.format.TestDateTimeFormatStyle#testForStyle_longDateTime
[INFO ] fr.inria.astor.core.faultlocalization.gzoltar.GZoltarFaultLocalization.searchSuspicious(GZoltarFaultLocalization.java:214) - Test failt: org.joda.time.format.TestDateTimeFormatterBuilder#test_printParseLongName
[INFO ] fr.inria.astor.core.faultlocalization.gzoltar.GZoltarFaultLocalization.searchSuspicious(GZoltarFaultLocalization.java:214) - Test failt: org.joda.time.format.TestDateTimeFormatterBuilder#test_printParseShortNameWithAutoLookup
[INFO ] fr.inria.astor.core.faultlocalization.gzoltar.GZoltarFaultLocalization.searchSuspicious(GZoltarFaultLocalization.java:214) - Test failt: org.joda.time.format.TestDateTimeFormatterBuilder#test_printParseLongNameWithLookup
[INFO ] fr.inria.astor.core.faultlocalization.gzoltar.GZoltarFaultLocalization.searchSuspicious(GZoltarFaultLocalization.java:214) - Test failt: org.joda.time.format.TestDateTimeFormatterBuilder#test_printParseShortNameWithLookup
[INFO ] fr.inria.astor.core.faultlocalization.gzoltar.GZoltarFaultLocalization.searchSuspicious(GZoltarFaultLocalization.java:214) - Test failt: org.joda.time.format.TestDateTimeFormatterBuilder#test_printParseShortName
[INFO ] fr.inria.astor.core.faultlocalization.gzoltar.GZoltarFaultLocalization.searchSuspicious(GZoltarFaultLocalization.java:214) - Test failt: org.joda.time.tz.TestCompiler#testDateTimeZoneBuilder
[INFO ] fr.inria.astor.core.faultlocalization.gzoltar.GZoltarFaultLocalization.searchSuspicious(GZoltarFaultLocalization.java:214) - Test failt: org.joda.time.tz.TestCompiler#testDateTimeZoneBuilder
[INFO ] fr.inria.astor.core.faultlocalization.gzoltar.GZoltarFaultLocalization.searchSuspicious(GZoltarFaultLocalization.java:214) - Test failt: org.joda.time.TestInterval_Basics#testIsEqual_RI
[INFO ] fr.inria.astor.core.faultlocalization.gzoltar.GZoltarFaultLocalization.searchSuspicious(GZoltarFaultLocalization.java:214) - Test failt: org.joda.time.format.TestDateTimeFormatterBuilder#test_printParseLongName
[INFO ] fr.inria.astor.core.faultlocalization.gzoltar.GZoltarFaultLocalization.searchSuspicious(GZoltarFaultLocalization.java:214) - Test failt: org.joda.time.format.TestDateTimeFormatterBuilder#test_printParseShortNameWithAutoLookup
[INFO ] fr.inria.astor.core.faultlocalization.gzoltar.GZoltarFaultLocalization.searchSuspicious(GZoltarFaultLocalization.java:214) - Test failt: org.joda.time.format.TestDateTimeFormatterBuilder#test_printParseLongNameWithLookup
[INFO ] fr.inria.astor.core.faultlocalization.gzoltar.GZoltarFaultLocalization.searchSuspicious(GZoltarFaultLocalization.java:214) - Test failt: org.joda.time.format.TestDateTimeFormatterBuilder#test_printParseShortNameWithLookup
[INFO ] fr.inria.astor.core.faultlocalization.gzoltar.GZoltarFaultLocalization.searchSuspicious(GZoltarFaultLocalization.java:214) - Test failt: org.joda.time.format.TestDateTimeFormatterBuilder#test_printParseShortName
[INFO ] fr.inria.astor.core.faultlocalization.gzoltar.GZoltarFaultLocalization.searchSuspicious(GZoltarFaultLocalization.java:214) - Test failt: org.joda.time.TestInterval_Basics#testIsEqual_RI
[INFO ] fr.inria.astor.core.faultlocalization.gzoltar.GZoltarFaultLocalization.searchSuspicious(GZoltarFaultLocalization.java:214) - Test failt: org.joda.time.TestMonths#testFactory_monthsBetween_RPartial_MonthDay
[INFO ] fr.inria.astor.core.faultlocalization.gzoltar.GZoltarFaultLocalization.searchSuspicious(GZoltarFaultLocalization.java:214) - Test failt: org.joda.time.TestDays#testFactory_daysBetween_RPartial_MonthDay
[INFO ] fr.inria.astor.core.faultlocalization.gzoltar.GZoltarFaultLocalization.searchSuspicious(GZoltarFaultLocalization.java:214) - Test failt: org.joda.time.TestDateTimeZone#testGetName_berlin
[INFO ] fr.inria.astor.core.faultlocalization.gzoltar.GZoltarFaultLocalization.searchSuspicious(GZoltarFaultLocalization.java:214) - Test failt: org.joda.time.TestDateTimeZone#testGetShortName
[INFO ] fr.inria.astor.core.faultlocalization.gzoltar.GZoltarFaultLocalization.searchSuspicious(GZoltarFaultLocalization.java:214) - Test failt: org.joda.time.TestDateTimeZone#testGetName
[INFO ] fr.inria.astor.core.faultlocalization.gzoltar.GZoltarFaultLocalization.searchSuspicious(GZoltarFaultLocalization.java:214) - Test failt: org.joda.time.TestDateTimeZone#testForOffsetHoursMinutes_int_int
[INFO ] fr.inria.astor.core.faultlocalization.gzoltar.GZoltarFaultLocalization.searchSuspicious(GZoltarFaultLocalization.java:214) - Test failt: org.joda.time.TestDateTimeZone#testGetShortName_berlin
[INFO ] fr.inria.astor.core.faultlocalization.gzoltar.GZoltarFaultLocalization.searchSuspicious(GZoltarFaultLocalization.java:214) - Test failt: org.joda.time.TestSerialization#testSerializedMutableDateTime
[INFO ] fr.inria.astor.core.faultlocalization.gzoltar.GZoltarFaultLocalization.searchSuspicious(GZoltarFaultLocalization.java:214) - Test failt: org.joda.time.TestSerialization#testSerializedGJChronologyChangedInternals
[INFO ] fr.inria.astor.core.faultlocalization.gzoltar.GZoltarFaultLocalization.searchSuspicious(GZoltarFaultLocalization.java:214) - Test failt: org.joda.time.TestSerialization#testDuration
[INFO ] fr.inria.astor.core.faultlocalization.gzoltar.GZoltarFaultLocalization.searchSuspicious(GZoltarFaultLocalization.java:214) - Test failt: org.joda.time.TestSerialization#testSerializedISOChronology
[INFO ] fr.inria.astor.core.faultlocalization.gzoltar.GZoltarFaultLocalization.searchSuspicious(GZoltarFaultLocalization.java:214) - Test failt: org.joda.time.TestSerialization#testSerializedBuddhistChronology
[INFO ] fr.inria.astor.core.faultlocalization.gzoltar.GZoltarFaultLocalization.searchSuspicious(GZoltarFaultLocalization.java:214) - Test failt: org.joda.time.TestSerialization#testSerializedDateTimeProperty
[INFO ] fr.inria.astor.core.faultlocalization.gzoltar.GZoltarFaultLocalization.searchSuspicious(GZoltarFaultLocalization.java:214) - Test failt: org.joda.time.TestSerialization#testSerializedPeriodType
[INFO ] fr.inria.astor.core.faultlocalization.gzoltar.GZoltarFaultLocalization.searchSuspicious(GZoltarFaultLocalization.java:214) - Test failt: org.joda.time.TestSerialization#testSerializedJulianChronology
[INFO ] fr.inria.astor.core.faultlocalization.gzoltar.GZoltarFaultLocalization.searchSuspicious(GZoltarFaultLocalization.java:214) - Test failt: org.joda.time.TestSerialization#testSerializedDateTimeFieldType
[INFO ] fr.inria.astor.core.faultlocalization.gzoltar.GZoltarFaultLocalization.searchSuspicious(GZoltarFaultLocalization.java:214) - Test failt: org.joda.time.TestSerialization#testSerializedYearMonthDay
[INFO ] fr.inria.astor.core.faultlocalization.gzoltar.GZoltarFaultLocalization.searchSuspicious(GZoltarFaultLocalization.java:214) - Test failt: org.joda.time.TestSerialization#testSerializedMutableDateTimeProperty
[INFO ] fr.inria.astor.core.faultlocalization.gzoltar.GZoltarFaultLocalization.searchSuspicious(GZoltarFaultLocalization.java:214) - Test failt: org.joda.time.TestSerialization#testSerializedGregorianChronology
[INFO ] fr.inria.astor.core.faultlocalization.gzoltar.GZoltarFaultLocalization.searchSuspicious(GZoltarFaultLocalization.java:214) - Test failt: org.joda.time.TestSerialization#testSerializedDateTime
[INFO ] fr.inria.astor.core.faultlocalization.gzoltar.GZoltarFaultLocalization.searchSuspicious(GZoltarFaultLocalization.java:214) - Test failt: org.joda.time.TestSerialization#testSerializedLocalDate
[INFO ] fr.inria.astor.core.faultlocalization.gzoltar.GZoltarFaultLocalization.searchSuspicious(GZoltarFaultLocalization.java:214) - Test failt: org.joda.time.TestSerialization#testSerializedLocalTime
[INFO ] fr.inria.astor.core.faultlocalization.gzoltar.GZoltarFaultLocalization.searchSuspicious(GZoltarFaultLocalization.java:214) - Test failt: org.joda.time.TestSerialization#testSerializedUnsupportedDateTimeField
[INFO ] fr.inria.astor.core.faultlocalization.gzoltar.GZoltarFaultLocalization.searchSuspicious(GZoltarFaultLocalization.java:214) - Test failt: org.joda.time.TestSerialization#testSerializedDateTimeZone
[INFO ] fr.inria.astor.core.faultlocalization.gzoltar.GZoltarFaultLocalization.searchSuspicious(GZoltarFaultLocalization.java:214) - Test failt: org.joda.time.TestSerialization#testSerializedCopticChronology
[INFO ] fr.inria.astor.core.faultlocalization.gzoltar.GZoltarFaultLocalization.searchSuspicious(GZoltarFaultLocalization.java:214) - Test failt: org.joda.time.TestSerialization#testSerializedLocalDateBuddhist
[INFO ] fr.inria.astor.core.faultlocalization.gzoltar.GZoltarFaultLocalization.searchSuspicious(GZoltarFaultLocalization.java:214) - Test failt: org.joda.time.TestSerialization#testSerializedDateMidnight
[INFO ] fr.inria.astor.core.faultlocalization.gzoltar.GZoltarFaultLocalization.searchSuspicious(GZoltarFaultLocalization.java:214) - Test failt: org.joda.time.TestSerialization#testSerializedGJChronology
[INFO ] fr.inria.astor.core.faultlocalization.gzoltar.GZoltarFaultLocalization.searchSuspicious(GZoltarFaultLocalization.java:214) - Test failt: org.joda.time.TestSerialization#testSerializedDateTimeZoneUTC
[INFO ] fr.inria.astor.core.faultlocalization.gzoltar.GZoltarFaultLocalization.searchSuspicious(GZoltarFaultLocalization.java:214) - Test failt: org.joda.time.TestSerialization#testSerializedInstant
[INFO ] fr.inria.astor.core.faultlocalization.gzoltar.GZoltarFaultLocalization.searchSuspicious(GZoltarFaultLocalization.java:214) - Test failt: org.joda.time.TestSerialization#testSerializedLocalDateTime
[INFO ] fr.inria.astor.core.faultlocalization.gzoltar.GZoltarFaultLocalization.searchSuspicious(GZoltarFaultLocalization.java:214) - Test failt: org.joda.time.TestSerialization#testSerializedTimeOfDay
[INFO ] fr.inria.astor.core.faultlocalization.gzoltar.GZoltarFaultLocalization.searchSuspicious(GZoltarFaultLocalization.java:214) - Test failt: org.joda.time.TestSerialization#testSerializedDateMidnightProperty
[INFO ] fr.inria.astor.core.faultlocalization.gzoltar.GZoltarFaultLocalization.searchSuspicious(GZoltarFaultLocalization.java:214) - Test failt: org.joda.time.format.TestDateTimeFormatStyle#testForStyle_fullDateTime
[INFO ] fr.inria.astor.core.faultlocalization.gzoltar.GZoltarFaultLocalization.searchSuspicious(GZoltarFaultLocalization.java:214) - Test failt: org.joda.time.format.TestDateTimeFormatStyle#testForStyle_mediumLongDateTime
[INFO ] fr.inria.astor.core.faultlocalization.gzoltar.GZoltarFaultLocalization.searchSuspicious(GZoltarFaultLocalization.java:214) - Test failt: org.joda.time.format.TestDateTimeFormatStyle#testForStyle_fullTime
[INFO ] fr.inria.astor.core.faultlocalization.gzoltar.GZoltarFaultLocalization.searchSuspicious(GZoltarFaultLocalization.java:214) - Test failt: org.joda.time.format.TestDateTimeFormatStyle#testForStyle_shortLongDateTime
[INFO ] fr.inria.astor.core.faultlocalization.gzoltar.GZoltarFaultLocalization.searchSuspicious(GZoltarFaultLocalization.java:214) - Test failt: org.joda.time.format.TestDateTimeFormatStyle#testForStyle_longTime
[INFO ] fr.inria.astor.core.faultlocalization.gzoltar.GZoltarFaultLocalization.searchSuspicious(GZoltarFaultLocalization.java:214) - Test failt: org.joda.time.format.TestDateTimeFormatStyle#testForStyle_mediumFullDateTime
[INFO ] fr.inria.astor.core.faultlocalization.gzoltar.GZoltarFaultLocalization.searchSuspicious(GZoltarFaultLocalization.java:214) - Test failt: org.joda.time.format.TestDateTimeFormatStyle#testForStyle_shortFullDateTime
[INFO ] fr.inria.astor.core.faultlocalization.gzoltar.GZoltarFaultLocalization.searchSuspicious(GZoltarFaultLocalization.java:214) - Test failt: org.joda.time.format.TestDateTimeFormatStyle#testForStyle_longDateTime
[INFO ] fr.inria.astor.core.faultlocalization.gzoltar.GZoltarFaultLocalization.searchSuspicious(GZoltarFaultLocalization.java:214) - Test failt: org.joda.time.format.TestDateTimeFormat#testFormat_zoneText
[INFO ] fr.inria.astor.core.faultlocalization.gzoltar.GZoltarFaultLocalization.searchSuspicious(GZoltarFaultLocalization.java:214) - Test failt: org.joda.time.format.TestDateTimeFormat#testFormat_zoneLongText
[INFO ] fr.inria.astor.core.faultlocalization.gzoltar.GZoltarFaultLocalization.searchSuspicious(GZoltarFaultLocalization.java:214) - Test failt: org.joda.time.tz.TestCompiler#testDateTimeZoneBuilder
[INFO ] fr.inria.astor.core.faultlocalization.gzoltar.GZoltarFaultLocalization.searchSuspicious(GZoltarFaultLocalization.java:214) - Test failt: org.joda.time.TestDateTimeZone#testGetName_berlin
[INFO ] fr.inria.astor.core.faultlocalization.gzoltar.GZoltarFaultLocalization.searchSuspicious(GZoltarFaultLocalization.java:214) - Test failt: org.joda.time.TestDateTimeZone#testGetShortName
[INFO ] fr.inria.astor.core.faultlocalization.gzoltar.GZoltarFaultLocalization.searchSuspicious(GZoltarFaultLocalization.java:214) - Test failt: org.joda.time.TestDateTimeZone#testGetName
[INFO ] fr.inria.astor.core.faultlocalization.gzoltar.GZoltarFaultLocalization.searchSuspicious(GZoltarFaultLocalization.java:214) - Test failt: org.joda.time.TestDateTimeZone#testForOffsetHoursMinutes_int_int
[INFO ] fr.inria.astor.core.faultlocalization.gzoltar.GZoltarFaultLocalization.searchSuspicious(GZoltarFaultLocalization.java:214) - Test failt: org.joda.time.TestDateTimeZone#testGetShortName_berlin
[INFO ] fr.inria.astor.core.faultlocalization.gzoltar.GZoltarFaultLocalization.searchSuspicious(GZoltarFaultLocalization.java:226) - Gzoltar Test Result Total:11914, fails: 156, GZoltar suspicious 10336, with positive susp 2208
[INFO ] fr.inria.astor.core.faultlocalization.gzoltar.GZoltarFaultLocalization.searchSuspicious(GZoltarFaultLocalization.java:234) - nr test results 11915
[INFO ] fr.inria.astor.core.faultlocalization.gzoltar.GZoltarFaultLocalization.searchSuspicious(GZoltarFaultLocalization.java:289) - Gzoltar found: 326 with susp > 0.1, we consider: 326
[INFO ] fr.inria.astor.core.solutionsearch.AstorCoreEngine.calculateSuspicious(AstorCoreEngine.java:898) - Setting up the max to 367810 milliseconds (367 sec)
[INFO ] fr.inria.astor.core.solutionsearch.AstorCoreEngine.initPopulation(AstorCoreEngine.java:709) - 
---- Creating spoon model
[INFO ] fr.inria.astor.core.manipulation.MutationSupporter.buildSpoonModel(MutationSupporter.java:240) - Creating model,  Code location from working folder: /script/jGenProg_Defects4J_Time_8/./src/main/java
[INFO ] fr.inria.astor.core.manipulation.MutationSupporter.buildModel(MutationSupporter.java:68) - building model: /script/jGenProg_Defects4J_Time_8/./src/main/java, compliance level: 5
[INFO ] fr.inria.astor.core.manipulation.MutationSupporter.buildModel(MutationSupporter.java:82) - Classpath (Dependencies) for building SpoonModel: [/script/jGenProg_Defects4J_Time_8/target/classes/, /script/jGenProg_Defects4J_Time_8/target/test-classes/, /defects4j/framework/projects/Time/lib/joda-convert-1.2.jar, /defects4j/framework/projects/Time/lib/junit-3.8.2.jar, /defects4j/framework/projects/Time/lib/junit/junit/3.8.2/junit-3.8.2.jar, /defects4j/framework/projects/Time/lib/org/joda/joda-convert/1.2/joda-convert-1.2.jar]
[INFO ] fr.inria.astor.core.solutionsearch.AstorCoreEngine.initModel(AstorCoreEngine.java:779) - Number of CtTypes created: 157
[INFO ] fr.inria.astor.core.solutionsearch.AstorCoreEngine.initPopulation(AstorCoreEngine.java:713) - 
---- Initial suspicious size: 326
[INFO ] fr.inria.astor.core.solutionsearch.population.ProgramVariantFactory.createProgramInstance(ProgramVariantFactory.java:134) - Total suspicious from FL: 326,  247
[INFO ] fr.inria.astor.core.solutionsearch.population.ProgramVariantFactory.createProgramInstance(ProgramVariantFactory.java:143) - Total ModPoint created: 247
[INFO ] fr.inria.astor.core.solutionsearch.population.ProgramVariantFactory.createInitialPopulation(ProgramVariantFactory.java:82) - Creating program variant #1, [Variant id: 1, #gens: 247, #ops: 0, parent:-]
[INFO ] fr.inria.astor.core.solutionsearch.AstorCoreEngine.setFitnessOfPopulation(AstorCoreEngine.java:754) - The original fitness is : 6.0
[INFO ] fr.inria.astor.core.setup.ConfigurationProperties.print(ConfigurationProperties.java:66) - ----------------------------
[INFO ] fr.inria.astor.core.setup.ConfigurationProperties.print(ConfigurationProperties.java:67) - ---Configuration properties:---Execution values
[INFO ] fr.inria.astor.core.setup.ConfigurationProperties.print(ConfigurationProperties.java:69) - p:lastJUnitVersion= ./examples/libs/junit-4.11.jar
[INFO ] fr.inria.astor.core.setup.ConfigurationProperties.print(ConfigurationProperties.java:69) - p:alternativecompliancelevel= 8
[INFO ] fr.inria.astor.core.setup.ConfigurationProperties.print(ConfigurationProperties.java:69) - p:ignoredTestCases= 
[INFO ] fr.inria.astor.core.setup.ConfigurationProperties.print(ConfigurationProperties.java:69) - p:workingDirectory= /script/jGenProg_Defects4J_Time_8/./output_astor
[INFO ] fr.inria.astor.core.setup.ConfigurationProperties.print(ConfigurationProperties.java:69) - p:manipulatesuper= false
[INFO ] fr.inria.astor.core.setup.ConfigurationProperties.print(ConfigurationProperties.java:69) - p:validation= process
[INFO ] fr.inria.astor.core.setup.ConfigurationProperties.print(ConfigurationProperties.java:69) - p:jvm4testexecution= /usr/lib/jvm/java-1.7.0-openjdk-amd64/bin/
[INFO ] fr.inria.astor.core.setup.ConfigurationProperties.print(ConfigurationProperties.java:69) - p:operatorspace= irr-statements
[INFO ] fr.inria.astor.core.setup.ConfigurationProperties.print(ConfigurationProperties.java:69) - p:disablelog= false
[INFO ] fr.inria.astor.core.setup.ConfigurationProperties.print(ConfigurationProperties.java:69) - p:binjavafolder= target/classes/
[INFO ] fr.inria.astor.core.setup.ConfigurationProperties.print(ConfigurationProperties.java:69) - p:synthesis_depth= 3
[INFO ] fr.inria.astor.core.setup.ConfigurationProperties.print(ConfigurationProperties.java:69) - p:gzoltartestpackagetoexclude= junit.framework
[INFO ] fr.inria.astor.core.setup.ConfigurationProperties.print(ConfigurationProperties.java:69) - p:skipfitnessinitialpopulation= false
[INFO ] fr.inria.astor.core.setup.ConfigurationProperties.print(ConfigurationProperties.java:69) - p:evosuiteresultfolder= evosuite
[INFO ] fr.inria.astor.core.setup.ConfigurationProperties.print(ConfigurationProperties.java:69) - p:flthreshold= 0.1
[INFO ] fr.inria.astor.core.setup.ConfigurationProperties.print(ConfigurationProperties.java:69) - p:regressionforfaultlocalization= true
[INFO ] fr.inria.astor.core.setup.ConfigurationProperties.print(ConfigurationProperties.java:69) - p:collectonlyusedmethod= false
[INFO ] fr.inria.astor.core.setup.ConfigurationProperties.print(ConfigurationProperties.java:69) - p:preservelinenumbers= true
[INFO ] fr.inria.astor.core.setup.ConfigurationProperties.print(ConfigurationProperties.java:69) - p:tmax2= 367810
[INFO ] fr.inria.astor.core.setup.ConfigurationProperties.print(ConfigurationProperties.java:69) - p:tmax1= 10000
[INFO ] fr.inria.astor.core.setup.ConfigurationProperties.print(ConfigurationProperties.java:69) - p:probagenmutation= false
[INFO ] fr.inria.astor.core.setup.ConfigurationProperties.print(ConfigurationProperties.java:69) - p:nomodificationconvergence= 100
[INFO ] fr.inria.astor.core.setup.ConfigurationProperties.print(ConfigurationProperties.java:69) - p:diff_type= relative
[INFO ] fr.inria.astor.core.setup.ConfigurationProperties.print(ConfigurationProperties.java:69) - p:targetelementprocessor= statements
[INFO ] fr.inria.astor.core.setup.ConfigurationProperties.print(ConfigurationProperties.java:69) - p:srctestfolder= src/test/java/
[INFO ] fr.inria.astor.core.setup.ConfigurationProperties.print(ConfigurationProperties.java:69) - p:forceExecuteRegression= false
[INFO ] fr.inria.astor.core.setup.ConfigurationProperties.print(ConfigurationProperties.java:69) - p:clusteringfilename= clustering.csv
[INFO ] fr.inria.astor.core.setup.ConfigurationProperties.print(ConfigurationProperties.java:69) - p:failing= org.joda.time.TestDateTimeZone
[INFO ] fr.inria.astor.core.setup.ConfigurationProperties.print(ConfigurationProperties.java:69) - p:logtestexecution= false
[INFO ] fr.inria.astor.core.setup.ConfigurationProperties.print(ConfigurationProperties.java:69) - p:evo_buggy_class= true
[INFO ] fr.inria.astor.core.setup.ConfigurationProperties.print(ConfigurationProperties.java:69) - p:numberExecutions= 1
[INFO ] fr.inria.astor.core.setup.ConfigurationProperties.print(ConfigurationProperties.java:69) - p:maxnumbersolutions= 1000000
[INFO ] fr.inria.astor.core.setup.ConfigurationProperties.print(ConfigurationProperties.java:69) - p:evo_affected_by_op= true
[INFO ] fr.inria.astor.core.setup.ConfigurationProperties.print(ConfigurationProperties.java:69) - p:population= 1
[INFO ] fr.inria.astor.core.setup.ConfigurationProperties.print(ConfigurationProperties.java:69) - p:considerzerovaluesusp= false
[INFO ] fr.inria.astor.core.setup.ConfigurationProperties.print(ConfigurationProperties.java:69) - p:maxCombinationVariableLimit= false
[INFO ] fr.inria.astor.core.setup.ConfigurationProperties.print(ConfigurationProperties.java:69) - p:loglevel= INFO
[INFO ] fr.inria.astor.core.setup.ConfigurationProperties.print(ConfigurationProperties.java:69) - p:savesolution= true
[INFO ] fr.inria.astor.core.setup.ConfigurationProperties.print(ConfigurationProperties.java:69) - p:javacompliancelevel= 5
[INFO ] fr.inria.astor.core.setup.ConfigurationProperties.print(ConfigurationProperties.java:69) - p:uniqueoptogen= false
[INFO ] fr.inria.astor.core.setup.ConfigurationProperties.print(ConfigurationProperties.java:69) - p:gzoltarpackagetonotinstrument= junit.framework
[INFO ] fr.inria.astor.core.setup.ConfigurationProperties.print(ConfigurationProperties.java:69) - p:projectIdentifier= Time-8
[INFO ] fr.inria.astor.core.setup.ConfigurationProperties.print(ConfigurationProperties.java:69) - p:modificationpointnavigation= weight
[INFO ] fr.inria.astor.core.setup.ConfigurationProperties.print(ConfigurationProperties.java:69) - p:stopfirst= true
[INFO ] fr.inria.astor.core.setup.ConfigurationProperties.print(ConfigurationProperties.java:69) - p:multipointmodification= false
[INFO ] fr.inria.astor.core.setup.ConfigurationProperties.print(ConfigurationProperties.java:69) - p:elementsToMutate= 10
[INFO ] fr.inria.astor.core.setup.ConfigurationProperties.print(ConfigurationProperties.java:69) - p:jsonoutputname= astor_output
[INFO ] fr.inria.astor.core.setup.ConfigurationProperties.print(ConfigurationProperties.java:69) - p:evoDSE= false
[INFO ] fr.inria.astor.core.setup.ConfigurationProperties.print(ConfigurationProperties.java:69) - p:bintestfolder= target/test-classes/
[INFO ] fr.inria.astor.core.setup.ConfigurationProperties.print(ConfigurationProperties.java:69) - p:testbystep= false
[INFO ] fr.inria.astor.core.setup.ConfigurationProperties.print(ConfigurationProperties.java:69) - p:version-location= ./math-version/
[INFO ] fr.inria.astor.core.setup.ConfigurationProperties.print(ConfigurationProperties.java:69) - p:reintroduce= PARENTS:ORIGINAL
[INFO ] fr.inria.astor.core.setup.ConfigurationProperties.print(ConfigurationProperties.java:69) - p:executorjar= ./lib/jtestex7.jar
[INFO ] fr.inria.astor.core.setup.ConfigurationProperties.print(ConfigurationProperties.java:69) - p:maxGeneration= 1000000
[INFO ] fr.inria.astor.core.setup.ConfigurationProperties.print(ConfigurationProperties.java:69) - p:max_synthesis_step= 10000
[INFO ] fr.inria.astor.core.setup.ConfigurationProperties.print(ConfigurationProperties.java:69) - p:projectinfocommand= com.github.tdurieux:project-config-maven-plugin:info
[INFO ] fr.inria.astor.core.setup.ConfigurationProperties.print(ConfigurationProperties.java:69) - p:maxVarCombination= 1000
[INFO ] fr.inria.astor.core.setup.ConfigurationProperties.print(ConfigurationProperties.java:69) - p:maxtime= 120
[INFO ] fr.inria.astor.core.setup.ConfigurationProperties.print(ConfigurationProperties.java:69) - p:evosuitejar= ./lib/evosuite-master-1.0.4-SNAPSHOT.jar
[INFO ] fr.inria.astor.core.setup.ConfigurationProperties.print(ConfigurationProperties.java:69) - p:jvmversion= 1.7.0_181
[INFO ] fr.inria.astor.core.setup.ConfigurationProperties.print(ConfigurationProperties.java:69) - p:commandTrunk= 50000
[INFO ] fr.inria.astor.core.setup.ConfigurationProperties.print(ConfigurationProperties.java:69) - p:faultlocalization= gzoltar
[INFO ] fr.inria.astor.core.setup.ConfigurationProperties.print(ConfigurationProperties.java:69) - p:resetmodel= true
[INFO ] fr.inria.astor.core.setup.ConfigurationProperties.print(ConfigurationProperties.java:69) - p:maxsuspcandidates= 1000
[INFO ] fr.inria.astor.core.setup.ConfigurationProperties.print(ConfigurationProperties.java:69) - p:mode= leven
[INFO ] fr.inria.astor.core.setup.ConfigurationProperties.print(ConfigurationProperties.java:69) - p:learningdir= 
[INFO ] fr.inria.astor.core.setup.ConfigurationProperties.print(ConfigurationProperties.java:69) - p:jvm4evosuitetestexecution= /usr/lib/jvm/java-1.7.0-openjdk-amd64/bin/
[INFO ] fr.inria.astor.core.setup.ConfigurationProperties.print(ConfigurationProperties.java:69) - p:filterfaultlocalization= true
[INFO ] fr.inria.astor.core.setup.ConfigurationProperties.print(ConfigurationProperties.java:69) - p:mutationrate= 1 
[INFO ] fr.inria.astor.core.setup.ConfigurationProperties.print(ConfigurationProperties.java:69) - p:pathToMVNRepository= 
[INFO ] fr.inria.astor.core.setup.ConfigurationProperties.print(ConfigurationProperties.java:69) - p:resourcesfolder= /src/main/resources:/src/test/resources:
[INFO ] fr.inria.astor.core.setup.ConfigurationProperties.print(ConfigurationProperties.java:69) - p:timezone= America/Los_Angeles
[INFO ] fr.inria.astor.core.setup.ConfigurationProperties.print(ConfigurationProperties.java:69) - p:runjava7code= false
[INFO ] fr.inria.astor.core.setup.ConfigurationProperties.print(ConfigurationProperties.java:69) - p:evoRunOnBuggyClass= true
[INFO ] fr.inria.astor.core.setup.ConfigurationProperties.print(ConfigurationProperties.java:69) - p:compiler= fr.inria.astor.core.manipulation.bytecode.compiler.SpoonClassCompiler
[INFO ] fr.inria.astor.core.setup.ConfigurationProperties.print(ConfigurationProperties.java:69) - p:limitbysuspicious= true
[INFO ] fr.inria.astor.core.setup.ConfigurationProperties.print(ConfigurationProperties.java:69) - p:logsattemps= true
[INFO ] fr.inria.astor.core.setup.ConfigurationProperties.print(ConfigurationProperties.java:69) - p:dependenciespath= /script/jGenProg_Defects4J_Time_8/target/classes/:/script/jGenProg_Defects4J_Time_8/target/test-classes/:/defects4j/framework/projects/Time/lib/joda-convert-1.2.jar:/defects4j/framework/projects/Time/lib/junit-3.8.2.jar:/defects4j/framework/projects/Time/lib/junit/junit/3.8.2/junit-3.8.2.jar:/defects4j/framework/projects/Time/lib/org/joda/joda-convert/1.2/joda-convert-1.2.jar
[INFO ] fr.inria.astor.core.setup.ConfigurationProperties.print(ConfigurationProperties.java:69) - p:logpatternlayout= [%-5p] %l - %m%n
[INFO ] fr.inria.astor.core.setup.ConfigurationProperties.print(ConfigurationProperties.java:69) - p:packageToInstrument= 
[INFO ] fr.inria.astor.core.setup.ConfigurationProperties.print(ConfigurationProperties.java:69) - p:skipfaultlocalization= false
[INFO ] fr.inria.astor.core.setup.ConfigurationProperties.print(ConfigurationProperties.java:69) - p:scope= local
[INFO ] fr.inria.astor.core.setup.ConfigurationProperties.print(ConfigurationProperties.java:69) - p:transformingredient= false
[INFO ] fr.inria.astor.core.setup.ConfigurationProperties.print(ConfigurationProperties.java:69) - p:fitnessfunction= fr.inria.astor.core.solutionsearch.population.TestCaseFitnessFunction
[INFO ] fr.inria.astor.core.setup.ConfigurationProperties.print(ConfigurationProperties.java:69) - p:maxnumvariablesperingredient= 10
[INFO ] fr.inria.astor.core.setup.ConfigurationProperties.print(ConfigurationProperties.java:69) - p:parsesourcefromoriginal= true
[INFO ] fr.inria.astor.core.setup.ConfigurationProperties.print(ConfigurationProperties.java:69) - p:pvariantfoldername= variant-
[INFO ] fr.inria.astor.core.setup.ConfigurationProperties.print(ConfigurationProperties.java:69) - p:savespoonmodelondisk= false
[INFO ] fr.inria.astor.core.setup.ConfigurationProperties.print(ConfigurationProperties.java:69) - p:srcjavafolder= src/main/java/
[INFO ] fr.inria.astor.core.setup.ConfigurationProperties.print(ConfigurationProperties.java:69) - p:populationcontroller= fr.inria.astor.core.solutionsearch.population.TestCaseBasedFitnessPopulationController
[INFO ] fr.inria.astor.core.setup.ConfigurationProperties.print(ConfigurationProperties.java:69) - p:ignoreflakyinfl= false
[INFO ] fr.inria.astor.core.setup.ConfigurationProperties.print(ConfigurationProperties.java:69) - p:cleantemplates= true
[INFO ] fr.inria.astor.core.setup.ConfigurationProperties.print(ConfigurationProperties.java:69) - p:applyCrossover= false
[INFO ] fr.inria.astor.core.setup.ConfigurationProperties.print(ConfigurationProperties.java:69) - p:maxmodificationpoints= 1000
[INFO ] fr.inria.astor.core.setup.ConfigurationProperties.print(ConfigurationProperties.java:69) - p:duplicateingredientsinspace= false
[INFO ] fr.inria.astor.core.setup.ConfigurationProperties.print(ConfigurationProperties.java:69) - p:metid= 0
[INFO ] fr.inria.astor.core.setup.ConfigurationProperties.print(ConfigurationProperties.java:69) - p:continuewhenmodelfail= true
[INFO ] fr.inria.astor.core.setup.ConfigurationProperties.print(ConfigurationProperties.java:69) - p:saveall= false
[INFO ] fr.inria.astor.core.setup.ConfigurationProperties.print(ConfigurationProperties.java:69) - p:seed= 0
[INFO ] fr.inria.astor.core.setup.ConfigurationProperties.print(ConfigurationProperties.java:69) - p:savecompletepatched= true
[INFO ] fr.inria.astor.core.setup.ConfigurationProperties.print(ConfigurationProperties.java:69) - p:resetoperations= false
[INFO ] fr.inria.astor.core.setup.ConfigurationProperties.print(ConfigurationProperties.java:69) - p:processoutputinfile= false
[INFO ] fr.inria.astor.core.setup.ConfigurationProperties.print(ConfigurationProperties.java:69) - p:location= .
[INFO ] fr.inria.astor.core.setup.ConfigurationProperties.print(ConfigurationProperties.java:69) - p:probabilistictransformation= true
[INFO ] fr.inria.astor.core.setup.ConfigurationProperties.print(ConfigurationProperties.java:69) - p:overridemaxtime= true
[INFO ] fr.inria.astor.core.setup.ConfigurationProperties.print(ConfigurationProperties.java:69) - p:outputjsonresult= false
[INFO ] fr.inria.astor.core.setup.ConfigurationProperties.print(ConfigurationProperties.java:69) - p:allpoints= false
[INFO ] fr.inria.astor.core.setup.ConfigurationProperties.print(ConfigurationProperties.java:69) - p:bugId= 280
[INFO ] fr.inria.astor.core.setup.ConfigurationProperties.print(ConfigurationProperties.java:69) - p:evosuitetimeout= 120
[INFO ] fr.inria.astor.core.setup.ConfigurationProperties.print(ConfigurationProperties.java:69) - p:maxtimefactor= 10
[INFO ] fr.inria.astor.core.setup.ConfigurationProperties.print(ConfigurationProperties.java:69) - p:nrPlaceholders= 1
[INFO ] fr.inria.astor.core.setup.ConfigurationProperties.print(ConfigurationProperties.java:69) - p:forcesubprocesskilling= true
[INFO ] fr.inria.astor.core.setup.ConfigurationProperties.print(ConfigurationProperties.java:71) - ----------------------------
[INFO ] fr.inria.astor.core.solutionsearch.EvolutionarySearchEngine.startEvolution(EvolutionarySearchEngine.java:40) - 
----Starting Solution Search
[ERROR] fr.inria.astor.core.solutionsearch.EvolutionarySearchEngine.startEvolution(EvolutionarySearchEngine.java:84) - Error at generation 1
spoon.refactoring.RefactoringException: CtLocalVariableImpl with name $0 is in conflict.
spoon.refactoring.RefactoringException: CtLocalVariableImpl with name $0 is in conflict.
	at spoon.refactoring.CtRenameLocalVariableRefactoring.createNameConflictIssue(CtRenameLocalVariableRefactoring.java:243)
	at spoon.refactoring.CtRenameLocalVariableRefactoring.detectNameConflicts(CtRenameLocalVariableRefactoring.java:147)
	at spoon.refactoring.AbstractRenameRefactoring.detectIssues(AbstractRenameRefactoring.java:45)
	at spoon.refactoring.AbstractRenameRefactoring.refactor(AbstractRenameRefactoring.java:37)
	at spoon.refactoring.Refactoring.changeLocalVariableName(Refactoring.java:206)
	at fr.inria.astor.approaches.levenshtein.LevenSearchStrategy.getNormalizedElement(LevenSearchStrategy.java:130)
	at fr.inria.astor.approaches.levenshtein.LevenSearchStrategy.getFixIngredient(LevenSearchStrategy.java:54)
	at fr.inria.astor.core.ingredientbased.IngredientBasedEvolutionaryRepairApproachImpl.createOperatorInstanceForPoint(IngredientBasedEvolutionaryRepairApproachImpl.java:95)
	at fr.inria.astor.core.solutionsearch.EvolutionarySearchEngine.modifyProgramVariant(EvolutionarySearchEngine.java:264)
	at fr.inria.astor.core.solutionsearch.EvolutionarySearchEngine.createNewProgramVariant(EvolutionarySearchEngine.java:198)
	at fr.inria.astor.core.solutionsearch.EvolutionarySearchEngine.processGenerations(EvolutionarySearchEngine.java:146)
	at fr.inria.astor.core.solutionsearch.EvolutionarySearchEngine.startEvolution(EvolutionarySearchEngine.java:68)
	at fr.inria.main.evolution.AstorMain.run(AstorMain.java:203)
	at fr.inria.main.evolution.AstorMain.execute(AstorMain.java:247)
	at fr.inria.main.evolution.AstorMain.main(AstorMain.java:218)
[INFO ] fr.inria.astor.core.solutionsearch.AstorCoreEngine.atEnd(AstorCoreEngine.java:170) - Time Repair Loop (s): 2.696
[INFO ] fr.inria.astor.core.solutionsearch.AstorCoreEngine.atEnd(AstorCoreEngine.java:172) - generationsexecuted: 1
[INFO ] fr.inria.astor.core.solutionsearch.AstorCoreEngine.printFinalStatus(AstorCoreEngine.java:247) - 
----SUMMARY_EXECUTION---
[INFO ] fr.inria.astor.core.solutionsearch.AstorCoreEngine.printFinalStatus(AstorCoreEngine.java:257) - End Repair Search: NOT Found solution
[INFO ] fr.inria.main.evolution.AstorMain.run(AstorMain.java:208) - Time Total(s): 1981.241


Node: fc62fee55eca



Date: Tue Oct 29 05:07:06 EDT 2019

cd /script/jGenProg_Defects4J_Time_8;
export JAVA_TOOL_OPTIONS="-Dfile.encoding=UTF8 -Duser.language=en-US -Duser.country=US -Duser.language=en";
TZ="America/New_York"; export TZ;
export PATH="/usr/lib/jvm/java-1.8.0-openjdk-amd64/bin/:$PATH";
export JAVA_HOME="/usr/lib/jvm/java-1.8.0-openjdk-amd64/bin/";
java -Xmx4048m -cp /script/libs/jtestex7.jar:/astor/target/astor-0.0.2-SNAPSHOT-jar-with-dependencies.jar fr.inria.main.evolution.AstorMain \
	-mode jgenprog \
	-location . \
	-id Time-8 \
	-failing org.joda.time.TestDateTimeZone \
	-jvm4testexecution /usr/lib/jvm/java-1.7.0-openjdk-amd64/bin/ \
	-jvm4evosuitetestexecution /usr/lib/jvm/java-1.7.0-openjdk-amd64/bin/ \
	-maxgen 1000000 \
	-maxtime 120 \
	-stopfirst true \
	-seed 0 \
	-scope local \
	-population 1 \
	-javacompliancelevel 5 \
	-srcjavafolder src/main/java/ \
	-srctestfolder src/test/java/ \
	-binjavafolder target/classes/ \
	-bintestfolder target/test-classes/ \
	-parameters mode:leven \
	-dependencies /script/jGenProg_Defects4J_Time_8/target/classes/:/script/jGenProg_Defects4J_Time_8/target/test-classes/:/defects4j/framework/projects/Time/lib/joda-convert-1.2.jar:/defects4j/framework/projects/Time/lib/junit-3.8.2.jar:/defects4j/framework/projects/Time/lib/junit/junit/3.8.2/junit-3.8.2.jar:/defects4j/framework/projects/Time/lib/org/joda/joda-convert/1.2/joda-convert-1.2.jar;
	echo "\n\nNode: `hostname`\n";
	echo "\n\nDate: `date`\n";

