Determine revision date.................................................... OK
Picked up JAVA_TOOL_OPTIONS: -Dfile.encoding=UTF8 -Duser.language=en-US -Duser.country=US -Duser.language=en
log4j:ERROR setFile(null,true) call failed.
java.io.FileNotFoundException:  (No such file or directory)
	at java.io.FileOutputStream.open0(Native Method)
	at java.io.FileOutputStream.open(FileOutputStream.java:270)
	at java.io.FileOutputStream.<init>(FileOutputStream.java:213)
	at java.io.FileOutputStream.<init>(FileOutputStream.java:133)
	at org.apache.log4j.FileAppender.setFile(FileAppender.java:294)
	at org.apache.log4j.RollingFileAppender.setFile(RollingFileAppender.java:207)
	at org.apache.log4j.FileAppender.activateOptions(FileAppender.java:165)
	at org.apache.log4j.config.PropertySetter.activate(PropertySetter.java:307)
	at org.apache.log4j.config.PropertySetter.setProperties(PropertySetter.java:172)
	at org.apache.log4j.config.PropertySetter.setProperties(PropertySetter.java:104)
	at org.apache.log4j.PropertyConfigurator.parseAppender(PropertyConfigurator.java:842)
	at org.apache.log4j.PropertyConfigurator.parseCategory(PropertyConfigurator.java:768)
	at org.apache.log4j.PropertyConfigurator.parseCatsAndRenderers(PropertyConfigurator.java:672)
	at org.apache.log4j.PropertyConfigurator.doConfigure(PropertyConfigurator.java:516)
	at org.apache.log4j.PropertyConfigurator.doConfigure(PropertyConfigurator.java:580)
	at org.apache.log4j.helpers.OptionConverter.selectAndConfigure(OptionConverter.java:526)
	at org.apache.log4j.LogManager.<clinit>(LogManager.java:127)
	at org.apache.log4j.Logger.getLogger(Logger.java:117)
	at fr.inria.astor.core.setup.ConfigurationProperties.<clinit>(ConfigurationProperties.java:16)
	at fr.inria.main.AbstractMain.<clinit>(AbstractMain.java:100)
2019-12-24 00:58:58,688 INFO fr.inria.astor.core.setup.ProjectConfiguration - Version of the JVM used: 1.7.0_181
2019-12-24 00:58:58,689 INFO main - Java version of the JDK used to run tests: 1.7.0_181
2019-12-24 00:58:58,689 INFO main - The compliance of the JVM is:  7
2019-12-24 00:58:58,691 INFO main - command line arguments: [-mode  jgenprog  -location  .  -id  Closure-3  -failing  com.google.javascript.jscomp.FlowSensitiveInlineVariablesTest  -jvm4testexecution  /usr/lib/jvm/java-1.7.0-openjdk-amd64/bin/  -jvm4evosuitetestexecution  /usr/lib/jvm/java-1.7.0-openjdk-amd64/bin/  -maxgen  1000000  -maxtime  120  -stopfirst  true  -seed  0  -scope  global  -population  1  -javacompliancelevel  6  -srcjavafolder  src/  -srctestfolder  test  -binjavafolder  build/classes/  -bintestfolder  build/test/  -parameters  mode:leven  -dependencies  /script/jGenProg_Defects4J_Closure_3/build/classes:/script/jGenProg_Defects4J_Closure_3/build/test:/script/jGenProg_Defects4J_Closure_3/build/lib/rhino.jar:/script/jGenProg_Defects4J_Closure_3/lib/ant-launcher.jar:/script/jGenProg_Defects4J_Closure_3/lib/ant.jar:/script/jGenProg_Defects4J_Closure_3/lib/caja-r4314.jar:/script/jGenProg_Defects4J_Closure_3/lib/jarjar.jar:/script/jGenProg_Defects4J_Closure_3/lib/json.jar:/script/jGenProg_Defects4J_Closure_3/lib/jsr305.jar:/script/jGenProg_Defects4J_Closure_3/lib/junit.jar:/script/jGenProg_Defects4J_Closure_3/lib/protobuf-java.jar:/script/jGenProg_Defects4J_Closure_3/lib/args4j.jar:/script/jGenProg_Defects4J_Closure_3/lib/guava.jar:/script/jGenProg_Defects4J_Closure_3/lib/rhino/testsrc/org/mozilla/javascript/tests/commonjs/module/modules.jar]
2019-12-24 00:58:58,693 INFO fr.inria.main.evolution.AstorMain - Running Astor on a JDK at /usr/lib/jvm/java-8-openjdk-amd64/jre
[INFO ] fr.inria.main.AbstractMain.determineSourceFolders(AbstractMain.java:975) - Source folders: [/script/jGenProg_Defects4J_Closure_3/./src]
[INFO ] fr.inria.main.AbstractMain.determineSourceFolders(AbstractMain.java:994) - Source Test folders: [/script/jGenProg_Defects4J_Closure_3/./test]
[INFO ] fr.inria.main.evolution.AstorMain.createEngine(AstorMain.java:104) - mode is Leven
[INFO ] fr.inria.astor.core.solutionsearch.AstorCoreEngine.resolveTestsToRun(AstorCoreEngine.java:1311) - Test retrieved from classes: 444
[INFO ] fr.inria.astor.core.faultlocalization.gzoltar.GZoltarFaultLocalization.calculateSuspicious(GZoltarFaultLocalization.java:74) - -Executing Gzoltar classpath: /script/jGenProg_Defects4J_Closure_3/./output_astor/AstorMain-Closure-3//bin//default from 444 classes with test cases
[INFO ] fr.inria.astor.core.faultlocalization.gzoltar.GZoltarFaultLocalization.searchSuspicious(GZoltarFaultLocalization.java:154) - Gzoltar fault localization: min susp value parameter: 0.1
[INFO ] fr.inria.astor.core.faultlocalization.gzoltar.GZoltarFaultLocalization.searchSuspicious(GZoltarFaultLocalization.java:174) - -gz-Adding classpath: [/script/jGenProg_Defects4J_Closure_3/./output_astor/AstorMain-Closure-3//bin//default, /script/jGenProg_Defects4J_Closure_3/build/classes/, /script/jGenProg_Defects4J_Closure_3/build/test/, /script/jGenProg_Defects4J_Closure_3/build/lib/rhino.jar, /script/jGenProg_Defects4J_Closure_3/lib/ant-launcher.jar, /script/jGenProg_Defects4J_Closure_3/lib/ant.jar, /script/jGenProg_Defects4J_Closure_3/lib/caja-r4314.jar, /script/jGenProg_Defects4J_Closure_3/lib/jarjar.jar, /script/jGenProg_Defects4J_Closure_3/lib/json.jar, /script/jGenProg_Defects4J_Closure_3/lib/jsr305.jar, /script/jGenProg_Defects4J_Closure_3/lib/junit.jar, /script/jGenProg_Defects4J_Closure_3/lib/protobuf-java.jar, /script/jGenProg_Defects4J_Closure_3/lib/args4j.jar, /script/jGenProg_Defects4J_Closure_3/lib/guava.jar, /script/jGenProg_Defects4J_Closure_3/lib/rhino/testsrc/org/mozilla/javascript/tests/commonjs/module/modules.jar]
[INFO ] fr.inria.astor.core.faultlocalization.gzoltar.GZoltarFaultLocalization.searchSuspicious(GZoltarFaultLocalization.java:214) - Test failt: com.google.javascript.jscomp.CrossModuleMethodMotionTest#testTwoMethods
[INFO ] fr.inria.astor.core.faultlocalization.gzoltar.GZoltarFaultLocalization.searchSuspicious(GZoltarFaultLocalization.java:214) - Test failt: com.google.javascript.jscomp.CrossModuleMethodMotionTest#testClosureVariableReads3
[INFO ] fr.inria.astor.core.faultlocalization.gzoltar.GZoltarFaultLocalization.searchSuspicious(GZoltarFaultLocalization.java:214) - Test failt: com.google.javascript.jscomp.FlowSensitiveInlineVariablesTest#testDoNotInlineCatchExpression1a
[INFO ] fr.inria.astor.core.faultlocalization.gzoltar.GZoltarFaultLocalization.searchSuspicious(GZoltarFaultLocalization.java:214) - Test failt: com.google.javascript.jscomp.FlowSensitiveInlineVariablesTest#testDoNotInlineCatchExpression1
[INFO ] fr.inria.astor.core.faultlocalization.gzoltar.GZoltarFaultLocalization.searchSuspicious(GZoltarFaultLocalization.java:214) - Test failt: com.google.javascript.jscomp.FlowSensitiveInlineVariablesTest#testDoNotInlineCatchExpression3
[INFO ] fr.inria.astor.core.faultlocalization.gzoltar.GZoltarFaultLocalization.searchSuspicious(GZoltarFaultLocalization.java:226) - Gzoltar Test Result Total:7842, fails: 5, GZoltar suspicious 43594, with positive susp 5492
[INFO ] fr.inria.astor.core.faultlocalization.gzoltar.GZoltarFaultLocalization.searchSuspicious(GZoltarFaultLocalization.java:234) - nr test results 7842
[INFO ] fr.inria.astor.core.faultlocalization.gzoltar.GZoltarFaultLocalization.searchSuspicious(GZoltarFaultLocalization.java:289) - Gzoltar found: 720 with susp > 0.1, we consider: 720
[INFO ] fr.inria.astor.core.solutionsearch.AstorCoreEngine.calculateSuspicious(AstorCoreEngine.java:898) - Setting up the max to 1983390 milliseconds (1983 sec)
[INFO ] fr.inria.astor.core.solutionsearch.AstorCoreEngine.initPopulation(AstorCoreEngine.java:709) - 
---- Creating spoon model
[INFO ] fr.inria.astor.core.manipulation.MutationSupporter.buildSpoonModel(MutationSupporter.java:240) - Creating model,  Code location from working folder: /script/jGenProg_Defects4J_Closure_3/./src
[INFO ] fr.inria.astor.core.manipulation.MutationSupporter.buildModel(MutationSupporter.java:68) - building model: /script/jGenProg_Defects4J_Closure_3/./src, compliance level: 6
[INFO ] fr.inria.astor.core.manipulation.MutationSupporter.buildModel(MutationSupporter.java:82) - Classpath (Dependencies) for building SpoonModel: [/script/jGenProg_Defects4J_Closure_3/build/classes/, /script/jGenProg_Defects4J_Closure_3/build/test/, /script/jGenProg_Defects4J_Closure_3/build/lib/rhino.jar, /script/jGenProg_Defects4J_Closure_3/lib/ant-launcher.jar, /script/jGenProg_Defects4J_Closure_3/lib/ant.jar, /script/jGenProg_Defects4J_Closure_3/lib/caja-r4314.jar, /script/jGenProg_Defects4J_Closure_3/lib/jarjar.jar, /script/jGenProg_Defects4J_Closure_3/lib/json.jar, /script/jGenProg_Defects4J_Closure_3/lib/jsr305.jar, /script/jGenProg_Defects4J_Closure_3/lib/junit.jar, /script/jGenProg_Defects4J_Closure_3/lib/protobuf-java.jar, /script/jGenProg_Defects4J_Closure_3/lib/args4j.jar, /script/jGenProg_Defects4J_Closure_3/lib/guava.jar, /script/jGenProg_Defects4J_Closure_3/lib/rhino/testsrc/org/mozilla/javascript/tests/commonjs/module/modules.jar]
[INFO ] fr.inria.astor.core.solutionsearch.AstorCoreEngine.initModel(AstorCoreEngine.java:779) - Number of CtTypes created: 413
[INFO ] fr.inria.astor.core.solutionsearch.AstorCoreEngine.initPopulation(AstorCoreEngine.java:713) - 
---- Initial suspicious size: 720
[INFO ] fr.inria.astor.core.solutionsearch.population.ProgramVariantFactory.createModificationPoints(ProgramVariantFactory.java:223) -  Not ctClass for suspicious code Candidate [className=com.google.javascript.rhino.head.ast.ThrowStatement, methodName=getExpression()Lcom/google/javascript/rhino/head/ast/AstNode;, lineNumber=54, susp=0.16035674514745463]
[INFO ] fr.inria.astor.core.solutionsearch.population.ProgramVariantFactory.createModificationPoints(ProgramVariantFactory.java:223) -  Not ctClass for suspicious code Candidate [className=com.google.javascript.rhino.head.ast.ThrowStatement, methodName=setExpression(Lcom/google/javascript/rhino/head/ast/AstNode;)V, lineNumber=63, susp=0.16035674514745463]
[INFO ] fr.inria.astor.core.solutionsearch.population.ProgramVariantFactory.createModificationPoints(ProgramVariantFactory.java:223) -  Not ctClass for suspicious code Candidate [className=com.google.javascript.rhino.head.ast.ThrowStatement, methodName=setExpression(Lcom/google/javascript/rhino/head/ast/AstNode;)V, lineNumber=64, susp=0.16035674514745463]
[INFO ] fr.inria.astor.core.solutionsearch.population.ProgramVariantFactory.createModificationPoints(ProgramVariantFactory.java:223) -  Not ctClass for suspicious code Candidate [className=com.google.javascript.rhino.head.ast.ThrowStatement, methodName=setExpression(Lcom/google/javascript/rhino/head/ast/AstNode;)V, lineNumber=65, susp=0.16035674514745463]
[INFO ] fr.inria.astor.core.solutionsearch.population.ProgramVariantFactory.createModificationPoints(ProgramVariantFactory.java:223) -  Not ctClass for suspicious code Candidate [className=com.google.javascript.rhino.head.ast.ThrowStatement, methodName=setExpression(Lcom/google/javascript/rhino/head/ast/AstNode;)V, lineNumber=66, susp=0.16035674514745463]
[INFO ] fr.inria.astor.core.solutionsearch.population.ProgramVariantFactory.createModificationPoints(ProgramVariantFactory.java:223) -  Not ctClass for suspicious code Candidate [className=com.google.javascript.rhino.head.Parser, methodName=statementHelper()Lcom/google/javascript/rhino/head/ast/AstNode;, lineNumber=968, susp=0.16035674514745463]
[INFO ] fr.inria.astor.core.solutionsearch.population.ProgramVariantFactory.createModificationPoints(ProgramVariantFactory.java:223) -  Not ctClass for suspicious code Candidate [className=com.google.javascript.rhino.head.Parser, methodName=statementHelper()Lcom/google/javascript/rhino/head/ast/AstNode;, lineNumber=969, susp=0.16035674514745463]
[INFO ] fr.inria.astor.core.solutionsearch.population.ProgramVariantFactory.createModificationPoints(ProgramVariantFactory.java:223) -  Not ctClass for suspicious code Candidate [className=com.google.javascript.rhino.head.Parser, methodName=throwStatement()Lcom/google/javascript/rhino/head/ast/ThrowStatement;, lineNumber=1461, susp=0.16035674514745463]
[INFO ] fr.inria.astor.core.solutionsearch.population.ProgramVariantFactory.createModificationPoints(ProgramVariantFactory.java:223) -  Not ctClass for suspicious code Candidate [className=com.google.javascript.rhino.head.Parser, methodName=throwStatement()Lcom/google/javascript/rhino/head/ast/ThrowStatement;, lineNumber=1462, susp=0.16035674514745463]
[INFO ] fr.inria.astor.core.solutionsearch.population.ProgramVariantFactory.createModificationPoints(ProgramVariantFactory.java:223) -  Not ctClass for suspicious code Candidate [className=com.google.javascript.rhino.head.Parser, methodName=throwStatement()Lcom/google/javascript/rhino/head/ast/ThrowStatement;, lineNumber=1463, susp=0.16035674514745463]
[INFO ] fr.inria.astor.core.solutionsearch.population.ProgramVariantFactory.createModificationPoints(ProgramVariantFactory.java:223) -  Not ctClass for suspicious code Candidate [className=com.google.javascript.rhino.head.Parser, methodName=throwStatement()Lcom/google/javascript/rhino/head/ast/ThrowStatement;, lineNumber=1464, susp=0.16035674514745463]
[INFO ] fr.inria.astor.core.solutionsearch.population.ProgramVariantFactory.createModificationPoints(ProgramVariantFactory.java:223) -  Not ctClass for suspicious code Candidate [className=com.google.javascript.rhino.head.Parser, methodName=throwStatement()Lcom/google/javascript/rhino/head/ast/ThrowStatement;, lineNumber=1469, susp=0.16035674514745463]
[INFO ] fr.inria.astor.core.solutionsearch.population.ProgramVariantFactory.createModificationPoints(ProgramVariantFactory.java:223) -  Not ctClass for suspicious code Candidate [className=com.google.javascript.rhino.head.Parser, methodName=throwStatement()Lcom/google/javascript/rhino/head/ast/ThrowStatement;, lineNumber=1470, susp=0.16035674514745463]
[INFO ] fr.inria.astor.core.solutionsearch.population.ProgramVariantFactory.createModificationPoints(ProgramVariantFactory.java:223) -  Not ctClass for suspicious code Candidate [className=com.google.javascript.rhino.head.Parser, methodName=throwStatement()Lcom/google/javascript/rhino/head/ast/ThrowStatement;, lineNumber=1471, susp=0.16035674514745463]
[INFO ] fr.inria.astor.core.solutionsearch.population.ProgramVariantFactory.createModificationPoints(ProgramVariantFactory.java:223) -  Not ctClass for suspicious code Candidate [className=com.google.javascript.rhino.head.Parser, methodName=throwStatement()Lcom/google/javascript/rhino/head/ast/ThrowStatement;, lineNumber=1472, susp=0.16035674514745463]
[INFO ] fr.inria.astor.core.solutionsearch.population.ProgramVariantFactory.createModificationPoints(ProgramVariantFactory.java:223) -  Not ctClass for suspicious code Candidate [className=com.google.javascript.rhino.head.Parser, methodName=tryStatement()Lcom/google/javascript/rhino/head/ast/TryStatement;, lineNumber=1405, susp=0.1303116728289208]
[INFO ] fr.inria.astor.core.solutionsearch.population.ProgramVariantFactory.createModificationPoints(ProgramVariantFactory.java:223) -  Not ctClass for suspicious code Candidate [className=com.google.javascript.rhino.head.ast.CatchClause, methodName=getVarName()Lcom/google/javascript/rhino/head/ast/Name;, lineNumber=47, susp=0.12970131035013507]
[INFO ] fr.inria.astor.core.solutionsearch.population.ProgramVariantFactory.createModificationPoints(ProgramVariantFactory.java:223) -  Not ctClass for suspicious code Candidate [className=com.google.javascript.rhino.head.ast.CatchClause, methodName=setVarName(Lcom/google/javascript/rhino/head/ast/Name;)V, lineNumber=56, susp=0.12970131035013507]
[INFO ] fr.inria.astor.core.solutionsearch.population.ProgramVariantFactory.createModificationPoints(ProgramVariantFactory.java:223) -  Not ctClass for suspicious code Candidate [className=com.google.javascript.rhino.head.ast.CatchClause, methodName=setVarName(Lcom/google/javascript/rhino/head/ast/Name;)V, lineNumber=57, susp=0.12970131035013507]
[INFO ] fr.inria.astor.core.solutionsearch.population.ProgramVariantFactory.createModificationPoints(ProgramVariantFactory.java:223) -  Not ctClass for suspicious code Candidate [className=com.google.javascript.rhino.head.ast.CatchClause, methodName=setVarName(Lcom/google/javascript/rhino/head/ast/Name;)V, lineNumber=58, susp=0.12970131035013507]
[INFO ] fr.inria.astor.core.solutionsearch.population.ProgramVariantFactory.createModificationPoints(ProgramVariantFactory.java:223) -  Not ctClass for suspicious code Candidate [className=com.google.javascript.rhino.head.ast.CatchClause, methodName=setVarName(Lcom/google/javascript/rhino/head/ast/Name;)V, lineNumber=59, susp=0.12970131035013507]
[INFO ] fr.inria.astor.core.solutionsearch.population.ProgramVariantFactory.createModificationPoints(ProgramVariantFactory.java:223) -  Not ctClass for suspicious code Candidate [className=com.google.javascript.rhino.head.ast.CatchClause, methodName=getCatchCondition()Lcom/google/javascript/rhino/head/ast/AstNode;, lineNumber=66, susp=0.12970131035013507]
[INFO ] fr.inria.astor.core.solutionsearch.population.ProgramVariantFactory.createModificationPoints(ProgramVariantFactory.java:223) -  Not ctClass for suspicious code Candidate [className=com.google.javascript.rhino.head.ast.CatchClause, methodName=setCatchCondition(Lcom/google/javascript/rhino/head/ast/AstNode;)V, lineNumber=74, susp=0.12970131035013507]
[INFO ] fr.inria.astor.core.solutionsearch.population.ProgramVariantFactory.createModificationPoints(ProgramVariantFactory.java:223) -  Not ctClass for suspicious code Candidate [className=com.google.javascript.rhino.head.ast.CatchClause, methodName=setCatchCondition(Lcom/google/javascript/rhino/head/ast/AstNode;)V, lineNumber=75, susp=0.12970131035013507]
[INFO ] fr.inria.astor.core.solutionsearch.population.ProgramVariantFactory.createModificationPoints(ProgramVariantFactory.java:223) -  Not ctClass for suspicious code Candidate [className=com.google.javascript.rhino.head.ast.CatchClause, methodName=setCatchCondition(Lcom/google/javascript/rhino/head/ast/AstNode;)V, lineNumber=77, susp=0.12970131035013507]
[INFO ] fr.inria.astor.core.solutionsearch.population.ProgramVariantFactory.createModificationPoints(ProgramVariantFactory.java:223) -  Not ctClass for suspicious code Candidate [className=com.google.javascript.rhino.head.ast.CatchClause, methodName=getBody()Lcom/google/javascript/rhino/head/ast/Block;, lineNumber=83, susp=0.12970131035013507]
[INFO ] fr.inria.astor.core.solutionsearch.population.ProgramVariantFactory.createModificationPoints(ProgramVariantFactory.java:223) -  Not ctClass for suspicious code Candidate [className=com.google.javascript.rhino.head.ast.CatchClause, methodName=setBody(Lcom/google/javascript/rhino/head/ast/Block;)V, lineNumber=91, susp=0.12970131035013507]
[INFO ] fr.inria.astor.core.solutionsearch.population.ProgramVariantFactory.createModificationPoints(ProgramVariantFactory.java:223) -  Not ctClass for suspicious code Candidate [className=com.google.javascript.rhino.head.ast.CatchClause, methodName=setBody(Lcom/google/javascript/rhino/head/ast/Block;)V, lineNumber=92, susp=0.12970131035013507]
[INFO ] fr.inria.astor.core.solutionsearch.population.ProgramVariantFactory.createModificationPoints(ProgramVariantFactory.java:223) -  Not ctClass for suspicious code Candidate [className=com.google.javascript.rhino.head.ast.CatchClause, methodName=setBody(Lcom/google/javascript/rhino/head/ast/Block;)V, lineNumber=93, susp=0.12970131035013507]
[INFO ] fr.inria.astor.core.solutionsearch.population.ProgramVariantFactory.createModificationPoints(ProgramVariantFactory.java:223) -  Not ctClass for suspicious code Candidate [className=com.google.javascript.rhino.head.ast.CatchClause, methodName=setBody(Lcom/google/javascript/rhino/head/ast/Block;)V, lineNumber=94, susp=0.12970131035013507]
[INFO ] fr.inria.astor.core.solutionsearch.population.ProgramVariantFactory.createModificationPoints(ProgramVariantFactory.java:223) -  Not ctClass for suspicious code Candidate [className=com.google.javascript.rhino.head.ast.CatchClause, methodName=setParens(II)V, lineNumber=128, susp=0.12970131035013507]
[INFO ] fr.inria.astor.core.solutionsearch.population.ProgramVariantFactory.createModificationPoints(ProgramVariantFactory.java:223) -  Not ctClass for suspicious code Candidate [className=com.google.javascript.rhino.head.ast.CatchClause, methodName=setParens(II)V, lineNumber=129, susp=0.12970131035013507]
[INFO ] fr.inria.astor.core.solutionsearch.population.ProgramVariantFactory.createModificationPoints(ProgramVariantFactory.java:223) -  Not ctClass for suspicious code Candidate [className=com.google.javascript.rhino.head.ast.CatchClause, methodName=setParens(II)V, lineNumber=130, susp=0.12970131035013507]
[INFO ] fr.inria.astor.core.solutionsearch.population.ProgramVariantFactory.createModificationPoints(ProgramVariantFactory.java:223) -  Not ctClass for suspicious code Candidate [className=com.google.javascript.rhino.head.Parser, methodName=statements()Lcom/google/javascript/rhino/head/ast/AstNode;, lineNumber=866, susp=0.12970131035013507]
[INFO ] fr.inria.astor.core.solutionsearch.population.ProgramVariantFactory.createModificationPoints(ProgramVariantFactory.java:223) -  Not ctClass for suspicious code Candidate [className=com.google.javascript.rhino.head.Parser, methodName=tryStatement()Lcom/google/javascript/rhino/head/ast/TryStatement;, lineNumber=1375, susp=0.12970131035013507]
[INFO ] fr.inria.astor.core.solutionsearch.population.ProgramVariantFactory.createModificationPoints(ProgramVariantFactory.java:223) -  Not ctClass for suspicious code Candidate [className=com.google.javascript.rhino.head.Parser, methodName=tryStatement()Lcom/google/javascript/rhino/head/ast/TryStatement;, lineNumber=1376, susp=0.12970131035013507]
[INFO ] fr.inria.astor.core.solutionsearch.population.ProgramVariantFactory.createModificationPoints(ProgramVariantFactory.java:223) -  Not ctClass for suspicious code Candidate [className=com.google.javascript.rhino.head.Parser, methodName=tryStatement()Lcom/google/javascript/rhino/head/ast/TryStatement;, lineNumber=1377, susp=0.12970131035013507]
[INFO ] fr.inria.astor.core.solutionsearch.population.ProgramVariantFactory.createModificationPoints(ProgramVariantFactory.java:223) -  Not ctClass for suspicious code Candidate [className=com.google.javascript.rhino.head.Parser, methodName=tryStatement()Lcom/google/javascript/rhino/head/ast/TryStatement;, lineNumber=1380, susp=0.12970131035013507]
[INFO ] fr.inria.astor.core.solutionsearch.population.ProgramVariantFactory.createModificationPoints(ProgramVariantFactory.java:223) -  Not ctClass for suspicious code Candidate [className=com.google.javascript.rhino.head.Parser, methodName=tryStatement()Lcom/google/javascript/rhino/head/ast/TryStatement;, lineNumber=1381, susp=0.12970131035013507]
[INFO ] fr.inria.astor.core.solutionsearch.population.ProgramVariantFactory.createModificationPoints(ProgramVariantFactory.java:223) -  Not ctClass for suspicious code Candidate [className=com.google.javascript.rhino.head.Parser, methodName=tryStatement()Lcom/google/javascript/rhino/head/ast/TryStatement;, lineNumber=1382, susp=0.12970131035013507]
[INFO ] fr.inria.astor.core.solutionsearch.population.ProgramVariantFactory.createModificationPoints(ProgramVariantFactory.java:223) -  Not ctClass for suspicious code Candidate [className=com.google.javascript.rhino.head.Parser, methodName=tryStatement()Lcom/google/javascript/rhino/head/ast/TryStatement;, lineNumber=1384, susp=0.12970131035013507]
[INFO ] fr.inria.astor.core.solutionsearch.population.ProgramVariantFactory.createModificationPoints(ProgramVariantFactory.java:223) -  Not ctClass for suspicious code Candidate [className=com.google.javascript.rhino.head.Parser, methodName=tryStatement()Lcom/google/javascript/rhino/head/ast/TryStatement;, lineNumber=1386, susp=0.12970131035013507]
[INFO ] fr.inria.astor.core.solutionsearch.population.ProgramVariantFactory.createModificationPoints(ProgramVariantFactory.java:223) -  Not ctClass for suspicious code Candidate [className=com.google.javascript.rhino.head.Parser, methodName=tryStatement()Lcom/google/javascript/rhino/head/ast/TryStatement;, lineNumber=1387, susp=0.12970131035013507]
[INFO ] fr.inria.astor.core.solutionsearch.population.ProgramVariantFactory.createModificationPoints(ProgramVariantFactory.java:223) -  Not ctClass for suspicious code Candidate [className=com.google.javascript.rhino.head.Parser, methodName=tryStatement()Lcom/google/javascript/rhino/head/ast/TryStatement;, lineNumber=1388, susp=0.12970131035013507]
[INFO ] fr.inria.astor.core.solutionsearch.population.ProgramVariantFactory.createModificationPoints(ProgramVariantFactory.java:223) -  Not ctClass for suspicious code Candidate [className=com.google.javascript.rhino.head.Parser, methodName=tryStatement()Lcom/google/javascript/rhino/head/ast/TryStatement;, lineNumber=1391, susp=0.12970131035013507]
[INFO ] fr.inria.astor.core.solutionsearch.population.ProgramVariantFactory.createModificationPoints(ProgramVariantFactory.java:223) -  Not ctClass for suspicious code Candidate [className=com.google.javascript.rhino.head.Parser, methodName=tryStatement()Lcom/google/javascript/rhino/head/ast/TryStatement;, lineNumber=1392, susp=0.12970131035013507]
[INFO ] fr.inria.astor.core.solutionsearch.population.ProgramVariantFactory.createModificationPoints(ProgramVariantFactory.java:223) -  Not ctClass for suspicious code Candidate [className=com.google.javascript.rhino.head.Parser, methodName=tryStatement()Lcom/google/javascript/rhino/head/ast/TryStatement;, lineNumber=1400, susp=0.12970131035013507]
[INFO ] fr.inria.astor.core.solutionsearch.population.ProgramVariantFactory.createModificationPoints(ProgramVariantFactory.java:223) -  Not ctClass for suspicious code Candidate [className=com.google.javascript.rhino.head.Parser, methodName=tryStatement()Lcom/google/javascript/rhino/head/ast/TryStatement;, lineNumber=1401, susp=0.12970131035013507]
[INFO ] fr.inria.astor.core.solutionsearch.population.ProgramVariantFactory.createModificationPoints(ProgramVariantFactory.java:223) -  Not ctClass for suspicious code Candidate [className=com.google.javascript.rhino.head.Parser, methodName=tryStatement()Lcom/google/javascript/rhino/head/ast/TryStatement;, lineNumber=1408, susp=0.12970131035013507]
[INFO ] fr.inria.astor.core.solutionsearch.population.ProgramVariantFactory.createModificationPoints(ProgramVariantFactory.java:223) -  Not ctClass for suspicious code Candidate [className=com.google.javascript.rhino.head.Parser, methodName=tryStatement()Lcom/google/javascript/rhino/head/ast/TryStatement;, lineNumber=1409, susp=0.12970131035013507]
[INFO ] fr.inria.astor.core.solutionsearch.population.ProgramVariantFactory.createModificationPoints(ProgramVariantFactory.java:223) -  Not ctClass for suspicious code Candidate [className=com.google.javascript.rhino.head.Parser, methodName=tryStatement()Lcom/google/javascript/rhino/head/ast/TryStatement;, lineNumber=1410, susp=0.12970131035013507]
[INFO ] fr.inria.astor.core.solutionsearch.population.ProgramVariantFactory.createModificationPoints(ProgramVariantFactory.java:223) -  Not ctClass for suspicious code Candidate [className=com.google.javascript.rhino.head.Parser, methodName=tryStatement()Lcom/google/javascript/rhino/head/ast/TryStatement;, lineNumber=1412, susp=0.12970131035013507]
[INFO ] fr.inria.astor.core.solutionsearch.population.ProgramVariantFactory.createModificationPoints(ProgramVariantFactory.java:223) -  Not ctClass for suspicious code Candidate [className=com.google.javascript.rhino.head.Parser, methodName=tryStatement()Lcom/google/javascript/rhino/head/ast/TryStatement;, lineNumber=1413, susp=0.12970131035013507]
[INFO ] fr.inria.astor.core.solutionsearch.population.ProgramVariantFactory.createModificationPoints(ProgramVariantFactory.java:223) -  Not ctClass for suspicious code Candidate [className=com.google.javascript.rhino.head.Parser, methodName=tryStatement()Lcom/google/javascript/rhino/head/ast/TryStatement;, lineNumber=1414, susp=0.12970131035013507]
[INFO ] fr.inria.astor.core.solutionsearch.population.ProgramVariantFactory.createModificationPoints(ProgramVariantFactory.java:223) -  Not ctClass for suspicious code Candidate [className=com.google.javascript.rhino.head.Parser, methodName=tryStatement()Lcom/google/javascript/rhino/head/ast/TryStatement;, lineNumber=1415, susp=0.12970131035013507]
[INFO ] fr.inria.astor.core.solutionsearch.population.ProgramVariantFactory.createModificationPoints(ProgramVariantFactory.java:223) -  Not ctClass for suspicious code Candidate [className=com.google.javascript.rhino.head.Parser, methodName=tryStatement()Lcom/google/javascript/rhino/head/ast/TryStatement;, lineNumber=1416, susp=0.12970131035013507]
[INFO ] fr.inria.astor.core.solutionsearch.population.ProgramVariantFactory.createModificationPoints(ProgramVariantFactory.java:223) -  Not ctClass for suspicious code Candidate [className=com.google.javascript.rhino.head.Parser, methodName=tryStatement()Lcom/google/javascript/rhino/head/ast/TryStatement;, lineNumber=1417, susp=0.12970131035013507]
[INFO ] fr.inria.astor.core.solutionsearch.population.ProgramVariantFactory.createModificationPoints(ProgramVariantFactory.java:223) -  Not ctClass for suspicious code Candidate [className=com.google.javascript.rhino.head.Parser, methodName=tryStatement()Lcom/google/javascript/rhino/head/ast/TryStatement;, lineNumber=1418, susp=0.12970131035013507]
[INFO ] fr.inria.astor.core.solutionsearch.population.ProgramVariantFactory.createModificationPoints(ProgramVariantFactory.java:223) -  Not ctClass for suspicious code Candidate [className=com.google.javascript.rhino.head.Parser, methodName=tryStatement()Lcom/google/javascript/rhino/head/ast/TryStatement;, lineNumber=1421, susp=0.12970131035013507]
[INFO ] fr.inria.astor.core.solutionsearch.population.ProgramVariantFactory.createModificationPoints(ProgramVariantFactory.java:223) -  Not ctClass for suspicious code Candidate [className=com.google.javascript.rhino.head.Parser, methodName=tryStatement()Lcom/google/javascript/rhino/head/ast/TryStatement;, lineNumber=1422, susp=0.12970131035013507]
[INFO ] fr.inria.astor.core.solutionsearch.population.ProgramVariantFactory.createModificationPoints(ProgramVariantFactory.java:223) -  Not ctClass for suspicious code Candidate [className=com.google.javascript.rhino.head.Parser, methodName=tryStatement()Lcom/google/javascript/rhino/head/ast/TryStatement;, lineNumber=1424, susp=0.12970131035013507]
[INFO ] fr.inria.astor.core.solutionsearch.population.ProgramVariantFactory.createModificationPoints(ProgramVariantFactory.java:223) -  Not ctClass for suspicious code Candidate [className=com.google.javascript.rhino.head.Parser, methodName=tryStatement()Lcom/google/javascript/rhino/head/ast/TryStatement;, lineNumber=1425, susp=0.12970131035013507]
[INFO ] fr.inria.astor.core.solutionsearch.population.ProgramVariantFactory.createModificationPoints(ProgramVariantFactory.java:223) -  Not ctClass for suspicious code Candidate [className=com.google.javascript.rhino.head.Parser, methodName=tryStatement()Lcom/google/javascript/rhino/head/ast/TryStatement;, lineNumber=1426, susp=0.12970131035013507]
[INFO ] fr.inria.astor.core.solutionsearch.population.ProgramVariantFactory.createModificationPoints(ProgramVariantFactory.java:223) -  Not ctClass for suspicious code Candidate [className=com.google.javascript.rhino.head.Parser, methodName=tryStatement()Lcom/google/javascript/rhino/head/ast/TryStatement;, lineNumber=1427, susp=0.12970131035013507]
[INFO ] fr.inria.astor.core.solutionsearch.population.ProgramVariantFactory.createModificationPoints(ProgramVariantFactory.java:223) -  Not ctClass for suspicious code Candidate [className=com.google.javascript.rhino.head.Parser, methodName=tryStatement()Lcom/google/javascript/rhino/head/ast/TryStatement;, lineNumber=1428, susp=0.12970131035013507]
[INFO ] fr.inria.astor.core.solutionsearch.population.ProgramVariantFactory.createModificationPoints(ProgramVariantFactory.java:223) -  Not ctClass for suspicious code Candidate [className=com.google.javascript.rhino.head.Parser, methodName=tryStatement()Lcom/google/javascript/rhino/head/ast/TryStatement;, lineNumber=1429, susp=0.12970131035013507]
[INFO ] fr.inria.astor.core.solutionsearch.population.ProgramVariantFactory.createModificationPoints(ProgramVariantFactory.java:223) -  Not ctClass for suspicious code Candidate [className=com.google.javascript.rhino.head.Parser, methodName=tryStatement()Lcom/google/javascript/rhino/head/ast/TryStatement;, lineNumber=1430, susp=0.12970131035013507]
[INFO ] fr.inria.astor.core.solutionsearch.population.ProgramVariantFactory.createModificationPoints(ProgramVariantFactory.java:223) -  Not ctClass for suspicious code Candidate [className=com.google.javascript.rhino.head.ast.TryStatement, methodName=setCatchClauses(Ljava/util/List;)V, lineNumber=83, susp=0.12970131035013507]
[INFO ] fr.inria.astor.core.solutionsearch.population.ProgramVariantFactory.createModificationPoints(ProgramVariantFactory.java:223) -  Not ctClass for suspicious code Candidate [className=com.google.javascript.rhino.head.ast.TryStatement, methodName=setCatchClauses(Ljava/util/List;)V, lineNumber=85, susp=0.12970131035013507]
[INFO ] fr.inria.astor.core.solutionsearch.population.ProgramVariantFactory.createModificationPoints(ProgramVariantFactory.java:223) -  Not ctClass for suspicious code Candidate [className=com.google.javascript.rhino.head.ast.TryStatement, methodName=setCatchClauses(Ljava/util/List;)V, lineNumber=86, susp=0.12970131035013507]
[INFO ] fr.inria.astor.core.solutionsearch.population.ProgramVariantFactory.createModificationPoints(ProgramVariantFactory.java:223) -  Not ctClass for suspicious code Candidate [className=com.google.javascript.rhino.head.ast.TryStatement, methodName=setCatchClauses(Ljava/util/List;)V, lineNumber=87, susp=0.12970131035013507]
[INFO ] fr.inria.astor.core.solutionsearch.population.ProgramVariantFactory.createModificationPoints(ProgramVariantFactory.java:223) -  Not ctClass for suspicious code Candidate [className=com.google.javascript.rhino.head.ast.TryStatement, methodName=addCatchClause(Lcom/google/javascript/rhino/head/ast/CatchClause;)V, lineNumber=97, susp=0.12970131035013507]
[INFO ] fr.inria.astor.core.solutionsearch.population.ProgramVariantFactory.createModificationPoints(ProgramVariantFactory.java:223) -  Not ctClass for suspicious code Candidate [className=com.google.javascript.rhino.head.ast.TryStatement, methodName=addCatchClause(Lcom/google/javascript/rhino/head/ast/CatchClause;)V, lineNumber=98, susp=0.12970131035013507]
[INFO ] fr.inria.astor.core.solutionsearch.population.ProgramVariantFactory.createModificationPoints(ProgramVariantFactory.java:223) -  Not ctClass for suspicious code Candidate [className=com.google.javascript.rhino.head.ast.TryStatement, methodName=addCatchClause(Lcom/google/javascript/rhino/head/ast/CatchClause;)V, lineNumber=99, susp=0.12970131035013507]
[INFO ] fr.inria.astor.core.solutionsearch.population.ProgramVariantFactory.createModificationPoints(ProgramVariantFactory.java:223) -  Not ctClass for suspicious code Candidate [className=com.google.javascript.rhino.head.ast.TryStatement, methodName=addCatchClause(Lcom/google/javascript/rhino/head/ast/CatchClause;)V, lineNumber=101, susp=0.12970131035013507]
[INFO ] fr.inria.astor.core.solutionsearch.population.ProgramVariantFactory.createModificationPoints(ProgramVariantFactory.java:223) -  Not ctClass for suspicious code Candidate [className=com.google.javascript.rhino.head.ast.TryStatement, methodName=addCatchClause(Lcom/google/javascript/rhino/head/ast/CatchClause;)V, lineNumber=102, susp=0.12970131035013507]
[INFO ] fr.inria.astor.core.solutionsearch.population.ProgramVariantFactory.createModificationPoints(ProgramVariantFactory.java:223) -  Not ctClass for suspicious code Candidate [className=com.google.javascript.rhino.head.ast.TryStatement, methodName=addCatchClause(Lcom/google/javascript/rhino/head/ast/CatchClause;)V, lineNumber=103, susp=0.12970131035013507]
[INFO ] fr.inria.astor.core.solutionsearch.population.ProgramVariantFactory.createModificationPoints(ProgramVariantFactory.java:223) -  Not ctClass for suspicious code Candidate [className=com.google.javascript.jscomp.CompilerTestCase, methodName=test(Ljava/lang/String;Ljava/lang/String;Ljava/lang/String;Lcom/google/javascript/jscomp/DiagnosticType;Lcom/google/javascript/jscomp/DiagnosticType;)V, lineNumber=389, susp=0.1267731382092775]
[INFO ] fr.inria.astor.core.solutionsearch.population.ProgramVariantFactory.createModificationPoints(ProgramVariantFactory.java:223) -  Not ctClass for suspicious code Candidate [className=com.google.javascript.jscomp.CompilerTestCase, methodName=test(Ljava/lang/String;Ljava/lang/String;Ljava/lang/String;Lcom/google/javascript/jscomp/DiagnosticType;Lcom/google/javascript/jscomp/DiagnosticType;Ljava/lang/String;)V, lineNumber=409, susp=0.11766968108291041]
[INFO ] fr.inria.astor.core.solutionsearch.population.ProgramVariantFactory.createModificationPoints(ProgramVariantFactory.java:223) -  Not ctClass for suspicious code Candidate [className=com.google.javascript.jscomp.CompilerTestCase, methodName=test(Ljava/lang/String;Ljava/lang/String;Ljava/lang/String;Lcom/google/javascript/jscomp/DiagnosticType;Lcom/google/javascript/jscomp/DiagnosticType;Ljava/lang/String;)V, lineNumber=411, susp=0.11766968108291041]
[INFO ] fr.inria.astor.core.solutionsearch.population.ProgramVariantFactory.createModificationPoints(ProgramVariantFactory.java:223) -  Not ctClass for suspicious code Candidate [className=com.google.javascript.rhino.head.Parser, methodName=statementHelper()Lcom/google/javascript/rhino/head/ast/AstNode;, lineNumber=965, susp=0.11721969977468454]
[INFO ] fr.inria.astor.core.solutionsearch.population.ProgramVariantFactory.createModificationPoints(ProgramVariantFactory.java:223) -  Not ctClass for suspicious code Candidate [className=com.google.javascript.rhino.head.Parser, methodName=tryStatement()Lcom/google/javascript/rhino/head/ast/TryStatement;, lineNumber=1357, susp=0.11721969977468454]
[INFO ] fr.inria.astor.core.solutionsearch.population.ProgramVariantFactory.createModificationPoints(ProgramVariantFactory.java:223) -  Not ctClass for suspicious code Candidate [className=com.google.javascript.rhino.head.Parser, methodName=tryStatement()Lcom/google/javascript/rhino/head/ast/TryStatement;, lineNumber=1358, susp=0.11721969977468454]
[INFO ] fr.inria.astor.core.solutionsearch.population.ProgramVariantFactory.createModificationPoints(ProgramVariantFactory.java:223) -  Not ctClass for suspicious code Candidate [className=com.google.javascript.rhino.head.Parser, methodName=tryStatement()Lcom/google/javascript/rhino/head/ast/TryStatement;, lineNumber=1361, susp=0.11721969977468454]
[INFO ] fr.inria.astor.core.solutionsearch.population.ProgramVariantFactory.createModificationPoints(ProgramVariantFactory.java:223) -  Not ctClass for suspicious code Candidate [className=com.google.javascript.rhino.head.Parser, methodName=tryStatement()Lcom/google/javascript/rhino/head/ast/TryStatement;, lineNumber=1363, susp=0.11721969977468454]
[INFO ] fr.inria.astor.core.solutionsearch.population.ProgramVariantFactory.createModificationPoints(ProgramVariantFactory.java:223) -  Not ctClass for suspicious code Candidate [className=com.google.javascript.rhino.head.Parser, methodName=tryStatement()Lcom/google/javascript/rhino/head/ast/TryStatement;, lineNumber=1364, susp=0.11721969977468454]
[INFO ] fr.inria.astor.core.solutionsearch.population.ProgramVariantFactory.createModificationPoints(ProgramVariantFactory.java:223) -  Not ctClass for suspicious code Candidate [className=com.google.javascript.rhino.head.Parser, methodName=tryStatement()Lcom/google/javascript/rhino/head/ast/TryStatement;, lineNumber=1367, susp=0.11721969977468454]
[INFO ] fr.inria.astor.core.solutionsearch.population.ProgramVariantFactory.createModificationPoints(ProgramVariantFactory.java:223) -  Not ctClass for suspicious code Candidate [className=com.google.javascript.rhino.head.Parser, methodName=tryStatement()Lcom/google/javascript/rhino/head/ast/TryStatement;, lineNumber=1368, susp=0.11721969977468454]
[INFO ] fr.inria.astor.core.solutionsearch.population.ProgramVariantFactory.createModificationPoints(ProgramVariantFactory.java:223) -  Not ctClass for suspicious code Candidate [className=com.google.javascript.rhino.head.Parser, methodName=tryStatement()Lcom/google/javascript/rhino/head/ast/TryStatement;, lineNumber=1370, susp=0.11721969977468454]
[INFO ] fr.inria.astor.core.solutionsearch.population.ProgramVariantFactory.createModificationPoints(ProgramVariantFactory.java:223) -  Not ctClass for suspicious code Candidate [className=com.google.javascript.rhino.head.Parser, methodName=tryStatement()Lcom/google/javascript/rhino/head/ast/TryStatement;, lineNumber=1372, susp=0.11721969977468454]
[INFO ] fr.inria.astor.core.solutionsearch.population.ProgramVariantFactory.createModificationPoints(ProgramVariantFactory.java:223) -  Not ctClass for suspicious code Candidate [className=com.google.javascript.rhino.head.Parser, methodName=tryStatement()Lcom/google/javascript/rhino/head/ast/TryStatement;, lineNumber=1373, susp=0.11721969977468454]
[INFO ] fr.inria.astor.core.solutionsearch.population.ProgramVariantFactory.createModificationPoints(ProgramVariantFactory.java:223) -  Not ctClass for suspicious code Candidate [className=com.google.javascript.rhino.head.Parser, methodName=tryStatement()Lcom/google/javascript/rhino/head/ast/TryStatement;, lineNumber=1374, susp=0.11721969977468454]
[INFO ] fr.inria.astor.core.solutionsearch.population.ProgramVariantFactory.createModificationPoints(ProgramVariantFactory.java:223) -  Not ctClass for suspicious code Candidate [className=com.google.javascript.rhino.head.Parser, methodName=tryStatement()Lcom/google/javascript/rhino/head/ast/TryStatement;, lineNumber=1435, susp=0.11721969977468454]
[INFO ] fr.inria.astor.core.solutionsearch.population.ProgramVariantFactory.createModificationPoints(ProgramVariantFactory.java:223) -  Not ctClass for suspicious code Candidate [className=com.google.javascript.rhino.head.Parser, methodName=tryStatement()Lcom/google/javascript/rhino/head/ast/TryStatement;, lineNumber=1436, susp=0.11721969977468454]
[INFO ] fr.inria.astor.core.solutionsearch.population.ProgramVariantFactory.createModificationPoints(ProgramVariantFactory.java:223) -  Not ctClass for suspicious code Candidate [className=com.google.javascript.rhino.head.Parser, methodName=tryStatement()Lcom/google/javascript/rhino/head/ast/TryStatement;, lineNumber=1442, susp=0.11721969977468454]
[INFO ] fr.inria.astor.core.solutionsearch.population.ProgramVariantFactory.createModificationPoints(ProgramVariantFactory.java:223) -  Not ctClass for suspicious code Candidate [className=com.google.javascript.rhino.head.Parser, methodName=tryStatement()Lcom/google/javascript/rhino/head/ast/TryStatement;, lineNumber=1443, susp=0.11721969977468454]
[INFO ] fr.inria.astor.core.solutionsearch.population.ProgramVariantFactory.createModificationPoints(ProgramVariantFactory.java:223) -  Not ctClass for suspicious code Candidate [className=com.google.javascript.rhino.head.Parser, methodName=tryStatement()Lcom/google/javascript/rhino/head/ast/TryStatement;, lineNumber=1444, susp=0.11721969977468454]
[INFO ] fr.inria.astor.core.solutionsearch.population.ProgramVariantFactory.createModificationPoints(ProgramVariantFactory.java:223) -  Not ctClass for suspicious code Candidate [className=com.google.javascript.rhino.head.Parser, methodName=tryStatement()Lcom/google/javascript/rhino/head/ast/TryStatement;, lineNumber=1445, susp=0.11721969977468454]
[INFO ] fr.inria.astor.core.solutionsearch.population.ProgramVariantFactory.createModificationPoints(ProgramVariantFactory.java:223) -  Not ctClass for suspicious code Candidate [className=com.google.javascript.rhino.head.Parser, methodName=tryStatement()Lcom/google/javascript/rhino/head/ast/TryStatement;, lineNumber=1446, susp=0.11721969977468454]
[INFO ] fr.inria.astor.core.solutionsearch.population.ProgramVariantFactory.createModificationPoints(ProgramVariantFactory.java:223) -  Not ctClass for suspicious code Candidate [className=com.google.javascript.rhino.head.Parser, methodName=tryStatement()Lcom/google/javascript/rhino/head/ast/TryStatement;, lineNumber=1449, susp=0.11721969977468454]
[INFO ] fr.inria.astor.core.solutionsearch.population.ProgramVariantFactory.createModificationPoints(ProgramVariantFactory.java:223) -  Not ctClass for suspicious code Candidate [className=com.google.javascript.rhino.head.Parser, methodName=tryStatement()Lcom/google/javascript/rhino/head/ast/TryStatement;, lineNumber=1451, susp=0.11721969977468454]
[INFO ] fr.inria.astor.core.solutionsearch.population.ProgramVariantFactory.createModificationPoints(ProgramVariantFactory.java:223) -  Not ctClass for suspicious code Candidate [className=com.google.javascript.rhino.head.Parser, methodName=tryStatement()Lcom/google/javascript/rhino/head/ast/TryStatement;, lineNumber=1455, susp=0.11721969977468454]
[INFO ] fr.inria.astor.core.solutionsearch.population.ProgramVariantFactory.createModificationPoints(ProgramVariantFactory.java:223) -  Not ctClass for suspicious code Candidate [className=com.google.javascript.rhino.head.ast.TryStatement, methodName=getTryBlock()Lcom/google/javascript/rhino/head/ast/AstNode;, lineNumber=53, susp=0.11721969977468454]
[INFO ] fr.inria.astor.core.solutionsearch.population.ProgramVariantFactory.createModificationPoints(ProgramVariantFactory.java:223) -  Not ctClass for suspicious code Candidate [className=com.google.javascript.rhino.head.ast.TryStatement, methodName=setTryBlock(Lcom/google/javascript/rhino/head/ast/AstNode;)V, lineNumber=61, susp=0.11721969977468454]
[INFO ] fr.inria.astor.core.solutionsearch.population.ProgramVariantFactory.createModificationPoints(ProgramVariantFactory.java:223) -  Not ctClass for suspicious code Candidate [className=com.google.javascript.rhino.head.ast.TryStatement, methodName=setTryBlock(Lcom/google/javascript/rhino/head/ast/AstNode;)V, lineNumber=62, susp=0.11721969977468454]
[INFO ] fr.inria.astor.core.solutionsearch.population.ProgramVariantFactory.createModificationPoints(ProgramVariantFactory.java:223) -  Not ctClass for suspicious code Candidate [className=com.google.javascript.rhino.head.ast.TryStatement, methodName=setTryBlock(Lcom/google/javascript/rhino/head/ast/AstNode;)V, lineNumber=63, susp=0.11721969977468454]
[INFO ] fr.inria.astor.core.solutionsearch.population.ProgramVariantFactory.createModificationPoints(ProgramVariantFactory.java:223) -  Not ctClass for suspicious code Candidate [className=com.google.javascript.rhino.head.ast.TryStatement, methodName=setTryBlock(Lcom/google/javascript/rhino/head/ast/AstNode;)V, lineNumber=64, susp=0.11721969977468454]
[INFO ] fr.inria.astor.core.solutionsearch.population.ProgramVariantFactory.createModificationPoints(ProgramVariantFactory.java:223) -  Not ctClass for suspicious code Candidate [className=com.google.javascript.rhino.head.ast.TryStatement, methodName=getCatchClauses()Ljava/util/List;, lineNumber=71, susp=0.11721969977468454]
[INFO ] fr.inria.astor.core.solutionsearch.population.ProgramVariantFactory.createModificationPoints(ProgramVariantFactory.java:223) -  Not ctClass for suspicious code Candidate [className=com.google.javascript.rhino.head.ast.TryStatement, methodName=setCatchClauses(Ljava/util/List;)V, lineNumber=80, susp=0.11721969977468454]
[INFO ] fr.inria.astor.core.solutionsearch.population.ProgramVariantFactory.createModificationPoints(ProgramVariantFactory.java:223) -  Not ctClass for suspicious code Candidate [className=com.google.javascript.rhino.head.ast.TryStatement, methodName=setCatchClauses(Ljava/util/List;)V, lineNumber=89, susp=0.11721969977468454]
[INFO ] fr.inria.astor.core.solutionsearch.population.ProgramVariantFactory.createModificationPoints(ProgramVariantFactory.java:223) -  Not ctClass for suspicious code Candidate [className=com.google.javascript.rhino.head.ast.TryStatement, methodName=getFinallyBlock()Lcom/google/javascript/rhino/head/ast/AstNode;, lineNumber=109, susp=0.11721969977468454]
[INFO ] fr.inria.astor.core.solutionsearch.population.ProgramVariantFactory.createModificationPoints(ProgramVariantFactory.java:223) -  Not ctClass for suspicious code Candidate [className=com.google.javascript.rhino.head.ast.TryStatement, methodName=setFinallyBlock(Lcom/google/javascript/rhino/head/ast/AstNode;)V, lineNumber=117, susp=0.11721969977468454]
[INFO ] fr.inria.astor.core.solutionsearch.population.ProgramVariantFactory.createModificationPoints(ProgramVariantFactory.java:223) -  Not ctClass for suspicious code Candidate [className=com.google.javascript.rhino.head.ast.TryStatement, methodName=setFinallyBlock(Lcom/google/javascript/rhino/head/ast/AstNode;)V, lineNumber=118, susp=0.11721969977468454]
[INFO ] fr.inria.astor.core.solutionsearch.population.ProgramVariantFactory.createModificationPoints(ProgramVariantFactory.java:223) -  Not ctClass for suspicious code Candidate [className=com.google.javascript.rhino.head.ast.TryStatement, methodName=setFinallyBlock(Lcom/google/javascript/rhino/head/ast/AstNode;)V, lineNumber=120, susp=0.11721969977468454]
[INFO ] fr.inria.astor.core.solutionsearch.population.ProgramVariantFactory.createModificationPoints(ProgramVariantFactory.java:223) -  Not ctClass for suspicious code Candidate [className=com.google.javascript.jscomp.CompilerTestCase, methodName=createModuleChain([Ljava/lang/String;)[Lcom/google/javascript/jscomp/JSModule;, lineNumber=1002, susp=0.10927167294163062]
[INFO ] fr.inria.astor.core.solutionsearch.population.ProgramVariantFactory.createModificationPoints(ProgramVariantFactory.java:223) -  Not ctClass for suspicious code Candidate [className=com.google.javascript.rhino.head.TokenStream, methodName=stringToKeyword(Ljava/lang/String;)I, lineNumber=188, susp=0.10707459153723745]
[INFO ] fr.inria.astor.core.solutionsearch.population.ProgramVariantFactory.createModificationPoints(ProgramVariantFactory.java:223) -  Not ctClass for suspicious code Candidate [className=com.google.javascript.rhino.head.Parser, methodName=peekTokenOrEOL()I, lineNumber=368, susp=0.1044465935734187]
[INFO ] fr.inria.astor.core.solutionsearch.population.ProgramVariantFactory.createProgramInstance(ProgramVariantFactory.java:134) - Total suspicious from FL: 720,  439
[INFO ] fr.inria.astor.core.solutionsearch.population.ProgramVariantFactory.createProgramInstance(ProgramVariantFactory.java:143) - Total ModPoint created: 439
[INFO ] fr.inria.astor.core.solutionsearch.population.ProgramVariantFactory.createInitialPopulation(ProgramVariantFactory.java:82) - Creating program variant #1, [Variant id: 1, #gens: 439, #ops: 0, parent:-]
[INFO ] fr.inria.astor.core.solutionsearch.AstorCoreEngine.setFitnessOfPopulation(AstorCoreEngine.java:754) - The original fitness is : 3.0
[INFO ] fr.inria.astor.core.setup.ConfigurationProperties.print(ConfigurationProperties.java:66) - ----------------------------
[INFO ] fr.inria.astor.core.setup.ConfigurationProperties.print(ConfigurationProperties.java:67) - ---Configuration properties:---Execution values
[INFO ] fr.inria.astor.core.setup.ConfigurationProperties.print(ConfigurationProperties.java:69) - p:lastJUnitVersion= ./examples/libs/junit-4.11.jar
[INFO ] fr.inria.astor.core.setup.ConfigurationProperties.print(ConfigurationProperties.java:69) - p:alternativecompliancelevel= 8
[INFO ] fr.inria.astor.core.setup.ConfigurationProperties.print(ConfigurationProperties.java:69) - p:ignoredTestCases= 
[INFO ] fr.inria.astor.core.setup.ConfigurationProperties.print(ConfigurationProperties.java:69) - p:workingDirectory= /script/jGenProg_Defects4J_Closure_3/./output_astor
[INFO ] fr.inria.astor.core.setup.ConfigurationProperties.print(ConfigurationProperties.java:69) - p:manipulatesuper= false
[INFO ] fr.inria.astor.core.setup.ConfigurationProperties.print(ConfigurationProperties.java:69) - p:validation= process
[INFO ] fr.inria.astor.core.setup.ConfigurationProperties.print(ConfigurationProperties.java:69) - p:jvm4testexecution= /usr/lib/jvm/java-1.7.0-openjdk-amd64/bin/
[INFO ] fr.inria.astor.core.setup.ConfigurationProperties.print(ConfigurationProperties.java:69) - p:operatorspace= irr-statements
[INFO ] fr.inria.astor.core.setup.ConfigurationProperties.print(ConfigurationProperties.java:69) - p:disablelog= false
[INFO ] fr.inria.astor.core.setup.ConfigurationProperties.print(ConfigurationProperties.java:69) - p:binjavafolder= build/classes/
[INFO ] fr.inria.astor.core.setup.ConfigurationProperties.print(ConfigurationProperties.java:69) - p:synthesis_depth= 3
[INFO ] fr.inria.astor.core.setup.ConfigurationProperties.print(ConfigurationProperties.java:69) - p:gzoltartestpackagetoexclude= junit.framework
[INFO ] fr.inria.astor.core.setup.ConfigurationProperties.print(ConfigurationProperties.java:69) - p:skipfitnessinitialpopulation= false
[INFO ] fr.inria.astor.core.setup.ConfigurationProperties.print(ConfigurationProperties.java:69) - p:evosuiteresultfolder= evosuite
[INFO ] fr.inria.astor.core.setup.ConfigurationProperties.print(ConfigurationProperties.java:69) - p:flthreshold= 0.1
[INFO ] fr.inria.astor.core.setup.ConfigurationProperties.print(ConfigurationProperties.java:69) - p:regressionforfaultlocalization= true
[INFO ] fr.inria.astor.core.setup.ConfigurationProperties.print(ConfigurationProperties.java:69) - p:collectonlyusedmethod= false
[INFO ] fr.inria.astor.core.setup.ConfigurationProperties.print(ConfigurationProperties.java:69) - p:preservelinenumbers= true
[INFO ] fr.inria.astor.core.setup.ConfigurationProperties.print(ConfigurationProperties.java:69) - p:tmax2= 1983390
[INFO ] fr.inria.astor.core.setup.ConfigurationProperties.print(ConfigurationProperties.java:69) - p:tmax1= 10000
[INFO ] fr.inria.astor.core.setup.ConfigurationProperties.print(ConfigurationProperties.java:69) - p:probagenmutation= false
[INFO ] fr.inria.astor.core.setup.ConfigurationProperties.print(ConfigurationProperties.java:69) - p:nomodificationconvergence= 100
[INFO ] fr.inria.astor.core.setup.ConfigurationProperties.print(ConfigurationProperties.java:69) - p:diff_type= relative
[INFO ] fr.inria.astor.core.setup.ConfigurationProperties.print(ConfigurationProperties.java:69) - p:targetelementprocessor= statements
[INFO ] fr.inria.astor.core.setup.ConfigurationProperties.print(ConfigurationProperties.java:69) - p:srctestfolder= test
[INFO ] fr.inria.astor.core.setup.ConfigurationProperties.print(ConfigurationProperties.java:69) - p:forceExecuteRegression= false
[INFO ] fr.inria.astor.core.setup.ConfigurationProperties.print(ConfigurationProperties.java:69) - p:clusteringfilename= clustering.csv
[INFO ] fr.inria.astor.core.setup.ConfigurationProperties.print(ConfigurationProperties.java:69) - p:failing= com.google.javascript.jscomp.FlowSensitiveInlineVariablesTest
[INFO ] fr.inria.astor.core.setup.ConfigurationProperties.print(ConfigurationProperties.java:69) - p:logtestexecution= false
[INFO ] fr.inria.astor.core.setup.ConfigurationProperties.print(ConfigurationProperties.java:69) - p:evo_buggy_class= true
[INFO ] fr.inria.astor.core.setup.ConfigurationProperties.print(ConfigurationProperties.java:69) - p:numberExecutions= 1
[INFO ] fr.inria.astor.core.setup.ConfigurationProperties.print(ConfigurationProperties.java:69) - p:maxnumbersolutions= 1000000
[INFO ] fr.inria.astor.core.setup.ConfigurationProperties.print(ConfigurationProperties.java:69) - p:evo_affected_by_op= true
[INFO ] fr.inria.astor.core.setup.ConfigurationProperties.print(ConfigurationProperties.java:69) - p:population= 1
[INFO ] fr.inria.astor.core.setup.ConfigurationProperties.print(ConfigurationProperties.java:69) - p:considerzerovaluesusp= false
[INFO ] fr.inria.astor.core.setup.ConfigurationProperties.print(ConfigurationProperties.java:69) - p:maxCombinationVariableLimit= false
[INFO ] fr.inria.astor.core.setup.ConfigurationProperties.print(ConfigurationProperties.java:69) - p:loglevel= INFO
[INFO ] fr.inria.astor.core.setup.ConfigurationProperties.print(ConfigurationProperties.java:69) - p:savesolution= true
[INFO ] fr.inria.astor.core.setup.ConfigurationProperties.print(ConfigurationProperties.java:69) - p:javacompliancelevel= 6
[INFO ] fr.inria.astor.core.setup.ConfigurationProperties.print(ConfigurationProperties.java:69) - p:uniqueoptogen= false
[INFO ] fr.inria.astor.core.setup.ConfigurationProperties.print(ConfigurationProperties.java:69) - p:gzoltarpackagetonotinstrument= junit.framework
[INFO ] fr.inria.astor.core.setup.ConfigurationProperties.print(ConfigurationProperties.java:69) - p:projectIdentifier= Closure-3
[INFO ] fr.inria.astor.core.setup.ConfigurationProperties.print(ConfigurationProperties.java:69) - p:modificationpointnavigation= weight
[INFO ] fr.inria.astor.core.setup.ConfigurationProperties.print(ConfigurationProperties.java:69) - p:stopfirst= true
[INFO ] fr.inria.astor.core.setup.ConfigurationProperties.print(ConfigurationProperties.java:69) - p:multipointmodification= false
[INFO ] fr.inria.astor.core.setup.ConfigurationProperties.print(ConfigurationProperties.java:69) - p:elementsToMutate= 10
[INFO ] fr.inria.astor.core.setup.ConfigurationProperties.print(ConfigurationProperties.java:69) - p:jsonoutputname= astor_output
[INFO ] fr.inria.astor.core.setup.ConfigurationProperties.print(ConfigurationProperties.java:69) - p:evoDSE= false
[INFO ] fr.inria.astor.core.setup.ConfigurationProperties.print(ConfigurationProperties.java:69) - p:bintestfolder= build/test/
[INFO ] fr.inria.astor.core.setup.ConfigurationProperties.print(ConfigurationProperties.java:69) - p:testbystep= false
[INFO ] fr.inria.astor.core.setup.ConfigurationProperties.print(ConfigurationProperties.java:69) - p:version-location= ./math-version/
[INFO ] fr.inria.astor.core.setup.ConfigurationProperties.print(ConfigurationProperties.java:69) - p:reintroduce= PARENTS:ORIGINAL
[INFO ] fr.inria.astor.core.setup.ConfigurationProperties.print(ConfigurationProperties.java:69) - p:executorjar= ./lib/jtestex7.jar
[INFO ] fr.inria.astor.core.setup.ConfigurationProperties.print(ConfigurationProperties.java:69) - p:maxGeneration= 1000000
[INFO ] fr.inria.astor.core.setup.ConfigurationProperties.print(ConfigurationProperties.java:69) - p:max_synthesis_step= 10000
[INFO ] fr.inria.astor.core.setup.ConfigurationProperties.print(ConfigurationProperties.java:69) - p:projectinfocommand= com.github.tdurieux:project-config-maven-plugin:info
[INFO ] fr.inria.astor.core.setup.ConfigurationProperties.print(ConfigurationProperties.java:69) - p:maxVarCombination= 1000
[INFO ] fr.inria.astor.core.setup.ConfigurationProperties.print(ConfigurationProperties.java:69) - p:maxtime= 120
[INFO ] fr.inria.astor.core.setup.ConfigurationProperties.print(ConfigurationProperties.java:69) - p:evosuitejar= ./lib/evosuite-master-1.0.4-SNAPSHOT.jar
[INFO ] fr.inria.astor.core.setup.ConfigurationProperties.print(ConfigurationProperties.java:69) - p:jvmversion= 1.7.0_181
[INFO ] fr.inria.astor.core.setup.ConfigurationProperties.print(ConfigurationProperties.java:69) - p:commandTrunk= 50000
[INFO ] fr.inria.astor.core.setup.ConfigurationProperties.print(ConfigurationProperties.java:69) - p:faultlocalization= gzoltar
[INFO ] fr.inria.astor.core.setup.ConfigurationProperties.print(ConfigurationProperties.java:69) - p:resetmodel= true
[INFO ] fr.inria.astor.core.setup.ConfigurationProperties.print(ConfigurationProperties.java:69) - p:maxsuspcandidates= 1000
[INFO ] fr.inria.astor.core.setup.ConfigurationProperties.print(ConfigurationProperties.java:69) - p:mode= leven
[INFO ] fr.inria.astor.core.setup.ConfigurationProperties.print(ConfigurationProperties.java:69) - p:learningdir= 
[INFO ] fr.inria.astor.core.setup.ConfigurationProperties.print(ConfigurationProperties.java:69) - p:jvm4evosuitetestexecution= /usr/lib/jvm/java-1.7.0-openjdk-amd64/bin/
[INFO ] fr.inria.astor.core.setup.ConfigurationProperties.print(ConfigurationProperties.java:69) - p:filterfaultlocalization= true
[INFO ] fr.inria.astor.core.setup.ConfigurationProperties.print(ConfigurationProperties.java:69) - p:mutationrate= 1 
[INFO ] fr.inria.astor.core.setup.ConfigurationProperties.print(ConfigurationProperties.java:69) - p:pathToMVNRepository= 
[INFO ] fr.inria.astor.core.setup.ConfigurationProperties.print(ConfigurationProperties.java:69) - p:resourcesfolder= /src/main/resources:/src/test/resources:
[INFO ] fr.inria.astor.core.setup.ConfigurationProperties.print(ConfigurationProperties.java:69) - p:timezone= America/Los_Angeles
[INFO ] fr.inria.astor.core.setup.ConfigurationProperties.print(ConfigurationProperties.java:69) - p:runjava7code= false
[INFO ] fr.inria.astor.core.setup.ConfigurationProperties.print(ConfigurationProperties.java:69) - p:evoRunOnBuggyClass= true
[INFO ] fr.inria.astor.core.setup.ConfigurationProperties.print(ConfigurationProperties.java:69) - p:compiler= fr.inria.astor.core.manipulation.bytecode.compiler.SpoonClassCompiler
[INFO ] fr.inria.astor.core.setup.ConfigurationProperties.print(ConfigurationProperties.java:69) - p:limitbysuspicious= true
[INFO ] fr.inria.astor.core.setup.ConfigurationProperties.print(ConfigurationProperties.java:69) - p:logsattemps= true
[INFO ] fr.inria.astor.core.setup.ConfigurationProperties.print(ConfigurationProperties.java:69) - p:dependenciespath= /script/jGenProg_Defects4J_Closure_3/build/classes:/script/jGenProg_Defects4J_Closure_3/build/test:/script/jGenProg_Defects4J_Closure_3/build/lib/rhino.jar:/script/jGenProg_Defects4J_Closure_3/lib/ant-launcher.jar:/script/jGenProg_Defects4J_Closure_3/lib/ant.jar:/script/jGenProg_Defects4J_Closure_3/lib/caja-r4314.jar:/script/jGenProg_Defects4J_Closure_3/lib/jarjar.jar:/script/jGenProg_Defects4J_Closure_3/lib/json.jar:/script/jGenProg_Defects4J_Closure_3/lib/jsr305.jar:/script/jGenProg_Defects4J_Closure_3/lib/junit.jar:/script/jGenProg_Defects4J_Closure_3/lib/protobuf-java.jar:/script/jGenProg_Defects4J_Closure_3/lib/args4j.jar:/script/jGenProg_Defects4J_Closure_3/lib/guava.jar:/script/jGenProg_Defects4J_Closure_3/lib/rhino/testsrc/org/mozilla/javascript/tests/commonjs/module/modules.jar
[INFO ] fr.inria.astor.core.setup.ConfigurationProperties.print(ConfigurationProperties.java:69) - p:logpatternlayout= [%-5p] %l - %m%n
[INFO ] fr.inria.astor.core.setup.ConfigurationProperties.print(ConfigurationProperties.java:69) - p:packageToInstrument= 
[INFO ] fr.inria.astor.core.setup.ConfigurationProperties.print(ConfigurationProperties.java:69) - p:skipfaultlocalization= false
[INFO ] fr.inria.astor.core.setup.ConfigurationProperties.print(ConfigurationProperties.java:69) - p:scope= global
[INFO ] fr.inria.astor.core.setup.ConfigurationProperties.print(ConfigurationProperties.java:69) - p:transformingredient= false
[INFO ] fr.inria.astor.core.setup.ConfigurationProperties.print(ConfigurationProperties.java:69) - p:fitnessfunction= fr.inria.astor.core.solutionsearch.population.TestCaseFitnessFunction
[INFO ] fr.inria.astor.core.setup.ConfigurationProperties.print(ConfigurationProperties.java:69) - p:maxnumvariablesperingredient= 10
[INFO ] fr.inria.astor.core.setup.ConfigurationProperties.print(ConfigurationProperties.java:69) - p:parsesourcefromoriginal= true
[INFO ] fr.inria.astor.core.setup.ConfigurationProperties.print(ConfigurationProperties.java:69) - p:pvariantfoldername= variant-
[INFO ] fr.inria.astor.core.setup.ConfigurationProperties.print(ConfigurationProperties.java:69) - p:savespoonmodelondisk= false
[INFO ] fr.inria.astor.core.setup.ConfigurationProperties.print(ConfigurationProperties.java:69) - p:srcjavafolder= src/
[INFO ] fr.inria.astor.core.setup.ConfigurationProperties.print(ConfigurationProperties.java:69) - p:populationcontroller= fr.inria.astor.core.solutionsearch.population.TestCaseBasedFitnessPopulationController
[INFO ] fr.inria.astor.core.setup.ConfigurationProperties.print(ConfigurationProperties.java:69) - p:ignoreflakyinfl= false
[INFO ] fr.inria.astor.core.setup.ConfigurationProperties.print(ConfigurationProperties.java:69) - p:cleantemplates= true
[INFO ] fr.inria.astor.core.setup.ConfigurationProperties.print(ConfigurationProperties.java:69) - p:applyCrossover= false
[INFO ] fr.inria.astor.core.setup.ConfigurationProperties.print(ConfigurationProperties.java:69) - p:maxmodificationpoints= 1000
[INFO ] fr.inria.astor.core.setup.ConfigurationProperties.print(ConfigurationProperties.java:69) - p:duplicateingredientsinspace= false
[INFO ] fr.inria.astor.core.setup.ConfigurationProperties.print(ConfigurationProperties.java:69) - p:metid= 0
[INFO ] fr.inria.astor.core.setup.ConfigurationProperties.print(ConfigurationProperties.java:69) - p:continuewhenmodelfail= true
[INFO ] fr.inria.astor.core.setup.ConfigurationProperties.print(ConfigurationProperties.java:69) - p:saveall= false
[INFO ] fr.inria.astor.core.setup.ConfigurationProperties.print(ConfigurationProperties.java:69) - p:seed= 0
[INFO ] fr.inria.astor.core.setup.ConfigurationProperties.print(ConfigurationProperties.java:69) - p:savecompletepatched= true
[INFO ] fr.inria.astor.core.setup.ConfigurationProperties.print(ConfigurationProperties.java:69) - p:resetoperations= false
[INFO ] fr.inria.astor.core.setup.ConfigurationProperties.print(ConfigurationProperties.java:69) - p:processoutputinfile= false
[INFO ] fr.inria.astor.core.setup.ConfigurationProperties.print(ConfigurationProperties.java:69) - p:location= .
[INFO ] fr.inria.astor.core.setup.ConfigurationProperties.print(ConfigurationProperties.java:69) - p:probabilistictransformation= true
[INFO ] fr.inria.astor.core.setup.ConfigurationProperties.print(ConfigurationProperties.java:69) - p:overridemaxtime= true
[INFO ] fr.inria.astor.core.setup.ConfigurationProperties.print(ConfigurationProperties.java:69) - p:outputjsonresult= false
[INFO ] fr.inria.astor.core.setup.ConfigurationProperties.print(ConfigurationProperties.java:69) - p:allpoints= false
[INFO ] fr.inria.astor.core.setup.ConfigurationProperties.print(ConfigurationProperties.java:69) - p:bugId= 280
[INFO ] fr.inria.astor.core.setup.ConfigurationProperties.print(ConfigurationProperties.java:69) - p:evosuitetimeout= 120
[INFO ] fr.inria.astor.core.setup.ConfigurationProperties.print(ConfigurationProperties.java:69) - p:maxtimefactor= 10
[INFO ] fr.inria.astor.core.setup.ConfigurationProperties.print(ConfigurationProperties.java:69) - p:nrPlaceholders= 1
[INFO ] fr.inria.astor.core.setup.ConfigurationProperties.print(ConfigurationProperties.java:69) - p:forcesubprocesskilling= true
[INFO ] fr.inria.astor.core.setup.ConfigurationProperties.print(ConfigurationProperties.java:71) - ----------------------------
[INFO ] fr.inria.astor.core.solutionsearch.EvolutionarySearchEngine.startEvolution(EvolutionarySearchEngine.java:40) - 
----Starting Solution Search
[ERROR] fr.inria.astor.core.solutionsearch.EvolutionarySearchEngine.startEvolution(EvolutionarySearchEngine.java:84) - Error at generation 2
spoon.SpoonException: Cannot compute access path to type: com.google.javascript.jscomp.ControlFlowAnalysis$AstControlFlowGraph$1 in context of type: 1
spoon.SpoonException: Cannot compute access path to type: com.google.javascript.jscomp.ControlFlowAnalysis$AstControlFlowGraph$1 in context of type: 1
	at spoon.support.reflect.reference.CtTypeReferenceImpl.getAccessType(CtTypeReferenceImpl.java:720)
	at spoon.reflect.visitor.ImportScannerImpl.visitCtTypeReference(ImportScannerImpl.java:116)
	at spoon.support.reflect.reference.CtTypeReferenceImpl.accept(CtTypeReferenceImpl.java:73)
	at spoon.reflect.visitor.ImportScannerImpl.scan(ImportScannerImpl.java:138)
	at spoon.reflect.visitor.CtScanner.scan(CtScanner.java:165)
	at spoon.reflect.visitor.CtScanner.visitCtThisAccess(CtScanner.java:428)
	at spoon.support.reflect.code.CtThisAccessImpl.accept(CtThisAccessImpl.java:18)
	at spoon.reflect.visitor.ImportScannerImpl.scan(ImportScannerImpl.java:138)
	at spoon.reflect.visitor.ImportScannerImpl.visitCtInvocation(ImportScannerImpl.java:264)
	at spoon.support.reflect.code.CtInvocationImpl.accept(CtInvocationImpl.java:44)
	at spoon.reflect.visitor.ImportScannerImpl.scan(ImportScannerImpl.java:138)
	at spoon.reflect.visitor.CtScanner.scan(CtScanner.java:165)
	at spoon.reflect.visitor.CtScanner.visitCtBinaryOperator(CtScanner.java:285)
	at spoon.support.reflect.code.CtBinaryOperatorImpl.accept(CtBinaryOperatorImpl.java:32)
	at spoon.reflect.visitor.ImportScannerImpl.scan(ImportScannerImpl.java:138)
	at spoon.reflect.visitor.CtScanner.scan(CtScanner.java:165)
	at spoon.reflect.visitor.CtScanner.visitCtReturn(CtScanner.java:670)
	at spoon.support.reflect.code.CtReturnImpl.accept(CtReturnImpl.java:25)
	at spoon.reflect.visitor.ImportScannerImpl.scan(ImportScannerImpl.java:138)
	at spoon.reflect.visitor.CtScanner.scan(CtScanner.java:165)
	at spoon.reflect.visitor.CtScanner.scan(CtScanner.java:139)
	at spoon.reflect.visitor.CtScanner.visitCtBlock(CtScanner.java:294)
	at spoon.support.reflect.code.CtBlockImpl.accept(CtBlockImpl.java:55)
	at spoon.reflect.visitor.ImportScannerImpl.scan(ImportScannerImpl.java:138)
	at spoon.reflect.visitor.CtScanner.scan(CtScanner.java:165)
	at spoon.reflect.visitor.CtScanner.visitCtMethod(CtScanner.java:551)
	at spoon.support.reflect.declaration.CtMethodImpl.accept(CtMethodImpl.java:56)
	at spoon.reflect.visitor.ImportScannerImpl.scan(ImportScannerImpl.java:138)
	at spoon.reflect.visitor.CtScanner.scan(CtScanner.java:165)
	at spoon.reflect.visitor.CtScanner.scan(CtScanner.java:139)
	at spoon.reflect.visitor.CtScanner.visitCtClass(CtScanner.java:330)
	at spoon.reflect.visitor.ImportScannerImpl.visitCtClass(ImportScannerImpl.java:248)
	at spoon.support.reflect.declaration.CtClassImpl.accept(CtClassImpl.java:56)
	at spoon.reflect.visitor.ImportScannerImpl.scan(ImportScannerImpl.java:138)
	at spoon.reflect.visitor.CtScanner.scan(CtScanner.java:165)
	at spoon.reflect.visitor.CtScanner.visitCtNewClass(CtScanner.java:596)
	at spoon.support.reflect.code.CtNewClassImpl.accept(CtNewClassImpl.java:23)
	at spoon.reflect.visitor.ImportScannerImpl.scan(ImportScannerImpl.java:138)
	at spoon.reflect.visitor.CtScanner.scan(CtScanner.java:165)
	at spoon.reflect.visitor.CtScanner.visitCtReturn(CtScanner.java:670)
	at spoon.support.reflect.code.CtReturnImpl.accept(CtReturnImpl.java:25)
	at spoon.reflect.visitor.ImportScannerImpl.scan(ImportScannerImpl.java:138)
	at spoon.reflect.visitor.ImportScannerImpl.computeImports(ImportScannerImpl.java:305)
	at spoon.support.reflect.declaration.CtElementImpl.toString(CtElementImpl.java:287)
	at fr.inria.astor.approaches.levenshtein.LevenSearchStrategy.getNormalizedElement(LevenSearchStrategy.java:125)
	at fr.inria.astor.approaches.levenshtein.LevenSearchStrategy.getFixIngredient(LevenSearchStrategy.java:57)
	at fr.inria.astor.core.ingredientbased.IngredientBasedEvolutionaryRepairApproachImpl.createOperatorInstanceForPoint(IngredientBasedEvolutionaryRepairApproachImpl.java:95)
	at fr.inria.astor.core.solutionsearch.EvolutionarySearchEngine.modifyProgramVariant(EvolutionarySearchEngine.java:264)
	at fr.inria.astor.core.solutionsearch.EvolutionarySearchEngine.createNewProgramVariant(EvolutionarySearchEngine.java:198)
	at fr.inria.astor.core.solutionsearch.EvolutionarySearchEngine.processGenerations(EvolutionarySearchEngine.java:146)
	at fr.inria.astor.core.solutionsearch.EvolutionarySearchEngine.startEvolution(EvolutionarySearchEngine.java:68)
	at fr.inria.main.evolution.AstorMain.run(AstorMain.java:203)
	at fr.inria.main.evolution.AstorMain.execute(AstorMain.java:247)
	at fr.inria.main.evolution.AstorMain.main(AstorMain.java:218)
[INFO ] fr.inria.astor.core.solutionsearch.AstorCoreEngine.atEnd(AstorCoreEngine.java:170) - Time Repair Loop (s): 27.661
[INFO ] fr.inria.astor.core.solutionsearch.AstorCoreEngine.atEnd(AstorCoreEngine.java:172) - generationsexecuted: 2
[INFO ] fr.inria.astor.core.solutionsearch.AstorCoreEngine.printFinalStatus(AstorCoreEngine.java:247) - 
----SUMMARY_EXECUTION---
[INFO ] fr.inria.astor.core.solutionsearch.AstorCoreEngine.printFinalStatus(AstorCoreEngine.java:257) - End Repair Search: NOT Found solution
[INFO ] fr.inria.main.evolution.AstorMain.run(AstorMain.java:208) - Time Total(s): 12859.345


Node: 50c94adb4ce1



Date: Tue Dec 24 04:33:18 EST 2019

cd /script/jGenProg_Defects4J_Closure_3;
export JAVA_TOOL_OPTIONS="-Dfile.encoding=UTF8 -Duser.language=en-US -Duser.country=US -Duser.language=en";
TZ="America/New_York"; export TZ;
export PATH="/usr/lib/jvm/java-1.8.0-openjdk-amd64/bin/:$PATH";
export JAVA_HOME="/usr/lib/jvm/java-1.8.0-openjdk-amd64/bin/";
java -Xmx4048m -cp /script/libs/jtestex7.jar:/astor/target/astor-0.0.2-SNAPSHOT-jar-with-dependencies.jar fr.inria.main.evolution.AstorMain \
	-mode jgenprog \
	-location . \
	-id Closure-3 \
	-failing com.google.javascript.jscomp.FlowSensitiveInlineVariablesTest \
	-jvm4testexecution /usr/lib/jvm/java-1.7.0-openjdk-amd64/bin/ \
	-jvm4evosuitetestexecution /usr/lib/jvm/java-1.7.0-openjdk-amd64/bin/ \
	-maxgen 1000000 \
	-maxtime 120 \
	-stopfirst true \
	-seed 0 \
	-scope global \
	-population 1 \
	-javacompliancelevel 6 \
	-srcjavafolder src/ \
	-srctestfolder test \
	-binjavafolder build/classes/ \
	-bintestfolder build/test/ \
	-parameters mode:leven \
	-dependencies /script/jGenProg_Defects4J_Closure_3/build/classes:/script/jGenProg_Defects4J_Closure_3/build/test:/script/jGenProg_Defects4J_Closure_3/build/lib/rhino.jar:/script/jGenProg_Defects4J_Closure_3/lib/ant-launcher.jar:/script/jGenProg_Defects4J_Closure_3/lib/ant.jar:/script/jGenProg_Defects4J_Closure_3/lib/caja-r4314.jar:/script/jGenProg_Defects4J_Closure_3/lib/jarjar.jar:/script/jGenProg_Defects4J_Closure_3/lib/json.jar:/script/jGenProg_Defects4J_Closure_3/lib/jsr305.jar:/script/jGenProg_Defects4J_Closure_3/lib/junit.jar:/script/jGenProg_Defects4J_Closure_3/lib/protobuf-java.jar:/script/jGenProg_Defects4J_Closure_3/lib/args4j.jar:/script/jGenProg_Defects4J_Closure_3/lib/guava.jar:/script/jGenProg_Defects4J_Closure_3/lib/rhino/testsrc/org/mozilla/javascript/tests/commonjs/module/modules.jar;
	echo "\n\nNode: `hostname`\n";
	echo "\n\nDate: `date`\n";

