Determine revision date.................................................... OK
Picked up JAVA_TOOL_OPTIONS: -Dfile.encoding=UTF8 -Duser.language=en-US -Duser.country=US -Duser.language=en
log4j:ERROR setFile(null,true) call failed.
java.io.FileNotFoundException:  (No such file or directory)
	at java.io.FileOutputStream.open0(Native Method)
	at java.io.FileOutputStream.open(FileOutputStream.java:270)
	at java.io.FileOutputStream.<init>(FileOutputStream.java:213)
	at java.io.FileOutputStream.<init>(FileOutputStream.java:133)
	at org.apache.log4j.FileAppender.setFile(FileAppender.java:294)
	at org.apache.log4j.RollingFileAppender.setFile(RollingFileAppender.java:207)
	at org.apache.log4j.FileAppender.activateOptions(FileAppender.java:165)
	at org.apache.log4j.config.PropertySetter.activate(PropertySetter.java:307)
	at org.apache.log4j.config.PropertySetter.setProperties(PropertySetter.java:172)
	at org.apache.log4j.config.PropertySetter.setProperties(PropertySetter.java:104)
	at org.apache.log4j.PropertyConfigurator.parseAppender(PropertyConfigurator.java:842)
	at org.apache.log4j.PropertyConfigurator.parseCategory(PropertyConfigurator.java:768)
	at org.apache.log4j.PropertyConfigurator.parseCatsAndRenderers(PropertyConfigurator.java:672)
	at org.apache.log4j.PropertyConfigurator.doConfigure(PropertyConfigurator.java:516)
	at org.apache.log4j.PropertyConfigurator.doConfigure(PropertyConfigurator.java:580)
	at org.apache.log4j.helpers.OptionConverter.selectAndConfigure(OptionConverter.java:526)
	at org.apache.log4j.LogManager.<clinit>(LogManager.java:127)
	at org.apache.log4j.Logger.getLogger(Logger.java:117)
	at fr.inria.astor.core.setup.ConfigurationProperties.<clinit>(ConfigurationProperties.java:16)
	at fr.inria.main.AbstractMain.<clinit>(AbstractMain.java:100)
2019-12-17 03:33:14,981 INFO fr.inria.astor.core.setup.ProjectConfiguration - Version of the JVM used: 1.7.0_181
2019-12-17 03:33:14,983 INFO main - Java version of the JDK used to run tests: 1.7.0_181
2019-12-17 03:33:14,983 INFO main - The compliance of the JVM is:  7
2019-12-17 03:33:14,986 INFO main - command line arguments: [-mode  jgenprog  -location  .  -id  Math-87  -failing  org.apache.commons.math.optimization.linear.SimplexSolverTest  -jvm4testexecution  /usr/lib/jvm/java-1.7.0-openjdk-amd64/bin/  -jvm4evosuitetestexecution  /usr/lib/jvm/java-1.7.0-openjdk-amd64/bin/  -maxgen  1000000  -maxtime  120  -stopfirst  true  -seed  0  -scope  local  -population  1  -javacompliancelevel  5  -srcjavafolder  src/java/  -srctestfolder  src/test/  -binjavafolder  target/classes/  -bintestfolder  target/test-classes/  -parameters  mode:leven  -dependencies  /script/jGenProg_Defects4J_Math_87/target/classes/:/script/jGenProg_Defects4J_Math_87/target/test-classes/:/defects4j/framework/projects/lib/junit-4.11.jar]
2019-12-17 03:33:14,988 INFO fr.inria.main.evolution.AstorMain - Running Astor on a JDK at /usr/lib/jvm/java-8-openjdk-amd64/jre
[INFO ] fr.inria.main.AbstractMain.determineSourceFolders(AbstractMain.java:975) - Source folders: [/script/jGenProg_Defects4J_Math_87/./src/java]
[INFO ] fr.inria.main.AbstractMain.determineSourceFolders(AbstractMain.java:994) - Source Test folders: [/script/jGenProg_Defects4J_Math_87/./src/test]
[INFO ] fr.inria.main.evolution.AstorMain.createEngine(AstorMain.java:104) - mode is Leven
[INFO ] fr.inria.astor.core.solutionsearch.AstorCoreEngine.resolveTestsToRun(AstorCoreEngine.java:1311) - Test retrieved from classes: 388
[INFO ] fr.inria.astor.core.faultlocalization.gzoltar.GZoltarFaultLocalization.calculateSuspicious(GZoltarFaultLocalization.java:74) - -Executing Gzoltar classpath: /script/jGenProg_Defects4J_Math_87/./output_astor/AstorMain-Math-87//bin//default from 388 classes with test cases
[INFO ] fr.inria.astor.core.faultlocalization.gzoltar.GZoltarFaultLocalization.searchSuspicious(GZoltarFaultLocalization.java:154) - Gzoltar fault localization: min susp value parameter: 0.1
[INFO ] fr.inria.astor.core.faultlocalization.gzoltar.GZoltarFaultLocalization.searchSuspicious(GZoltarFaultLocalization.java:174) - -gz-Adding classpath: [/script/jGenProg_Defects4J_Math_87/./output_astor/AstorMain-Math-87//bin//default, /script/jGenProg_Defects4J_Math_87/target/classes/, /script/jGenProg_Defects4J_Math_87/target/test-classes/, /defects4j/framework/projects/lib/junit-4.11.jar]
[INFO ] fr.inria.astor.core.faultlocalization.gzoltar.GZoltarFaultLocalization.searchSuspicious(GZoltarFaultLocalization.java:214) - Test failt: org.apache.commons.math.optimization.linear.SimplexSolverTest#testSingleVariableAndConstraint
[INFO ] fr.inria.astor.core.faultlocalization.gzoltar.GZoltarFaultLocalization.searchSuspicious(GZoltarFaultLocalization.java:226) - Gzoltar Test Result Total:1893, fails: 1, GZoltar suspicious 15011, with positive susp 178
[INFO ] fr.inria.astor.core.faultlocalization.gzoltar.GZoltarFaultLocalization.searchSuspicious(GZoltarFaultLocalization.java:234) - nr test results 1893
[INFO ] fr.inria.astor.core.faultlocalization.gzoltar.GZoltarFaultLocalization.searchSuspicious(GZoltarFaultLocalization.java:289) - Gzoltar found: 178 with susp > 0.1, we consider: 178
[INFO ] fr.inria.astor.core.solutionsearch.AstorCoreEngine.calculateSuspicious(AstorCoreEngine.java:898) - Setting up the max to 357620 milliseconds (357 sec)
[INFO ] fr.inria.astor.core.solutionsearch.AstorCoreEngine.initPopulation(AstorCoreEngine.java:709) - 
---- Creating spoon model
[INFO ] fr.inria.astor.core.manipulation.MutationSupporter.buildSpoonModel(MutationSupporter.java:240) - Creating model,  Code location from working folder: /script/jGenProg_Defects4J_Math_87/./src/java
[INFO ] fr.inria.astor.core.manipulation.MutationSupporter.buildModel(MutationSupporter.java:68) - building model: /script/jGenProg_Defects4J_Math_87/./src/java, compliance level: 5
[INFO ] fr.inria.astor.core.manipulation.MutationSupporter.buildModel(MutationSupporter.java:82) - Classpath (Dependencies) for building SpoonModel: [/script/jGenProg_Defects4J_Math_87/target/classes/, /script/jGenProg_Defects4J_Math_87/target/test-classes/, /defects4j/framework/projects/lib/junit-4.11.jar]
[INFO ] fr.inria.astor.core.solutionsearch.AstorCoreEngine.initModel(AstorCoreEngine.java:779) - Number of CtTypes created: 362
[INFO ] fr.inria.astor.core.solutionsearch.AstorCoreEngine.initPopulation(AstorCoreEngine.java:713) - 
---- Initial suspicious size: 178
[INFO ] fr.inria.astor.core.solutionsearch.population.ProgramVariantFactory.createProgramInstance(ProgramVariantFactory.java:134) - Total suspicious from FL: 178,  163
[INFO ] fr.inria.astor.core.solutionsearch.population.ProgramVariantFactory.createProgramInstance(ProgramVariantFactory.java:143) - Total ModPoint created: 163
[INFO ] fr.inria.astor.core.solutionsearch.population.ProgramVariantFactory.createInitialPopulation(ProgramVariantFactory.java:82) - Creating program variant #1, [Variant id: 1, #gens: 163, #ops: 0, parent:-]
[INFO ] fr.inria.astor.core.solutionsearch.AstorCoreEngine.setFitnessOfPopulation(AstorCoreEngine.java:754) - The original fitness is : 1.0
[INFO ] fr.inria.astor.core.setup.ConfigurationProperties.print(ConfigurationProperties.java:66) - ----------------------------
[INFO ] fr.inria.astor.core.setup.ConfigurationProperties.print(ConfigurationProperties.java:67) - ---Configuration properties:---Execution values
[INFO ] fr.inria.astor.core.setup.ConfigurationProperties.print(ConfigurationProperties.java:69) - p:lastJUnitVersion= ./examples/libs/junit-4.11.jar
[INFO ] fr.inria.astor.core.setup.ConfigurationProperties.print(ConfigurationProperties.java:69) - p:alternativecompliancelevel= 8
[INFO ] fr.inria.astor.core.setup.ConfigurationProperties.print(ConfigurationProperties.java:69) - p:ignoredTestCases= 
[INFO ] fr.inria.astor.core.setup.ConfigurationProperties.print(ConfigurationProperties.java:69) - p:workingDirectory= /script/jGenProg_Defects4J_Math_87/./output_astor
[INFO ] fr.inria.astor.core.setup.ConfigurationProperties.print(ConfigurationProperties.java:69) - p:manipulatesuper= false
[INFO ] fr.inria.astor.core.setup.ConfigurationProperties.print(ConfigurationProperties.java:69) - p:validation= process
[INFO ] fr.inria.astor.core.setup.ConfigurationProperties.print(ConfigurationProperties.java:69) - p:jvm4testexecution= /usr/lib/jvm/java-1.7.0-openjdk-amd64/bin/
[INFO ] fr.inria.astor.core.setup.ConfigurationProperties.print(ConfigurationProperties.java:69) - p:operatorspace= irr-statements
[INFO ] fr.inria.astor.core.setup.ConfigurationProperties.print(ConfigurationProperties.java:69) - p:disablelog= false
[INFO ] fr.inria.astor.core.setup.ConfigurationProperties.print(ConfigurationProperties.java:69) - p:binjavafolder= target/classes/
[INFO ] fr.inria.astor.core.setup.ConfigurationProperties.print(ConfigurationProperties.java:69) - p:synthesis_depth= 3
[INFO ] fr.inria.astor.core.setup.ConfigurationProperties.print(ConfigurationProperties.java:69) - p:gzoltartestpackagetoexclude= junit.framework
[INFO ] fr.inria.astor.core.setup.ConfigurationProperties.print(ConfigurationProperties.java:69) - p:skipfitnessinitialpopulation= false
[INFO ] fr.inria.astor.core.setup.ConfigurationProperties.print(ConfigurationProperties.java:69) - p:evosuiteresultfolder= evosuite
[INFO ] fr.inria.astor.core.setup.ConfigurationProperties.print(ConfigurationProperties.java:69) - p:flthreshold= 0.1
[INFO ] fr.inria.astor.core.setup.ConfigurationProperties.print(ConfigurationProperties.java:69) - p:regressionforfaultlocalization= true
[INFO ] fr.inria.astor.core.setup.ConfigurationProperties.print(ConfigurationProperties.java:69) - p:collectonlyusedmethod= false
[INFO ] fr.inria.astor.core.setup.ConfigurationProperties.print(ConfigurationProperties.java:69) - p:preservelinenumbers= true
[INFO ] fr.inria.astor.core.setup.ConfigurationProperties.print(ConfigurationProperties.java:69) - p:tmax2= 357620
[INFO ] fr.inria.astor.core.setup.ConfigurationProperties.print(ConfigurationProperties.java:69) - p:tmax1= 10000
[INFO ] fr.inria.astor.core.setup.ConfigurationProperties.print(ConfigurationProperties.java:69) - p:probagenmutation= false
[INFO ] fr.inria.astor.core.setup.ConfigurationProperties.print(ConfigurationProperties.java:69) - p:nomodificationconvergence= 100
[INFO ] fr.inria.astor.core.setup.ConfigurationProperties.print(ConfigurationProperties.java:69) - p:diff_type= relative
[INFO ] fr.inria.astor.core.setup.ConfigurationProperties.print(ConfigurationProperties.java:69) - p:targetelementprocessor= statements
[INFO ] fr.inria.astor.core.setup.ConfigurationProperties.print(ConfigurationProperties.java:69) - p:srctestfolder= src/test/
[INFO ] fr.inria.astor.core.setup.ConfigurationProperties.print(ConfigurationProperties.java:69) - p:forceExecuteRegression= false
[INFO ] fr.inria.astor.core.setup.ConfigurationProperties.print(ConfigurationProperties.java:69) - p:clusteringfilename= clustering.csv
[INFO ] fr.inria.astor.core.setup.ConfigurationProperties.print(ConfigurationProperties.java:69) - p:failing= org.apache.commons.math.optimization.linear.SimplexSolverTest
[INFO ] fr.inria.astor.core.setup.ConfigurationProperties.print(ConfigurationProperties.java:69) - p:logtestexecution= false
[INFO ] fr.inria.astor.core.setup.ConfigurationProperties.print(ConfigurationProperties.java:69) - p:evo_buggy_class= true
[INFO ] fr.inria.astor.core.setup.ConfigurationProperties.print(ConfigurationProperties.java:69) - p:numberExecutions= 1
[INFO ] fr.inria.astor.core.setup.ConfigurationProperties.print(ConfigurationProperties.java:69) - p:maxnumbersolutions= 1000000
[INFO ] fr.inria.astor.core.setup.ConfigurationProperties.print(ConfigurationProperties.java:69) - p:evo_affected_by_op= true
[INFO ] fr.inria.astor.core.setup.ConfigurationProperties.print(ConfigurationProperties.java:69) - p:population= 1
[INFO ] fr.inria.astor.core.setup.ConfigurationProperties.print(ConfigurationProperties.java:69) - p:considerzerovaluesusp= false
[INFO ] fr.inria.astor.core.setup.ConfigurationProperties.print(ConfigurationProperties.java:69) - p:maxCombinationVariableLimit= false
[INFO ] fr.inria.astor.core.setup.ConfigurationProperties.print(ConfigurationProperties.java:69) - p:loglevel= INFO
[INFO ] fr.inria.astor.core.setup.ConfigurationProperties.print(ConfigurationProperties.java:69) - p:savesolution= true
[INFO ] fr.inria.astor.core.setup.ConfigurationProperties.print(ConfigurationProperties.java:69) - p:javacompliancelevel= 5
[INFO ] fr.inria.astor.core.setup.ConfigurationProperties.print(ConfigurationProperties.java:69) - p:uniqueoptogen= false
[INFO ] fr.inria.astor.core.setup.ConfigurationProperties.print(ConfigurationProperties.java:69) - p:gzoltarpackagetonotinstrument= junit.framework
[INFO ] fr.inria.astor.core.setup.ConfigurationProperties.print(ConfigurationProperties.java:69) - p:projectIdentifier= Math-87
[INFO ] fr.inria.astor.core.setup.ConfigurationProperties.print(ConfigurationProperties.java:69) - p:modificationpointnavigation= weight
[INFO ] fr.inria.astor.core.setup.ConfigurationProperties.print(ConfigurationProperties.java:69) - p:stopfirst= true
[INFO ] fr.inria.astor.core.setup.ConfigurationProperties.print(ConfigurationProperties.java:69) - p:multipointmodification= false
[INFO ] fr.inria.astor.core.setup.ConfigurationProperties.print(ConfigurationProperties.java:69) - p:elementsToMutate= 10
[INFO ] fr.inria.astor.core.setup.ConfigurationProperties.print(ConfigurationProperties.java:69) - p:jsonoutputname= astor_output
[INFO ] fr.inria.astor.core.setup.ConfigurationProperties.print(ConfigurationProperties.java:69) - p:evoDSE= false
[INFO ] fr.inria.astor.core.setup.ConfigurationProperties.print(ConfigurationProperties.java:69) - p:bintestfolder= target/test-classes/
[INFO ] fr.inria.astor.core.setup.ConfigurationProperties.print(ConfigurationProperties.java:69) - p:testbystep= false
[INFO ] fr.inria.astor.core.setup.ConfigurationProperties.print(ConfigurationProperties.java:69) - p:version-location= ./math-version/
[INFO ] fr.inria.astor.core.setup.ConfigurationProperties.print(ConfigurationProperties.java:69) - p:reintroduce= PARENTS:ORIGINAL
[INFO ] fr.inria.astor.core.setup.ConfigurationProperties.print(ConfigurationProperties.java:69) - p:executorjar= ./lib/jtestex7.jar
[INFO ] fr.inria.astor.core.setup.ConfigurationProperties.print(ConfigurationProperties.java:69) - p:maxGeneration= 1000000
[INFO ] fr.inria.astor.core.setup.ConfigurationProperties.print(ConfigurationProperties.java:69) - p:max_synthesis_step= 10000
[INFO ] fr.inria.astor.core.setup.ConfigurationProperties.print(ConfigurationProperties.java:69) - p:projectinfocommand= com.github.tdurieux:project-config-maven-plugin:info
[INFO ] fr.inria.astor.core.setup.ConfigurationProperties.print(ConfigurationProperties.java:69) - p:maxVarCombination= 1000
[INFO ] fr.inria.astor.core.setup.ConfigurationProperties.print(ConfigurationProperties.java:69) - p:maxtime= 120
[INFO ] fr.inria.astor.core.setup.ConfigurationProperties.print(ConfigurationProperties.java:69) - p:evosuitejar= ./lib/evosuite-master-1.0.4-SNAPSHOT.jar
[INFO ] fr.inria.astor.core.setup.ConfigurationProperties.print(ConfigurationProperties.java:69) - p:jvmversion= 1.7.0_181
[INFO ] fr.inria.astor.core.setup.ConfigurationProperties.print(ConfigurationProperties.java:69) - p:commandTrunk= 50000
[INFO ] fr.inria.astor.core.setup.ConfigurationProperties.print(ConfigurationProperties.java:69) - p:faultlocalization= gzoltar
[INFO ] fr.inria.astor.core.setup.ConfigurationProperties.print(ConfigurationProperties.java:69) - p:resetmodel= true
[INFO ] fr.inria.astor.core.setup.ConfigurationProperties.print(ConfigurationProperties.java:69) - p:maxsuspcandidates= 1000
[INFO ] fr.inria.astor.core.setup.ConfigurationProperties.print(ConfigurationProperties.java:69) - p:mode= leven
[INFO ] fr.inria.astor.core.setup.ConfigurationProperties.print(ConfigurationProperties.java:69) - p:learningdir= 
[INFO ] fr.inria.astor.core.setup.ConfigurationProperties.print(ConfigurationProperties.java:69) - p:jvm4evosuitetestexecution= /usr/lib/jvm/java-1.7.0-openjdk-amd64/bin/
[INFO ] fr.inria.astor.core.setup.ConfigurationProperties.print(ConfigurationProperties.java:69) - p:filterfaultlocalization= true
[INFO ] fr.inria.astor.core.setup.ConfigurationProperties.print(ConfigurationProperties.java:69) - p:mutationrate= 1 
[INFO ] fr.inria.astor.core.setup.ConfigurationProperties.print(ConfigurationProperties.java:69) - p:pathToMVNRepository= 
[INFO ] fr.inria.astor.core.setup.ConfigurationProperties.print(ConfigurationProperties.java:69) - p:resourcesfolder= /src/main/resources:/src/test/resources:
[INFO ] fr.inria.astor.core.setup.ConfigurationProperties.print(ConfigurationProperties.java:69) - p:timezone= America/Los_Angeles
[INFO ] fr.inria.astor.core.setup.ConfigurationProperties.print(ConfigurationProperties.java:69) - p:runjava7code= false
[INFO ] fr.inria.astor.core.setup.ConfigurationProperties.print(ConfigurationProperties.java:69) - p:evoRunOnBuggyClass= true
[INFO ] fr.inria.astor.core.setup.ConfigurationProperties.print(ConfigurationProperties.java:69) - p:compiler= fr.inria.astor.core.manipulation.bytecode.compiler.SpoonClassCompiler
[INFO ] fr.inria.astor.core.setup.ConfigurationProperties.print(ConfigurationProperties.java:69) - p:limitbysuspicious= true
[INFO ] fr.inria.astor.core.setup.ConfigurationProperties.print(ConfigurationProperties.java:69) - p:logsattemps= true
[INFO ] fr.inria.astor.core.setup.ConfigurationProperties.print(ConfigurationProperties.java:69) - p:dependenciespath= /script/jGenProg_Defects4J_Math_87/target/classes/:/script/jGenProg_Defects4J_Math_87/target/test-classes/:/defects4j/framework/projects/lib/junit-4.11.jar
[INFO ] fr.inria.astor.core.setup.ConfigurationProperties.print(ConfigurationProperties.java:69) - p:logpatternlayout= [%-5p] %l - %m%n
[INFO ] fr.inria.astor.core.setup.ConfigurationProperties.print(ConfigurationProperties.java:69) - p:packageToInstrument= 
[INFO ] fr.inria.astor.core.setup.ConfigurationProperties.print(ConfigurationProperties.java:69) - p:skipfaultlocalization= false
[INFO ] fr.inria.astor.core.setup.ConfigurationProperties.print(ConfigurationProperties.java:69) - p:scope= local
[INFO ] fr.inria.astor.core.setup.ConfigurationProperties.print(ConfigurationProperties.java:69) - p:transformingredient= false
[INFO ] fr.inria.astor.core.setup.ConfigurationProperties.print(ConfigurationProperties.java:69) - p:fitnessfunction= fr.inria.astor.core.solutionsearch.population.TestCaseFitnessFunction
[INFO ] fr.inria.astor.core.setup.ConfigurationProperties.print(ConfigurationProperties.java:69) - p:maxnumvariablesperingredient= 10
[INFO ] fr.inria.astor.core.setup.ConfigurationProperties.print(ConfigurationProperties.java:69) - p:parsesourcefromoriginal= true
[INFO ] fr.inria.astor.core.setup.ConfigurationProperties.print(ConfigurationProperties.java:69) - p:pvariantfoldername= variant-
[INFO ] fr.inria.astor.core.setup.ConfigurationProperties.print(ConfigurationProperties.java:69) - p:savespoonmodelondisk= false
[INFO ] fr.inria.astor.core.setup.ConfigurationProperties.print(ConfigurationProperties.java:69) - p:srcjavafolder= src/java/
[INFO ] fr.inria.astor.core.setup.ConfigurationProperties.print(ConfigurationProperties.java:69) - p:populationcontroller= fr.inria.astor.core.solutionsearch.population.TestCaseBasedFitnessPopulationController
[INFO ] fr.inria.astor.core.setup.ConfigurationProperties.print(ConfigurationProperties.java:69) - p:ignoreflakyinfl= false
[INFO ] fr.inria.astor.core.setup.ConfigurationProperties.print(ConfigurationProperties.java:69) - p:cleantemplates= true
[INFO ] fr.inria.astor.core.setup.ConfigurationProperties.print(ConfigurationProperties.java:69) - p:applyCrossover= false
[INFO ] fr.inria.astor.core.setup.ConfigurationProperties.print(ConfigurationProperties.java:69) - p:maxmodificationpoints= 1000
[INFO ] fr.inria.astor.core.setup.ConfigurationProperties.print(ConfigurationProperties.java:69) - p:duplicateingredientsinspace= false
[INFO ] fr.inria.astor.core.setup.ConfigurationProperties.print(ConfigurationProperties.java:69) - p:metid= 0
[INFO ] fr.inria.astor.core.setup.ConfigurationProperties.print(ConfigurationProperties.java:69) - p:continuewhenmodelfail= true
[INFO ] fr.inria.astor.core.setup.ConfigurationProperties.print(ConfigurationProperties.java:69) - p:saveall= false
[INFO ] fr.inria.astor.core.setup.ConfigurationProperties.print(ConfigurationProperties.java:69) - p:seed= 0
[INFO ] fr.inria.astor.core.setup.ConfigurationProperties.print(ConfigurationProperties.java:69) - p:savecompletepatched= true
[INFO ] fr.inria.astor.core.setup.ConfigurationProperties.print(ConfigurationProperties.java:69) - p:resetoperations= false
[INFO ] fr.inria.astor.core.setup.ConfigurationProperties.print(ConfigurationProperties.java:69) - p:processoutputinfile= false
[INFO ] fr.inria.astor.core.setup.ConfigurationProperties.print(ConfigurationProperties.java:69) - p:location= .
[INFO ] fr.inria.astor.core.setup.ConfigurationProperties.print(ConfigurationProperties.java:69) - p:probabilistictransformation= true
[INFO ] fr.inria.astor.core.setup.ConfigurationProperties.print(ConfigurationProperties.java:69) - p:overridemaxtime= true
[INFO ] fr.inria.astor.core.setup.ConfigurationProperties.print(ConfigurationProperties.java:69) - p:outputjsonresult= false
[INFO ] fr.inria.astor.core.setup.ConfigurationProperties.print(ConfigurationProperties.java:69) - p:allpoints= false
[INFO ] fr.inria.astor.core.setup.ConfigurationProperties.print(ConfigurationProperties.java:69) - p:bugId= 280
[INFO ] fr.inria.astor.core.setup.ConfigurationProperties.print(ConfigurationProperties.java:69) - p:evosuitetimeout= 120
[INFO ] fr.inria.astor.core.setup.ConfigurationProperties.print(ConfigurationProperties.java:69) - p:maxtimefactor= 10
[INFO ] fr.inria.astor.core.setup.ConfigurationProperties.print(ConfigurationProperties.java:69) - p:nrPlaceholders= 1
[INFO ] fr.inria.astor.core.setup.ConfigurationProperties.print(ConfigurationProperties.java:69) - p:forcesubprocesskilling= true
[INFO ] fr.inria.astor.core.setup.ConfigurationProperties.print(ConfigurationProperties.java:71) - ----------------------------
[INFO ] fr.inria.astor.core.solutionsearch.EvolutionarySearchEngine.startEvolution(EvolutionarySearchEngine.java:40) - 
----Starting Solution Search
[INFO ] fr.inria.astor.core.validation.junit.LaucherJUnitProcess.killProcess(LaucherJUnitProcess.java:179) - The Process that runs JUnit test cases did not terminate within waitTime of 10 seconds
[INFO ] fr.inria.astor.core.validation.junit.LaucherJUnitProcess.killProcess(LaucherJUnitProcess.java:181) - Killed the Process that runs JUnit test cases 5879
[INFO ] fr.inria.astor.core.validation.junit.LaucherJUnitProcess.killProcess(LaucherJUnitProcess.java:179) - The Process that runs JUnit test cases did not terminate within waitTime of 10 seconds
[INFO ] fr.inria.astor.core.validation.junit.LaucherJUnitProcess.killProcess(LaucherJUnitProcess.java:181) - Killed the Process that runs JUnit test cases 6286
[INFO ] fr.inria.astor.core.validation.junit.LaucherJUnitProcess.killProcess(LaucherJUnitProcess.java:179) - The Process that runs JUnit test cases did not terminate within waitTime of 10 seconds
[INFO ] fr.inria.astor.core.validation.junit.LaucherJUnitProcess.killProcess(LaucherJUnitProcess.java:181) - Killed the Process that runs JUnit test cases 8718
[INFO ] fr.inria.astor.core.validation.junit.LaucherJUnitProcess.killProcess(LaucherJUnitProcess.java:179) - The Process that runs JUnit test cases did not terminate within waitTime of 10 seconds
[INFO ] fr.inria.astor.core.validation.junit.LaucherJUnitProcess.killProcess(LaucherJUnitProcess.java:181) - Killed the Process that runs JUnit test cases 8900
[INFO ] fr.inria.astor.core.validation.junit.LaucherJUnitProcess.killProcess(LaucherJUnitProcess.java:179) - The Process that runs JUnit test cases did not terminate within waitTime of 10 seconds
[INFO ] fr.inria.astor.core.validation.junit.LaucherJUnitProcess.killProcess(LaucherJUnitProcess.java:181) - Killed the Process that runs JUnit test cases 10612
[INFO ] fr.inria.astor.core.validation.junit.LaucherJUnitProcess.killProcess(LaucherJUnitProcess.java:179) - The Process that runs JUnit test cases did not terminate within waitTime of 10 seconds
[INFO ] fr.inria.astor.core.validation.junit.LaucherJUnitProcess.killProcess(LaucherJUnitProcess.java:181) - Killed the Process that runs JUnit test cases 11604
[INFO ] fr.inria.astor.core.validation.junit.LaucherJUnitProcess.killProcess(LaucherJUnitProcess.java:179) - The Process that runs JUnit test cases did not terminate within waitTime of 10 seconds
[INFO ] fr.inria.astor.core.validation.junit.LaucherJUnitProcess.killProcess(LaucherJUnitProcess.java:181) - Killed the Process that runs JUnit test cases 12596
[INFO ] fr.inria.astor.core.validation.junit.LaucherJUnitProcess.killProcess(LaucherJUnitProcess.java:179) - The Process that runs JUnit test cases did not terminate within waitTime of 10 seconds
[INFO ] fr.inria.astor.core.validation.junit.LaucherJUnitProcess.killProcess(LaucherJUnitProcess.java:181) - Killed the Process that runs JUnit test cases 14308
[INFO ] fr.inria.astor.core.validation.junit.LaucherJUnitProcess.killProcess(LaucherJUnitProcess.java:179) - The Process that runs JUnit test cases did not terminate within waitTime of 10 seconds
[INFO ] fr.inria.astor.core.validation.junit.LaucherJUnitProcess.killProcess(LaucherJUnitProcess.java:181) - Killed the Process that runs JUnit test cases 19800
[INFO ] fr.inria.astor.core.validation.junit.LaucherJUnitProcess.killProcess(LaucherJUnitProcess.java:179) - The Process that runs JUnit test cases did not terminate within waitTime of 10 seconds
[INFO ] fr.inria.astor.core.validation.junit.LaucherJUnitProcess.killProcess(LaucherJUnitProcess.java:181) - Killed the Process that runs JUnit test cases 22997
[INFO ] fr.inria.astor.core.validation.junit.LaucherJUnitProcess.killProcess(LaucherJUnitProcess.java:179) - The Process that runs JUnit test cases did not terminate within waitTime of 10 seconds
[INFO ] fr.inria.astor.core.validation.junit.LaucherJUnitProcess.killProcess(LaucherJUnitProcess.java:181) - Killed the Process that runs JUnit test cases 23719
[INFO ] fr.inria.astor.core.validation.junit.LaucherJUnitProcess.killProcess(LaucherJUnitProcess.java:179) - The Process that runs JUnit test cases did not terminate within waitTime of 10 seconds
[INFO ] fr.inria.astor.core.validation.junit.LaucherJUnitProcess.killProcess(LaucherJUnitProcess.java:181) - Killed the Process that runs JUnit test cases 25971
[INFO ] fr.inria.astor.core.validation.junit.LaucherJUnitProcess.killProcess(LaucherJUnitProcess.java:179) - The Process that runs JUnit test cases did not terminate within waitTime of 10 seconds
[INFO ] fr.inria.astor.core.validation.junit.LaucherJUnitProcess.killProcess(LaucherJUnitProcess.java:181) - Killed the Process that runs JUnit test cases 38933
[INFO ] fr.inria.astor.core.validation.junit.LaucherJUnitProcess.killProcess(LaucherJUnitProcess.java:179) - The Process that runs JUnit test cases did not terminate within waitTime of 10 seconds
[INFO ] fr.inria.astor.core.validation.junit.LaucherJUnitProcess.killProcess(LaucherJUnitProcess.java:181) - Killed the Process that runs JUnit test cases 42400
[INFO ] fr.inria.astor.core.validation.junit.LaucherJUnitProcess.killProcess(LaucherJUnitProcess.java:179) - The Process that runs JUnit test cases did not terminate within waitTime of 10 seconds
[INFO ] fr.inria.astor.core.validation.junit.LaucherJUnitProcess.killProcess(LaucherJUnitProcess.java:181) - Killed the Process that runs JUnit test cases 45462
[INFO ] fr.inria.astor.core.validation.junit.LaucherJUnitProcess.killProcess(LaucherJUnitProcess.java:179) - The Process that runs JUnit test cases did not terminate within waitTime of 10 seconds
[INFO ] fr.inria.astor.core.validation.junit.LaucherJUnitProcess.killProcess(LaucherJUnitProcess.java:181) - Killed the Process that runs JUnit test cases 51269
[INFO ] fr.inria.astor.core.validation.junit.LaucherJUnitProcess.killProcess(LaucherJUnitProcess.java:179) - The Process that runs JUnit test cases did not terminate within waitTime of 10 seconds
[INFO ] fr.inria.astor.core.validation.junit.LaucherJUnitProcess.killProcess(LaucherJUnitProcess.java:181) - Killed the Process that runs JUnit test cases 53476
[INFO ] fr.inria.astor.core.validation.junit.LaucherJUnitProcess.killProcess(LaucherJUnitProcess.java:179) - The Process that runs JUnit test cases did not terminate within waitTime of 10 seconds
[INFO ] fr.inria.astor.core.validation.junit.LaucherJUnitProcess.killProcess(LaucherJUnitProcess.java:181) - Killed the Process that runs JUnit test cases 59553
[INFO ] fr.inria.astor.core.validation.junit.LaucherJUnitProcess.killProcess(LaucherJUnitProcess.java:179) - The Process that runs JUnit test cases did not terminate within waitTime of 10 seconds
[INFO ] fr.inria.astor.core.validation.junit.LaucherJUnitProcess.killProcess(LaucherJUnitProcess.java:181) - Killed the Process that runs JUnit test cases 61310
[INFO ] fr.inria.astor.core.validation.junit.LaucherJUnitProcess.killProcess(LaucherJUnitProcess.java:179) - The Process that runs JUnit test cases did not terminate within waitTime of 10 seconds
[INFO ] fr.inria.astor.core.validation.junit.LaucherJUnitProcess.killProcess(LaucherJUnitProcess.java:181) - Killed the Process that runs JUnit test cases 67117
[INFO ] fr.inria.astor.core.validation.junit.LaucherJUnitProcess.killProcess(LaucherJUnitProcess.java:179) - The Process that runs JUnit test cases did not terminate within waitTime of 10 seconds
[INFO ] fr.inria.astor.core.validation.junit.LaucherJUnitProcess.killProcess(LaucherJUnitProcess.java:181) - Killed the Process that runs JUnit test cases 70989
[INFO ] fr.inria.astor.core.validation.junit.LaucherJUnitProcess.killProcess(LaucherJUnitProcess.java:179) - The Process that runs JUnit test cases did not terminate within waitTime of 10 seconds
[INFO ] fr.inria.astor.core.validation.junit.LaucherJUnitProcess.killProcess(LaucherJUnitProcess.java:181) - Killed the Process that runs JUnit test cases 75446
[INFO ] fr.inria.astor.core.validation.junit.LaucherJUnitProcess.killProcess(LaucherJUnitProcess.java:179) - The Process that runs JUnit test cases did not terminate within waitTime of 10 seconds
[INFO ] fr.inria.astor.core.validation.junit.LaucherJUnitProcess.killProcess(LaucherJUnitProcess.java:181) - Killed the Process that runs JUnit test cases 75673
[INFO ] fr.inria.astor.core.validation.junit.LaucherJUnitProcess.killProcess(LaucherJUnitProcess.java:179) - The Process that runs JUnit test cases did not terminate within waitTime of 10 seconds
[INFO ] fr.inria.astor.core.validation.junit.LaucherJUnitProcess.killProcess(LaucherJUnitProcess.java:181) - Killed the Process that runs JUnit test cases 77340
[INFO ] fr.inria.astor.core.validation.junit.LaucherJUnitProcess.killProcess(LaucherJUnitProcess.java:179) - The Process that runs JUnit test cases did not terminate within waitTime of 10 seconds
[INFO ] fr.inria.astor.core.validation.junit.LaucherJUnitProcess.killProcess(LaucherJUnitProcess.java:181) - Killed the Process that runs JUnit test cases 78917
[INFO ] fr.inria.astor.core.validation.junit.LaucherJUnitProcess.killProcess(LaucherJUnitProcess.java:179) - The Process that runs JUnit test cases did not terminate within waitTime of 10 seconds
[INFO ] fr.inria.astor.core.validation.junit.LaucherJUnitProcess.killProcess(LaucherJUnitProcess.java:181) - Killed the Process that runs JUnit test cases 79909
[INFO ] fr.inria.astor.core.validation.junit.LaucherJUnitProcess.killProcess(LaucherJUnitProcess.java:179) - The Process that runs JUnit test cases did not terminate within waitTime of 10 seconds
[INFO ] fr.inria.astor.core.validation.junit.LaucherJUnitProcess.killProcess(LaucherJUnitProcess.java:181) - Killed the Process that runs JUnit test cases 83287
[INFO ] fr.inria.astor.core.validation.junit.LaucherJUnitProcess.killProcess(LaucherJUnitProcess.java:179) - The Process that runs JUnit test cases did not terminate within waitTime of 10 seconds
[INFO ] fr.inria.astor.core.validation.junit.LaucherJUnitProcess.killProcess(LaucherJUnitProcess.java:181) - Killed the Process that runs JUnit test cases 92289
[INFO ] fr.inria.astor.core.validation.junit.LaucherJUnitProcess.killProcess(LaucherJUnitProcess.java:179) - The Process that runs JUnit test cases did not terminate within waitTime of 10 seconds
[INFO ] fr.inria.astor.core.validation.junit.LaucherJUnitProcess.killProcess(LaucherJUnitProcess.java:181) - Killed the Process that runs JUnit test cases 92516
[INFO ] fr.inria.astor.core.validation.junit.LaucherJUnitProcess.killProcess(LaucherJUnitProcess.java:179) - The Process that runs JUnit test cases did not terminate within waitTime of 10 seconds
[INFO ] fr.inria.astor.core.validation.junit.LaucherJUnitProcess.killProcess(LaucherJUnitProcess.java:181) - Killed the Process that runs JUnit test cases 1549
[INFO ] fr.inria.astor.core.validation.junit.LaucherJUnitProcess.killProcess(LaucherJUnitProcess.java:179) - The Process that runs JUnit test cases did not terminate within waitTime of 10 seconds
[INFO ] fr.inria.astor.core.validation.junit.LaucherJUnitProcess.killProcess(LaucherJUnitProcess.java:181) - Killed the Process that runs JUnit test cases 5286
[INFO ] fr.inria.astor.core.validation.junit.LaucherJUnitProcess.killProcess(LaucherJUnitProcess.java:179) - The Process that runs JUnit test cases did not terminate within waitTime of 10 seconds
[INFO ] fr.inria.astor.core.validation.junit.LaucherJUnitProcess.killProcess(LaucherJUnitProcess.java:181) - Killed the Process that runs JUnit test cases 6685
[INFO ] fr.inria.astor.core.validation.junit.LaucherJUnitProcess.killProcess(LaucherJUnitProcess.java:179) - The Process that runs JUnit test cases did not terminate within waitTime of 10 seconds
[INFO ] fr.inria.astor.core.validation.junit.LaucherJUnitProcess.killProcess(LaucherJUnitProcess.java:181) - Killed the Process that runs JUnit test cases 9974
[INFO ] fr.inria.astor.core.validation.junit.LaucherJUnitProcess.killProcess(LaucherJUnitProcess.java:179) - The Process that runs JUnit test cases did not terminate within waitTime of 10 seconds
[INFO ] fr.inria.astor.core.validation.junit.LaucherJUnitProcess.killProcess(LaucherJUnitProcess.java:181) - Killed the Process that runs JUnit test cases 11462
[INFO ] fr.inria.astor.core.validation.junit.LaucherJUnitProcess.killProcess(LaucherJUnitProcess.java:179) - The Process that runs JUnit test cases did not terminate within waitTime of 10 seconds
[INFO ] fr.inria.astor.core.validation.junit.LaucherJUnitProcess.killProcess(LaucherJUnitProcess.java:181) - Killed the Process that runs JUnit test cases 15562
[INFO ] fr.inria.astor.core.validation.junit.LaucherJUnitProcess.killProcess(LaucherJUnitProcess.java:179) - The Process that runs JUnit test cases did not terminate within waitTime of 10 seconds
[INFO ] fr.inria.astor.core.validation.junit.LaucherJUnitProcess.killProcess(LaucherJUnitProcess.java:181) - Killed the Process that runs JUnit test cases 15654
[INFO ] fr.inria.astor.core.validation.junit.LaucherJUnitProcess.killProcess(LaucherJUnitProcess.java:179) - The Process that runs JUnit test cases did not terminate within waitTime of 10 seconds
[INFO ] fr.inria.astor.core.validation.junit.LaucherJUnitProcess.killProcess(LaucherJUnitProcess.java:181) - Killed the Process that runs JUnit test cases 22047
[INFO ] fr.inria.astor.core.validation.junit.LaucherJUnitProcess.killProcess(LaucherJUnitProcess.java:179) - The Process that runs JUnit test cases did not terminate within waitTime of 10 seconds
[INFO ] fr.inria.astor.core.validation.junit.LaucherJUnitProcess.killProcess(LaucherJUnitProcess.java:181) - Killed the Process that runs JUnit test cases 25651
[INFO ] fr.inria.astor.core.validation.junit.LaucherJUnitProcess.killProcess(LaucherJUnitProcess.java:179) - The Process that runs JUnit test cases did not terminate within waitTime of 10 seconds
[INFO ] fr.inria.astor.core.validation.junit.LaucherJUnitProcess.killProcess(LaucherJUnitProcess.java:181) - Killed the Process that runs JUnit test cases 31864
[INFO ] fr.inria.astor.core.validation.junit.LaucherJUnitProcess.killProcess(LaucherJUnitProcess.java:179) - The Process that runs JUnit test cases did not terminate within waitTime of 10 seconds
[INFO ] fr.inria.astor.core.validation.junit.LaucherJUnitProcess.killProcess(LaucherJUnitProcess.java:181) - Killed the Process that runs JUnit test cases 33396
[INFO ] fr.inria.astor.core.validation.junit.LaucherJUnitProcess.killProcess(LaucherJUnitProcess.java:179) - The Process that runs JUnit test cases did not terminate within waitTime of 10 seconds
[INFO ] fr.inria.astor.core.validation.junit.LaucherJUnitProcess.killProcess(LaucherJUnitProcess.java:181) - Killed the Process that runs JUnit test cases 33533
[INFO ] fr.inria.astor.core.validation.junit.LaucherJUnitProcess.killProcess(LaucherJUnitProcess.java:179) - The Process that runs JUnit test cases did not terminate within waitTime of 10 seconds
[INFO ] fr.inria.astor.core.validation.junit.LaucherJUnitProcess.killProcess(LaucherJUnitProcess.java:181) - Killed the Process that runs JUnit test cases 35425
[INFO ] fr.inria.astor.core.validation.junit.LaucherJUnitProcess.killProcess(LaucherJUnitProcess.java:179) - The Process that runs JUnit test cases did not terminate within waitTime of 10 seconds
[INFO ] fr.inria.astor.core.validation.junit.LaucherJUnitProcess.killProcess(LaucherJUnitProcess.java:181) - Killed the Process that runs JUnit test cases 37497
[INFO ] fr.inria.astor.core.validation.junit.LaucherJUnitProcess.killProcess(LaucherJUnitProcess.java:179) - The Process that runs JUnit test cases did not terminate within waitTime of 10 seconds
[INFO ] fr.inria.astor.core.validation.junit.LaucherJUnitProcess.killProcess(LaucherJUnitProcess.java:181) - Killed the Process that runs JUnit test cases 39615
[INFO ] fr.inria.astor.core.validation.junit.LaucherJUnitProcess.killProcess(LaucherJUnitProcess.java:179) - The Process that runs JUnit test cases did not terminate within waitTime of 10 seconds
[INFO ] fr.inria.astor.core.validation.junit.LaucherJUnitProcess.killProcess(LaucherJUnitProcess.java:181) - Killed the Process that runs JUnit test cases 39932
[INFO ] fr.inria.astor.core.validation.junit.LaucherJUnitProcess.killProcess(LaucherJUnitProcess.java:179) - The Process that runs JUnit test cases did not terminate within waitTime of 10 seconds
[INFO ] fr.inria.astor.core.validation.junit.LaucherJUnitProcess.killProcess(LaucherJUnitProcess.java:181) - Killed the Process that runs JUnit test cases 46461
[INFO ] fr.inria.astor.core.validation.junit.LaucherJUnitProcess.killProcess(LaucherJUnitProcess.java:179) - The Process that runs JUnit test cases did not terminate within waitTime of 10 seconds
[INFO ] fr.inria.astor.core.validation.junit.LaucherJUnitProcess.killProcess(LaucherJUnitProcess.java:181) - Killed the Process that runs JUnit test cases 46823
[INFO ] fr.inria.astor.core.validation.junit.LaucherJUnitProcess.killProcess(LaucherJUnitProcess.java:179) - The Process that runs JUnit test cases did not terminate within waitTime of 10 seconds
[INFO ] fr.inria.astor.core.validation.junit.LaucherJUnitProcess.killProcess(LaucherJUnitProcess.java:181) - Killed the Process that runs JUnit test cases 49435
[INFO ] fr.inria.astor.core.validation.junit.LaucherJUnitProcess.killProcess(LaucherJUnitProcess.java:179) - The Process that runs JUnit test cases did not terminate within waitTime of 10 seconds
[INFO ] fr.inria.astor.core.validation.junit.LaucherJUnitProcess.killProcess(LaucherJUnitProcess.java:181) - Killed the Process that runs JUnit test cases 49797
[INFO ] fr.inria.astor.core.validation.junit.LaucherJUnitProcess.killProcess(LaucherJUnitProcess.java:179) - The Process that runs JUnit test cases did not terminate within waitTime of 10 seconds
[INFO ] fr.inria.astor.core.validation.junit.LaucherJUnitProcess.killProcess(LaucherJUnitProcess.java:181) - Killed the Process that runs JUnit test cases 52590
[INFO ] fr.inria.astor.core.validation.junit.LaucherJUnitProcess.killProcess(LaucherJUnitProcess.java:179) - The Process that runs JUnit test cases did not terminate within waitTime of 10 seconds
[INFO ] fr.inria.astor.core.validation.junit.LaucherJUnitProcess.killProcess(LaucherJUnitProcess.java:181) - Killed the Process that runs JUnit test cases 53042
[INFO ] fr.inria.astor.core.validation.junit.LaucherJUnitProcess.killProcess(LaucherJUnitProcess.java:179) - The Process that runs JUnit test cases did not terminate within waitTime of 10 seconds
[INFO ] fr.inria.astor.core.validation.junit.LaucherJUnitProcess.killProcess(LaucherJUnitProcess.java:181) - Killed the Process that runs JUnit test cases 53449
[INFO ] fr.inria.astor.core.validation.junit.LaucherJUnitProcess.killProcess(LaucherJUnitProcess.java:179) - The Process that runs JUnit test cases did not terminate within waitTime of 10 seconds
[INFO ] fr.inria.astor.core.validation.junit.LaucherJUnitProcess.killProcess(LaucherJUnitProcess.java:181) - Killed the Process that runs JUnit test cases 57142
[INFO ] fr.inria.astor.core.validation.junit.LaucherJUnitProcess.killProcess(LaucherJUnitProcess.java:179) - The Process that runs JUnit test cases did not terminate within waitTime of 10 seconds
[INFO ] fr.inria.astor.core.validation.junit.LaucherJUnitProcess.killProcess(LaucherJUnitProcess.java:181) - Killed the Process that runs JUnit test cases 62591
[INFO ] fr.inria.astor.core.validation.junit.LaucherJUnitProcess.killProcess(LaucherJUnitProcess.java:179) - The Process that runs JUnit test cases did not terminate within waitTime of 10 seconds
[INFO ] fr.inria.astor.core.validation.junit.LaucherJUnitProcess.killProcess(LaucherJUnitProcess.java:181) - Killed the Process that runs JUnit test cases 62728
[INFO ] fr.inria.astor.core.validation.junit.LaucherJUnitProcess.killProcess(LaucherJUnitProcess.java:179) - The Process that runs JUnit test cases did not terminate within waitTime of 10 seconds
[INFO ] fr.inria.astor.core.validation.junit.LaucherJUnitProcess.killProcess(LaucherJUnitProcess.java:181) - Killed the Process that runs JUnit test cases 63090
[INFO ] fr.inria.astor.core.validation.junit.LaucherJUnitProcess.killProcess(LaucherJUnitProcess.java:179) - The Process that runs JUnit test cases did not terminate within waitTime of 10 seconds
[INFO ] fr.inria.astor.core.validation.junit.LaucherJUnitProcess.killProcess(LaucherJUnitProcess.java:181) - Killed the Process that runs JUnit test cases 63722
[INFO ] fr.inria.astor.core.validation.junit.LaucherJUnitProcess.killProcess(LaucherJUnitProcess.java:179) - The Process that runs JUnit test cases did not terminate within waitTime of 10 seconds
[INFO ] fr.inria.astor.core.validation.junit.LaucherJUnitProcess.killProcess(LaucherJUnitProcess.java:181) - Killed the Process that runs JUnit test cases 65074
[INFO ] fr.inria.astor.core.validation.junit.LaucherJUnitProcess.killProcess(LaucherJUnitProcess.java:179) - The Process that runs JUnit test cases did not terminate within waitTime of 10 seconds
[INFO ] fr.inria.astor.core.validation.junit.LaucherJUnitProcess.killProcess(LaucherJUnitProcess.java:181) - Killed the Process that runs JUnit test cases 67462
[INFO ] fr.inria.astor.core.validation.junit.LaucherJUnitProcess.killProcess(LaucherJUnitProcess.java:179) - The Process that runs JUnit test cases did not terminate within waitTime of 10 seconds
[INFO ] fr.inria.astor.core.validation.junit.LaucherJUnitProcess.killProcess(LaucherJUnitProcess.java:181) - Killed the Process that runs JUnit test cases 69084
[INFO ] fr.inria.astor.core.validation.junit.LaucherJUnitProcess.killProcess(LaucherJUnitProcess.java:179) - The Process that runs JUnit test cases did not terminate within waitTime of 10 seconds
[INFO ] fr.inria.astor.core.validation.junit.LaucherJUnitProcess.killProcess(LaucherJUnitProcess.java:181) - Killed the Process that runs JUnit test cases 75974
[INFO ] fr.inria.astor.core.validation.junit.LaucherJUnitProcess.killProcess(LaucherJUnitProcess.java:179) - The Process that runs JUnit test cases did not terminate within waitTime of 10 seconds
[INFO ] fr.inria.astor.core.validation.junit.LaucherJUnitProcess.killProcess(LaucherJUnitProcess.java:181) - Killed the Process that runs JUnit test cases 78902
[INFO ] fr.inria.astor.core.validation.junit.LaucherJUnitProcess.killProcess(LaucherJUnitProcess.java:179) - The Process that runs JUnit test cases did not terminate within waitTime of 10 seconds
[INFO ] fr.inria.astor.core.validation.junit.LaucherJUnitProcess.killProcess(LaucherJUnitProcess.java:181) - Killed the Process that runs JUnit test cases 81832
[INFO ] fr.inria.astor.core.validation.junit.LaucherJUnitProcess.killProcess(LaucherJUnitProcess.java:179) - The Process that runs JUnit test cases did not terminate within waitTime of 10 seconds
[INFO ] fr.inria.astor.core.validation.junit.LaucherJUnitProcess.killProcess(LaucherJUnitProcess.java:181) - Killed the Process that runs JUnit test cases 83365
[INFO ] fr.inria.astor.core.validation.junit.LaucherJUnitProcess.killProcess(LaucherJUnitProcess.java:179) - The Process that runs JUnit test cases did not terminate within waitTime of 10 seconds
[INFO ] fr.inria.astor.core.validation.junit.LaucherJUnitProcess.killProcess(LaucherJUnitProcess.java:181) - Killed the Process that runs JUnit test cases 86877
[INFO ] fr.inria.astor.core.validation.junit.LaucherJUnitProcess.killProcess(LaucherJUnitProcess.java:179) - The Process that runs JUnit test cases did not terminate within waitTime of 10 seconds
[INFO ] fr.inria.astor.core.validation.junit.LaucherJUnitProcess.killProcess(LaucherJUnitProcess.java:181) - Killed the Process that runs JUnit test cases 87104
[INFO ] fr.inria.astor.core.validation.junit.LaucherJUnitProcess.killProcess(LaucherJUnitProcess.java:179) - The Process that runs JUnit test cases did not terminate within waitTime of 10 seconds
[INFO ] fr.inria.astor.core.validation.junit.LaucherJUnitProcess.killProcess(LaucherJUnitProcess.java:181) - Killed the Process that runs JUnit test cases 87691
[INFO ] fr.inria.astor.core.validation.junit.LaucherJUnitProcess.killProcess(LaucherJUnitProcess.java:179) - The Process that runs JUnit test cases did not terminate within waitTime of 10 seconds
[INFO ] fr.inria.astor.core.validation.junit.LaucherJUnitProcess.killProcess(LaucherJUnitProcess.java:181) - Killed the Process that runs JUnit test cases 88053
[INFO ] fr.inria.astor.core.validation.junit.LaucherJUnitProcess.killProcess(LaucherJUnitProcess.java:179) - The Process that runs JUnit test cases did not terminate within waitTime of 10 seconds
[INFO ] fr.inria.astor.core.validation.junit.LaucherJUnitProcess.killProcess(LaucherJUnitProcess.java:181) - Killed the Process that runs JUnit test cases 88775
[INFO ] fr.inria.astor.core.validation.junit.LaucherJUnitProcess.killProcess(LaucherJUnitProcess.java:179) - The Process that runs JUnit test cases did not terminate within waitTime of 10 seconds
[INFO ] fr.inria.astor.core.validation.junit.LaucherJUnitProcess.killProcess(LaucherJUnitProcess.java:181) - Killed the Process that runs JUnit test cases 92468
[INFO ] fr.inria.astor.core.validation.junit.LaucherJUnitProcess.killProcess(LaucherJUnitProcess.java:179) - The Process that runs JUnit test cases did not terminate within waitTime of 10 seconds
[INFO ] fr.inria.astor.core.validation.junit.LaucherJUnitProcess.killProcess(LaucherJUnitProcess.java:181) - Killed the Process that runs JUnit test cases 92651
[INFO ] fr.inria.astor.core.validation.junit.LaucherJUnitProcess.killProcess(LaucherJUnitProcess.java:179) - The Process that runs JUnit test cases did not terminate within waitTime of 10 seconds
[INFO ] fr.inria.astor.core.validation.junit.LaucherJUnitProcess.killProcess(LaucherJUnitProcess.java:181) - Killed the Process that runs JUnit test cases 95038
[INFO ] fr.inria.astor.core.validation.junit.LaucherJUnitProcess.killProcess(LaucherJUnitProcess.java:179) - The Process that runs JUnit test cases did not terminate within waitTime of 10 seconds
[INFO ] fr.inria.astor.core.validation.junit.LaucherJUnitProcess.killProcess(LaucherJUnitProcess.java:181) - Killed the Process that runs JUnit test cases 95535
[INFO ] fr.inria.astor.core.validation.junit.LaucherJUnitProcess.killProcess(LaucherJUnitProcess.java:179) - The Process that runs JUnit test cases did not terminate within waitTime of 10 seconds
[INFO ] fr.inria.astor.core.validation.junit.LaucherJUnitProcess.killProcess(LaucherJUnitProcess.java:181) - Killed the Process that runs JUnit test cases 6958
[INFO ] fr.inria.astor.core.validation.junit.LaucherJUnitProcess.killProcess(LaucherJUnitProcess.java:179) - The Process that runs JUnit test cases did not terminate within waitTime of 10 seconds
[INFO ] fr.inria.astor.core.validation.junit.LaucherJUnitProcess.killProcess(LaucherJUnitProcess.java:181) - Killed the Process that runs JUnit test cases 14888
[INFO ] fr.inria.astor.core.validation.junit.LaucherJUnitProcess.killProcess(LaucherJUnitProcess.java:179) - The Process that runs JUnit test cases did not terminate within waitTime of 10 seconds
[INFO ] fr.inria.astor.core.validation.junit.LaucherJUnitProcess.killProcess(LaucherJUnitProcess.java:181) - Killed the Process that runs JUnit test cases 16062
[INFO ] fr.inria.astor.core.validation.junit.LaucherJUnitProcess.killProcess(LaucherJUnitProcess.java:179) - The Process that runs JUnit test cases did not terminate within waitTime of 10 seconds
[INFO ] fr.inria.astor.core.validation.junit.LaucherJUnitProcess.killProcess(LaucherJUnitProcess.java:181) - Killed the Process that runs JUnit test cases 18854
[INFO ] fr.inria.astor.core.validation.junit.LaucherJUnitProcess.killProcess(LaucherJUnitProcess.java:179) - The Process that runs JUnit test cases did not terminate within waitTime of 10 seconds
[INFO ] fr.inria.astor.core.validation.junit.LaucherJUnitProcess.killProcess(LaucherJUnitProcess.java:181) - Killed the Process that runs JUnit test cases 19576
[INFO ] fr.inria.astor.core.validation.junit.LaucherJUnitProcess.killProcess(LaucherJUnitProcess.java:179) - The Process that runs JUnit test cases did not terminate within waitTime of 10 seconds
[INFO ] fr.inria.astor.core.validation.junit.LaucherJUnitProcess.killProcess(LaucherJUnitProcess.java:181) - Killed the Process that runs JUnit test cases 21874
[INFO ] fr.inria.astor.core.validation.junit.LaucherJUnitProcess.killProcess(LaucherJUnitProcess.java:179) - The Process that runs JUnit test cases did not terminate within waitTime of 10 seconds
[INFO ] fr.inria.astor.core.validation.junit.LaucherJUnitProcess.killProcess(LaucherJUnitProcess.java:181) - Killed the Process that runs JUnit test cases 23904
[INFO ] fr.inria.astor.core.validation.junit.LaucherJUnitProcess.killProcess(LaucherJUnitProcess.java:179) - The Process that runs JUnit test cases did not terminate within waitTime of 10 seconds
[INFO ] fr.inria.astor.core.validation.junit.LaucherJUnitProcess.killProcess(LaucherJUnitProcess.java:181) - Killed the Process that runs JUnit test cases 23951
[INFO ] fr.inria.astor.core.validation.junit.LaucherJUnitProcess.killProcess(LaucherJUnitProcess.java:179) - The Process that runs JUnit test cases did not terminate within waitTime of 10 seconds
[INFO ] fr.inria.astor.core.validation.junit.LaucherJUnitProcess.killProcess(LaucherJUnitProcess.java:181) - Killed the Process that runs JUnit test cases 25348
[INFO ] fr.inria.astor.core.validation.junit.LaucherJUnitProcess.killProcess(LaucherJUnitProcess.java:179) - The Process that runs JUnit test cases did not terminate within waitTime of 10 seconds
[INFO ] fr.inria.astor.core.validation.junit.LaucherJUnitProcess.killProcess(LaucherJUnitProcess.java:181) - Killed the Process that runs JUnit test cases 28593
[INFO ] fr.inria.astor.core.validation.junit.LaucherJUnitProcess.killProcess(LaucherJUnitProcess.java:179) - The Process that runs JUnit test cases did not terminate within waitTime of 10 seconds
[INFO ] fr.inria.astor.core.validation.junit.LaucherJUnitProcess.killProcess(LaucherJUnitProcess.java:181) - Killed the Process that runs JUnit test cases 28820
[INFO ] fr.inria.astor.core.validation.junit.LaucherJUnitProcess.killProcess(LaucherJUnitProcess.java:179) - The Process that runs JUnit test cases did not terminate within waitTime of 10 seconds
[INFO ] fr.inria.astor.core.validation.junit.LaucherJUnitProcess.killProcess(LaucherJUnitProcess.java:181) - Killed the Process that runs JUnit test cases 30712
[INFO ] fr.inria.astor.core.validation.junit.LaucherJUnitProcess.killProcess(LaucherJUnitProcess.java:179) - The Process that runs JUnit test cases did not terminate within waitTime of 10 seconds
[INFO ] fr.inria.astor.core.validation.junit.LaucherJUnitProcess.killProcess(LaucherJUnitProcess.java:181) - Killed the Process that runs JUnit test cases 32425
[INFO ] fr.inria.astor.core.validation.junit.LaucherJUnitProcess.killProcess(LaucherJUnitProcess.java:179) - The Process that runs JUnit test cases did not terminate within waitTime of 10 seconds
[INFO ] fr.inria.astor.core.validation.junit.LaucherJUnitProcess.killProcess(LaucherJUnitProcess.java:181) - Killed the Process that runs JUnit test cases 32877
[INFO ] fr.inria.astor.core.validation.junit.LaucherJUnitProcess.killProcess(LaucherJUnitProcess.java:179) - The Process that runs JUnit test cases did not terminate within waitTime of 10 seconds
[INFO ] fr.inria.astor.core.validation.junit.LaucherJUnitProcess.killProcess(LaucherJUnitProcess.java:181) - Killed the Process that runs JUnit test cases 33646
[INFO ] fr.inria.astor.core.validation.junit.LaucherJUnitProcess.killProcess(LaucherJUnitProcess.java:179) - The Process that runs JUnit test cases did not terminate within waitTime of 10 seconds
[INFO ] fr.inria.astor.core.validation.junit.LaucherJUnitProcess.killProcess(LaucherJUnitProcess.java:181) - Killed the Process that runs JUnit test cases 34953
[INFO ] fr.inria.astor.core.validation.junit.LaucherJUnitProcess.killProcess(LaucherJUnitProcess.java:179) - The Process that runs JUnit test cases did not terminate within waitTime of 10 seconds
[INFO ] fr.inria.astor.core.validation.junit.LaucherJUnitProcess.killProcess(LaucherJUnitProcess.java:181) - Killed the Process that runs JUnit test cases 36171
[INFO ] fr.inria.astor.core.validation.junit.LaucherJUnitProcess.killProcess(LaucherJUnitProcess.java:179) - The Process that runs JUnit test cases did not terminate within waitTime of 10 seconds
[INFO ] fr.inria.astor.core.validation.junit.LaucherJUnitProcess.killProcess(LaucherJUnitProcess.java:181) - Killed the Process that runs JUnit test cases 37839
[INFO ] fr.inria.astor.core.validation.junit.LaucherJUnitProcess.killProcess(LaucherJUnitProcess.java:179) - The Process that runs JUnit test cases did not terminate within waitTime of 10 seconds
[INFO ] fr.inria.astor.core.validation.junit.LaucherJUnitProcess.killProcess(LaucherJUnitProcess.java:181) - Killed the Process that runs JUnit test cases 43380
[INFO ] fr.inria.astor.core.validation.junit.LaucherJUnitProcess.killProcess(LaucherJUnitProcess.java:179) - The Process that runs JUnit test cases did not terminate within waitTime of 10 seconds
[INFO ] fr.inria.astor.core.validation.junit.LaucherJUnitProcess.killProcess(LaucherJUnitProcess.java:181) - Killed the Process that runs JUnit test cases 45813
[INFO ] fr.inria.astor.core.validation.junit.LaucherJUnitProcess.killProcess(LaucherJUnitProcess.java:179) - The Process that runs JUnit test cases did not terminate within waitTime of 10 seconds
[INFO ] fr.inria.astor.core.validation.junit.LaucherJUnitProcess.killProcess(LaucherJUnitProcess.java:181) - Killed the Process that runs JUnit test cases 47887
[INFO ] fr.inria.astor.core.validation.junit.LaucherJUnitProcess.killProcess(LaucherJUnitProcess.java:179) - The Process that runs JUnit test cases did not terminate within waitTime of 10 seconds
[INFO ] fr.inria.astor.core.validation.junit.LaucherJUnitProcess.killProcess(LaucherJUnitProcess.java:181) - Killed the Process that runs JUnit test cases 50996
[INFO ] fr.inria.astor.core.validation.junit.LaucherJUnitProcess.killProcess(LaucherJUnitProcess.java:179) - The Process that runs JUnit test cases did not terminate within waitTime of 10 seconds
[INFO ] fr.inria.astor.core.validation.junit.LaucherJUnitProcess.killProcess(LaucherJUnitProcess.java:181) - Killed the Process that runs JUnit test cases 51359
[INFO ] fr.inria.astor.core.validation.junit.LaucherJUnitProcess.killProcess(LaucherJUnitProcess.java:179) - The Process that runs JUnit test cases did not terminate within waitTime of 10 seconds
[INFO ] fr.inria.astor.core.validation.junit.LaucherJUnitProcess.killProcess(LaucherJUnitProcess.java:181) - Killed the Process that runs JUnit test cases 52576
[INFO ] fr.inria.astor.core.validation.junit.LaucherJUnitProcess.killProcess(LaucherJUnitProcess.java:179) - The Process that runs JUnit test cases did not terminate within waitTime of 10 seconds
[INFO ] fr.inria.astor.core.validation.junit.LaucherJUnitProcess.killProcess(LaucherJUnitProcess.java:181) - Killed the Process that runs JUnit test cases 57353
[INFO ] fr.inria.astor.core.validation.junit.LaucherJUnitProcess.killProcess(LaucherJUnitProcess.java:179) - The Process that runs JUnit test cases did not terminate within waitTime of 10 seconds
[INFO ] fr.inria.astor.core.validation.junit.LaucherJUnitProcess.killProcess(LaucherJUnitProcess.java:181) - Killed the Process that runs JUnit test cases 59245
[INFO ] fr.inria.astor.core.validation.junit.LaucherJUnitProcess.killProcess(LaucherJUnitProcess.java:179) - The Process that runs JUnit test cases did not terminate within waitTime of 10 seconds
[INFO ] fr.inria.astor.core.validation.junit.LaucherJUnitProcess.killProcess(LaucherJUnitProcess.java:181) - Killed the Process that runs JUnit test cases 60013
[INFO ] fr.inria.astor.core.validation.junit.LaucherJUnitProcess.killProcess(LaucherJUnitProcess.java:179) - The Process that runs JUnit test cases did not terminate within waitTime of 10 seconds
[INFO ] fr.inria.astor.core.validation.junit.LaucherJUnitProcess.killProcess(LaucherJUnitProcess.java:181) - Killed the Process that runs JUnit test cases 69114
[INFO ] fr.inria.astor.core.validation.junit.LaucherJUnitProcess.killProcess(LaucherJUnitProcess.java:179) - The Process that runs JUnit test cases did not terminate within waitTime of 10 seconds
[INFO ] fr.inria.astor.core.validation.junit.LaucherJUnitProcess.killProcess(LaucherJUnitProcess.java:181) - Killed the Process that runs JUnit test cases 69701
[INFO ] fr.inria.astor.core.validation.junit.LaucherJUnitProcess.killProcess(LaucherJUnitProcess.java:179) - The Process that runs JUnit test cases did not terminate within waitTime of 10 seconds
[INFO ] fr.inria.astor.core.validation.junit.LaucherJUnitProcess.killProcess(LaucherJUnitProcess.java:181) - Killed the Process that runs JUnit test cases 71099
[INFO ] fr.inria.astor.core.validation.junit.LaucherJUnitProcess.killProcess(LaucherJUnitProcess.java:179) - The Process that runs JUnit test cases did not terminate within waitTime of 10 seconds
[INFO ] fr.inria.astor.core.validation.junit.LaucherJUnitProcess.killProcess(LaucherJUnitProcess.java:181) - Killed the Process that runs JUnit test cases 73171
[INFO ] fr.inria.astor.core.validation.junit.LaucherJUnitProcess.killProcess(LaucherJUnitProcess.java:179) - The Process that runs JUnit test cases did not terminate within waitTime of 10 seconds
[INFO ] fr.inria.astor.core.validation.junit.LaucherJUnitProcess.killProcess(LaucherJUnitProcess.java:181) - Killed the Process that runs JUnit test cases 78217
[INFO ] fr.inria.astor.core.validation.junit.LaucherJUnitProcess.killProcess(LaucherJUnitProcess.java:179) - The Process that runs JUnit test cases did not terminate within waitTime of 10 seconds
[INFO ] fr.inria.astor.core.validation.junit.LaucherJUnitProcess.killProcess(LaucherJUnitProcess.java:181) - Killed the Process that runs JUnit test cases 78894
[INFO ] fr.inria.astor.core.validation.junit.LaucherJUnitProcess.killProcess(LaucherJUnitProcess.java:179) - The Process that runs JUnit test cases did not terminate within waitTime of 10 seconds
[INFO ] fr.inria.astor.core.validation.junit.LaucherJUnitProcess.killProcess(LaucherJUnitProcess.java:181) - Killed the Process that runs JUnit test cases 79258
[INFO ] fr.inria.astor.core.validation.junit.LaucherJUnitProcess.killProcess(LaucherJUnitProcess.java:179) - The Process that runs JUnit test cases did not terminate within waitTime of 10 seconds
[INFO ] fr.inria.astor.core.validation.junit.LaucherJUnitProcess.killProcess(LaucherJUnitProcess.java:181) - Killed the Process that runs JUnit test cases 80611
[INFO ] fr.inria.astor.core.solutionsearch.AstorCoreEngine.belowMaxTime(AstorCoreEngine.java:278) - 
 No more time for operating
[INFO ] fr.inria.astor.core.solutionsearch.AstorCoreEngine.atEnd(AstorCoreEngine.java:170) - Time Repair Loop (s): 7205.142
[INFO ] fr.inria.astor.core.solutionsearch.AstorCoreEngine.atEnd(AstorCoreEngine.java:172) - generationsexecuted: 6489
[INFO ] fr.inria.astor.core.solutionsearch.AstorCoreEngine.printFinalStatus(AstorCoreEngine.java:247) - 
----SUMMARY_EXECUTION---
[INFO ] fr.inria.astor.core.solutionsearch.AstorCoreEngine.printFinalStatus(AstorCoreEngine.java:257) - End Repair Search: NOT Found solution
[INFO ] fr.inria.main.evolution.AstorMain.run(AstorMain.java:208) - Time Total(s): 7356.33


Node: d5371fda8774



Date: Tue Dec 17 05:35:54 EST 2019

cd /script/jGenProg_Defects4J_Math_87;
export JAVA_TOOL_OPTIONS="-Dfile.encoding=UTF8 -Duser.language=en-US -Duser.country=US -Duser.language=en";
TZ="America/New_York"; export TZ;
export PATH="/usr/lib/jvm/java-1.8.0-openjdk-amd64/bin/:$PATH";
export JAVA_HOME="/usr/lib/jvm/java-1.8.0-openjdk-amd64/bin/";
java -Xmx4048m -cp /script/libs/jtestex7.jar:/astor/target/astor-0.0.2-SNAPSHOT-jar-with-dependencies.jar fr.inria.main.evolution.AstorMain \
	-mode jgenprog \
	-location . \
	-id Math-87 \
	-failing org.apache.commons.math.optimization.linear.SimplexSolverTest \
	-jvm4testexecution /usr/lib/jvm/java-1.7.0-openjdk-amd64/bin/ \
	-jvm4evosuitetestexecution /usr/lib/jvm/java-1.7.0-openjdk-amd64/bin/ \
	-maxgen 1000000 \
	-maxtime 120 \
	-stopfirst true \
	-seed 0 \
	-scope local \
	-population 1 \
	-javacompliancelevel 5 \
	-srcjavafolder src/java/ \
	-srctestfolder src/test/ \
	-binjavafolder target/classes/ \
	-bintestfolder target/test-classes/ \
	-parameters mode:leven \
	-dependencies /script/jGenProg_Defects4J_Math_87/target/classes/:/script/jGenProg_Defects4J_Math_87/target/test-classes/:/defects4j/framework/projects/lib/junit-4.11.jar;
	echo "\n\nNode: `hostname`\n";
	echo "\n\nDate: `date`\n";

