Determine revision date.................................................... OK
Picked up JAVA_TOOL_OPTIONS: -Dfile.encoding=UTF8 -Duser.language=en-US -Duser.country=US -Duser.language=en
log4j:ERROR setFile(null,true) call failed.
java.io.FileNotFoundException:  (No such file or directory)
	at java.io.FileOutputStream.open0(Native Method)
	at java.io.FileOutputStream.open(FileOutputStream.java:270)
	at java.io.FileOutputStream.<init>(FileOutputStream.java:213)
	at java.io.FileOutputStream.<init>(FileOutputStream.java:133)
	at org.apache.log4j.FileAppender.setFile(FileAppender.java:294)
	at org.apache.log4j.RollingFileAppender.setFile(RollingFileAppender.java:207)
	at org.apache.log4j.FileAppender.activateOptions(FileAppender.java:165)
	at org.apache.log4j.config.PropertySetter.activate(PropertySetter.java:307)
	at org.apache.log4j.config.PropertySetter.setProperties(PropertySetter.java:172)
	at org.apache.log4j.config.PropertySetter.setProperties(PropertySetter.java:104)
	at org.apache.log4j.PropertyConfigurator.parseAppender(PropertyConfigurator.java:842)
	at org.apache.log4j.PropertyConfigurator.parseCategory(PropertyConfigurator.java:768)
	at org.apache.log4j.PropertyConfigurator.parseCatsAndRenderers(PropertyConfigurator.java:672)
	at org.apache.log4j.PropertyConfigurator.doConfigure(PropertyConfigurator.java:516)
	at org.apache.log4j.PropertyConfigurator.doConfigure(PropertyConfigurator.java:580)
	at org.apache.log4j.helpers.OptionConverter.selectAndConfigure(OptionConverter.java:526)
	at org.apache.log4j.LogManager.<clinit>(LogManager.java:127)
	at org.apache.log4j.Logger.getLogger(Logger.java:117)
	at fr.inria.astor.core.setup.ConfigurationProperties.<clinit>(ConfigurationProperties.java:16)
	at fr.inria.main.AbstractMain.<clinit>(AbstractMain.java:100)
2019-12-13 21:39:38,780 INFO fr.inria.astor.core.setup.ProjectConfiguration - Version of the JVM used: 1.7.0_181
2019-12-13 21:39:38,782 INFO main - Java version of the JDK used to run tests: 1.7.0_181
2019-12-13 21:39:38,782 INFO main - The compliance of the JVM is:  7
2019-12-13 21:39:38,785 INFO main - command line arguments: [-mode  jgenprog  -location  .  -id  Math-83  -failing  org.apache.commons.math.optimization.linear.SimplexSolverTest  -jvm4testexecution  /usr/lib/jvm/java-1.7.0-openjdk-amd64/bin/  -jvm4evosuitetestexecution  /usr/lib/jvm/java-1.7.0-openjdk-amd64/bin/  -maxgen  1000000  -maxtime  120  -stopfirst  true  -seed  0  -scope  package  -population  1  -javacompliancelevel  5  -srcjavafolder  src/main/java/  -srctestfolder  src/test/java/  -binjavafolder  target/classes/  -bintestfolder  target/test-classes/  -parameters  mode:leven  -dependencies  /script/jGenProg_Defects4J_Math_83/target/classes/:/script/jGenProg_Defects4J_Math_83/target/test-classes/:/defects4j/framework/projects/lib/junit-4.11.jar]
2019-12-13 21:39:38,788 INFO fr.inria.main.evolution.AstorMain - Running Astor on a JDK at /usr/lib/jvm/java-8-openjdk-amd64/jre
[INFO ] fr.inria.main.AbstractMain.determineSourceFolders(AbstractMain.java:975) - Source folders: [/script/jGenProg_Defects4J_Math_83/./src/main/java]
[INFO ] fr.inria.main.AbstractMain.determineSourceFolders(AbstractMain.java:994) - Source Test folders: [/script/jGenProg_Defects4J_Math_83/./src/test/java]
[INFO ] fr.inria.main.evolution.AstorMain.createEngine(AstorMain.java:104) - mode is Leven
[INFO ] fr.inria.astor.core.solutionsearch.AstorCoreEngine.resolveTestsToRun(AstorCoreEngine.java:1311) - Test retrieved from classes: 448
[INFO ] fr.inria.astor.core.faultlocalization.gzoltar.GZoltarFaultLocalization.calculateSuspicious(GZoltarFaultLocalization.java:74) - -Executing Gzoltar classpath: /script/jGenProg_Defects4J_Math_83/./output_astor/AstorMain-Math-83//bin//default from 448 classes with test cases
[INFO ] fr.inria.astor.core.faultlocalization.gzoltar.GZoltarFaultLocalization.searchSuspicious(GZoltarFaultLocalization.java:154) - Gzoltar fault localization: min susp value parameter: 0.1
[INFO ] fr.inria.astor.core.faultlocalization.gzoltar.GZoltarFaultLocalization.searchSuspicious(GZoltarFaultLocalization.java:174) - -gz-Adding classpath: [/script/jGenProg_Defects4J_Math_83/./output_astor/AstorMain-Math-83//bin//default, /script/jGenProg_Defects4J_Math_83/target/classes/, /script/jGenProg_Defects4J_Math_83/target/test-classes/, /defects4j/framework/projects/lib/junit-4.11.jar]
[INFO ] fr.inria.astor.core.faultlocalization.gzoltar.GZoltarFaultLocalization.searchSuspicious(GZoltarFaultLocalization.java:214) - Test failt: org.apache.commons.math.optimization.linear.SimplexSolverTest#testMath286
[INFO ] fr.inria.astor.core.faultlocalization.gzoltar.GZoltarFaultLocalization.searchSuspicious(GZoltarFaultLocalization.java:226) - Gzoltar Test Result Total:2055, fails: 1, GZoltar suspicious 16277, with positive susp 199
[INFO ] fr.inria.astor.core.faultlocalization.gzoltar.GZoltarFaultLocalization.searchSuspicious(GZoltarFaultLocalization.java:234) - nr test results 2055
[INFO ] fr.inria.astor.core.faultlocalization.gzoltar.GZoltarFaultLocalization.searchSuspicious(GZoltarFaultLocalization.java:289) - Gzoltar found: 176 with susp > 0.1, we consider: 176
[INFO ] fr.inria.astor.core.solutionsearch.AstorCoreEngine.calculateSuspicious(AstorCoreEngine.java:898) - Setting up the max to 456480 milliseconds (456 sec)
[INFO ] fr.inria.astor.core.solutionsearch.AstorCoreEngine.initPopulation(AstorCoreEngine.java:709) - 
---- Creating spoon model
[INFO ] fr.inria.astor.core.manipulation.MutationSupporter.buildSpoonModel(MutationSupporter.java:240) - Creating model,  Code location from working folder: /script/jGenProg_Defects4J_Math_83/./src/main/java
[INFO ] fr.inria.astor.core.manipulation.MutationSupporter.buildModel(MutationSupporter.java:68) - building model: /script/jGenProg_Defects4J_Math_83/./src/main/java, compliance level: 5
[INFO ] fr.inria.astor.core.manipulation.MutationSupporter.buildModel(MutationSupporter.java:82) - Classpath (Dependencies) for building SpoonModel: [/script/jGenProg_Defects4J_Math_83/target/classes/, /script/jGenProg_Defects4J_Math_83/target/test-classes/, /defects4j/framework/projects/lib/junit-4.11.jar]
[INFO ] fr.inria.astor.core.solutionsearch.AstorCoreEngine.initModel(AstorCoreEngine.java:779) - Number of CtTypes created: 388
[INFO ] fr.inria.astor.core.solutionsearch.AstorCoreEngine.initPopulation(AstorCoreEngine.java:713) - 
---- Initial suspicious size: 176
[INFO ] fr.inria.astor.core.solutionsearch.population.ProgramVariantFactory.createProgramInstance(ProgramVariantFactory.java:134) - Total suspicious from FL: 176,  164
[INFO ] fr.inria.astor.core.solutionsearch.population.ProgramVariantFactory.createProgramInstance(ProgramVariantFactory.java:143) - Total ModPoint created: 164
[INFO ] fr.inria.astor.core.solutionsearch.population.ProgramVariantFactory.createInitialPopulation(ProgramVariantFactory.java:82) - Creating program variant #1, [Variant id: 1, #gens: 164, #ops: 0, parent:-]
[INFO ] fr.inria.astor.core.solutionsearch.AstorCoreEngine.setFitnessOfPopulation(AstorCoreEngine.java:754) - The original fitness is : 1.0
[INFO ] fr.inria.astor.core.setup.ConfigurationProperties.print(ConfigurationProperties.java:66) - ----------------------------
[INFO ] fr.inria.astor.core.setup.ConfigurationProperties.print(ConfigurationProperties.java:67) - ---Configuration properties:---Execution values
[INFO ] fr.inria.astor.core.setup.ConfigurationProperties.print(ConfigurationProperties.java:69) - p:lastJUnitVersion= ./examples/libs/junit-4.11.jar
[INFO ] fr.inria.astor.core.setup.ConfigurationProperties.print(ConfigurationProperties.java:69) - p:alternativecompliancelevel= 8
[INFO ] fr.inria.astor.core.setup.ConfigurationProperties.print(ConfigurationProperties.java:69) - p:ignoredTestCases= 
[INFO ] fr.inria.astor.core.setup.ConfigurationProperties.print(ConfigurationProperties.java:69) - p:workingDirectory= /script/jGenProg_Defects4J_Math_83/./output_astor
[INFO ] fr.inria.astor.core.setup.ConfigurationProperties.print(ConfigurationProperties.java:69) - p:manipulatesuper= false
[INFO ] fr.inria.astor.core.setup.ConfigurationProperties.print(ConfigurationProperties.java:69) - p:validation= process
[INFO ] fr.inria.astor.core.setup.ConfigurationProperties.print(ConfigurationProperties.java:69) - p:jvm4testexecution= /usr/lib/jvm/java-1.7.0-openjdk-amd64/bin/
[INFO ] fr.inria.astor.core.setup.ConfigurationProperties.print(ConfigurationProperties.java:69) - p:operatorspace= irr-statements
[INFO ] fr.inria.astor.core.setup.ConfigurationProperties.print(ConfigurationProperties.java:69) - p:disablelog= false
[INFO ] fr.inria.astor.core.setup.ConfigurationProperties.print(ConfigurationProperties.java:69) - p:binjavafolder= target/classes/
[INFO ] fr.inria.astor.core.setup.ConfigurationProperties.print(ConfigurationProperties.java:69) - p:synthesis_depth= 3
[INFO ] fr.inria.astor.core.setup.ConfigurationProperties.print(ConfigurationProperties.java:69) - p:gzoltartestpackagetoexclude= junit.framework
[INFO ] fr.inria.astor.core.setup.ConfigurationProperties.print(ConfigurationProperties.java:69) - p:skipfitnessinitialpopulation= false
[INFO ] fr.inria.astor.core.setup.ConfigurationProperties.print(ConfigurationProperties.java:69) - p:evosuiteresultfolder= evosuite
[INFO ] fr.inria.astor.core.setup.ConfigurationProperties.print(ConfigurationProperties.java:69) - p:flthreshold= 0.1
[INFO ] fr.inria.astor.core.setup.ConfigurationProperties.print(ConfigurationProperties.java:69) - p:regressionforfaultlocalization= true
[INFO ] fr.inria.astor.core.setup.ConfigurationProperties.print(ConfigurationProperties.java:69) - p:collectonlyusedmethod= false
[INFO ] fr.inria.astor.core.setup.ConfigurationProperties.print(ConfigurationProperties.java:69) - p:preservelinenumbers= true
[INFO ] fr.inria.astor.core.setup.ConfigurationProperties.print(ConfigurationProperties.java:69) - p:tmax2= 456480
[INFO ] fr.inria.astor.core.setup.ConfigurationProperties.print(ConfigurationProperties.java:69) - p:tmax1= 10000
[INFO ] fr.inria.astor.core.setup.ConfigurationProperties.print(ConfigurationProperties.java:69) - p:probagenmutation= false
[INFO ] fr.inria.astor.core.setup.ConfigurationProperties.print(ConfigurationProperties.java:69) - p:nomodificationconvergence= 100
[INFO ] fr.inria.astor.core.setup.ConfigurationProperties.print(ConfigurationProperties.java:69) - p:diff_type= relative
[INFO ] fr.inria.astor.core.setup.ConfigurationProperties.print(ConfigurationProperties.java:69) - p:targetelementprocessor= statements
[INFO ] fr.inria.astor.core.setup.ConfigurationProperties.print(ConfigurationProperties.java:69) - p:srctestfolder= src/test/java/
[INFO ] fr.inria.astor.core.setup.ConfigurationProperties.print(ConfigurationProperties.java:69) - p:forceExecuteRegression= false
[INFO ] fr.inria.astor.core.setup.ConfigurationProperties.print(ConfigurationProperties.java:69) - p:clusteringfilename= clustering.csv
[INFO ] fr.inria.astor.core.setup.ConfigurationProperties.print(ConfigurationProperties.java:69) - p:failing= org.apache.commons.math.optimization.linear.SimplexSolverTest
[INFO ] fr.inria.astor.core.setup.ConfigurationProperties.print(ConfigurationProperties.java:69) - p:logtestexecution= false
[INFO ] fr.inria.astor.core.setup.ConfigurationProperties.print(ConfigurationProperties.java:69) - p:evo_buggy_class= true
[INFO ] fr.inria.astor.core.setup.ConfigurationProperties.print(ConfigurationProperties.java:69) - p:numberExecutions= 1
[INFO ] fr.inria.astor.core.setup.ConfigurationProperties.print(ConfigurationProperties.java:69) - p:maxnumbersolutions= 1000000
[INFO ] fr.inria.astor.core.setup.ConfigurationProperties.print(ConfigurationProperties.java:69) - p:evo_affected_by_op= true
[INFO ] fr.inria.astor.core.setup.ConfigurationProperties.print(ConfigurationProperties.java:69) - p:population= 1
[INFO ] fr.inria.astor.core.setup.ConfigurationProperties.print(ConfigurationProperties.java:69) - p:considerzerovaluesusp= false
[INFO ] fr.inria.astor.core.setup.ConfigurationProperties.print(ConfigurationProperties.java:69) - p:maxCombinationVariableLimit= false
[INFO ] fr.inria.astor.core.setup.ConfigurationProperties.print(ConfigurationProperties.java:69) - p:loglevel= INFO
[INFO ] fr.inria.astor.core.setup.ConfigurationProperties.print(ConfigurationProperties.java:69) - p:savesolution= true
[INFO ] fr.inria.astor.core.setup.ConfigurationProperties.print(ConfigurationProperties.java:69) - p:javacompliancelevel= 5
[INFO ] fr.inria.astor.core.setup.ConfigurationProperties.print(ConfigurationProperties.java:69) - p:uniqueoptogen= false
[INFO ] fr.inria.astor.core.setup.ConfigurationProperties.print(ConfigurationProperties.java:69) - p:gzoltarpackagetonotinstrument= junit.framework
[INFO ] fr.inria.astor.core.setup.ConfigurationProperties.print(ConfigurationProperties.java:69) - p:projectIdentifier= Math-83
[INFO ] fr.inria.astor.core.setup.ConfigurationProperties.print(ConfigurationProperties.java:69) - p:modificationpointnavigation= weight
[INFO ] fr.inria.astor.core.setup.ConfigurationProperties.print(ConfigurationProperties.java:69) - p:stopfirst= true
[INFO ] fr.inria.astor.core.setup.ConfigurationProperties.print(ConfigurationProperties.java:69) - p:multipointmodification= false
[INFO ] fr.inria.astor.core.setup.ConfigurationProperties.print(ConfigurationProperties.java:69) - p:elementsToMutate= 10
[INFO ] fr.inria.astor.core.setup.ConfigurationProperties.print(ConfigurationProperties.java:69) - p:jsonoutputname= astor_output
[INFO ] fr.inria.astor.core.setup.ConfigurationProperties.print(ConfigurationProperties.java:69) - p:evoDSE= false
[INFO ] fr.inria.astor.core.setup.ConfigurationProperties.print(ConfigurationProperties.java:69) - p:bintestfolder= target/test-classes/
[INFO ] fr.inria.astor.core.setup.ConfigurationProperties.print(ConfigurationProperties.java:69) - p:testbystep= false
[INFO ] fr.inria.astor.core.setup.ConfigurationProperties.print(ConfigurationProperties.java:69) - p:version-location= ./math-version/
[INFO ] fr.inria.astor.core.setup.ConfigurationProperties.print(ConfigurationProperties.java:69) - p:reintroduce= PARENTS:ORIGINAL
[INFO ] fr.inria.astor.core.setup.ConfigurationProperties.print(ConfigurationProperties.java:69) - p:executorjar= ./lib/jtestex7.jar
[INFO ] fr.inria.astor.core.setup.ConfigurationProperties.print(ConfigurationProperties.java:69) - p:maxGeneration= 1000000
[INFO ] fr.inria.astor.core.setup.ConfigurationProperties.print(ConfigurationProperties.java:69) - p:max_synthesis_step= 10000
[INFO ] fr.inria.astor.core.setup.ConfigurationProperties.print(ConfigurationProperties.java:69) - p:projectinfocommand= com.github.tdurieux:project-config-maven-plugin:info
[INFO ] fr.inria.astor.core.setup.ConfigurationProperties.print(ConfigurationProperties.java:69) - p:maxVarCombination= 1000
[INFO ] fr.inria.astor.core.setup.ConfigurationProperties.print(ConfigurationProperties.java:69) - p:maxtime= 120
[INFO ] fr.inria.astor.core.setup.ConfigurationProperties.print(ConfigurationProperties.java:69) - p:evosuitejar= ./lib/evosuite-master-1.0.4-SNAPSHOT.jar
[INFO ] fr.inria.astor.core.setup.ConfigurationProperties.print(ConfigurationProperties.java:69) - p:jvmversion= 1.7.0_181
[INFO ] fr.inria.astor.core.setup.ConfigurationProperties.print(ConfigurationProperties.java:69) - p:commandTrunk= 50000
[INFO ] fr.inria.astor.core.setup.ConfigurationProperties.print(ConfigurationProperties.java:69) - p:faultlocalization= gzoltar
[INFO ] fr.inria.astor.core.setup.ConfigurationProperties.print(ConfigurationProperties.java:69) - p:resetmodel= true
[INFO ] fr.inria.astor.core.setup.ConfigurationProperties.print(ConfigurationProperties.java:69) - p:maxsuspcandidates= 1000
[INFO ] fr.inria.astor.core.setup.ConfigurationProperties.print(ConfigurationProperties.java:69) - p:mode= leven
[INFO ] fr.inria.astor.core.setup.ConfigurationProperties.print(ConfigurationProperties.java:69) - p:learningdir= 
[INFO ] fr.inria.astor.core.setup.ConfigurationProperties.print(ConfigurationProperties.java:69) - p:jvm4evosuitetestexecution= /usr/lib/jvm/java-1.7.0-openjdk-amd64/bin/
[INFO ] fr.inria.astor.core.setup.ConfigurationProperties.print(ConfigurationProperties.java:69) - p:filterfaultlocalization= true
[INFO ] fr.inria.astor.core.setup.ConfigurationProperties.print(ConfigurationProperties.java:69) - p:mutationrate= 1 
[INFO ] fr.inria.astor.core.setup.ConfigurationProperties.print(ConfigurationProperties.java:69) - p:pathToMVNRepository= 
[INFO ] fr.inria.astor.core.setup.ConfigurationProperties.print(ConfigurationProperties.java:69) - p:resourcesfolder= /src/main/resources:/src/test/resources:
[INFO ] fr.inria.astor.core.setup.ConfigurationProperties.print(ConfigurationProperties.java:69) - p:timezone= America/Los_Angeles
[INFO ] fr.inria.astor.core.setup.ConfigurationProperties.print(ConfigurationProperties.java:69) - p:runjava7code= false
[INFO ] fr.inria.astor.core.setup.ConfigurationProperties.print(ConfigurationProperties.java:69) - p:evoRunOnBuggyClass= true
[INFO ] fr.inria.astor.core.setup.ConfigurationProperties.print(ConfigurationProperties.java:69) - p:compiler= fr.inria.astor.core.manipulation.bytecode.compiler.SpoonClassCompiler
[INFO ] fr.inria.astor.core.setup.ConfigurationProperties.print(ConfigurationProperties.java:69) - p:limitbysuspicious= true
[INFO ] fr.inria.astor.core.setup.ConfigurationProperties.print(ConfigurationProperties.java:69) - p:logsattemps= true
[INFO ] fr.inria.astor.core.setup.ConfigurationProperties.print(ConfigurationProperties.java:69) - p:dependenciespath= /script/jGenProg_Defects4J_Math_83/target/classes/:/script/jGenProg_Defects4J_Math_83/target/test-classes/:/defects4j/framework/projects/lib/junit-4.11.jar
[INFO ] fr.inria.astor.core.setup.ConfigurationProperties.print(ConfigurationProperties.java:69) - p:logpatternlayout= [%-5p] %l - %m%n
[INFO ] fr.inria.astor.core.setup.ConfigurationProperties.print(ConfigurationProperties.java:69) - p:packageToInstrument= 
[INFO ] fr.inria.astor.core.setup.ConfigurationProperties.print(ConfigurationProperties.java:69) - p:skipfaultlocalization= false
[INFO ] fr.inria.astor.core.setup.ConfigurationProperties.print(ConfigurationProperties.java:69) - p:scope= package
[INFO ] fr.inria.astor.core.setup.ConfigurationProperties.print(ConfigurationProperties.java:69) - p:transformingredient= false
[INFO ] fr.inria.astor.core.setup.ConfigurationProperties.print(ConfigurationProperties.java:69) - p:fitnessfunction= fr.inria.astor.core.solutionsearch.population.TestCaseFitnessFunction
[INFO ] fr.inria.astor.core.setup.ConfigurationProperties.print(ConfigurationProperties.java:69) - p:maxnumvariablesperingredient= 10
[INFO ] fr.inria.astor.core.setup.ConfigurationProperties.print(ConfigurationProperties.java:69) - p:parsesourcefromoriginal= true
[INFO ] fr.inria.astor.core.setup.ConfigurationProperties.print(ConfigurationProperties.java:69) - p:pvariantfoldername= variant-
[INFO ] fr.inria.astor.core.setup.ConfigurationProperties.print(ConfigurationProperties.java:69) - p:savespoonmodelondisk= false
[INFO ] fr.inria.astor.core.setup.ConfigurationProperties.print(ConfigurationProperties.java:69) - p:srcjavafolder= src/main/java/
[INFO ] fr.inria.astor.core.setup.ConfigurationProperties.print(ConfigurationProperties.java:69) - p:populationcontroller= fr.inria.astor.core.solutionsearch.population.TestCaseBasedFitnessPopulationController
[INFO ] fr.inria.astor.core.setup.ConfigurationProperties.print(ConfigurationProperties.java:69) - p:ignoreflakyinfl= false
[INFO ] fr.inria.astor.core.setup.ConfigurationProperties.print(ConfigurationProperties.java:69) - p:cleantemplates= true
[INFO ] fr.inria.astor.core.setup.ConfigurationProperties.print(ConfigurationProperties.java:69) - p:applyCrossover= false
[INFO ] fr.inria.astor.core.setup.ConfigurationProperties.print(ConfigurationProperties.java:69) - p:maxmodificationpoints= 1000
[INFO ] fr.inria.astor.core.setup.ConfigurationProperties.print(ConfigurationProperties.java:69) - p:duplicateingredientsinspace= false
[INFO ] fr.inria.astor.core.setup.ConfigurationProperties.print(ConfigurationProperties.java:69) - p:metid= 0
[INFO ] fr.inria.astor.core.setup.ConfigurationProperties.print(ConfigurationProperties.java:69) - p:continuewhenmodelfail= true
[INFO ] fr.inria.astor.core.setup.ConfigurationProperties.print(ConfigurationProperties.java:69) - p:saveall= false
[INFO ] fr.inria.astor.core.setup.ConfigurationProperties.print(ConfigurationProperties.java:69) - p:seed= 0
[INFO ] fr.inria.astor.core.setup.ConfigurationProperties.print(ConfigurationProperties.java:69) - p:savecompletepatched= true
[INFO ] fr.inria.astor.core.setup.ConfigurationProperties.print(ConfigurationProperties.java:69) - p:resetoperations= false
[INFO ] fr.inria.astor.core.setup.ConfigurationProperties.print(ConfigurationProperties.java:69) - p:processoutputinfile= false
[INFO ] fr.inria.astor.core.setup.ConfigurationProperties.print(ConfigurationProperties.java:69) - p:location= .
[INFO ] fr.inria.astor.core.setup.ConfigurationProperties.print(ConfigurationProperties.java:69) - p:probabilistictransformation= true
[INFO ] fr.inria.astor.core.setup.ConfigurationProperties.print(ConfigurationProperties.java:69) - p:overridemaxtime= true
[INFO ] fr.inria.astor.core.setup.ConfigurationProperties.print(ConfigurationProperties.java:69) - p:outputjsonresult= false
[INFO ] fr.inria.astor.core.setup.ConfigurationProperties.print(ConfigurationProperties.java:69) - p:allpoints= false
[INFO ] fr.inria.astor.core.setup.ConfigurationProperties.print(ConfigurationProperties.java:69) - p:bugId= 280
[INFO ] fr.inria.astor.core.setup.ConfigurationProperties.print(ConfigurationProperties.java:69) - p:evosuitetimeout= 120
[INFO ] fr.inria.astor.core.setup.ConfigurationProperties.print(ConfigurationProperties.java:69) - p:maxtimefactor= 10
[INFO ] fr.inria.astor.core.setup.ConfigurationProperties.print(ConfigurationProperties.java:69) - p:nrPlaceholders= 1
[INFO ] fr.inria.astor.core.setup.ConfigurationProperties.print(ConfigurationProperties.java:69) - p:forcesubprocesskilling= true
[INFO ] fr.inria.astor.core.setup.ConfigurationProperties.print(ConfigurationProperties.java:71) - ----------------------------
[INFO ] fr.inria.astor.core.solutionsearch.EvolutionarySearchEngine.startEvolution(EvolutionarySearchEngine.java:40) - 
----Starting Solution Search
[INFO ] fr.inria.astor.core.validation.junit.LaucherJUnitProcess.killProcess(LaucherJUnitProcess.java:179) - The Process that runs JUnit test cases did not terminate within waitTime of 10 seconds
[INFO ] fr.inria.astor.core.validation.junit.LaucherJUnitProcess.killProcess(LaucherJUnitProcess.java:181) - Killed the Process that runs JUnit test cases 1830
[INFO ] fr.inria.astor.core.validation.junit.LaucherJUnitProcess.killProcess(LaucherJUnitProcess.java:179) - The Process that runs JUnit test cases did not terminate within waitTime of 10 seconds
[INFO ] fr.inria.astor.core.validation.junit.LaucherJUnitProcess.killProcess(LaucherJUnitProcess.java:181) - Killed the Process that runs JUnit test cases 2372
[INFO ] fr.inria.astor.core.validation.junit.LaucherJUnitProcess.killProcess(LaucherJUnitProcess.java:179) - The Process that runs JUnit test cases did not terminate within waitTime of 10 seconds
[INFO ] fr.inria.astor.core.validation.junit.LaucherJUnitProcess.killProcess(LaucherJUnitProcess.java:181) - Killed the Process that runs JUnit test cases 3139
[INFO ] fr.inria.astor.core.validation.junit.LaucherJUnitProcess.killProcess(LaucherJUnitProcess.java:179) - The Process that runs JUnit test cases did not terminate within waitTime of 10 seconds
[INFO ] fr.inria.astor.core.validation.junit.LaucherJUnitProcess.killProcess(LaucherJUnitProcess.java:181) - Killed the Process that runs JUnit test cases 4086
[INFO ] fr.inria.astor.core.validation.junit.LaucherJUnitProcess.killProcess(LaucherJUnitProcess.java:179) - The Process that runs JUnit test cases did not terminate within waitTime of 10 seconds
[INFO ] fr.inria.astor.core.validation.junit.LaucherJUnitProcess.killProcess(LaucherJUnitProcess.java:181) - Killed the Process that runs JUnit test cases 10433
[INFO ] fr.inria.astor.core.validation.junit.LaucherJUnitProcess.killProcess(LaucherJUnitProcess.java:179) - The Process that runs JUnit test cases did not terminate within waitTime of 10 seconds
[INFO ] fr.inria.astor.core.validation.junit.LaucherJUnitProcess.killProcess(LaucherJUnitProcess.java:181) - Killed the Process that runs JUnit test cases 11335
[INFO ] fr.inria.astor.core.validation.junit.LaucherJUnitProcess.killProcess(LaucherJUnitProcess.java:179) - The Process that runs JUnit test cases did not terminate within waitTime of 10 seconds
[INFO ] fr.inria.astor.core.validation.junit.LaucherJUnitProcess.killProcess(LaucherJUnitProcess.java:181) - Killed the Process that runs JUnit test cases 12192
[INFO ] fr.inria.astor.core.validation.junit.LaucherJUnitProcess.killProcess(LaucherJUnitProcess.java:179) - The Process that runs JUnit test cases did not terminate within waitTime of 10 seconds
[INFO ] fr.inria.astor.core.validation.junit.LaucherJUnitProcess.killProcess(LaucherJUnitProcess.java:181) - Killed the Process that runs JUnit test cases 12374
[INFO ] fr.inria.astor.core.validation.junit.LaucherJUnitProcess.killProcess(LaucherJUnitProcess.java:179) - The Process that runs JUnit test cases did not terminate within waitTime of 10 seconds
[INFO ] fr.inria.astor.core.validation.junit.LaucherJUnitProcess.killProcess(LaucherJUnitProcess.java:181) - Killed the Process that runs JUnit test cases 13366
[INFO ] fr.inria.astor.core.validation.junit.LaucherJUnitProcess.killProcess(LaucherJUnitProcess.java:179) - The Process that runs JUnit test cases did not terminate within waitTime of 10 seconds
[INFO ] fr.inria.astor.core.validation.junit.LaucherJUnitProcess.killProcess(LaucherJUnitProcess.java:181) - Killed the Process that runs JUnit test cases 16068
[INFO ] fr.inria.astor.core.validation.junit.LaucherJUnitProcess.killProcess(LaucherJUnitProcess.java:179) - The Process that runs JUnit test cases did not terminate within waitTime of 10 seconds
[INFO ] fr.inria.astor.core.validation.junit.LaucherJUnitProcess.killProcess(LaucherJUnitProcess.java:181) - Killed the Process that runs JUnit test cases 18005
[INFO ] fr.inria.astor.core.validation.junit.LaucherJUnitProcess.killProcess(LaucherJUnitProcess.java:179) - The Process that runs JUnit test cases did not terminate within waitTime of 10 seconds
[INFO ] fr.inria.astor.core.validation.junit.LaucherJUnitProcess.killProcess(LaucherJUnitProcess.java:181) - Killed the Process that runs JUnit test cases 19717
[INFO ] fr.inria.astor.core.validation.junit.LaucherJUnitProcess.killProcess(LaucherJUnitProcess.java:179) - The Process that runs JUnit test cases did not terminate within waitTime of 10 seconds
[INFO ] fr.inria.astor.core.validation.junit.LaucherJUnitProcess.killProcess(LaucherJUnitProcess.java:181) - Killed the Process that runs JUnit test cases 19764
[INFO ] fr.inria.astor.core.validation.junit.LaucherJUnitProcess.killProcess(LaucherJUnitProcess.java:179) - The Process that runs JUnit test cases did not terminate within waitTime of 10 seconds
[INFO ] fr.inria.astor.core.validation.junit.LaucherJUnitProcess.killProcess(LaucherJUnitProcess.java:181) - Killed the Process that runs JUnit test cases 22151
[INFO ] fr.inria.astor.core.validation.junit.LaucherJUnitProcess.killProcess(LaucherJUnitProcess.java:179) - The Process that runs JUnit test cases did not terminate within waitTime of 10 seconds
[INFO ] fr.inria.astor.core.validation.junit.LaucherJUnitProcess.killProcess(LaucherJUnitProcess.java:181) - Killed the Process that runs JUnit test cases 23233
[INFO ] fr.inria.astor.core.validation.junit.LaucherJUnitProcess.killProcess(LaucherJUnitProcess.java:179) - The Process that runs JUnit test cases did not terminate within waitTime of 10 seconds
[INFO ] fr.inria.astor.core.validation.junit.LaucherJUnitProcess.killProcess(LaucherJUnitProcess.java:181) - Killed the Process that runs JUnit test cases 25485
[INFO ] fr.inria.astor.core.validation.junit.LaucherJUnitProcess.killProcess(LaucherJUnitProcess.java:179) - The Process that runs JUnit test cases did not terminate within waitTime of 10 seconds
[INFO ] fr.inria.astor.core.validation.junit.LaucherJUnitProcess.killProcess(LaucherJUnitProcess.java:181) - Killed the Process that runs JUnit test cases 26162
[INFO ] fr.inria.astor.core.validation.junit.LaucherJUnitProcess.killProcess(LaucherJUnitProcess.java:179) - The Process that runs JUnit test cases did not terminate within waitTime of 10 seconds
[INFO ] fr.inria.astor.core.validation.junit.LaucherJUnitProcess.killProcess(LaucherJUnitProcess.java:181) - Killed the Process that runs JUnit test cases 26389
[INFO ] fr.inria.astor.core.validation.junit.LaucherJUnitProcess.killProcess(LaucherJUnitProcess.java:179) - The Process that runs JUnit test cases did not terminate within waitTime of 10 seconds
[INFO ] fr.inria.astor.core.validation.junit.LaucherJUnitProcess.killProcess(LaucherJUnitProcess.java:181) - Killed the Process that runs JUnit test cases 26481
[INFO ] fr.inria.astor.core.validation.junit.LaucherJUnitProcess.killProcess(LaucherJUnitProcess.java:179) - The Process that runs JUnit test cases did not terminate within waitTime of 10 seconds
[INFO ] fr.inria.astor.core.validation.junit.LaucherJUnitProcess.killProcess(LaucherJUnitProcess.java:181) - Killed the Process that runs JUnit test cases 28373
[INFO ] fr.inria.astor.core.validation.junit.LaucherJUnitProcess.killProcess(LaucherJUnitProcess.java:179) - The Process that runs JUnit test cases did not terminate within waitTime of 10 seconds
[INFO ] fr.inria.astor.core.validation.junit.LaucherJUnitProcess.killProcess(LaucherJUnitProcess.java:181) - Killed the Process that runs JUnit test cases 35530
[INFO ] fr.inria.astor.core.validation.junit.LaucherJUnitProcess.killProcess(LaucherJUnitProcess.java:179) - The Process that runs JUnit test cases did not terminate within waitTime of 10 seconds
[INFO ] fr.inria.astor.core.validation.junit.LaucherJUnitProcess.killProcess(LaucherJUnitProcess.java:181) - Killed the Process that runs JUnit test cases 37287
[INFO ] fr.inria.astor.core.validation.junit.LaucherJUnitProcess.killProcess(LaucherJUnitProcess.java:179) - The Process that runs JUnit test cases did not terminate within waitTime of 10 seconds
[INFO ] fr.inria.astor.core.validation.junit.LaucherJUnitProcess.killProcess(LaucherJUnitProcess.java:181) - Killed the Process that runs JUnit test cases 37379
[INFO ] fr.inria.astor.core.validation.junit.LaucherJUnitProcess.killProcess(LaucherJUnitProcess.java:179) - The Process that runs JUnit test cases did not terminate within waitTime of 10 seconds
[INFO ] fr.inria.astor.core.validation.junit.LaucherJUnitProcess.killProcess(LaucherJUnitProcess.java:181) - Killed the Process that runs JUnit test cases 38236
[INFO ] fr.inria.astor.core.validation.junit.LaucherJUnitProcess.killProcess(LaucherJUnitProcess.java:179) - The Process that runs JUnit test cases did not terminate within waitTime of 10 seconds
[INFO ] fr.inria.astor.core.validation.junit.LaucherJUnitProcess.killProcess(LaucherJUnitProcess.java:181) - Killed the Process that runs JUnit test cases 40668
[INFO ] fr.inria.astor.core.validation.junit.LaucherJUnitProcess.killProcess(LaucherJUnitProcess.java:179) - The Process that runs JUnit test cases did not terminate within waitTime of 10 seconds
[INFO ] fr.inria.astor.core.validation.junit.LaucherJUnitProcess.killProcess(LaucherJUnitProcess.java:181) - Killed the Process that runs JUnit test cases 42695
[INFO ] fr.inria.astor.core.validation.junit.LaucherJUnitProcess.killProcess(LaucherJUnitProcess.java:179) - The Process that runs JUnit test cases did not terminate within waitTime of 10 seconds
[INFO ] fr.inria.astor.core.validation.junit.LaucherJUnitProcess.killProcess(LaucherJUnitProcess.java:181) - Killed the Process that runs JUnit test cases 44272
[INFO ] fr.inria.astor.core.validation.junit.LaucherJUnitProcess.killProcess(LaucherJUnitProcess.java:179) - The Process that runs JUnit test cases did not terminate within waitTime of 10 seconds
[INFO ] fr.inria.astor.core.validation.junit.LaucherJUnitProcess.killProcess(LaucherJUnitProcess.java:181) - Killed the Process that runs JUnit test cases 45759
[INFO ] fr.inria.astor.core.validation.junit.LaucherJUnitProcess.killProcess(LaucherJUnitProcess.java:179) - The Process that runs JUnit test cases did not terminate within waitTime of 10 seconds
[INFO ] fr.inria.astor.core.validation.junit.LaucherJUnitProcess.killProcess(LaucherJUnitProcess.java:181) - Killed the Process that runs JUnit test cases 46571
[INFO ] fr.inria.astor.core.validation.junit.LaucherJUnitProcess.killProcess(LaucherJUnitProcess.java:179) - The Process that runs JUnit test cases did not terminate within waitTime of 10 seconds
[INFO ] fr.inria.astor.core.validation.junit.LaucherJUnitProcess.killProcess(LaucherJUnitProcess.java:181) - Killed the Process that runs JUnit test cases 48733
[INFO ] fr.inria.astor.core.validation.junit.LaucherJUnitProcess.killProcess(LaucherJUnitProcess.java:179) - The Process that runs JUnit test cases did not terminate within waitTime of 10 seconds
[INFO ] fr.inria.astor.core.validation.junit.LaucherJUnitProcess.killProcess(LaucherJUnitProcess.java:181) - Killed the Process that runs JUnit test cases 49275
[INFO ] fr.inria.astor.core.validation.junit.LaucherJUnitProcess.killProcess(LaucherJUnitProcess.java:179) - The Process that runs JUnit test cases did not terminate within waitTime of 10 seconds
[INFO ] fr.inria.astor.core.validation.junit.LaucherJUnitProcess.killProcess(LaucherJUnitProcess.java:181) - Killed the Process that runs JUnit test cases 51662
[INFO ] fr.inria.astor.core.validation.junit.LaucherJUnitProcess.killProcess(LaucherJUnitProcess.java:179) - The Process that runs JUnit test cases did not terminate within waitTime of 10 seconds
[INFO ] fr.inria.astor.core.validation.junit.LaucherJUnitProcess.killProcess(LaucherJUnitProcess.java:181) - Killed the Process that runs JUnit test cases 52384
[INFO ] fr.inria.astor.core.validation.junit.LaucherJUnitProcess.killProcess(LaucherJUnitProcess.java:179) - The Process that runs JUnit test cases did not terminate within waitTime of 10 seconds
[INFO ] fr.inria.astor.core.validation.junit.LaucherJUnitProcess.killProcess(LaucherJUnitProcess.java:181) - Killed the Process that runs JUnit test cases 52656
[INFO ] fr.inria.astor.core.validation.junit.LaucherJUnitProcess.killProcess(LaucherJUnitProcess.java:179) - The Process that runs JUnit test cases did not terminate within waitTime of 10 seconds
[INFO ] fr.inria.astor.core.validation.junit.LaucherJUnitProcess.killProcess(LaucherJUnitProcess.java:181) - Killed the Process that runs JUnit test cases 53963
[INFO ] fr.inria.astor.core.validation.junit.LaucherJUnitProcess.killProcess(LaucherJUnitProcess.java:179) - The Process that runs JUnit test cases did not terminate within waitTime of 10 seconds
[INFO ] fr.inria.astor.core.validation.junit.LaucherJUnitProcess.killProcess(LaucherJUnitProcess.java:181) - Killed the Process that runs JUnit test cases 54775
[INFO ] fr.inria.astor.core.validation.junit.LaucherJUnitProcess.killProcess(LaucherJUnitProcess.java:179) - The Process that runs JUnit test cases did not terminate within waitTime of 10 seconds
[INFO ] fr.inria.astor.core.validation.junit.LaucherJUnitProcess.killProcess(LaucherJUnitProcess.java:181) - Killed the Process that runs JUnit test cases 55227
[INFO ] fr.inria.astor.core.validation.junit.LaucherJUnitProcess.killProcess(LaucherJUnitProcess.java:179) - The Process that runs JUnit test cases did not terminate within waitTime of 10 seconds
[INFO ] fr.inria.astor.core.validation.junit.LaucherJUnitProcess.killProcess(LaucherJUnitProcess.java:181) - Killed the Process that runs JUnit test cases 55544
[INFO ] fr.inria.astor.core.validation.junit.LaucherJUnitProcess.killProcess(LaucherJUnitProcess.java:179) - The Process that runs JUnit test cases did not terminate within waitTime of 10 seconds
[INFO ] fr.inria.astor.core.validation.junit.LaucherJUnitProcess.killProcess(LaucherJUnitProcess.java:181) - Killed the Process that runs JUnit test cases 55816
[INFO ] fr.inria.astor.core.validation.junit.LaucherJUnitProcess.killProcess(LaucherJUnitProcess.java:179) - The Process that runs JUnit test cases did not terminate within waitTime of 10 seconds
[INFO ] fr.inria.astor.core.validation.junit.LaucherJUnitProcess.killProcess(LaucherJUnitProcess.java:181) - Killed the Process that runs JUnit test cases 56898
[INFO ] fr.inria.astor.core.validation.junit.LaucherJUnitProcess.killProcess(LaucherJUnitProcess.java:179) - The Process that runs JUnit test cases did not terminate within waitTime of 10 seconds
[INFO ] fr.inria.astor.core.validation.junit.LaucherJUnitProcess.killProcess(LaucherJUnitProcess.java:181) - Killed the Process that runs JUnit test cases 58070
[INFO ] fr.inria.astor.core.validation.junit.LaucherJUnitProcess.killProcess(LaucherJUnitProcess.java:179) - The Process that runs JUnit test cases did not terminate within waitTime of 10 seconds
[INFO ] fr.inria.astor.core.validation.junit.LaucherJUnitProcess.killProcess(LaucherJUnitProcess.java:181) - Killed the Process that runs JUnit test cases 58252
[INFO ] fr.inria.astor.core.validation.junit.LaucherJUnitProcess.killProcess(LaucherJUnitProcess.java:179) - The Process that runs JUnit test cases did not terminate within waitTime of 10 seconds
[INFO ] fr.inria.astor.core.validation.junit.LaucherJUnitProcess.killProcess(LaucherJUnitProcess.java:181) - Killed the Process that runs JUnit test cases 58569
[INFO ] fr.inria.astor.core.validation.junit.LaucherJUnitProcess.killProcess(LaucherJUnitProcess.java:179) - The Process that runs JUnit test cases did not terminate within waitTime of 10 seconds
[INFO ] fr.inria.astor.core.validation.junit.LaucherJUnitProcess.killProcess(LaucherJUnitProcess.java:181) - Killed the Process that runs JUnit test cases 59111
[INFO ] fr.inria.astor.core.validation.junit.LaucherJUnitProcess.killProcess(LaucherJUnitProcess.java:179) - The Process that runs JUnit test cases did not terminate within waitTime of 10 seconds
[INFO ] fr.inria.astor.core.validation.junit.LaucherJUnitProcess.killProcess(LaucherJUnitProcess.java:181) - Killed the Process that runs JUnit test cases 59923
[INFO ] fr.inria.astor.core.validation.junit.LaucherJUnitProcess.killProcess(LaucherJUnitProcess.java:179) - The Process that runs JUnit test cases did not terminate within waitTime of 10 seconds
[INFO ] fr.inria.astor.core.validation.junit.LaucherJUnitProcess.killProcess(LaucherJUnitProcess.java:181) - Killed the Process that runs JUnit test cases 61005
[INFO ] fr.inria.astor.core.validation.junit.LaucherJUnitProcess.killProcess(LaucherJUnitProcess.java:179) - The Process that runs JUnit test cases did not terminate within waitTime of 10 seconds
[INFO ] fr.inria.astor.core.validation.junit.LaucherJUnitProcess.killProcess(LaucherJUnitProcess.java:181) - Killed the Process that runs JUnit test cases 61772
[INFO ] fr.inria.astor.core.validation.junit.LaucherJUnitProcess.killProcess(LaucherJUnitProcess.java:179) - The Process that runs JUnit test cases did not terminate within waitTime of 10 seconds
[INFO ] fr.inria.astor.core.validation.junit.LaucherJUnitProcess.killProcess(LaucherJUnitProcess.java:181) - Killed the Process that runs JUnit test cases 64609
[INFO ] fr.inria.astor.core.validation.junit.LaucherJUnitProcess.killProcess(LaucherJUnitProcess.java:179) - The Process that runs JUnit test cases did not terminate within waitTime of 10 seconds
[INFO ] fr.inria.astor.core.validation.junit.LaucherJUnitProcess.killProcess(LaucherJUnitProcess.java:181) - Killed the Process that runs JUnit test cases 64791
[INFO ] fr.inria.astor.core.validation.junit.LaucherJUnitProcess.killProcess(LaucherJUnitProcess.java:179) - The Process that runs JUnit test cases did not terminate within waitTime of 10 seconds
[INFO ] fr.inria.astor.core.validation.junit.LaucherJUnitProcess.killProcess(LaucherJUnitProcess.java:181) - Killed the Process that runs JUnit test cases 66368
[INFO ] fr.inria.astor.core.validation.junit.LaucherJUnitProcess.killProcess(LaucherJUnitProcess.java:179) - The Process that runs JUnit test cases did not terminate within waitTime of 10 seconds
[INFO ] fr.inria.astor.core.validation.junit.LaucherJUnitProcess.killProcess(LaucherJUnitProcess.java:181) - Killed the Process that runs JUnit test cases 68350
[INFO ] fr.inria.astor.core.validation.junit.LaucherJUnitProcess.killProcess(LaucherJUnitProcess.java:179) - The Process that runs JUnit test cases did not terminate within waitTime of 10 seconds
[INFO ] fr.inria.astor.core.validation.junit.LaucherJUnitProcess.killProcess(LaucherJUnitProcess.java:181) - Killed the Process that runs JUnit test cases 68713
[INFO ] fr.inria.astor.core.validation.junit.LaucherJUnitProcess.killProcess(LaucherJUnitProcess.java:179) - The Process that runs JUnit test cases did not terminate within waitTime of 10 seconds
[INFO ] fr.inria.astor.core.validation.junit.LaucherJUnitProcess.killProcess(LaucherJUnitProcess.java:181) - Killed the Process that runs JUnit test cases 69075
[INFO ] fr.inria.astor.core.validation.junit.LaucherJUnitProcess.killProcess(LaucherJUnitProcess.java:179) - The Process that runs JUnit test cases did not terminate within waitTime of 10 seconds
[INFO ] fr.inria.astor.core.validation.junit.LaucherJUnitProcess.killProcess(LaucherJUnitProcess.java:181) - Killed the Process that runs JUnit test cases 70652
[INFO ] fr.inria.astor.core.validation.junit.LaucherJUnitProcess.killProcess(LaucherJUnitProcess.java:179) - The Process that runs JUnit test cases did not terminate within waitTime of 10 seconds
[INFO ] fr.inria.astor.core.validation.junit.LaucherJUnitProcess.killProcess(LaucherJUnitProcess.java:181) - Killed the Process that runs JUnit test cases 71779
[INFO ] fr.inria.astor.core.validation.junit.LaucherJUnitProcess.killProcess(LaucherJUnitProcess.java:179) - The Process that runs JUnit test cases did not terminate within waitTime of 10 seconds
[INFO ] fr.inria.astor.core.validation.junit.LaucherJUnitProcess.killProcess(LaucherJUnitProcess.java:181) - Killed the Process that runs JUnit test cases 72591
[INFO ] fr.inria.astor.core.validation.junit.LaucherJUnitProcess.killProcess(LaucherJUnitProcess.java:179) - The Process that runs JUnit test cases did not terminate within waitTime of 10 seconds
[INFO ] fr.inria.astor.core.validation.junit.LaucherJUnitProcess.killProcess(LaucherJUnitProcess.java:181) - Killed the Process that runs JUnit test cases 74168
[INFO ] fr.inria.astor.core.validation.junit.LaucherJUnitProcess.killProcess(LaucherJUnitProcess.java:179) - The Process that runs JUnit test cases did not terminate within waitTime of 10 seconds
[INFO ] fr.inria.astor.core.validation.junit.LaucherJUnitProcess.killProcess(LaucherJUnitProcess.java:181) - Killed the Process that runs JUnit test cases 74710
[INFO ] fr.inria.astor.core.validation.junit.LaucherJUnitProcess.killProcess(LaucherJUnitProcess.java:179) - The Process that runs JUnit test cases did not terminate within waitTime of 10 seconds
[INFO ] fr.inria.astor.core.validation.junit.LaucherJUnitProcess.killProcess(LaucherJUnitProcess.java:181) - Killed the Process that runs JUnit test cases 76512
[INFO ] fr.inria.astor.core.validation.junit.LaucherJUnitProcess.killProcess(LaucherJUnitProcess.java:179) - The Process that runs JUnit test cases did not terminate within waitTime of 10 seconds
[INFO ] fr.inria.astor.core.validation.junit.LaucherJUnitProcess.killProcess(LaucherJUnitProcess.java:181) - Killed the Process that runs JUnit test cases 80519
[INFO ] fr.inria.astor.core.validation.junit.LaucherJUnitProcess.killProcess(LaucherJUnitProcess.java:179) - The Process that runs JUnit test cases did not terminate within waitTime of 10 seconds
[INFO ] fr.inria.astor.core.validation.junit.LaucherJUnitProcess.killProcess(LaucherJUnitProcess.java:181) - Killed the Process that runs JUnit test cases 80881
[INFO ] fr.inria.astor.core.validation.junit.LaucherJUnitProcess.killProcess(LaucherJUnitProcess.java:179) - The Process that runs JUnit test cases did not terminate within waitTime of 10 seconds
[INFO ] fr.inria.astor.core.validation.junit.LaucherJUnitProcess.killProcess(LaucherJUnitProcess.java:181) - Killed the Process that runs JUnit test cases 82188
[INFO ] fr.inria.astor.core.validation.junit.LaucherJUnitProcess.killProcess(LaucherJUnitProcess.java:179) - The Process that runs JUnit test cases did not terminate within waitTime of 10 seconds
[INFO ] fr.inria.astor.core.validation.junit.LaucherJUnitProcess.killProcess(LaucherJUnitProcess.java:181) - Killed the Process that runs JUnit test cases 83450
[INFO ] fr.inria.astor.core.validation.junit.LaucherJUnitProcess.killProcess(LaucherJUnitProcess.java:179) - The Process that runs JUnit test cases did not terminate within waitTime of 10 seconds
[INFO ] fr.inria.astor.core.validation.junit.LaucherJUnitProcess.killProcess(LaucherJUnitProcess.java:181) - Killed the Process that runs JUnit test cases 94117
[INFO ] fr.inria.astor.core.validation.junit.LaucherJUnitProcess.killProcess(LaucherJUnitProcess.java:179) - The Process that runs JUnit test cases did not terminate within waitTime of 10 seconds
[INFO ] fr.inria.astor.core.validation.junit.LaucherJUnitProcess.killProcess(LaucherJUnitProcess.java:181) - Killed the Process that runs JUnit test cases 97494
[INFO ] fr.inria.astor.core.validation.junit.LaucherJUnitProcess.killProcess(LaucherJUnitProcess.java:179) - The Process that runs JUnit test cases did not terminate within waitTime of 10 seconds
[INFO ] fr.inria.astor.core.validation.junit.LaucherJUnitProcess.killProcess(LaucherJUnitProcess.java:181) - Killed the Process that runs JUnit test cases 1128
[INFO ] fr.inria.astor.core.validation.junit.LaucherJUnitProcess.killProcess(LaucherJUnitProcess.java:179) - The Process that runs JUnit test cases did not terminate within waitTime of 10 seconds
[INFO ] fr.inria.astor.core.validation.junit.LaucherJUnitProcess.killProcess(LaucherJUnitProcess.java:181) - Killed the Process that runs JUnit test cases 1310
[INFO ] fr.inria.astor.core.validation.junit.LaucherJUnitProcess.killProcess(LaucherJUnitProcess.java:179) - The Process that runs JUnit test cases did not terminate within waitTime of 10 seconds
[INFO ] fr.inria.astor.core.validation.junit.LaucherJUnitProcess.killProcess(LaucherJUnitProcess.java:181) - Killed the Process that runs JUnit test cases 2934
[INFO ] fr.inria.astor.core.validation.junit.LaucherJUnitProcess.killProcess(LaucherJUnitProcess.java:179) - The Process that runs JUnit test cases did not terminate within waitTime of 10 seconds
[INFO ] fr.inria.astor.core.validation.junit.LaucherJUnitProcess.killProcess(LaucherJUnitProcess.java:181) - Killed the Process that runs JUnit test cases 6583
[INFO ] fr.inria.astor.core.validation.junit.LaucherJUnitProcess.killProcess(LaucherJUnitProcess.java:179) - The Process that runs JUnit test cases did not terminate within waitTime of 10 seconds
[INFO ] fr.inria.astor.core.validation.junit.LaucherJUnitProcess.killProcess(LaucherJUnitProcess.java:181) - Killed the Process that runs JUnit test cases 10095
[INFO ] fr.inria.astor.core.validation.junit.LaucherJUnitProcess.killProcess(LaucherJUnitProcess.java:179) - The Process that runs JUnit test cases did not terminate within waitTime of 10 seconds
[INFO ] fr.inria.astor.core.validation.junit.LaucherJUnitProcess.killProcess(LaucherJUnitProcess.java:181) - Killed the Process that runs JUnit test cases 12441
[INFO ] fr.inria.astor.core.validation.junit.LaucherJUnitProcess.killProcess(LaucherJUnitProcess.java:179) - The Process that runs JUnit test cases did not terminate within waitTime of 10 seconds
[INFO ] fr.inria.astor.core.validation.junit.LaucherJUnitProcess.killProcess(LaucherJUnitProcess.java:181) - Killed the Process that runs JUnit test cases 13614
[INFO ] fr.inria.astor.core.validation.junit.LaucherJUnitProcess.killProcess(LaucherJUnitProcess.java:179) - The Process that runs JUnit test cases did not terminate within waitTime of 10 seconds
[INFO ] fr.inria.astor.core.validation.junit.LaucherJUnitProcess.killProcess(LaucherJUnitProcess.java:181) - Killed the Process that runs JUnit test cases 19423
[INFO ] fr.inria.astor.core.validation.junit.LaucherJUnitProcess.killProcess(LaucherJUnitProcess.java:179) - The Process that runs JUnit test cases did not terminate within waitTime of 10 seconds
[INFO ] fr.inria.astor.core.validation.junit.LaucherJUnitProcess.killProcess(LaucherJUnitProcess.java:181) - Killed the Process that runs JUnit test cases 20237
[INFO ] fr.inria.astor.core.validation.junit.LaucherJUnitProcess.killProcess(LaucherJUnitProcess.java:179) - The Process that runs JUnit test cases did not terminate within waitTime of 10 seconds
[INFO ] fr.inria.astor.core.validation.junit.LaucherJUnitProcess.killProcess(LaucherJUnitProcess.java:181) - Killed the Process that runs JUnit test cases 20824
[INFO ] fr.inria.astor.core.validation.junit.LaucherJUnitProcess.killProcess(LaucherJUnitProcess.java:179) - The Process that runs JUnit test cases did not terminate within waitTime of 10 seconds
[INFO ] fr.inria.astor.core.validation.junit.LaucherJUnitProcess.killProcess(LaucherJUnitProcess.java:181) - Killed the Process that runs JUnit test cases 23528
[INFO ] fr.inria.astor.core.validation.junit.LaucherJUnitProcess.killProcess(LaucherJUnitProcess.java:179) - The Process that runs JUnit test cases did not terminate within waitTime of 10 seconds
[INFO ] fr.inria.astor.core.validation.junit.LaucherJUnitProcess.killProcess(LaucherJUnitProcess.java:181) - Killed the Process that runs JUnit test cases 24565
[INFO ] fr.inria.astor.core.validation.junit.LaucherJUnitProcess.killProcess(LaucherJUnitProcess.java:179) - The Process that runs JUnit test cases did not terminate within waitTime of 10 seconds
[INFO ] fr.inria.astor.core.validation.junit.LaucherJUnitProcess.killProcess(LaucherJUnitProcess.java:181) - Killed the Process that runs JUnit test cases 26460
[INFO ] fr.inria.astor.core.validation.junit.LaucherJUnitProcess.killProcess(LaucherJUnitProcess.java:179) - The Process that runs JUnit test cases did not terminate within waitTime of 10 seconds
[INFO ] fr.inria.astor.core.validation.junit.LaucherJUnitProcess.killProcess(LaucherJUnitProcess.java:181) - Killed the Process that runs JUnit test cases 27588
[INFO ] fr.inria.astor.core.validation.junit.LaucherJUnitProcess.killProcess(LaucherJUnitProcess.java:179) - The Process that runs JUnit test cases did not terminate within waitTime of 10 seconds
[INFO ] fr.inria.astor.core.validation.junit.LaucherJUnitProcess.killProcess(LaucherJUnitProcess.java:181) - Killed the Process that runs JUnit test cases 30921
[INFO ] fr.inria.astor.core.validation.junit.LaucherJUnitProcess.killProcess(LaucherJUnitProcess.java:179) - The Process that runs JUnit test cases did not terminate within waitTime of 10 seconds
[INFO ] fr.inria.astor.core.validation.junit.LaucherJUnitProcess.killProcess(LaucherJUnitProcess.java:181) - Killed the Process that runs JUnit test cases 33578
[INFO ] fr.inria.astor.core.validation.junit.LaucherJUnitProcess.killProcess(LaucherJUnitProcess.java:179) - The Process that runs JUnit test cases did not terminate within waitTime of 10 seconds
[INFO ] fr.inria.astor.core.validation.junit.LaucherJUnitProcess.killProcess(LaucherJUnitProcess.java:181) - Killed the Process that runs JUnit test cases 34255
[INFO ] fr.inria.astor.core.validation.junit.LaucherJUnitProcess.killProcess(LaucherJUnitProcess.java:179) - The Process that runs JUnit test cases did not terminate within waitTime of 10 seconds
[INFO ] fr.inria.astor.core.validation.junit.LaucherJUnitProcess.killProcess(LaucherJUnitProcess.java:181) - Killed the Process that runs JUnit test cases 34392
[INFO ] fr.inria.astor.core.validation.junit.LaucherJUnitProcess.killProcess(LaucherJUnitProcess.java:179) - The Process that runs JUnit test cases did not terminate within waitTime of 10 seconds
[INFO ] fr.inria.astor.core.validation.junit.LaucherJUnitProcess.killProcess(LaucherJUnitProcess.java:181) - Killed the Process that runs JUnit test cases 38493
[INFO ] fr.inria.astor.core.validation.junit.LaucherJUnitProcess.killProcess(LaucherJUnitProcess.java:179) - The Process that runs JUnit test cases did not terminate within waitTime of 10 seconds
[INFO ] fr.inria.astor.core.validation.junit.LaucherJUnitProcess.killProcess(LaucherJUnitProcess.java:181) - Killed the Process that runs JUnit test cases 38540
[INFO ] fr.inria.astor.core.validation.junit.LaucherJUnitProcess.killProcess(LaucherJUnitProcess.java:179) - The Process that runs JUnit test cases did not terminate within waitTime of 10 seconds
[INFO ] fr.inria.astor.core.validation.junit.LaucherJUnitProcess.killProcess(LaucherJUnitProcess.java:181) - Killed the Process that runs JUnit test cases 39172
[INFO ] fr.inria.astor.core.validation.junit.LaucherJUnitProcess.killProcess(LaucherJUnitProcess.java:179) - The Process that runs JUnit test cases did not terminate within waitTime of 10 seconds
[INFO ] fr.inria.astor.core.validation.junit.LaucherJUnitProcess.killProcess(LaucherJUnitProcess.java:181) - Killed the Process that runs JUnit test cases 41875
[INFO ] fr.inria.astor.core.validation.junit.LaucherJUnitProcess.killProcess(LaucherJUnitProcess.java:179) - The Process that runs JUnit test cases did not terminate within waitTime of 10 seconds
[INFO ] fr.inria.astor.core.validation.junit.LaucherJUnitProcess.killProcess(LaucherJUnitProcess.java:181) - Killed the Process that runs JUnit test cases 43903
[INFO ] fr.inria.astor.core.validation.junit.LaucherJUnitProcess.killProcess(LaucherJUnitProcess.java:179) - The Process that runs JUnit test cases did not terminate within waitTime of 10 seconds
[INFO ] fr.inria.astor.core.validation.junit.LaucherJUnitProcess.killProcess(LaucherJUnitProcess.java:181) - Killed the Process that runs JUnit test cases 45706
[INFO ] fr.inria.astor.core.validation.junit.LaucherJUnitProcess.killProcess(LaucherJUnitProcess.java:179) - The Process that runs JUnit test cases did not terminate within waitTime of 10 seconds
[INFO ] fr.inria.astor.core.validation.junit.LaucherJUnitProcess.killProcess(LaucherJUnitProcess.java:181) - Killed the Process that runs JUnit test cases 51517
[INFO ] fr.inria.astor.core.validation.junit.LaucherJUnitProcess.killProcess(LaucherJUnitProcess.java:179) - The Process that runs JUnit test cases did not terminate within waitTime of 10 seconds
[INFO ] fr.inria.astor.core.validation.junit.LaucherJUnitProcess.killProcess(LaucherJUnitProcess.java:181) - Killed the Process that runs JUnit test cases 52330
[INFO ] fr.inria.astor.core.validation.junit.LaucherJUnitProcess.killProcess(LaucherJUnitProcess.java:179) - The Process that runs JUnit test cases did not terminate within waitTime of 10 seconds
[INFO ] fr.inria.astor.core.validation.junit.LaucherJUnitProcess.killProcess(LaucherJUnitProcess.java:181) - Killed the Process that runs JUnit test cases 54946
[INFO ] fr.inria.astor.core.validation.junit.LaucherJUnitProcess.killProcess(LaucherJUnitProcess.java:179) - The Process that runs JUnit test cases did not terminate within waitTime of 10 seconds
[INFO ] fr.inria.astor.core.validation.junit.LaucherJUnitProcess.killProcess(LaucherJUnitProcess.java:181) - Killed the Process that runs JUnit test cases 58464
[INFO ] fr.inria.astor.core.validation.junit.LaucherJUnitProcess.killProcess(LaucherJUnitProcess.java:179) - The Process that runs JUnit test cases did not terminate within waitTime of 10 seconds
[INFO ] fr.inria.astor.core.validation.junit.LaucherJUnitProcess.killProcess(LaucherJUnitProcess.java:181) - Killed the Process that runs JUnit test cases 62791
[INFO ] fr.inria.astor.core.validation.junit.LaucherJUnitProcess.killProcess(LaucherJUnitProcess.java:179) - The Process that runs JUnit test cases did not terminate within waitTime of 10 seconds
[INFO ] fr.inria.astor.core.validation.junit.LaucherJUnitProcess.killProcess(LaucherJUnitProcess.java:181) - Killed the Process that runs JUnit test cases 62928
[INFO ] fr.inria.astor.core.validation.junit.LaucherJUnitProcess.killProcess(LaucherJUnitProcess.java:179) - The Process that runs JUnit test cases did not terminate within waitTime of 10 seconds
[INFO ] fr.inria.astor.core.validation.junit.LaucherJUnitProcess.killProcess(LaucherJUnitProcess.java:181) - Killed the Process that runs JUnit test cases 63650
[INFO ] fr.inria.astor.core.validation.junit.LaucherJUnitProcess.killProcess(LaucherJUnitProcess.java:179) - The Process that runs JUnit test cases did not terminate within waitTime of 10 seconds
[INFO ] fr.inria.astor.core.validation.junit.LaucherJUnitProcess.killProcess(LaucherJUnitProcess.java:181) - Killed the Process that runs JUnit test cases 64643
[INFO ] fr.inria.astor.core.validation.junit.LaucherJUnitProcess.killProcess(LaucherJUnitProcess.java:179) - The Process that runs JUnit test cases did not terminate within waitTime of 10 seconds
[INFO ] fr.inria.astor.core.validation.junit.LaucherJUnitProcess.killProcess(LaucherJUnitProcess.java:181) - Killed the Process that runs JUnit test cases 67122
[INFO ] fr.inria.astor.core.validation.junit.LaucherJUnitProcess.killProcess(LaucherJUnitProcess.java:179) - The Process that runs JUnit test cases did not terminate within waitTime of 10 seconds
[INFO ] fr.inria.astor.core.validation.junit.LaucherJUnitProcess.killProcess(LaucherJUnitProcess.java:181) - Killed the Process that runs JUnit test cases 67754
[INFO ] fr.inria.astor.core.validation.junit.LaucherJUnitProcess.killProcess(LaucherJUnitProcess.java:179) - The Process that runs JUnit test cases did not terminate within waitTime of 10 seconds
[INFO ] fr.inria.astor.core.validation.junit.LaucherJUnitProcess.killProcess(LaucherJUnitProcess.java:181) - Killed the Process that runs JUnit test cases 67846
[INFO ] fr.inria.astor.core.validation.junit.LaucherJUnitProcess.killProcess(LaucherJUnitProcess.java:179) - The Process that runs JUnit test cases did not terminate within waitTime of 10 seconds
[INFO ] fr.inria.astor.core.validation.junit.LaucherJUnitProcess.killProcess(LaucherJUnitProcess.java:181) - Killed the Process that runs JUnit test cases 70957
[INFO ] fr.inria.astor.core.validation.junit.LaucherJUnitProcess.killProcess(LaucherJUnitProcess.java:179) - The Process that runs JUnit test cases did not terminate within waitTime of 10 seconds
[INFO ] fr.inria.astor.core.validation.junit.LaucherJUnitProcess.killProcess(LaucherJUnitProcess.java:181) - Killed the Process that runs JUnit test cases 71724
[INFO ] fr.inria.astor.core.validation.junit.LaucherJUnitProcess.killProcess(LaucherJUnitProcess.java:179) - The Process that runs JUnit test cases did not terminate within waitTime of 10 seconds
[INFO ] fr.inria.astor.core.validation.junit.LaucherJUnitProcess.killProcess(LaucherJUnitProcess.java:181) - Killed the Process that runs JUnit test cases 74294
[INFO ] fr.inria.astor.core.validation.junit.LaucherJUnitProcess.killProcess(LaucherJUnitProcess.java:179) - The Process that runs JUnit test cases did not terminate within waitTime of 10 seconds
[INFO ] fr.inria.astor.core.validation.junit.LaucherJUnitProcess.killProcess(LaucherJUnitProcess.java:181) - Killed the Process that runs JUnit test cases 76638
[INFO ] fr.inria.astor.core.validation.junit.LaucherJUnitProcess.killProcess(LaucherJUnitProcess.java:179) - The Process that runs JUnit test cases did not terminate within waitTime of 10 seconds
[INFO ] fr.inria.astor.core.validation.junit.LaucherJUnitProcess.killProcess(LaucherJUnitProcess.java:181) - Killed the Process that runs JUnit test cases 79610
[INFO ] fr.inria.astor.core.validation.junit.LaucherJUnitProcess.killProcess(LaucherJUnitProcess.java:179) - The Process that runs JUnit test cases did not terminate within waitTime of 10 seconds
[INFO ] fr.inria.astor.core.validation.junit.LaucherJUnitProcess.killProcess(LaucherJUnitProcess.java:181) - Killed the Process that runs JUnit test cases 80062
[INFO ] fr.inria.astor.core.validation.junit.LaucherJUnitProcess.killProcess(LaucherJUnitProcess.java:179) - The Process that runs JUnit test cases did not terminate within waitTime of 10 seconds
[INFO ] fr.inria.astor.core.validation.junit.LaucherJUnitProcess.killProcess(LaucherJUnitProcess.java:181) - Killed the Process that runs JUnit test cases 83127
[INFO ] fr.inria.astor.core.validation.junit.LaucherJUnitProcess.killProcess(LaucherJUnitProcess.java:179) - The Process that runs JUnit test cases did not terminate within waitTime of 10 seconds
[INFO ] fr.inria.astor.core.validation.junit.LaucherJUnitProcess.killProcess(LaucherJUnitProcess.java:181) - Killed the Process that runs JUnit test cases 85695
[INFO ] fr.inria.astor.core.validation.junit.LaucherJUnitProcess.killProcess(LaucherJUnitProcess.java:179) - The Process that runs JUnit test cases did not terminate within waitTime of 10 seconds
[INFO ] fr.inria.astor.core.validation.junit.LaucherJUnitProcess.killProcess(LaucherJUnitProcess.java:181) - Killed the Process that runs JUnit test cases 85832
[INFO ] fr.inria.astor.core.validation.junit.LaucherJUnitProcess.killProcess(LaucherJUnitProcess.java:179) - The Process that runs JUnit test cases did not terminate within waitTime of 10 seconds
[INFO ] fr.inria.astor.core.validation.junit.LaucherJUnitProcess.killProcess(LaucherJUnitProcess.java:181) - Killed the Process that runs JUnit test cases 86869
[INFO ] fr.inria.astor.core.validation.junit.LaucherJUnitProcess.killProcess(LaucherJUnitProcess.java:179) - The Process that runs JUnit test cases did not terminate within waitTime of 10 seconds
[INFO ] fr.inria.astor.core.validation.junit.LaucherJUnitProcess.killProcess(LaucherJUnitProcess.java:181) - Killed the Process that runs JUnit test cases 90381
[INFO ] fr.inria.astor.core.validation.junit.LaucherJUnitProcess.killProcess(LaucherJUnitProcess.java:179) - The Process that runs JUnit test cases did not terminate within waitTime of 10 seconds
[INFO ] fr.inria.astor.core.validation.junit.LaucherJUnitProcess.killProcess(LaucherJUnitProcess.java:181) - Killed the Process that runs JUnit test cases 94028
[INFO ] fr.inria.astor.core.validation.junit.LaucherJUnitProcess.killProcess(LaucherJUnitProcess.java:179) - The Process that runs JUnit test cases did not terminate within waitTime of 10 seconds
[INFO ] fr.inria.astor.core.validation.junit.LaucherJUnitProcess.killProcess(LaucherJUnitProcess.java:181) - Killed the Process that runs JUnit test cases 94661
[INFO ] fr.inria.astor.core.validation.junit.LaucherJUnitProcess.killProcess(LaucherJUnitProcess.java:179) - The Process that runs JUnit test cases did not terminate within waitTime of 10 seconds
[INFO ] fr.inria.astor.core.validation.junit.LaucherJUnitProcess.killProcess(LaucherJUnitProcess.java:181) - Killed the Process that runs JUnit test cases 95653
[INFO ] fr.inria.astor.core.validation.junit.LaucherJUnitProcess.killProcess(LaucherJUnitProcess.java:179) - The Process that runs JUnit test cases did not terminate within waitTime of 10 seconds
[INFO ] fr.inria.astor.core.validation.junit.LaucherJUnitProcess.killProcess(LaucherJUnitProcess.java:181) - Killed the Process that runs JUnit test cases 96330
[INFO ] fr.inria.astor.core.validation.junit.LaucherJUnitProcess.killProcess(LaucherJUnitProcess.java:179) - The Process that runs JUnit test cases did not terminate within waitTime of 10 seconds
[INFO ] fr.inria.astor.core.validation.junit.LaucherJUnitProcess.killProcess(LaucherJUnitProcess.java:181) - Killed the Process that runs JUnit test cases 775
[INFO ] fr.inria.astor.core.validation.junit.LaucherJUnitProcess.killProcess(LaucherJUnitProcess.java:179) - The Process that runs JUnit test cases did not terminate within waitTime of 10 seconds
[INFO ] fr.inria.astor.core.validation.junit.LaucherJUnitProcess.killProcess(LaucherJUnitProcess.java:181) - Killed the Process that runs JUnit test cases 1183
[INFO ] fr.inria.astor.core.validation.junit.LaucherJUnitProcess.killProcess(LaucherJUnitProcess.java:179) - The Process that runs JUnit test cases did not terminate within waitTime of 10 seconds
[INFO ] fr.inria.astor.core.validation.junit.LaucherJUnitProcess.killProcess(LaucherJUnitProcess.java:181) - Killed the Process that runs JUnit test cases 1321
[INFO ] fr.inria.astor.core.validation.junit.LaucherJUnitProcess.killProcess(LaucherJUnitProcess.java:179) - The Process that runs JUnit test cases did not terminate within waitTime of 10 seconds
[INFO ] fr.inria.astor.core.validation.junit.LaucherJUnitProcess.killProcess(LaucherJUnitProcess.java:181) - Killed the Process that runs JUnit test cases 1864
[INFO ] fr.inria.astor.core.validation.junit.LaucherJUnitProcess.killProcess(LaucherJUnitProcess.java:179) - The Process that runs JUnit test cases did not terminate within waitTime of 10 seconds
[INFO ] fr.inria.astor.core.validation.junit.LaucherJUnitProcess.killProcess(LaucherJUnitProcess.java:181) - Killed the Process that runs JUnit test cases 2407
[INFO ] fr.inria.astor.core.validation.junit.LaucherJUnitProcess.killProcess(LaucherJUnitProcess.java:179) - The Process that runs JUnit test cases did not terminate within waitTime of 10 seconds
[INFO ] fr.inria.astor.core.validation.junit.LaucherJUnitProcess.killProcess(LaucherJUnitProcess.java:181) - Killed the Process that runs JUnit test cases 3896
[INFO ] fr.inria.astor.core.validation.junit.LaucherJUnitProcess.killProcess(LaucherJUnitProcess.java:179) - The Process that runs JUnit test cases did not terminate within waitTime of 10 seconds
[INFO ] fr.inria.astor.core.validation.junit.LaucherJUnitProcess.killProcess(LaucherJUnitProcess.java:181) - Killed the Process that runs JUnit test cases 4439
[INFO ] fr.inria.astor.core.validation.junit.LaucherJUnitProcess.killProcess(LaucherJUnitProcess.java:179) - The Process that runs JUnit test cases did not terminate within waitTime of 10 seconds
[INFO ] fr.inria.astor.core.validation.junit.LaucherJUnitProcess.killProcess(LaucherJUnitProcess.java:181) - Killed the Process that runs JUnit test cases 7187
[INFO ] fr.inria.astor.core.validation.junit.LaucherJUnitProcess.killProcess(LaucherJUnitProcess.java:179) - The Process that runs JUnit test cases did not terminate within waitTime of 10 seconds
[INFO ] fr.inria.astor.core.validation.junit.LaucherJUnitProcess.killProcess(LaucherJUnitProcess.java:181) - Killed the Process that runs JUnit test cases 9439
[INFO ] fr.inria.astor.core.validation.junit.LaucherJUnitProcess.killProcess(LaucherJUnitProcess.java:179) - The Process that runs JUnit test cases did not terminate within waitTime of 10 seconds
[INFO ] fr.inria.astor.core.validation.junit.LaucherJUnitProcess.killProcess(LaucherJUnitProcess.java:181) - Killed the Process that runs JUnit test cases 9756
[INFO ] fr.inria.astor.core.validation.junit.LaucherJUnitProcess.killProcess(LaucherJUnitProcess.java:179) - The Process that runs JUnit test cases did not terminate within waitTime of 10 seconds
[INFO ] fr.inria.astor.core.validation.junit.LaucherJUnitProcess.killProcess(LaucherJUnitProcess.java:181) - Killed the Process that runs JUnit test cases 10525
[INFO ] fr.inria.astor.core.validation.junit.LaucherJUnitProcess.killProcess(LaucherJUnitProcess.java:179) - The Process that runs JUnit test cases did not terminate within waitTime of 10 seconds
[INFO ] fr.inria.astor.core.validation.junit.LaucherJUnitProcess.killProcess(LaucherJUnitProcess.java:181) - Killed the Process that runs JUnit test cases 14043
[INFO ] fr.inria.astor.core.validation.junit.LaucherJUnitProcess.killProcess(LaucherJUnitProcess.java:179) - The Process that runs JUnit test cases did not terminate within waitTime of 10 seconds
[INFO ] fr.inria.astor.core.validation.junit.LaucherJUnitProcess.killProcess(LaucherJUnitProcess.java:181) - Killed the Process that runs JUnit test cases 14450
[INFO ] fr.inria.astor.core.validation.junit.LaucherJUnitProcess.killProcess(LaucherJUnitProcess.java:179) - The Process that runs JUnit test cases did not terminate within waitTime of 10 seconds
[INFO ] fr.inria.astor.core.validation.junit.LaucherJUnitProcess.killProcess(LaucherJUnitProcess.java:181) - Killed the Process that runs JUnit test cases 16523
[INFO ] fr.inria.astor.core.validation.junit.LaucherJUnitProcess.killProcess(LaucherJUnitProcess.java:179) - The Process that runs JUnit test cases did not terminate within waitTime of 10 seconds
[INFO ] fr.inria.astor.core.validation.junit.LaucherJUnitProcess.killProcess(LaucherJUnitProcess.java:181) - Killed the Process that runs JUnit test cases 20805
[INFO ] fr.inria.astor.core.validation.junit.LaucherJUnitProcess.killProcess(LaucherJUnitProcess.java:179) - The Process that runs JUnit test cases did not terminate within waitTime of 10 seconds
[INFO ] fr.inria.astor.core.validation.junit.LaucherJUnitProcess.killProcess(LaucherJUnitProcess.java:181) - Killed the Process that runs JUnit test cases 23240
[INFO ] fr.inria.astor.core.validation.junit.LaucherJUnitProcess.killProcess(LaucherJUnitProcess.java:179) - The Process that runs JUnit test cases did not terminate within waitTime of 10 seconds
[INFO ] fr.inria.astor.core.validation.junit.LaucherJUnitProcess.killProcess(LaucherJUnitProcess.java:181) - Killed the Process that runs JUnit test cases 24233
[INFO ] fr.inria.astor.core.validation.junit.LaucherJUnitProcess.killProcess(LaucherJUnitProcess.java:179) - The Process that runs JUnit test cases did not terminate within waitTime of 10 seconds
[INFO ] fr.inria.astor.core.validation.junit.LaucherJUnitProcess.killProcess(LaucherJUnitProcess.java:181) - Killed the Process that runs JUnit test cases 24596
[INFO ] fr.inria.astor.core.validation.junit.LaucherJUnitProcess.killProcess(LaucherJUnitProcess.java:179) - The Process that runs JUnit test cases did not terminate within waitTime of 10 seconds
[INFO ] fr.inria.astor.core.validation.junit.LaucherJUnitProcess.killProcess(LaucherJUnitProcess.java:181) - Killed the Process that runs JUnit test cases 25814
[INFO ] fr.inria.astor.core.validation.junit.LaucherJUnitProcess.killProcess(LaucherJUnitProcess.java:179) - The Process that runs JUnit test cases did not terminate within waitTime of 10 seconds
[INFO ] fr.inria.astor.core.validation.junit.LaucherJUnitProcess.killProcess(LaucherJUnitProcess.java:181) - Killed the Process that runs JUnit test cases 28478
[INFO ] fr.inria.astor.core.validation.junit.LaucherJUnitProcess.killProcess(LaucherJUnitProcess.java:179) - The Process that runs JUnit test cases did not terminate within waitTime of 10 seconds
[INFO ] fr.inria.astor.core.validation.junit.LaucherJUnitProcess.killProcess(LaucherJUnitProcess.java:181) - Killed the Process that runs JUnit test cases 32036
[INFO ] fr.inria.astor.core.validation.junit.LaucherJUnitProcess.killProcess(LaucherJUnitProcess.java:179) - The Process that runs JUnit test cases did not terminate within waitTime of 10 seconds
[INFO ] fr.inria.astor.core.validation.junit.LaucherJUnitProcess.killProcess(LaucherJUnitProcess.java:181) - Killed the Process that runs JUnit test cases 32443
[INFO ] fr.inria.astor.core.validation.junit.LaucherJUnitProcess.killProcess(LaucherJUnitProcess.java:179) - The Process that runs JUnit test cases did not terminate within waitTime of 10 seconds
[INFO ] fr.inria.astor.core.validation.junit.LaucherJUnitProcess.killProcess(LaucherJUnitProcess.java:181) - Killed the Process that runs JUnit test cases 33570
[INFO ] fr.inria.astor.core.validation.junit.LaucherJUnitProcess.killProcess(LaucherJUnitProcess.java:179) - The Process that runs JUnit test cases did not terminate within waitTime of 10 seconds
[INFO ] fr.inria.astor.core.validation.junit.LaucherJUnitProcess.killProcess(LaucherJUnitProcess.java:181) - Killed the Process that runs JUnit test cases 49071
[INFO ] fr.inria.astor.core.validation.junit.LaucherJUnitProcess.killProcess(LaucherJUnitProcess.java:179) - The Process that runs JUnit test cases did not terminate within waitTime of 10 seconds
[INFO ] fr.inria.astor.core.validation.junit.LaucherJUnitProcess.killProcess(LaucherJUnitProcess.java:181) - Killed the Process that runs JUnit test cases 49839
[INFO ] fr.inria.astor.core.validation.junit.LaucherJUnitProcess.killProcess(LaucherJUnitProcess.java:179) - The Process that runs JUnit test cases did not terminate within waitTime of 10 seconds
[INFO ] fr.inria.astor.core.validation.junit.LaucherJUnitProcess.killProcess(LaucherJUnitProcess.java:181) - Killed the Process that runs JUnit test cases 49886
[INFO ] fr.inria.astor.core.validation.junit.LaucherJUnitProcess.killProcess(LaucherJUnitProcess.java:179) - The Process that runs JUnit test cases did not terminate within waitTime of 10 seconds
[INFO ] fr.inria.astor.core.validation.junit.LaucherJUnitProcess.killProcess(LaucherJUnitProcess.java:181) - Killed the Process that runs JUnit test cases 50608
[INFO ] fr.inria.astor.core.validation.junit.LaucherJUnitProcess.killProcess(LaucherJUnitProcess.java:179) - The Process that runs JUnit test cases did not terminate within waitTime of 10 seconds
[INFO ] fr.inria.astor.core.validation.junit.LaucherJUnitProcess.killProcess(LaucherJUnitProcess.java:181) - Killed the Process that runs JUnit test cases 55299
[INFO ] fr.inria.astor.core.validation.junit.LaucherJUnitProcess.killProcess(LaucherJUnitProcess.java:179) - The Process that runs JUnit test cases did not terminate within waitTime of 10 seconds
[INFO ] fr.inria.astor.core.validation.junit.LaucherJUnitProcess.killProcess(LaucherJUnitProcess.java:181) - Killed the Process that runs JUnit test cases 55391
[INFO ] fr.inria.astor.core.validation.junit.LaucherJUnitProcess.killProcess(LaucherJUnitProcess.java:179) - The Process that runs JUnit test cases did not terminate within waitTime of 10 seconds
[INFO ] fr.inria.astor.core.validation.junit.LaucherJUnitProcess.killProcess(LaucherJUnitProcess.java:181) - Killed the Process that runs JUnit test cases 56971
[INFO ] fr.inria.astor.core.validation.junit.LaucherJUnitProcess.killProcess(LaucherJUnitProcess.java:179) - The Process that runs JUnit test cases did not terminate within waitTime of 10 seconds
[INFO ] fr.inria.astor.core.validation.junit.LaucherJUnitProcess.killProcess(LaucherJUnitProcess.java:181) - Killed the Process that runs JUnit test cases 58325
[INFO ] fr.inria.astor.core.validation.junit.LaucherJUnitProcess.killProcess(LaucherJUnitProcess.java:179) - The Process that runs JUnit test cases did not terminate within waitTime of 10 seconds
[INFO ] fr.inria.astor.core.validation.junit.LaucherJUnitProcess.killProcess(LaucherJUnitProcess.java:181) - Killed the Process that runs JUnit test cases 58824
[INFO ] fr.inria.astor.core.validation.junit.LaucherJUnitProcess.killProcess(LaucherJUnitProcess.java:179) - The Process that runs JUnit test cases did not terminate within waitTime of 10 seconds
[INFO ] fr.inria.astor.core.validation.junit.LaucherJUnitProcess.killProcess(LaucherJUnitProcess.java:181) - Killed the Process that runs JUnit test cases 58916
[INFO ] fr.inria.astor.core.validation.junit.LaucherJUnitProcess.killProcess(LaucherJUnitProcess.java:179) - The Process that runs JUnit test cases did not terminate within waitTime of 10 seconds
[INFO ] fr.inria.astor.core.validation.junit.LaucherJUnitProcess.killProcess(LaucherJUnitProcess.java:181) - Killed the Process that runs JUnit test cases 60720
[INFO ] fr.inria.astor.core.validation.junit.LaucherJUnitProcess.killProcess(LaucherJUnitProcess.java:179) - The Process that runs JUnit test cases did not terminate within waitTime of 10 seconds
[INFO ] fr.inria.astor.core.validation.junit.LaucherJUnitProcess.killProcess(LaucherJUnitProcess.java:181) - Killed the Process that runs JUnit test cases 60947
[INFO ] fr.inria.astor.core.validation.junit.LaucherJUnitProcess.killProcess(LaucherJUnitProcess.java:179) - The Process that runs JUnit test cases did not terminate within waitTime of 10 seconds
[INFO ] fr.inria.astor.core.validation.junit.LaucherJUnitProcess.killProcess(LaucherJUnitProcess.java:181) - Killed the Process that runs JUnit test cases 61130
[INFO ] fr.inria.astor.core.validation.junit.LaucherJUnitProcess.killProcess(LaucherJUnitProcess.java:179) - The Process that runs JUnit test cases did not terminate within waitTime of 10 seconds
[INFO ] fr.inria.astor.core.validation.junit.LaucherJUnitProcess.killProcess(LaucherJUnitProcess.java:181) - Killed the Process that runs JUnit test cases 62258
[INFO ] fr.inria.astor.core.validation.junit.LaucherJUnitProcess.killProcess(LaucherJUnitProcess.java:179) - The Process that runs JUnit test cases did not terminate within waitTime of 10 seconds
[INFO ] fr.inria.astor.core.validation.junit.LaucherJUnitProcess.killProcess(LaucherJUnitProcess.java:181) - Killed the Process that runs JUnit test cases 62937
[INFO ] fr.inria.astor.core.validation.junit.LaucherJUnitProcess.killProcess(LaucherJUnitProcess.java:179) - The Process that runs JUnit test cases did not terminate within waitTime of 10 seconds
[INFO ] fr.inria.astor.core.validation.junit.LaucherJUnitProcess.killProcess(LaucherJUnitProcess.java:181) - Killed the Process that runs JUnit test cases 68347
[INFO ] fr.inria.astor.core.validation.junit.LaucherJUnitProcess.killProcess(LaucherJUnitProcess.java:179) - The Process that runs JUnit test cases did not terminate within waitTime of 10 seconds
[INFO ] fr.inria.astor.core.validation.junit.LaucherJUnitProcess.killProcess(LaucherJUnitProcess.java:181) - Killed the Process that runs JUnit test cases 74344
[INFO ] fr.inria.astor.core.validation.junit.LaucherJUnitProcess.killProcess(LaucherJUnitProcess.java:179) - The Process that runs JUnit test cases did not terminate within waitTime of 10 seconds
[INFO ] fr.inria.astor.core.validation.junit.LaucherJUnitProcess.killProcess(LaucherJUnitProcess.java:181) - Killed the Process that runs JUnit test cases 74842
[INFO ] fr.inria.astor.core.validation.junit.LaucherJUnitProcess.killProcess(LaucherJUnitProcess.java:179) - The Process that runs JUnit test cases did not terminate within waitTime of 10 seconds
[INFO ] fr.inria.astor.core.validation.junit.LaucherJUnitProcess.killProcess(LaucherJUnitProcess.java:181) - Killed the Process that runs JUnit test cases 77501
[INFO ] fr.inria.astor.core.validation.junit.LaucherJUnitProcess.killProcess(LaucherJUnitProcess.java:179) - The Process that runs JUnit test cases did not terminate within waitTime of 10 seconds
[INFO ] fr.inria.astor.core.validation.junit.LaucherJUnitProcess.killProcess(LaucherJUnitProcess.java:181) - Killed the Process that runs JUnit test cases 77593
[INFO ] fr.inria.astor.core.solutionsearch.AstorCoreEngine.belowMaxTime(AstorCoreEngine.java:278) - 
 No more time for operating
[INFO ] fr.inria.astor.core.solutionsearch.AstorCoreEngine.atEnd(AstorCoreEngine.java:170) - Time Repair Loop (s): 7204.828
[INFO ] fr.inria.astor.core.solutionsearch.AstorCoreEngine.atEnd(AstorCoreEngine.java:172) - generationsexecuted: 6489
[INFO ] fr.inria.astor.core.solutionsearch.AstorCoreEngine.printFinalStatus(AstorCoreEngine.java:247) - 
----SUMMARY_EXECUTION---
[INFO ] fr.inria.astor.core.solutionsearch.AstorCoreEngine.printFinalStatus(AstorCoreEngine.java:257) - End Repair Search: NOT Found solution
[INFO ] fr.inria.main.evolution.AstorMain.run(AstorMain.java:208) - Time Total(s): 7955.075


Node: 53130a027139



Date: Fri Dec 13 23:52:19 EST 2019

cd /script/jGenProg_Defects4J_Math_83;
export JAVA_TOOL_OPTIONS="-Dfile.encoding=UTF8 -Duser.language=en-US -Duser.country=US -Duser.language=en";
TZ="America/New_York"; export TZ;
export PATH="/usr/lib/jvm/java-1.8.0-openjdk-amd64/bin/:$PATH";
export JAVA_HOME="/usr/lib/jvm/java-1.8.0-openjdk-amd64/bin/";
java -Xmx4048m -cp /script/libs/jtestex7.jar:/astor/target/astor-0.0.2-SNAPSHOT-jar-with-dependencies.jar fr.inria.main.evolution.AstorMain \
	-mode jgenprog \
	-location . \
	-id Math-83 \
	-failing org.apache.commons.math.optimization.linear.SimplexSolverTest \
	-jvm4testexecution /usr/lib/jvm/java-1.7.0-openjdk-amd64/bin/ \
	-jvm4evosuitetestexecution /usr/lib/jvm/java-1.7.0-openjdk-amd64/bin/ \
	-maxgen 1000000 \
	-maxtime 120 \
	-stopfirst true \
	-seed 0 \
	-scope package \
	-population 1 \
	-javacompliancelevel 5 \
	-srcjavafolder src/main/java/ \
	-srctestfolder src/test/java/ \
	-binjavafolder target/classes/ \
	-bintestfolder target/test-classes/ \
	-parameters mode:leven \
	-dependencies /script/jGenProg_Defects4J_Math_83/target/classes/:/script/jGenProg_Defects4J_Math_83/target/test-classes/:/defects4j/framework/projects/lib/junit-4.11.jar;
	echo "\n\nNode: `hostname`\n";
	echo "\n\nDate: `date`\n";

