Determine revision date.................................................... OK
Picked up JAVA_TOOL_OPTIONS: -Dfile.encoding=UTF8 -Duser.language=en-US -Duser.country=US -Duser.language=en
log4j:ERROR setFile(null,true) call failed.
java.io.FileNotFoundException:  (No such file or directory)
	at java.io.FileOutputStream.open0(Native Method)
	at java.io.FileOutputStream.open(FileOutputStream.java:270)
	at java.io.FileOutputStream.<init>(FileOutputStream.java:213)
	at java.io.FileOutputStream.<init>(FileOutputStream.java:133)
	at org.apache.log4j.FileAppender.setFile(FileAppender.java:294)
	at org.apache.log4j.RollingFileAppender.setFile(RollingFileAppender.java:207)
	at org.apache.log4j.FileAppender.activateOptions(FileAppender.java:165)
	at org.apache.log4j.config.PropertySetter.activate(PropertySetter.java:307)
	at org.apache.log4j.config.PropertySetter.setProperties(PropertySetter.java:172)
	at org.apache.log4j.config.PropertySetter.setProperties(PropertySetter.java:104)
	at org.apache.log4j.PropertyConfigurator.parseAppender(PropertyConfigurator.java:842)
	at org.apache.log4j.PropertyConfigurator.parseCategory(PropertyConfigurator.java:768)
	at org.apache.log4j.PropertyConfigurator.parseCatsAndRenderers(PropertyConfigurator.java:672)
	at org.apache.log4j.PropertyConfigurator.doConfigure(PropertyConfigurator.java:516)
	at org.apache.log4j.PropertyConfigurator.doConfigure(PropertyConfigurator.java:580)
	at org.apache.log4j.helpers.OptionConverter.selectAndConfigure(OptionConverter.java:526)
	at org.apache.log4j.LogManager.<clinit>(LogManager.java:127)
	at org.apache.log4j.Logger.getLogger(Logger.java:117)
	at fr.inria.astor.core.setup.ConfigurationProperties.<clinit>(ConfigurationProperties.java:16)
	at fr.inria.main.AbstractMain.<clinit>(AbstractMain.java:100)
2019-12-23 22:14:58,865 INFO fr.inria.astor.core.setup.ProjectConfiguration - Version of the JVM used: 1.7.0_181
2019-12-23 22:14:58,866 INFO main - Java version of the JDK used to run tests: 1.7.0_181
2019-12-23 22:14:58,866 INFO main - The compliance of the JVM is:  7
2019-12-23 22:14:58,869 INFO main - command line arguments: [-mode  jgenprog  -location  .  -id  Time-27  -failing  org.joda.time.format.TestPeriodFormatterBuilder  -jvm4testexecution  /usr/lib/jvm/java-1.7.0-openjdk-amd64/bin/  -jvm4evosuitetestexecution  /usr/lib/jvm/java-1.7.0-openjdk-amd64/bin/  -maxgen  1000000  -maxtime  120  -stopfirst  true  -seed  0  -scope  global  -population  1  -javacompliancelevel  5  -srcjavafolder  src/main/java/  -srctestfolder  src/test/java/  -binjavafolder  build/classes/  -bintestfolder  build/tests/  -parameters  mode:leven  -dependencies  /script/jGenProg_Defects4J_Time_27/build/classes/:/script/jGenProg_Defects4J_Time_27/build/tests/:/defects4j/framework/projects/Time/lib/junit-4.11.jar:/defects4j/framework/projects/lib/junit-4.11.jar]
2019-12-23 22:14:58,870 INFO fr.inria.main.evolution.AstorMain - Running Astor on a JDK at /usr/lib/jvm/java-8-openjdk-amd64/jre
[INFO ] fr.inria.main.AbstractMain.determineSourceFolders(AbstractMain.java:975) - Source folders: [/script/jGenProg_Defects4J_Time_27/./src/main/java]
[INFO ] fr.inria.main.AbstractMain.determineSourceFolders(AbstractMain.java:994) - Source Test folders: [/script/jGenProg_Defects4J_Time_27/./src/test/java]
[INFO ] fr.inria.main.evolution.AstorMain.createEngine(AstorMain.java:104) - mode is Leven
[INFO ] fr.inria.astor.core.solutionsearch.AstorCoreEngine.resolveTestsToRun(AstorCoreEngine.java:1311) - Test retrieved from classes: 260
[INFO ] fr.inria.astor.core.faultlocalization.gzoltar.GZoltarFaultLocalization.calculateSuspicious(GZoltarFaultLocalization.java:74) - -Executing Gzoltar classpath: /script/jGenProg_Defects4J_Time_27/./output_astor/AstorMain-Time-27//bin//default from 260 classes with test cases
[INFO ] fr.inria.astor.core.faultlocalization.gzoltar.GZoltarFaultLocalization.searchSuspicious(GZoltarFaultLocalization.java:154) - Gzoltar fault localization: min susp value parameter: 0.1
[INFO ] fr.inria.astor.core.faultlocalization.gzoltar.GZoltarFaultLocalization.searchSuspicious(GZoltarFaultLocalization.java:174) - -gz-Adding classpath: [/script/jGenProg_Defects4J_Time_27/./output_astor/AstorMain-Time-27//bin//default, /script/jGenProg_Defects4J_Time_27/build/classes/, /script/jGenProg_Defects4J_Time_27/build/tests/, /defects4j/framework/projects/Time/lib/junit-4.11.jar, /defects4j/framework/projects/lib/junit-4.11.jar]
[INFO ] fr.inria.astor.core.faultlocalization.gzoltar.GZoltarFaultLocalization.searchSuspicious(GZoltarFaultLocalization.java:214) - Test failt: org.joda.time.TestSerialization#testSerializedMutableDateTime
[INFO ] fr.inria.astor.core.faultlocalization.gzoltar.GZoltarFaultLocalization.searchSuspicious(GZoltarFaultLocalization.java:214) - Test failt: org.joda.time.TestSerialization#testSerializedGJChronologyChangedInternals
[INFO ] fr.inria.astor.core.faultlocalization.gzoltar.GZoltarFaultLocalization.searchSuspicious(GZoltarFaultLocalization.java:214) - Test failt: org.joda.time.TestSerialization#testSerializedISOChronology
[INFO ] fr.inria.astor.core.faultlocalization.gzoltar.GZoltarFaultLocalization.searchSuspicious(GZoltarFaultLocalization.java:214) - Test failt: org.joda.time.TestSerialization#testSerializedBuddhistChronology
[INFO ] fr.inria.astor.core.faultlocalization.gzoltar.GZoltarFaultLocalization.searchSuspicious(GZoltarFaultLocalization.java:214) - Test failt: org.joda.time.TestSerialization#testSerializedDateTimeProperty
[INFO ] fr.inria.astor.core.faultlocalization.gzoltar.GZoltarFaultLocalization.searchSuspicious(GZoltarFaultLocalization.java:214) - Test failt: org.joda.time.TestSerialization#testSerializedPeriodType
[INFO ] fr.inria.astor.core.faultlocalization.gzoltar.GZoltarFaultLocalization.searchSuspicious(GZoltarFaultLocalization.java:214) - Test failt: org.joda.time.TestSerialization#testSerializedJulianChronology
[INFO ] fr.inria.astor.core.faultlocalization.gzoltar.GZoltarFaultLocalization.searchSuspicious(GZoltarFaultLocalization.java:214) - Test failt: org.joda.time.TestSerialization#testSerializedDateTimeFieldType
[INFO ] fr.inria.astor.core.faultlocalization.gzoltar.GZoltarFaultLocalization.searchSuspicious(GZoltarFaultLocalization.java:214) - Test failt: org.joda.time.TestSerialization#testSerializedYearMonthDay
[INFO ] fr.inria.astor.core.faultlocalization.gzoltar.GZoltarFaultLocalization.searchSuspicious(GZoltarFaultLocalization.java:214) - Test failt: org.joda.time.TestSerialization#testSerializedMutableDateTimeProperty
[INFO ] fr.inria.astor.core.faultlocalization.gzoltar.GZoltarFaultLocalization.searchSuspicious(GZoltarFaultLocalization.java:214) - Test failt: org.joda.time.TestSerialization#testSerializedGregorianChronology
[INFO ] fr.inria.astor.core.faultlocalization.gzoltar.GZoltarFaultLocalization.searchSuspicious(GZoltarFaultLocalization.java:214) - Test failt: org.joda.time.TestSerialization#testSerializedDateTime
[INFO ] fr.inria.astor.core.faultlocalization.gzoltar.GZoltarFaultLocalization.searchSuspicious(GZoltarFaultLocalization.java:214) - Test failt: org.joda.time.TestSerialization#testSerializedUnsupportedDateTimeField
[INFO ] fr.inria.astor.core.faultlocalization.gzoltar.GZoltarFaultLocalization.searchSuspicious(GZoltarFaultLocalization.java:214) - Test failt: org.joda.time.TestSerialization#testSerializedDateTimeZone
[INFO ] fr.inria.astor.core.faultlocalization.gzoltar.GZoltarFaultLocalization.searchSuspicious(GZoltarFaultLocalization.java:214) - Test failt: org.joda.time.TestSerialization#testSerializedCopticChronology
[INFO ] fr.inria.astor.core.faultlocalization.gzoltar.GZoltarFaultLocalization.searchSuspicious(GZoltarFaultLocalization.java:214) - Test failt: org.joda.time.TestSerialization#testSerializedDateMidnight
[INFO ] fr.inria.astor.core.faultlocalization.gzoltar.GZoltarFaultLocalization.searchSuspicious(GZoltarFaultLocalization.java:214) - Test failt: org.joda.time.TestSerialization#testSerializedGJChronology
[INFO ] fr.inria.astor.core.faultlocalization.gzoltar.GZoltarFaultLocalization.searchSuspicious(GZoltarFaultLocalization.java:214) - Test failt: org.joda.time.TestSerialization#testSerializedDateTimeZoneUTC
[INFO ] fr.inria.astor.core.faultlocalization.gzoltar.GZoltarFaultLocalization.searchSuspicious(GZoltarFaultLocalization.java:214) - Test failt: org.joda.time.TestSerialization#testSerializedInstant
[INFO ] fr.inria.astor.core.faultlocalization.gzoltar.GZoltarFaultLocalization.searchSuspicious(GZoltarFaultLocalization.java:214) - Test failt: org.joda.time.TestSerialization#testSerializedTimeOfDay
[INFO ] fr.inria.astor.core.faultlocalization.gzoltar.GZoltarFaultLocalization.searchSuspicious(GZoltarFaultLocalization.java:214) - Test failt: org.joda.time.TestSerialization#testSerializedDateMidnightProperty
[INFO ] fr.inria.astor.core.faultlocalization.gzoltar.GZoltarFaultLocalization.searchSuspicious(GZoltarFaultLocalization.java:214) - Test failt: org.joda.time.format.TestDateTimeFormatter#testZoneShortNameNearTransition
[INFO ] fr.inria.astor.core.faultlocalization.gzoltar.GZoltarFaultLocalization.searchSuspicious(GZoltarFaultLocalization.java:214) - Test failt: org.joda.time.format.TestDateTimeFormatter#testZoneNameNearTransition
[INFO ] fr.inria.astor.core.faultlocalization.gzoltar.GZoltarFaultLocalization.searchSuspicious(GZoltarFaultLocalization.java:214) - Test failt: org.joda.time.TestMutableInterval_Basics#testToString
[INFO ] fr.inria.astor.core.faultlocalization.gzoltar.GZoltarFaultLocalization.searchSuspicious(GZoltarFaultLocalization.java:214) - Test failt: org.joda.time.TestYearMonth_Constructors#testConstructor_ObjectString2
[INFO ] fr.inria.astor.core.faultlocalization.gzoltar.GZoltarFaultLocalization.searchSuspicious(GZoltarFaultLocalization.java:214) - Test failt: org.joda.time.TestYearMonth_Constructors#testConstructor_ObjectString3
[INFO ] fr.inria.astor.core.faultlocalization.gzoltar.GZoltarFaultLocalization.searchSuspicious(GZoltarFaultLocalization.java:214) - Test failt: org.joda.time.TestYearMonth_Constructors#testConstructor_ObjectString4
[INFO ] fr.inria.astor.core.faultlocalization.gzoltar.GZoltarFaultLocalization.searchSuspicious(GZoltarFaultLocalization.java:214) - Test failt: org.joda.time.format.TestDateTimeFormatter#testZoneShortNameNearTransition
[INFO ] fr.inria.astor.core.faultlocalization.gzoltar.GZoltarFaultLocalization.searchSuspicious(GZoltarFaultLocalization.java:214) - Test failt: org.joda.time.format.TestDateTimeFormatter#testZoneNameNearTransition
[INFO ] fr.inria.astor.core.faultlocalization.gzoltar.GZoltarFaultLocalization.searchSuspicious(GZoltarFaultLocalization.java:214) - Test failt: org.joda.time.format.TestDateTimeFormat#testFormat_zoneText
[INFO ] fr.inria.astor.core.faultlocalization.gzoltar.GZoltarFaultLocalization.searchSuspicious(GZoltarFaultLocalization.java:214) - Test failt: org.joda.time.format.TestDateTimeFormat#testFormatParse_textMonthAtEnd_France
[INFO ] fr.inria.astor.core.faultlocalization.gzoltar.GZoltarFaultLocalization.searchSuspicious(GZoltarFaultLocalization.java:214) - Test failt: org.joda.time.format.TestDateTimeFormat#testFormat_zoneLongText
[INFO ] fr.inria.astor.core.faultlocalization.gzoltar.GZoltarFaultLocalization.searchSuspicious(GZoltarFaultLocalization.java:214) - Test failt: org.joda.time.format.TestDateTimeFormatStyle#testForStyle_fullDateTime
[INFO ] fr.inria.astor.core.faultlocalization.gzoltar.GZoltarFaultLocalization.searchSuspicious(GZoltarFaultLocalization.java:214) - Test failt: org.joda.time.format.TestDateTimeFormatStyle#testForStyle_mediumLongDateTime
[INFO ] fr.inria.astor.core.faultlocalization.gzoltar.GZoltarFaultLocalization.searchSuspicious(GZoltarFaultLocalization.java:214) - Test failt: org.joda.time.format.TestDateTimeFormatStyle#testForStyle_fullTime
[INFO ] fr.inria.astor.core.faultlocalization.gzoltar.GZoltarFaultLocalization.searchSuspicious(GZoltarFaultLocalization.java:214) - Test failt: org.joda.time.format.TestDateTimeFormatStyle#testForStyle_shortLongDateTime
[INFO ] fr.inria.astor.core.faultlocalization.gzoltar.GZoltarFaultLocalization.searchSuspicious(GZoltarFaultLocalization.java:214) - Test failt: org.joda.time.format.TestDateTimeFormatStyle#testForStyle_longTime
[INFO ] fr.inria.astor.core.faultlocalization.gzoltar.GZoltarFaultLocalization.searchSuspicious(GZoltarFaultLocalization.java:214) - Test failt: org.joda.time.format.TestDateTimeFormatStyle#testForStyle_mediumFullDateTime
[INFO ] fr.inria.astor.core.faultlocalization.gzoltar.GZoltarFaultLocalization.searchSuspicious(GZoltarFaultLocalization.java:214) - Test failt: org.joda.time.format.TestDateTimeFormatStyle#testForStyle_shortFullDateTime
[INFO ] fr.inria.astor.core.faultlocalization.gzoltar.GZoltarFaultLocalization.searchSuspicious(GZoltarFaultLocalization.java:214) - Test failt: org.joda.time.format.TestDateTimeFormatStyle#testForStyle_longDateTime
[INFO ] fr.inria.astor.core.faultlocalization.gzoltar.GZoltarFaultLocalization.searchSuspicious(GZoltarFaultLocalization.java:214) - Test failt: org.joda.time.format.TestPeriodFormat#test_wordBased_es_formatTwoFields
[INFO ] fr.inria.astor.core.faultlocalization.gzoltar.GZoltarFaultLocalization.searchSuspicious(GZoltarFaultLocalization.java:214) - Test failt: org.joda.time.format.TestPeriodFormat#test_wordBased_es_parseOneField
[INFO ] fr.inria.astor.core.faultlocalization.gzoltar.GZoltarFaultLocalization.searchSuspicious(GZoltarFaultLocalization.java:214) - Test failt: org.joda.time.format.TestPeriodFormat#test_wordBased_es_FormatOneField
[INFO ] fr.inria.astor.core.faultlocalization.gzoltar.GZoltarFaultLocalization.searchSuspicious(GZoltarFaultLocalization.java:214) - Test failt: org.joda.time.format.TestPeriodFormat#test_wordBased_es_parseTwoFields
[INFO ] fr.inria.astor.core.faultlocalization.gzoltar.GZoltarFaultLocalization.searchSuspicious(GZoltarFaultLocalization.java:214) - Test failt: org.joda.time.format.TestPeriodFormat#test_wordBased_es_formatStandard
[INFO ] fr.inria.astor.core.faultlocalization.gzoltar.GZoltarFaultLocalization.searchSuspicious(GZoltarFaultLocalization.java:214) - Test failt: org.joda.time.TestInterval_Basics#testToString
[INFO ] fr.inria.astor.core.faultlocalization.gzoltar.GZoltarFaultLocalization.searchSuspicious(GZoltarFaultLocalization.java:214) - Test failt: org.joda.time.TestMutableInterval_Basics#testToString
[INFO ] fr.inria.astor.core.faultlocalization.gzoltar.GZoltarFaultLocalization.searchSuspicious(GZoltarFaultLocalization.java:214) - Test failt: org.joda.time.TestYearMonth_Constructors#testConstructor_ObjectString2
[INFO ] fr.inria.astor.core.faultlocalization.gzoltar.GZoltarFaultLocalization.searchSuspicious(GZoltarFaultLocalization.java:214) - Test failt: org.joda.time.TestYearMonth_Constructors#testConstructor_ObjectString3
[INFO ] fr.inria.astor.core.faultlocalization.gzoltar.GZoltarFaultLocalization.searchSuspicious(GZoltarFaultLocalization.java:214) - Test failt: org.joda.time.TestYearMonth_Constructors#testConstructor_ObjectString4
[INFO ] fr.inria.astor.core.faultlocalization.gzoltar.GZoltarFaultLocalization.searchSuspicious(GZoltarFaultLocalization.java:214) - Test failt: org.joda.time.TestMonthDay_Constructors#testConstructor_ObjectString2
[INFO ] fr.inria.astor.core.faultlocalization.gzoltar.GZoltarFaultLocalization.searchSuspicious(GZoltarFaultLocalization.java:214) - Test failt: org.joda.time.TestMonthDay_Constructors#testConstructor_ObjectString3
[INFO ] fr.inria.astor.core.faultlocalization.gzoltar.GZoltarFaultLocalization.searchSuspicious(GZoltarFaultLocalization.java:214) - Test failt: org.joda.time.TestMonthDay_Constructors#testConstructor_ObjectString4
[INFO ] fr.inria.astor.core.faultlocalization.gzoltar.GZoltarFaultLocalization.searchSuspicious(GZoltarFaultLocalization.java:214) - Test failt: org.joda.time.TestDateTimeZone#testGetShortName
[INFO ] fr.inria.astor.core.faultlocalization.gzoltar.GZoltarFaultLocalization.searchSuspicious(GZoltarFaultLocalization.java:214) - Test failt: org.joda.time.TestDateTimeZone#testGetName
[INFO ] fr.inria.astor.core.faultlocalization.gzoltar.GZoltarFaultLocalization.searchSuspicious(GZoltarFaultLocalization.java:214) - Test failt: org.joda.time.TestSerialization#testSerializedMutableDateTime
[INFO ] fr.inria.astor.core.faultlocalization.gzoltar.GZoltarFaultLocalization.searchSuspicious(GZoltarFaultLocalization.java:214) - Test failt: org.joda.time.TestSerialization#testSerializedGJChronologyChangedInternals
[INFO ] fr.inria.astor.core.faultlocalization.gzoltar.GZoltarFaultLocalization.searchSuspicious(GZoltarFaultLocalization.java:214) - Test failt: org.joda.time.TestSerialization#testSerializedISOChronology
[INFO ] fr.inria.astor.core.faultlocalization.gzoltar.GZoltarFaultLocalization.searchSuspicious(GZoltarFaultLocalization.java:214) - Test failt: org.joda.time.TestSerialization#testSerializedBuddhistChronology
[INFO ] fr.inria.astor.core.faultlocalization.gzoltar.GZoltarFaultLocalization.searchSuspicious(GZoltarFaultLocalization.java:214) - Test failt: org.joda.time.TestSerialization#testSerializedDateTimeProperty
[INFO ] fr.inria.astor.core.faultlocalization.gzoltar.GZoltarFaultLocalization.searchSuspicious(GZoltarFaultLocalization.java:214) - Test failt: org.joda.time.TestSerialization#testSerializedPeriodType
[INFO ] fr.inria.astor.core.faultlocalization.gzoltar.GZoltarFaultLocalization.searchSuspicious(GZoltarFaultLocalization.java:214) - Test failt: org.joda.time.TestSerialization#testSerializedJulianChronology
[INFO ] fr.inria.astor.core.faultlocalization.gzoltar.GZoltarFaultLocalization.searchSuspicious(GZoltarFaultLocalization.java:214) - Test failt: org.joda.time.TestSerialization#testSerializedDateTimeFieldType
[INFO ] fr.inria.astor.core.faultlocalization.gzoltar.GZoltarFaultLocalization.searchSuspicious(GZoltarFaultLocalization.java:214) - Test failt: org.joda.time.TestSerialization#testSerializedYearMonthDay
[INFO ] fr.inria.astor.core.faultlocalization.gzoltar.GZoltarFaultLocalization.searchSuspicious(GZoltarFaultLocalization.java:214) - Test failt: org.joda.time.TestSerialization#testSerializedMutableDateTimeProperty
[INFO ] fr.inria.astor.core.faultlocalization.gzoltar.GZoltarFaultLocalization.searchSuspicious(GZoltarFaultLocalization.java:214) - Test failt: org.joda.time.TestSerialization#testSerializedGregorianChronology
[INFO ] fr.inria.astor.core.faultlocalization.gzoltar.GZoltarFaultLocalization.searchSuspicious(GZoltarFaultLocalization.java:214) - Test failt: org.joda.time.TestSerialization#testSerializedDateTime
[INFO ] fr.inria.astor.core.faultlocalization.gzoltar.GZoltarFaultLocalization.searchSuspicious(GZoltarFaultLocalization.java:214) - Test failt: org.joda.time.TestSerialization#testSerializedUnsupportedDateTimeField
[INFO ] fr.inria.astor.core.faultlocalization.gzoltar.GZoltarFaultLocalization.searchSuspicious(GZoltarFaultLocalization.java:214) - Test failt: org.joda.time.TestSerialization#testSerializedDateTimeZone
[INFO ] fr.inria.astor.core.faultlocalization.gzoltar.GZoltarFaultLocalization.searchSuspicious(GZoltarFaultLocalization.java:214) - Test failt: org.joda.time.TestSerialization#testSerializedCopticChronology
[INFO ] fr.inria.astor.core.faultlocalization.gzoltar.GZoltarFaultLocalization.searchSuspicious(GZoltarFaultLocalization.java:214) - Test failt: org.joda.time.TestSerialization#testSerializedDateMidnight
[INFO ] fr.inria.astor.core.faultlocalization.gzoltar.GZoltarFaultLocalization.searchSuspicious(GZoltarFaultLocalization.java:214) - Test failt: org.joda.time.TestSerialization#testSerializedGJChronology
[INFO ] fr.inria.astor.core.faultlocalization.gzoltar.GZoltarFaultLocalization.searchSuspicious(GZoltarFaultLocalization.java:214) - Test failt: org.joda.time.TestSerialization#testSerializedDateTimeZoneUTC
[INFO ] fr.inria.astor.core.faultlocalization.gzoltar.GZoltarFaultLocalization.searchSuspicious(GZoltarFaultLocalization.java:214) - Test failt: org.joda.time.TestSerialization#testSerializedInstant
[INFO ] fr.inria.astor.core.faultlocalization.gzoltar.GZoltarFaultLocalization.searchSuspicious(GZoltarFaultLocalization.java:214) - Test failt: org.joda.time.TestSerialization#testSerializedTimeOfDay
[INFO ] fr.inria.astor.core.faultlocalization.gzoltar.GZoltarFaultLocalization.searchSuspicious(GZoltarFaultLocalization.java:214) - Test failt: org.joda.time.TestSerialization#testSerializedDateMidnightProperty
[INFO ] fr.inria.astor.core.faultlocalization.gzoltar.GZoltarFaultLocalization.searchSuspicious(GZoltarFaultLocalization.java:214) - Test failt: org.joda.time.format.TestDateTimeFormatter#testZoneShortNameNearTransition
[INFO ] fr.inria.astor.core.faultlocalization.gzoltar.GZoltarFaultLocalization.searchSuspicious(GZoltarFaultLocalization.java:214) - Test failt: org.joda.time.format.TestDateTimeFormatter#testZoneNameNearTransition
[INFO ] fr.inria.astor.core.faultlocalization.gzoltar.GZoltarFaultLocalization.searchSuspicious(GZoltarFaultLocalization.java:214) - Test failt: org.joda.time.format.TestDateTimeFormat#testFormat_zoneText
[INFO ] fr.inria.astor.core.faultlocalization.gzoltar.GZoltarFaultLocalization.searchSuspicious(GZoltarFaultLocalization.java:214) - Test failt: org.joda.time.format.TestDateTimeFormat#testFormatParse_textMonthAtEnd_France
[INFO ] fr.inria.astor.core.faultlocalization.gzoltar.GZoltarFaultLocalization.searchSuspicious(GZoltarFaultLocalization.java:214) - Test failt: org.joda.time.format.TestDateTimeFormat#testFormat_zoneLongText
[INFO ] fr.inria.astor.core.faultlocalization.gzoltar.GZoltarFaultLocalization.searchSuspicious(GZoltarFaultLocalization.java:214) - Test failt: org.joda.time.format.TestDateTimeFormatStyle#testForStyle_fullDateTime
[INFO ] fr.inria.astor.core.faultlocalization.gzoltar.GZoltarFaultLocalization.searchSuspicious(GZoltarFaultLocalization.java:214) - Test failt: org.joda.time.format.TestDateTimeFormatStyle#testForStyle_mediumLongDateTime
[INFO ] fr.inria.astor.core.faultlocalization.gzoltar.GZoltarFaultLocalization.searchSuspicious(GZoltarFaultLocalization.java:214) - Test failt: org.joda.time.format.TestDateTimeFormatStyle#testForStyle_fullTime
[INFO ] fr.inria.astor.core.faultlocalization.gzoltar.GZoltarFaultLocalization.searchSuspicious(GZoltarFaultLocalization.java:214) - Test failt: org.joda.time.format.TestDateTimeFormatStyle#testForStyle_shortLongDateTime
[INFO ] fr.inria.astor.core.faultlocalization.gzoltar.GZoltarFaultLocalization.searchSuspicious(GZoltarFaultLocalization.java:214) - Test failt: org.joda.time.format.TestDateTimeFormatStyle#testForStyle_longTime
[INFO ] fr.inria.astor.core.faultlocalization.gzoltar.GZoltarFaultLocalization.searchSuspicious(GZoltarFaultLocalization.java:214) - Test failt: org.joda.time.format.TestDateTimeFormatStyle#testForStyle_mediumFullDateTime
[INFO ] fr.inria.astor.core.faultlocalization.gzoltar.GZoltarFaultLocalization.searchSuspicious(GZoltarFaultLocalization.java:214) - Test failt: org.joda.time.format.TestDateTimeFormatStyle#testForStyle_shortFullDateTime
[INFO ] fr.inria.astor.core.faultlocalization.gzoltar.GZoltarFaultLocalization.searchSuspicious(GZoltarFaultLocalization.java:214) - Test failt: org.joda.time.format.TestDateTimeFormatStyle#testForStyle_longDateTime
[INFO ] fr.inria.astor.core.faultlocalization.gzoltar.GZoltarFaultLocalization.searchSuspicious(GZoltarFaultLocalization.java:214) - Test failt: org.joda.time.format.TestPeriodFormat#test_wordBased_es_formatTwoFields
[INFO ] fr.inria.astor.core.faultlocalization.gzoltar.GZoltarFaultLocalization.searchSuspicious(GZoltarFaultLocalization.java:214) - Test failt: org.joda.time.format.TestPeriodFormat#test_wordBased_es_parseOneField
[INFO ] fr.inria.astor.core.faultlocalization.gzoltar.GZoltarFaultLocalization.searchSuspicious(GZoltarFaultLocalization.java:214) - Test failt: org.joda.time.format.TestPeriodFormat#test_wordBased_es_FormatOneField
[INFO ] fr.inria.astor.core.faultlocalization.gzoltar.GZoltarFaultLocalization.searchSuspicious(GZoltarFaultLocalization.java:214) - Test failt: org.joda.time.format.TestPeriodFormat#test_wordBased_es_parseTwoFields
[INFO ] fr.inria.astor.core.faultlocalization.gzoltar.GZoltarFaultLocalization.searchSuspicious(GZoltarFaultLocalization.java:214) - Test failt: org.joda.time.format.TestPeriodFormat#test_wordBased_es_formatStandard
[INFO ] fr.inria.astor.core.faultlocalization.gzoltar.GZoltarFaultLocalization.searchSuspicious(GZoltarFaultLocalization.java:214) - Test failt: org.joda.time.TestParseISO#testSpecWeekTruncatedYWD
[INFO ] fr.inria.astor.core.faultlocalization.gzoltar.GZoltarFaultLocalization.searchSuspicious(GZoltarFaultLocalization.java:214) - Test failt: org.joda.time.TestParseISO#testSpecTimeTruncatedFractionMS
[INFO ] fr.inria.astor.core.faultlocalization.gzoltar.GZoltarFaultLocalization.searchSuspicious(GZoltarFaultLocalization.java:214) - Test failt: org.joda.time.TestParseISO#testSpecOrdinalTruncatedD
[INFO ] fr.inria.astor.core.faultlocalization.gzoltar.GZoltarFaultLocalization.searchSuspicious(GZoltarFaultLocalization.java:214) - Test failt: org.joda.time.TestParseISO#testSpecTimeComplete
[INFO ] fr.inria.astor.core.faultlocalization.gzoltar.GZoltarFaultLocalization.searchSuspicious(GZoltarFaultLocalization.java:214) - Test failt: org.joda.time.TestParseISO#testSpecTimeTruncatedMS
[INFO ] fr.inria.astor.core.faultlocalization.gzoltar.GZoltarFaultLocalization.searchSuspicious(GZoltarFaultLocalization.java:214) - Test failt: org.joda.time.TestParseISO#testSpecTruncatedYMD
[INFO ] fr.inria.astor.core.faultlocalization.gzoltar.GZoltarFaultLocalization.searchSuspicious(GZoltarFaultLocalization.java:214) - Test failt: org.joda.time.TestParseISO#testSpecTimeTruncatedM
[INFO ] fr.inria.astor.core.faultlocalization.gzoltar.GZoltarFaultLocalization.searchSuspicious(GZoltarFaultLocalization.java:214) - Test failt: org.joda.time.TestParseISO#testSpecTimeTruncatedS
[INFO ] fr.inria.astor.core.faultlocalization.gzoltar.GZoltarFaultLocalization.searchSuspicious(GZoltarFaultLocalization.java:214) - Test failt: org.joda.time.TestParseISO#testSpecWeekTruncatedD
[INFO ] fr.inria.astor.core.faultlocalization.gzoltar.GZoltarFaultLocalization.searchSuspicious(GZoltarFaultLocalization.java:214) - Test failt: org.joda.time.TestParseISO#testSpecWeekTruncatedW
[INFO ] fr.inria.astor.core.faultlocalization.gzoltar.GZoltarFaultLocalization.searchSuspicious(GZoltarFaultLocalization.java:214) - Test failt: org.joda.time.TestParseISO#testSpecWeekTruncatedWD
[INFO ] fr.inria.astor.core.faultlocalization.gzoltar.GZoltarFaultLocalization.searchSuspicious(GZoltarFaultLocalization.java:214) - Test failt: org.joda.time.TestParseISO#testSpecWeekTruncatedYW
[INFO ] fr.inria.astor.core.faultlocalization.gzoltar.GZoltarFaultLocalization.searchSuspicious(GZoltarFaultLocalization.java:214) - Test failt: org.joda.time.TestParseISO#testSpecTruncatedD
[INFO ] fr.inria.astor.core.faultlocalization.gzoltar.GZoltarFaultLocalization.searchSuspicious(GZoltarFaultLocalization.java:214) - Test failt: org.joda.time.TestParseISO#testSpecTruncatedM
[INFO ] fr.inria.astor.core.faultlocalization.gzoltar.GZoltarFaultLocalization.searchSuspicious(GZoltarFaultLocalization.java:214) - Test failt: org.joda.time.TestParseISO#testSpecTruncatedY
[INFO ] fr.inria.astor.core.faultlocalization.gzoltar.GZoltarFaultLocalization.searchSuspicious(GZoltarFaultLocalization.java:214) - Test failt: org.joda.time.TestParseISO#testSpecOrdinalTruncatedYD
[INFO ] fr.inria.astor.core.faultlocalization.gzoltar.GZoltarFaultLocalization.searchSuspicious(GZoltarFaultLocalization.java:214) - Test failt: org.joda.time.TestParseISO#testSpecReducedPrecisionC
[INFO ] fr.inria.astor.core.faultlocalization.gzoltar.GZoltarFaultLocalization.searchSuspicious(GZoltarFaultLocalization.java:214) - Test failt: org.joda.time.TestParseISO#testSpecTruncatedMD
[INFO ] fr.inria.astor.core.faultlocalization.gzoltar.GZoltarFaultLocalization.searchSuspicious(GZoltarFaultLocalization.java:214) - Test failt: org.joda.time.TestParseISO#testSpecTruncatedYM
[INFO ] fr.inria.astor.core.faultlocalization.gzoltar.GZoltarFaultLocalization.searchSuspicious(GZoltarFaultLocalization.java:214) - Test failt: org.joda.time.TestParseISO#testSpecTimeTruncatedFractionM
[INFO ] fr.inria.astor.core.faultlocalization.gzoltar.GZoltarFaultLocalization.searchSuspicious(GZoltarFaultLocalization.java:214) - Test failt: org.joda.time.TestParseISO#testSpecTimeTruncatedFractionS
[INFO ] fr.inria.astor.core.faultlocalization.gzoltar.GZoltarFaultLocalization.searchSuspicious(GZoltarFaultLocalization.java:214) - Test failt: org.joda.time.TestInterval_Basics#testToString
[INFO ] fr.inria.astor.core.faultlocalization.gzoltar.GZoltarFaultLocalization.searchSuspicious(GZoltarFaultLocalization.java:214) - Test failt: org.joda.time.format.TestPeriodFormat#test_wordBased_es_formatTwoFields
[INFO ] fr.inria.astor.core.faultlocalization.gzoltar.GZoltarFaultLocalization.searchSuspicious(GZoltarFaultLocalization.java:214) - Test failt: org.joda.time.format.TestPeriodFormat#test_wordBased_es_parseOneField
[INFO ] fr.inria.astor.core.faultlocalization.gzoltar.GZoltarFaultLocalization.searchSuspicious(GZoltarFaultLocalization.java:214) - Test failt: org.joda.time.format.TestPeriodFormat#test_wordBased_es_FormatOneField
[INFO ] fr.inria.astor.core.faultlocalization.gzoltar.GZoltarFaultLocalization.searchSuspicious(GZoltarFaultLocalization.java:214) - Test failt: org.joda.time.format.TestPeriodFormat#test_wordBased_es_parseTwoFields
[INFO ] fr.inria.astor.core.faultlocalization.gzoltar.GZoltarFaultLocalization.searchSuspicious(GZoltarFaultLocalization.java:214) - Test failt: org.joda.time.format.TestPeriodFormat#test_wordBased_es_formatStandard
[INFO ] fr.inria.astor.core.faultlocalization.gzoltar.GZoltarFaultLocalization.searchSuspicious(GZoltarFaultLocalization.java:214) - Test failt: org.joda.time.TestMonthDay_Constructors#testConstructor_ObjectString2
[INFO ] fr.inria.astor.core.faultlocalization.gzoltar.GZoltarFaultLocalization.searchSuspicious(GZoltarFaultLocalization.java:214) - Test failt: org.joda.time.TestMonthDay_Constructors#testConstructor_ObjectString3
[INFO ] fr.inria.astor.core.faultlocalization.gzoltar.GZoltarFaultLocalization.searchSuspicious(GZoltarFaultLocalization.java:214) - Test failt: org.joda.time.TestMonthDay_Constructors#testConstructor_ObjectString4
[INFO ] fr.inria.astor.core.faultlocalization.gzoltar.GZoltarFaultLocalization.searchSuspicious(GZoltarFaultLocalization.java:214) - Test failt: org.joda.time.TestInterval_Basics#testToString
[INFO ] fr.inria.astor.core.faultlocalization.gzoltar.GZoltarFaultLocalization.searchSuspicious(GZoltarFaultLocalization.java:214) - Test failt: org.joda.time.TestMutableInterval_Basics#testToString
[INFO ] fr.inria.astor.core.faultlocalization.gzoltar.GZoltarFaultLocalization.searchSuspicious(GZoltarFaultLocalization.java:214) - Test failt: org.joda.time.TestYearMonth_Constructors#testConstructor_ObjectString2
[INFO ] fr.inria.astor.core.faultlocalization.gzoltar.GZoltarFaultLocalization.searchSuspicious(GZoltarFaultLocalization.java:214) - Test failt: org.joda.time.TestYearMonth_Constructors#testConstructor_ObjectString3
[INFO ] fr.inria.astor.core.faultlocalization.gzoltar.GZoltarFaultLocalization.searchSuspicious(GZoltarFaultLocalization.java:214) - Test failt: org.joda.time.TestYearMonth_Constructors#testConstructor_ObjectString4
[INFO ] fr.inria.astor.core.faultlocalization.gzoltar.GZoltarFaultLocalization.searchSuspicious(GZoltarFaultLocalization.java:214) - Test failt: org.joda.time.TestMonthDay_Constructors#testConstructor_ObjectString2
[INFO ] fr.inria.astor.core.faultlocalization.gzoltar.GZoltarFaultLocalization.searchSuspicious(GZoltarFaultLocalization.java:214) - Test failt: org.joda.time.TestMonthDay_Constructors#testConstructor_ObjectString3
[INFO ] fr.inria.astor.core.faultlocalization.gzoltar.GZoltarFaultLocalization.searchSuspicious(GZoltarFaultLocalization.java:214) - Test failt: org.joda.time.TestMonthDay_Constructors#testConstructor_ObjectString4
[INFO ] fr.inria.astor.core.faultlocalization.gzoltar.GZoltarFaultLocalization.searchSuspicious(GZoltarFaultLocalization.java:214) - Test failt: org.joda.time.TestDateTimeZone#testGetShortName
[INFO ] fr.inria.astor.core.faultlocalization.gzoltar.GZoltarFaultLocalization.searchSuspicious(GZoltarFaultLocalization.java:214) - Test failt: org.joda.time.TestDateTimeZone#testGetName
[INFO ] fr.inria.astor.core.faultlocalization.gzoltar.GZoltarFaultLocalization.searchSuspicious(GZoltarFaultLocalization.java:214) - Test failt: org.joda.time.TestSerialization#testSerializedMutableDateTime
[INFO ] fr.inria.astor.core.faultlocalization.gzoltar.GZoltarFaultLocalization.searchSuspicious(GZoltarFaultLocalization.java:214) - Test failt: org.joda.time.TestSerialization#testSerializedGJChronologyChangedInternals
[INFO ] fr.inria.astor.core.faultlocalization.gzoltar.GZoltarFaultLocalization.searchSuspicious(GZoltarFaultLocalization.java:214) - Test failt: org.joda.time.TestSerialization#testSerializedISOChronology
[INFO ] fr.inria.astor.core.faultlocalization.gzoltar.GZoltarFaultLocalization.searchSuspicious(GZoltarFaultLocalization.java:214) - Test failt: org.joda.time.TestSerialization#testSerializedBuddhistChronology
[INFO ] fr.inria.astor.core.faultlocalization.gzoltar.GZoltarFaultLocalization.searchSuspicious(GZoltarFaultLocalization.java:214) - Test failt: org.joda.time.TestSerialization#testSerializedDateTimeProperty
[INFO ] fr.inria.astor.core.faultlocalization.gzoltar.GZoltarFaultLocalization.searchSuspicious(GZoltarFaultLocalization.java:214) - Test failt: org.joda.time.TestSerialization#testSerializedPeriodType
[INFO ] fr.inria.astor.core.faultlocalization.gzoltar.GZoltarFaultLocalization.searchSuspicious(GZoltarFaultLocalization.java:214) - Test failt: org.joda.time.TestSerialization#testSerializedJulianChronology
[INFO ] fr.inria.astor.core.faultlocalization.gzoltar.GZoltarFaultLocalization.searchSuspicious(GZoltarFaultLocalization.java:214) - Test failt: org.joda.time.TestSerialization#testSerializedDateTimeFieldType
[INFO ] fr.inria.astor.core.faultlocalization.gzoltar.GZoltarFaultLocalization.searchSuspicious(GZoltarFaultLocalization.java:214) - Test failt: org.joda.time.TestSerialization#testSerializedYearMonthDay
[INFO ] fr.inria.astor.core.faultlocalization.gzoltar.GZoltarFaultLocalization.searchSuspicious(GZoltarFaultLocalization.java:214) - Test failt: org.joda.time.TestSerialization#testSerializedMutableDateTimeProperty
[INFO ] fr.inria.astor.core.faultlocalization.gzoltar.GZoltarFaultLocalization.searchSuspicious(GZoltarFaultLocalization.java:214) - Test failt: org.joda.time.TestSerialization#testSerializedGregorianChronology
[INFO ] fr.inria.astor.core.faultlocalization.gzoltar.GZoltarFaultLocalization.searchSuspicious(GZoltarFaultLocalization.java:214) - Test failt: org.joda.time.TestSerialization#testSerializedDateTime
[INFO ] fr.inria.astor.core.faultlocalization.gzoltar.GZoltarFaultLocalization.searchSuspicious(GZoltarFaultLocalization.java:214) - Test failt: org.joda.time.TestSerialization#testSerializedUnsupportedDateTimeField
[INFO ] fr.inria.astor.core.faultlocalization.gzoltar.GZoltarFaultLocalization.searchSuspicious(GZoltarFaultLocalization.java:214) - Test failt: org.joda.time.TestSerialization#testSerializedDateTimeZone
[INFO ] fr.inria.astor.core.faultlocalization.gzoltar.GZoltarFaultLocalization.searchSuspicious(GZoltarFaultLocalization.java:214) - Test failt: org.joda.time.TestSerialization#testSerializedCopticChronology
[INFO ] fr.inria.astor.core.faultlocalization.gzoltar.GZoltarFaultLocalization.searchSuspicious(GZoltarFaultLocalization.java:214) - Test failt: org.joda.time.TestSerialization#testSerializedDateMidnight
[INFO ] fr.inria.astor.core.faultlocalization.gzoltar.GZoltarFaultLocalization.searchSuspicious(GZoltarFaultLocalization.java:214) - Test failt: org.joda.time.TestSerialization#testSerializedGJChronology
[INFO ] fr.inria.astor.core.faultlocalization.gzoltar.GZoltarFaultLocalization.searchSuspicious(GZoltarFaultLocalization.java:214) - Test failt: org.joda.time.TestSerialization#testSerializedDateTimeZoneUTC
[INFO ] fr.inria.astor.core.faultlocalization.gzoltar.GZoltarFaultLocalization.searchSuspicious(GZoltarFaultLocalization.java:214) - Test failt: org.joda.time.TestSerialization#testSerializedInstant
[INFO ] fr.inria.astor.core.faultlocalization.gzoltar.GZoltarFaultLocalization.searchSuspicious(GZoltarFaultLocalization.java:214) - Test failt: org.joda.time.TestSerialization#testSerializedTimeOfDay
[INFO ] fr.inria.astor.core.faultlocalization.gzoltar.GZoltarFaultLocalization.searchSuspicious(GZoltarFaultLocalization.java:214) - Test failt: org.joda.time.TestSerialization#testSerializedDateMidnightProperty
[INFO ] fr.inria.astor.core.faultlocalization.gzoltar.GZoltarFaultLocalization.searchSuspicious(GZoltarFaultLocalization.java:214) - Test failt: org.joda.time.format.TestDateTimeFormatStyle#testForStyle_fullDateTime
[INFO ] fr.inria.astor.core.faultlocalization.gzoltar.GZoltarFaultLocalization.searchSuspicious(GZoltarFaultLocalization.java:214) - Test failt: org.joda.time.format.TestDateTimeFormatStyle#testForStyle_mediumLongDateTime
[INFO ] fr.inria.astor.core.faultlocalization.gzoltar.GZoltarFaultLocalization.searchSuspicious(GZoltarFaultLocalization.java:214) - Test failt: org.joda.time.format.TestDateTimeFormatStyle#testForStyle_fullTime
[INFO ] fr.inria.astor.core.faultlocalization.gzoltar.GZoltarFaultLocalization.searchSuspicious(GZoltarFaultLocalization.java:214) - Test failt: org.joda.time.format.TestDateTimeFormatStyle#testForStyle_shortLongDateTime
[INFO ] fr.inria.astor.core.faultlocalization.gzoltar.GZoltarFaultLocalization.searchSuspicious(GZoltarFaultLocalization.java:214) - Test failt: org.joda.time.format.TestDateTimeFormatStyle#testForStyle_longTime
[INFO ] fr.inria.astor.core.faultlocalization.gzoltar.GZoltarFaultLocalization.searchSuspicious(GZoltarFaultLocalization.java:214) - Test failt: org.joda.time.format.TestDateTimeFormatStyle#testForStyle_mediumFullDateTime
[INFO ] fr.inria.astor.core.faultlocalization.gzoltar.GZoltarFaultLocalization.searchSuspicious(GZoltarFaultLocalization.java:214) - Test failt: org.joda.time.format.TestDateTimeFormatStyle#testForStyle_shortFullDateTime
[INFO ] fr.inria.astor.core.faultlocalization.gzoltar.GZoltarFaultLocalization.searchSuspicious(GZoltarFaultLocalization.java:214) - Test failt: org.joda.time.format.TestDateTimeFormatStyle#testForStyle_longDateTime
[INFO ] fr.inria.astor.core.faultlocalization.gzoltar.GZoltarFaultLocalization.searchSuspicious(GZoltarFaultLocalization.java:214) - Test failt: org.joda.time.format.TestDateTimeFormat#testFormat_zoneText
[INFO ] fr.inria.astor.core.faultlocalization.gzoltar.GZoltarFaultLocalization.searchSuspicious(GZoltarFaultLocalization.java:214) - Test failt: org.joda.time.format.TestDateTimeFormat#testFormatParse_textMonthAtEnd_France
[INFO ] fr.inria.astor.core.faultlocalization.gzoltar.GZoltarFaultLocalization.searchSuspicious(GZoltarFaultLocalization.java:214) - Test failt: org.joda.time.format.TestDateTimeFormat#testFormat_zoneLongText
[INFO ] fr.inria.astor.core.faultlocalization.gzoltar.GZoltarFaultLocalization.searchSuspicious(GZoltarFaultLocalization.java:214) - Test failt: org.joda.time.TestDateTimeZone#testGetShortName
[INFO ] fr.inria.astor.core.faultlocalization.gzoltar.GZoltarFaultLocalization.searchSuspicious(GZoltarFaultLocalization.java:214) - Test failt: org.joda.time.TestDateTimeZone#testGetName
[INFO ] fr.inria.astor.core.faultlocalization.gzoltar.GZoltarFaultLocalization.searchSuspicious(GZoltarFaultLocalization.java:226) - Gzoltar Test Result Total:11291, fails: 168, GZoltar suspicious 10094, with positive susp 2479
[INFO ] fr.inria.astor.core.faultlocalization.gzoltar.GZoltarFaultLocalization.searchSuspicious(GZoltarFaultLocalization.java:234) - nr test results 11292
[INFO ] fr.inria.astor.core.faultlocalization.gzoltar.GZoltarFaultLocalization.searchSuspicious(GZoltarFaultLocalization.java:289) - Gzoltar found: 423 with susp > 0.1, we consider: 423
[INFO ] fr.inria.astor.core.solutionsearch.AstorCoreEngine.calculateSuspicious(AstorCoreEngine.java:898) - Setting up the max to 331110 milliseconds (331 sec)
[INFO ] fr.inria.astor.core.solutionsearch.AstorCoreEngine.initPopulation(AstorCoreEngine.java:709) - 
---- Creating spoon model
[INFO ] fr.inria.astor.core.manipulation.MutationSupporter.buildSpoonModel(MutationSupporter.java:240) - Creating model,  Code location from working folder: /script/jGenProg_Defects4J_Time_27/./src/main/java
[INFO ] fr.inria.astor.core.manipulation.MutationSupporter.buildModel(MutationSupporter.java:68) - building model: /script/jGenProg_Defects4J_Time_27/./src/main/java, compliance level: 5
[INFO ] fr.inria.astor.core.manipulation.MutationSupporter.buildModel(MutationSupporter.java:82) - Classpath (Dependencies) for building SpoonModel: [/script/jGenProg_Defects4J_Time_27/build/classes/, /script/jGenProg_Defects4J_Time_27/build/tests/, /defects4j/framework/projects/Time/lib/junit-4.11.jar, /defects4j/framework/projects/lib/junit-4.11.jar]
[INFO ] fr.inria.astor.core.solutionsearch.AstorCoreEngine.initModel(AstorCoreEngine.java:779) - Number of CtTypes created: 156
[INFO ] fr.inria.astor.core.solutionsearch.AstorCoreEngine.initPopulation(AstorCoreEngine.java:713) - 
---- Initial suspicious size: 423
[INFO ] fr.inria.astor.core.solutionsearch.population.ProgramVariantFactory.createProgramInstance(ProgramVariantFactory.java:134) - Total suspicious from FL: 423,  222
[INFO ] fr.inria.astor.core.solutionsearch.population.ProgramVariantFactory.createProgramInstance(ProgramVariantFactory.java:143) - Total ModPoint created: 222
[INFO ] fr.inria.astor.core.solutionsearch.population.ProgramVariantFactory.createInitialPopulation(ProgramVariantFactory.java:82) - Creating program variant #1, [Variant id: 1, #gens: 222, #ops: 0, parent:-]
[INFO ] fr.inria.astor.core.solutionsearch.AstorCoreEngine.setFitnessOfPopulation(AstorCoreEngine.java:754) - The original fitness is : 83.0
[INFO ] fr.inria.astor.core.setup.ConfigurationProperties.print(ConfigurationProperties.java:66) - ----------------------------
[INFO ] fr.inria.astor.core.setup.ConfigurationProperties.print(ConfigurationProperties.java:67) - ---Configuration properties:---Execution values
[INFO ] fr.inria.astor.core.setup.ConfigurationProperties.print(ConfigurationProperties.java:69) - p:lastJUnitVersion= ./examples/libs/junit-4.11.jar
[INFO ] fr.inria.astor.core.setup.ConfigurationProperties.print(ConfigurationProperties.java:69) - p:alternativecompliancelevel= 8
[INFO ] fr.inria.astor.core.setup.ConfigurationProperties.print(ConfigurationProperties.java:69) - p:ignoredTestCases= 
[INFO ] fr.inria.astor.core.setup.ConfigurationProperties.print(ConfigurationProperties.java:69) - p:workingDirectory= /script/jGenProg_Defects4J_Time_27/./output_astor
[INFO ] fr.inria.astor.core.setup.ConfigurationProperties.print(ConfigurationProperties.java:69) - p:manipulatesuper= false
[INFO ] fr.inria.astor.core.setup.ConfigurationProperties.print(ConfigurationProperties.java:69) - p:validation= process
[INFO ] fr.inria.astor.core.setup.ConfigurationProperties.print(ConfigurationProperties.java:69) - p:jvm4testexecution= /usr/lib/jvm/java-1.7.0-openjdk-amd64/bin/
[INFO ] fr.inria.astor.core.setup.ConfigurationProperties.print(ConfigurationProperties.java:69) - p:operatorspace= irr-statements
[INFO ] fr.inria.astor.core.setup.ConfigurationProperties.print(ConfigurationProperties.java:69) - p:disablelog= false
[INFO ] fr.inria.astor.core.setup.ConfigurationProperties.print(ConfigurationProperties.java:69) - p:binjavafolder= build/classes/
[INFO ] fr.inria.astor.core.setup.ConfigurationProperties.print(ConfigurationProperties.java:69) - p:synthesis_depth= 3
[INFO ] fr.inria.astor.core.setup.ConfigurationProperties.print(ConfigurationProperties.java:69) - p:gzoltartestpackagetoexclude= junit.framework
[INFO ] fr.inria.astor.core.setup.ConfigurationProperties.print(ConfigurationProperties.java:69) - p:skipfitnessinitialpopulation= false
[INFO ] fr.inria.astor.core.setup.ConfigurationProperties.print(ConfigurationProperties.java:69) - p:evosuiteresultfolder= evosuite
[INFO ] fr.inria.astor.core.setup.ConfigurationProperties.print(ConfigurationProperties.java:69) - p:flthreshold= 0.1
[INFO ] fr.inria.astor.core.setup.ConfigurationProperties.print(ConfigurationProperties.java:69) - p:regressionforfaultlocalization= true
[INFO ] fr.inria.astor.core.setup.ConfigurationProperties.print(ConfigurationProperties.java:69) - p:collectonlyusedmethod= false
[INFO ] fr.inria.astor.core.setup.ConfigurationProperties.print(ConfigurationProperties.java:69) - p:preservelinenumbers= true
[INFO ] fr.inria.astor.core.setup.ConfigurationProperties.print(ConfigurationProperties.java:69) - p:tmax2= 331110
[INFO ] fr.inria.astor.core.setup.ConfigurationProperties.print(ConfigurationProperties.java:69) - p:tmax1= 10000
[INFO ] fr.inria.astor.core.setup.ConfigurationProperties.print(ConfigurationProperties.java:69) - p:probagenmutation= false
[INFO ] fr.inria.astor.core.setup.ConfigurationProperties.print(ConfigurationProperties.java:69) - p:nomodificationconvergence= 100
[INFO ] fr.inria.astor.core.setup.ConfigurationProperties.print(ConfigurationProperties.java:69) - p:diff_type= relative
[INFO ] fr.inria.astor.core.setup.ConfigurationProperties.print(ConfigurationProperties.java:69) - p:targetelementprocessor= statements
[INFO ] fr.inria.astor.core.setup.ConfigurationProperties.print(ConfigurationProperties.java:69) - p:srctestfolder= src/test/java/
[INFO ] fr.inria.astor.core.setup.ConfigurationProperties.print(ConfigurationProperties.java:69) - p:forceExecuteRegression= false
[INFO ] fr.inria.astor.core.setup.ConfigurationProperties.print(ConfigurationProperties.java:69) - p:clusteringfilename= clustering.csv
[INFO ] fr.inria.astor.core.setup.ConfigurationProperties.print(ConfigurationProperties.java:69) - p:failing= org.joda.time.format.TestPeriodFormatterBuilder
[INFO ] fr.inria.astor.core.setup.ConfigurationProperties.print(ConfigurationProperties.java:69) - p:logtestexecution= false
[INFO ] fr.inria.astor.core.setup.ConfigurationProperties.print(ConfigurationProperties.java:69) - p:evo_buggy_class= true
[INFO ] fr.inria.astor.core.setup.ConfigurationProperties.print(ConfigurationProperties.java:69) - p:numberExecutions= 1
[INFO ] fr.inria.astor.core.setup.ConfigurationProperties.print(ConfigurationProperties.java:69) - p:maxnumbersolutions= 1000000
[INFO ] fr.inria.astor.core.setup.ConfigurationProperties.print(ConfigurationProperties.java:69) - p:evo_affected_by_op= true
[INFO ] fr.inria.astor.core.setup.ConfigurationProperties.print(ConfigurationProperties.java:69) - p:population= 1
[INFO ] fr.inria.astor.core.setup.ConfigurationProperties.print(ConfigurationProperties.java:69) - p:considerzerovaluesusp= false
[INFO ] fr.inria.astor.core.setup.ConfigurationProperties.print(ConfigurationProperties.java:69) - p:maxCombinationVariableLimit= false
[INFO ] fr.inria.astor.core.setup.ConfigurationProperties.print(ConfigurationProperties.java:69) - p:loglevel= INFO
[INFO ] fr.inria.astor.core.setup.ConfigurationProperties.print(ConfigurationProperties.java:69) - p:savesolution= true
[INFO ] fr.inria.astor.core.setup.ConfigurationProperties.print(ConfigurationProperties.java:69) - p:javacompliancelevel= 5
[INFO ] fr.inria.astor.core.setup.ConfigurationProperties.print(ConfigurationProperties.java:69) - p:uniqueoptogen= false
[INFO ] fr.inria.astor.core.setup.ConfigurationProperties.print(ConfigurationProperties.java:69) - p:gzoltarpackagetonotinstrument= junit.framework
[INFO ] fr.inria.astor.core.setup.ConfigurationProperties.print(ConfigurationProperties.java:69) - p:projectIdentifier= Time-27
[INFO ] fr.inria.astor.core.setup.ConfigurationProperties.print(ConfigurationProperties.java:69) - p:modificationpointnavigation= weight
[INFO ] fr.inria.astor.core.setup.ConfigurationProperties.print(ConfigurationProperties.java:69) - p:stopfirst= true
[INFO ] fr.inria.astor.core.setup.ConfigurationProperties.print(ConfigurationProperties.java:69) - p:multipointmodification= false
[INFO ] fr.inria.astor.core.setup.ConfigurationProperties.print(ConfigurationProperties.java:69) - p:elementsToMutate= 10
[INFO ] fr.inria.astor.core.setup.ConfigurationProperties.print(ConfigurationProperties.java:69) - p:jsonoutputname= astor_output
[INFO ] fr.inria.astor.core.setup.ConfigurationProperties.print(ConfigurationProperties.java:69) - p:evoDSE= false
[INFO ] fr.inria.astor.core.setup.ConfigurationProperties.print(ConfigurationProperties.java:69) - p:bintestfolder= build/tests/
[INFO ] fr.inria.astor.core.setup.ConfigurationProperties.print(ConfigurationProperties.java:69) - p:testbystep= false
[INFO ] fr.inria.astor.core.setup.ConfigurationProperties.print(ConfigurationProperties.java:69) - p:version-location= ./math-version/
[INFO ] fr.inria.astor.core.setup.ConfigurationProperties.print(ConfigurationProperties.java:69) - p:reintroduce= PARENTS:ORIGINAL
[INFO ] fr.inria.astor.core.setup.ConfigurationProperties.print(ConfigurationProperties.java:69) - p:executorjar= ./lib/jtestex7.jar
[INFO ] fr.inria.astor.core.setup.ConfigurationProperties.print(ConfigurationProperties.java:69) - p:maxGeneration= 1000000
[INFO ] fr.inria.astor.core.setup.ConfigurationProperties.print(ConfigurationProperties.java:69) - p:max_synthesis_step= 10000
[INFO ] fr.inria.astor.core.setup.ConfigurationProperties.print(ConfigurationProperties.java:69) - p:projectinfocommand= com.github.tdurieux:project-config-maven-plugin:info
[INFO ] fr.inria.astor.core.setup.ConfigurationProperties.print(ConfigurationProperties.java:69) - p:maxVarCombination= 1000
[INFO ] fr.inria.astor.core.setup.ConfigurationProperties.print(ConfigurationProperties.java:69) - p:maxtime= 120
[INFO ] fr.inria.astor.core.setup.ConfigurationProperties.print(ConfigurationProperties.java:69) - p:evosuitejar= ./lib/evosuite-master-1.0.4-SNAPSHOT.jar
[INFO ] fr.inria.astor.core.setup.ConfigurationProperties.print(ConfigurationProperties.java:69) - p:jvmversion= 1.7.0_181
[INFO ] fr.inria.astor.core.setup.ConfigurationProperties.print(ConfigurationProperties.java:69) - p:commandTrunk= 50000
[INFO ] fr.inria.astor.core.setup.ConfigurationProperties.print(ConfigurationProperties.java:69) - p:faultlocalization= gzoltar
[INFO ] fr.inria.astor.core.setup.ConfigurationProperties.print(ConfigurationProperties.java:69) - p:resetmodel= true
[INFO ] fr.inria.astor.core.setup.ConfigurationProperties.print(ConfigurationProperties.java:69) - p:maxsuspcandidates= 1000
[INFO ] fr.inria.astor.core.setup.ConfigurationProperties.print(ConfigurationProperties.java:69) - p:mode= leven
[INFO ] fr.inria.astor.core.setup.ConfigurationProperties.print(ConfigurationProperties.java:69) - p:learningdir= 
[INFO ] fr.inria.astor.core.setup.ConfigurationProperties.print(ConfigurationProperties.java:69) - p:jvm4evosuitetestexecution= /usr/lib/jvm/java-1.7.0-openjdk-amd64/bin/
[INFO ] fr.inria.astor.core.setup.ConfigurationProperties.print(ConfigurationProperties.java:69) - p:filterfaultlocalization= true
[INFO ] fr.inria.astor.core.setup.ConfigurationProperties.print(ConfigurationProperties.java:69) - p:mutationrate= 1 
[INFO ] fr.inria.astor.core.setup.ConfigurationProperties.print(ConfigurationProperties.java:69) - p:pathToMVNRepository= 
[INFO ] fr.inria.astor.core.setup.ConfigurationProperties.print(ConfigurationProperties.java:69) - p:resourcesfolder= /src/main/resources:/src/test/resources:
[INFO ] fr.inria.astor.core.setup.ConfigurationProperties.print(ConfigurationProperties.java:69) - p:timezone= America/Los_Angeles
[INFO ] fr.inria.astor.core.setup.ConfigurationProperties.print(ConfigurationProperties.java:69) - p:runjava7code= false
[INFO ] fr.inria.astor.core.setup.ConfigurationProperties.print(ConfigurationProperties.java:69) - p:evoRunOnBuggyClass= true
[INFO ] fr.inria.astor.core.setup.ConfigurationProperties.print(ConfigurationProperties.java:69) - p:compiler= fr.inria.astor.core.manipulation.bytecode.compiler.SpoonClassCompiler
[INFO ] fr.inria.astor.core.setup.ConfigurationProperties.print(ConfigurationProperties.java:69) - p:limitbysuspicious= true
[INFO ] fr.inria.astor.core.setup.ConfigurationProperties.print(ConfigurationProperties.java:69) - p:logsattemps= true
[INFO ] fr.inria.astor.core.setup.ConfigurationProperties.print(ConfigurationProperties.java:69) - p:dependenciespath= /script/jGenProg_Defects4J_Time_27/build/classes/:/script/jGenProg_Defects4J_Time_27/build/tests/:/defects4j/framework/projects/Time/lib/junit-4.11.jar:/defects4j/framework/projects/lib/junit-4.11.jar
[INFO ] fr.inria.astor.core.setup.ConfigurationProperties.print(ConfigurationProperties.java:69) - p:logpatternlayout= [%-5p] %l - %m%n
[INFO ] fr.inria.astor.core.setup.ConfigurationProperties.print(ConfigurationProperties.java:69) - p:packageToInstrument= 
[INFO ] fr.inria.astor.core.setup.ConfigurationProperties.print(ConfigurationProperties.java:69) - p:skipfaultlocalization= false
[INFO ] fr.inria.astor.core.setup.ConfigurationProperties.print(ConfigurationProperties.java:69) - p:scope= global
[INFO ] fr.inria.astor.core.setup.ConfigurationProperties.print(ConfigurationProperties.java:69) - p:transformingredient= false
[INFO ] fr.inria.astor.core.setup.ConfigurationProperties.print(ConfigurationProperties.java:69) - p:fitnessfunction= fr.inria.astor.core.solutionsearch.population.TestCaseFitnessFunction
[INFO ] fr.inria.astor.core.setup.ConfigurationProperties.print(ConfigurationProperties.java:69) - p:maxnumvariablesperingredient= 10
[INFO ] fr.inria.astor.core.setup.ConfigurationProperties.print(ConfigurationProperties.java:69) - p:parsesourcefromoriginal= true
[INFO ] fr.inria.astor.core.setup.ConfigurationProperties.print(ConfigurationProperties.java:69) - p:pvariantfoldername= variant-
[INFO ] fr.inria.astor.core.setup.ConfigurationProperties.print(ConfigurationProperties.java:69) - p:savespoonmodelondisk= false
[INFO ] fr.inria.astor.core.setup.ConfigurationProperties.print(ConfigurationProperties.java:69) - p:srcjavafolder= src/main/java/
[INFO ] fr.inria.astor.core.setup.ConfigurationProperties.print(ConfigurationProperties.java:69) - p:populationcontroller= fr.inria.astor.core.solutionsearch.population.TestCaseBasedFitnessPopulationController
[INFO ] fr.inria.astor.core.setup.ConfigurationProperties.print(ConfigurationProperties.java:69) - p:ignoreflakyinfl= false
[INFO ] fr.inria.astor.core.setup.ConfigurationProperties.print(ConfigurationProperties.java:69) - p:cleantemplates= true
[INFO ] fr.inria.astor.core.setup.ConfigurationProperties.print(ConfigurationProperties.java:69) - p:applyCrossover= false
[INFO ] fr.inria.astor.core.setup.ConfigurationProperties.print(ConfigurationProperties.java:69) - p:maxmodificationpoints= 1000
[INFO ] fr.inria.astor.core.setup.ConfigurationProperties.print(ConfigurationProperties.java:69) - p:duplicateingredientsinspace= false
[INFO ] fr.inria.astor.core.setup.ConfigurationProperties.print(ConfigurationProperties.java:69) - p:metid= 0
[INFO ] fr.inria.astor.core.setup.ConfigurationProperties.print(ConfigurationProperties.java:69) - p:continuewhenmodelfail= true
[INFO ] fr.inria.astor.core.setup.ConfigurationProperties.print(ConfigurationProperties.java:69) - p:saveall= false
[INFO ] fr.inria.astor.core.setup.ConfigurationProperties.print(ConfigurationProperties.java:69) - p:seed= 0
[INFO ] fr.inria.astor.core.setup.ConfigurationProperties.print(ConfigurationProperties.java:69) - p:savecompletepatched= true
[INFO ] fr.inria.astor.core.setup.ConfigurationProperties.print(ConfigurationProperties.java:69) - p:resetoperations= false
[INFO ] fr.inria.astor.core.setup.ConfigurationProperties.print(ConfigurationProperties.java:69) - p:processoutputinfile= false
[INFO ] fr.inria.astor.core.setup.ConfigurationProperties.print(ConfigurationProperties.java:69) - p:location= .
[INFO ] fr.inria.astor.core.setup.ConfigurationProperties.print(ConfigurationProperties.java:69) - p:probabilistictransformation= true
[INFO ] fr.inria.astor.core.setup.ConfigurationProperties.print(ConfigurationProperties.java:69) - p:overridemaxtime= true
[INFO ] fr.inria.astor.core.setup.ConfigurationProperties.print(ConfigurationProperties.java:69) - p:outputjsonresult= false
[INFO ] fr.inria.astor.core.setup.ConfigurationProperties.print(ConfigurationProperties.java:69) - p:allpoints= false
[INFO ] fr.inria.astor.core.setup.ConfigurationProperties.print(ConfigurationProperties.java:69) - p:bugId= 280
[INFO ] fr.inria.astor.core.setup.ConfigurationProperties.print(ConfigurationProperties.java:69) - p:evosuitetimeout= 120
[INFO ] fr.inria.astor.core.setup.ConfigurationProperties.print(ConfigurationProperties.java:69) - p:maxtimefactor= 10
[INFO ] fr.inria.astor.core.setup.ConfigurationProperties.print(ConfigurationProperties.java:69) - p:nrPlaceholders= 1
[INFO ] fr.inria.astor.core.setup.ConfigurationProperties.print(ConfigurationProperties.java:69) - p:forcesubprocesskilling= true
[INFO ] fr.inria.astor.core.setup.ConfigurationProperties.print(ConfigurationProperties.java:71) - ----------------------------
[INFO ] fr.inria.astor.core.solutionsearch.EvolutionarySearchEngine.startEvolution(EvolutionarySearchEngine.java:40) - 
----Starting Solution Search
[INFO ] fr.inria.astor.core.solutionsearch.AstorCoreEngine.belowMaxTime(AstorCoreEngine.java:278) - 
 No more time for operating
[INFO ] fr.inria.astor.core.solutionsearch.AstorCoreEngine.atEnd(AstorCoreEngine.java:170) - Time Repair Loop (s): 8388.746
[INFO ] fr.inria.astor.core.solutionsearch.AstorCoreEngine.atEnd(AstorCoreEngine.java:172) - generationsexecuted: 7
[INFO ] fr.inria.astor.core.solutionsearch.AstorCoreEngine.printFinalStatus(AstorCoreEngine.java:247) - 
----SUMMARY_EXECUTION---
[INFO ] fr.inria.astor.core.solutionsearch.AstorCoreEngine.printFinalStatus(AstorCoreEngine.java:257) - End Repair Search: NOT Found solution
[INFO ] fr.inria.main.evolution.AstorMain.run(AstorMain.java:208) - Time Total(s): 12254.221


Node: e73df8f3fe3c



Date: Tue Dec 24 01:39:13 EST 2019

cd /script/jGenProg_Defects4J_Time_27;
export JAVA_TOOL_OPTIONS="-Dfile.encoding=UTF8 -Duser.language=en-US -Duser.country=US -Duser.language=en";
TZ="America/New_York"; export TZ;
export PATH="/usr/lib/jvm/java-1.8.0-openjdk-amd64/bin/:$PATH";
export JAVA_HOME="/usr/lib/jvm/java-1.8.0-openjdk-amd64/bin/";
java -Xmx4048m -cp /script/libs/jtestex7.jar:/astor/target/astor-0.0.2-SNAPSHOT-jar-with-dependencies.jar fr.inria.main.evolution.AstorMain \
	-mode jgenprog \
	-location . \
	-id Time-27 \
	-failing org.joda.time.format.TestPeriodFormatterBuilder \
	-jvm4testexecution /usr/lib/jvm/java-1.7.0-openjdk-amd64/bin/ \
	-jvm4evosuitetestexecution /usr/lib/jvm/java-1.7.0-openjdk-amd64/bin/ \
	-maxgen 1000000 \
	-maxtime 120 \
	-stopfirst true \
	-seed 0 \
	-scope global \
	-population 1 \
	-javacompliancelevel 5 \
	-srcjavafolder src/main/java/ \
	-srctestfolder src/test/java/ \
	-binjavafolder build/classes/ \
	-bintestfolder build/tests/ \
	-parameters mode:leven \
	-dependencies /script/jGenProg_Defects4J_Time_27/build/classes/:/script/jGenProg_Defects4J_Time_27/build/tests/:/defects4j/framework/projects/Time/lib/junit-4.11.jar:/defects4j/framework/projects/lib/junit-4.11.jar;
	echo "\n\nNode: `hostname`\n";
	echo "\n\nDate: `date`\n";

