Determine revision date.................................................... OK
Picked up JAVA_TOOL_OPTIONS: -Dfile.encoding=UTF8 -Duser.language=en-US -Duser.country=US -Duser.language=en
log4j:ERROR setFile(null,true) call failed.
java.io.FileNotFoundException:  (No such file or directory)
	at java.io.FileOutputStream.open0(Native Method)
	at java.io.FileOutputStream.open(FileOutputStream.java:270)
	at java.io.FileOutputStream.<init>(FileOutputStream.java:213)
	at java.io.FileOutputStream.<init>(FileOutputStream.java:133)
	at org.apache.log4j.FileAppender.setFile(FileAppender.java:294)
	at org.apache.log4j.RollingFileAppender.setFile(RollingFileAppender.java:207)
	at org.apache.log4j.FileAppender.activateOptions(FileAppender.java:165)
	at org.apache.log4j.config.PropertySetter.activate(PropertySetter.java:307)
	at org.apache.log4j.config.PropertySetter.setProperties(PropertySetter.java:172)
	at org.apache.log4j.config.PropertySetter.setProperties(PropertySetter.java:104)
	at org.apache.log4j.PropertyConfigurator.parseAppender(PropertyConfigurator.java:842)
	at org.apache.log4j.PropertyConfigurator.parseCategory(PropertyConfigurator.java:768)
	at org.apache.log4j.PropertyConfigurator.parseCatsAndRenderers(PropertyConfigurator.java:672)
	at org.apache.log4j.PropertyConfigurator.doConfigure(PropertyConfigurator.java:516)
	at org.apache.log4j.PropertyConfigurator.doConfigure(PropertyConfigurator.java:580)
	at org.apache.log4j.helpers.OptionConverter.selectAndConfigure(OptionConverter.java:526)
	at org.apache.log4j.LogManager.<clinit>(LogManager.java:127)
	at org.apache.log4j.Logger.getLogger(Logger.java:117)
	at fr.inria.astor.core.setup.ConfigurationProperties.<clinit>(ConfigurationProperties.java:16)
	at fr.inria.main.AbstractMain.<clinit>(AbstractMain.java:99)
2019-11-08 02:06:50,674 INFO fr.inria.astor.core.setup.ProjectConfiguration - Version of the JVM used: 1.7.0_181
2019-11-08 02:06:50,676 INFO main - Java version of the JDK used to run tests: 1.7.0_181
2019-11-08 02:06:50,677 INFO main - The compliance of the JVM is:  7
2019-11-08 02:06:50,681 INFO main - command line arguments: [-mode  jgenprog  -location  .  -id  Closure-54  -failing  com.google.javascript.jscomp.TypedScopeCreatorTest:com.google.javascript.jscomp.TypeCheckTest  -jvm4testexecution  /usr/lib/jvm/java-1.7.0-openjdk-amd64/bin/  -jvm4evosuitetestexecution  /usr/lib/jvm/java-1.7.0-openjdk-amd64/bin/  -maxgen  1000000  -maxtime  120  -stopfirst  true  -seed  0  -scope  global  -population  1  -javacompliancelevel  6  -srcjavafolder  src/  -srctestfolder  test  -binjavafolder  build/classes/  -bintestfolder  build/test/  -parameters  x:x  -dependencies  /script/jGenProg_Defects4J_Closure_54/build/classes:/script/jGenProg_Defects4J_Closure_54/build/test:/script/jGenProg_Defects4J_Closure_54/build/lib/rhino.jar:/script/jGenProg_Defects4J_Closure_54/lib/caja-r4314.jar:/script/jGenProg_Defects4J_Closure_54/lib/jarjar.jar:/script/jGenProg_Defects4J_Closure_54/lib/json.jar:/script/jGenProg_Defects4J_Closure_54/lib/jsr305.jar:/script/jGenProg_Defects4J_Closure_54/lib/protobuf-java.jar:/script/jGenProg_Defects4J_Closure_54/lib/ant-launcher.jar:/script/jGenProg_Defects4J_Closure_54/lib/ant.jar:/script/jGenProg_Defects4J_Closure_54/lib/args4j.jar:/script/jGenProg_Defects4J_Closure_54/lib/guava.jar:/script/jGenProg_Defects4J_Closure_54/lib/junit.jar]
2019-11-08 02:06:50,686 INFO fr.inria.main.evolution.AstorMain - Running Astor on a JDK at /usr/lib/jvm/java-8-openjdk-amd64/jre
[INFO ] fr.inria.main.AbstractMain.determineSourceFolders(AbstractMain.java:960) - Source folders: [/script/jGenProg_Defects4J_Closure_54/./src]
[INFO ] fr.inria.main.AbstractMain.determineSourceFolders(AbstractMain.java:979) - Source Test folders: [/script/jGenProg_Defects4J_Closure_54/./test]
[INFO ] fr.inria.astor.core.faultlocalization.gzoltar.GZoltarFaultLocalization.calculateSuspicious(GZoltarFaultLocalization.java:74) - -Executing Gzoltar classpath: /script/jGenProg_Defects4J_Closure_54/./output_astor/AstorMain-Closure-54//bin//default from 426 classes with test cases
[INFO ] fr.inria.astor.core.faultlocalization.gzoltar.GZoltarFaultLocalization.searchSuspicious(GZoltarFaultLocalization.java:154) - Gzoltar fault localization: min susp value parameter: 0.1
[INFO ] fr.inria.astor.core.faultlocalization.gzoltar.GZoltarFaultLocalization.searchSuspicious(GZoltarFaultLocalization.java:174) - -gz-Adding classpath: [/script/jGenProg_Defects4J_Closure_54/./output_astor/AstorMain-Closure-54//bin//default, /script/jGenProg_Defects4J_Closure_54/build/classes/, /script/jGenProg_Defects4J_Closure_54/build/test/, /script/jGenProg_Defects4J_Closure_54/build/lib/rhino.jar, /script/jGenProg_Defects4J_Closure_54/lib/caja-r4314.jar, /script/jGenProg_Defects4J_Closure_54/lib/jarjar.jar, /script/jGenProg_Defects4J_Closure_54/lib/json.jar, /script/jGenProg_Defects4J_Closure_54/lib/jsr305.jar, /script/jGenProg_Defects4J_Closure_54/lib/protobuf-java.jar, /script/jGenProg_Defects4J_Closure_54/lib/ant-launcher.jar, /script/jGenProg_Defects4J_Closure_54/lib/ant.jar, /script/jGenProg_Defects4J_Closure_54/lib/args4j.jar, /script/jGenProg_Defects4J_Closure_54/lib/guava.jar, /script/jGenProg_Defects4J_Closure_54/lib/junit.jar]
[INFO ] fr.inria.astor.core.faultlocalization.gzoltar.GZoltarFaultLocalization.searchSuspicious(GZoltarFaultLocalization.java:214) - Test failt: com.google.javascript.jscomp.CrossModuleMethodMotionTest#testTwoMethods
[INFO ] fr.inria.astor.core.faultlocalization.gzoltar.GZoltarFaultLocalization.searchSuspicious(GZoltarFaultLocalization.java:214) - Test failt: com.google.javascript.jscomp.CrossModuleMethodMotionTest#testClosureVariableReads3
[INFO ] fr.inria.astor.core.faultlocalization.gzoltar.GZoltarFaultLocalization.searchSuspicious(GZoltarFaultLocalization.java:214) - Test failt: com.google.javascript.jscomp.TypedScopeCreatorTest#testPropertyOnUnknownSuperClass2
[INFO ] fr.inria.astor.core.faultlocalization.gzoltar.GZoltarFaultLocalization.searchSuspicious(GZoltarFaultLocalization.java:214) - Test failt: com.google.javascript.jscomp.TypeCheckTest#testIssue537a
[INFO ] fr.inria.astor.core.faultlocalization.gzoltar.GZoltarFaultLocalization.searchSuspicious(GZoltarFaultLocalization.java:214) - Test failt: com.google.javascript.jscomp.TypeCheckTest#testIssue537b
[INFO ] fr.inria.astor.core.faultlocalization.gzoltar.GZoltarFaultLocalization.searchSuspicious(GZoltarFaultLocalization.java:226) - Gzoltar Test Result Total:7205, fails: 5, GZoltar suspicious 41203, with positive susp 6838
[INFO ] fr.inria.astor.core.faultlocalization.gzoltar.GZoltarFaultLocalization.searchSuspicious(GZoltarFaultLocalization.java:234) - nr test results 7205
[INFO ] fr.inria.astor.core.faultlocalization.gzoltar.GZoltarFaultLocalization.searchSuspicious(GZoltarFaultLocalization.java:289) - Gzoltar found: 309 with susp > 0.1, we consider: 309
[INFO ] fr.inria.astor.core.solutionsearch.AstorCoreEngine.calculateSuspicious(AstorCoreEngine.java:955) - Setting up the max to 2713890 milliseconds (2713 sec)
[INFO ] fr.inria.astor.core.solutionsearch.AstorCoreEngine.initPopulation(AstorCoreEngine.java:709) - 
---- Creating spoon model
[INFO ] fr.inria.astor.core.solutionsearch.AstorCoreEngine.initModel(AstorCoreEngine.java:801) - Creating model,  Code location from working folder: /script/jGenProg_Defects4J_Closure_54/./src
[INFO ] fr.inria.astor.core.manipulation.MutationSupporter.buildModel(MutationSupporter.java:66) - building model: /script/jGenProg_Defects4J_Closure_54/./src, compliance level: 6
[INFO ] fr.inria.astor.core.manipulation.MutationSupporter.buildModel(MutationSupporter.java:80) - Classpath (Dependencies) for building SpoonModel: [/script/jGenProg_Defects4J_Closure_54/build/classes/, /script/jGenProg_Defects4J_Closure_54/build/test/, /script/jGenProg_Defects4J_Closure_54/build/lib/rhino.jar, /script/jGenProg_Defects4J_Closure_54/lib/caja-r4314.jar, /script/jGenProg_Defects4J_Closure_54/lib/jarjar.jar, /script/jGenProg_Defects4J_Closure_54/lib/json.jar, /script/jGenProg_Defects4J_Closure_54/lib/jsr305.jar, /script/jGenProg_Defects4J_Closure_54/lib/protobuf-java.jar, /script/jGenProg_Defects4J_Closure_54/lib/ant-launcher.jar, /script/jGenProg_Defects4J_Closure_54/lib/ant.jar, /script/jGenProg_Defects4J_Closure_54/lib/args4j.jar, /script/jGenProg_Defects4J_Closure_54/lib/guava.jar, /script/jGenProg_Defects4J_Closure_54/lib/junit.jar]
[INFO ] fr.inria.astor.core.solutionsearch.AstorCoreEngine.initModel(AstorCoreEngine.java:836) - Number of CtTypes created: 404
[INFO ] fr.inria.astor.core.solutionsearch.AstorCoreEngine.initPopulation(AstorCoreEngine.java:713) - 
---- Initial suspicious size: 309
[INFO ] fr.inria.astor.core.solutionsearch.population.ProgramVariantFactory.createModificationPoints(ProgramVariantFactory.java:223) -  Not ctClass for suspicious code Candidate [className=com.google.javascript.jscomp.CompilerTestCase, methodName=createModuleChain([Ljava/lang/String;)[Lcom/google/javascript/jscomp/JSModule;, lineNumber=958, susp=0.12403473458920847]
[INFO ] fr.inria.astor.core.solutionsearch.population.ProgramVariantFactory.createModificationPoints(ProgramVariantFactory.java:223) -  Not ctClass for suspicious code Candidate [className=com.google.javascript.jscomp.CompilerTestCase, methodName=createModuleChain([Ljava/lang/String;)[Lcom/google/javascript/jscomp/JSModule;, lineNumber=956, susp=0.12285902336679023]
[INFO ] fr.inria.astor.core.solutionsearch.population.ProgramVariantFactory.createModificationPoints(ProgramVariantFactory.java:223) -  Not ctClass for suspicious code Candidate [className=com.google.javascript.jscomp.CompilerTestCase, methodName=createModuleChain([Ljava/lang/String;)[Lcom/google/javascript/jscomp/JSModule;, lineNumber=957, susp=0.12285902336679023]
[INFO ] fr.inria.astor.core.solutionsearch.population.ProgramVariantFactory.createModificationPoints(ProgramVariantFactory.java:223) -  Not ctClass for suspicious code Candidate [className=com.google.javascript.jscomp.CompilerTestCase, methodName=createModuleChain([Ljava/lang/String;)[Lcom/google/javascript/jscomp/JSModule;, lineNumber=960, susp=0.12285902336679023]
[INFO ] fr.inria.astor.core.solutionsearch.population.ProgramVariantFactory.createProgramInstance(ProgramVariantFactory.java:134) - Total suspicious from FL: 309,  249
[INFO ] fr.inria.astor.core.solutionsearch.population.ProgramVariantFactory.createProgramInstance(ProgramVariantFactory.java:143) - Total ModPoint created: 249
[INFO ] fr.inria.astor.core.solutionsearch.population.ProgramVariantFactory.createInitialPopulation(ProgramVariantFactory.java:82) - Creating program variant #1, [Variant id: 1, #gens: 249, #ops: 0, parent:-]
[INFO ] fr.inria.astor.core.solutionsearch.AstorCoreEngine.setFitnessOfPopulation(AstorCoreEngine.java:754) - The original fitness is : 3.0
[INFO ] fr.inria.astor.core.setup.ConfigurationProperties.print(ConfigurationProperties.java:66) - ----------------------------
[INFO ] fr.inria.astor.core.setup.ConfigurationProperties.print(ConfigurationProperties.java:67) - ---Configuration properties:---Execution values
[INFO ] fr.inria.astor.core.setup.ConfigurationProperties.print(ConfigurationProperties.java:69) - p:lastJUnitVersion= ./examples/libs/junit-4.11.jar
[INFO ] fr.inria.astor.core.setup.ConfigurationProperties.print(ConfigurationProperties.java:69) - p:alternativecompliancelevel= 8
[INFO ] fr.inria.astor.core.setup.ConfigurationProperties.print(ConfigurationProperties.java:69) - p:ignoredTestCases= 
[INFO ] fr.inria.astor.core.setup.ConfigurationProperties.print(ConfigurationProperties.java:69) - p:workingDirectory= /script/jGenProg_Defects4J_Closure_54/./output_astor
[INFO ] fr.inria.astor.core.setup.ConfigurationProperties.print(ConfigurationProperties.java:69) - p:manipulatesuper= false
[INFO ] fr.inria.astor.core.setup.ConfigurationProperties.print(ConfigurationProperties.java:69) - p:validation= process
[INFO ] fr.inria.astor.core.setup.ConfigurationProperties.print(ConfigurationProperties.java:69) - p:jvm4testexecution= /usr/lib/jvm/java-1.7.0-openjdk-amd64/bin/
[INFO ] fr.inria.astor.core.setup.ConfigurationProperties.print(ConfigurationProperties.java:69) - p:operatorspace= irr-statements
[INFO ] fr.inria.astor.core.setup.ConfigurationProperties.print(ConfigurationProperties.java:69) - p:disablelog= false
[INFO ] fr.inria.astor.core.setup.ConfigurationProperties.print(ConfigurationProperties.java:69) - p:binjavafolder= build/classes/
[INFO ] fr.inria.astor.core.setup.ConfigurationProperties.print(ConfigurationProperties.java:69) - p:synthesis_depth= 3
[INFO ] fr.inria.astor.core.setup.ConfigurationProperties.print(ConfigurationProperties.java:69) - p:gzoltartestpackagetoexclude= junit.framework
[INFO ] fr.inria.astor.core.setup.ConfigurationProperties.print(ConfigurationProperties.java:69) - p:skipfitnessinitialpopulation= false
[INFO ] fr.inria.astor.core.setup.ConfigurationProperties.print(ConfigurationProperties.java:69) - p:evosuiteresultfolder= evosuite
[INFO ] fr.inria.astor.core.setup.ConfigurationProperties.print(ConfigurationProperties.java:69) - p:flthreshold= 0.1
[INFO ] fr.inria.astor.core.setup.ConfigurationProperties.print(ConfigurationProperties.java:69) - p:regressionforfaultlocalization= true
[INFO ] fr.inria.astor.core.setup.ConfigurationProperties.print(ConfigurationProperties.java:69) - p:collectonlyusedmethod= false
[INFO ] fr.inria.astor.core.setup.ConfigurationProperties.print(ConfigurationProperties.java:69) - p:preservelinenumbers= true
[INFO ] fr.inria.astor.core.setup.ConfigurationProperties.print(ConfigurationProperties.java:69) - p:tmax2= 2713890
[INFO ] fr.inria.astor.core.setup.ConfigurationProperties.print(ConfigurationProperties.java:69) - p:tmax1= 10000
[INFO ] fr.inria.astor.core.setup.ConfigurationProperties.print(ConfigurationProperties.java:69) - p:probagenmutation= false
[INFO ] fr.inria.astor.core.setup.ConfigurationProperties.print(ConfigurationProperties.java:69) - p:nomodificationconvergence= 100
[INFO ] fr.inria.astor.core.setup.ConfigurationProperties.print(ConfigurationProperties.java:69) - p:diff_type= relative
[INFO ] fr.inria.astor.core.setup.ConfigurationProperties.print(ConfigurationProperties.java:69) - p:targetelementprocessor= statements
[INFO ] fr.inria.astor.core.setup.ConfigurationProperties.print(ConfigurationProperties.java:69) - p:srctestfolder= test
[INFO ] fr.inria.astor.core.setup.ConfigurationProperties.print(ConfigurationProperties.java:69) - p:forceExecuteRegression= false
[INFO ] fr.inria.astor.core.setup.ConfigurationProperties.print(ConfigurationProperties.java:69) - p:clusteringfilename= clustering.csv
[INFO ] fr.inria.astor.core.setup.ConfigurationProperties.print(ConfigurationProperties.java:69) - p:failing= com.google.javascript.jscomp.TypedScopeCreatorTest:com.google.javascript.jscomp.TypeCheckTest
[INFO ] fr.inria.astor.core.setup.ConfigurationProperties.print(ConfigurationProperties.java:69) - p:logtestexecution= false
[INFO ] fr.inria.astor.core.setup.ConfigurationProperties.print(ConfigurationProperties.java:69) - p:evo_buggy_class= true
[INFO ] fr.inria.astor.core.setup.ConfigurationProperties.print(ConfigurationProperties.java:69) - p:numberExecutions= 1
[INFO ] fr.inria.astor.core.setup.ConfigurationProperties.print(ConfigurationProperties.java:69) - p:maxnumbersolutions= 1000000
[INFO ] fr.inria.astor.core.setup.ConfigurationProperties.print(ConfigurationProperties.java:69) - p:evo_affected_by_op= true
[INFO ] fr.inria.astor.core.setup.ConfigurationProperties.print(ConfigurationProperties.java:69) - p:population= 1
[INFO ] fr.inria.astor.core.setup.ConfigurationProperties.print(ConfigurationProperties.java:69) - p:considerzerovaluesusp= false
[INFO ] fr.inria.astor.core.setup.ConfigurationProperties.print(ConfigurationProperties.java:69) - p:maxCombinationVariableLimit= false
[INFO ] fr.inria.astor.core.setup.ConfigurationProperties.print(ConfigurationProperties.java:69) - p:loglevel= INFO
[INFO ] fr.inria.astor.core.setup.ConfigurationProperties.print(ConfigurationProperties.java:69) - p:savesolution= true
[INFO ] fr.inria.astor.core.setup.ConfigurationProperties.print(ConfigurationProperties.java:69) - p:javacompliancelevel= 6
[INFO ] fr.inria.astor.core.setup.ConfigurationProperties.print(ConfigurationProperties.java:69) - p:x= x
[INFO ] fr.inria.astor.core.setup.ConfigurationProperties.print(ConfigurationProperties.java:69) - p:uniqueoptogen= false
[INFO ] fr.inria.astor.core.setup.ConfigurationProperties.print(ConfigurationProperties.java:69) - p:gzoltarpackagetonotinstrument= junit.framework
[INFO ] fr.inria.astor.core.setup.ConfigurationProperties.print(ConfigurationProperties.java:69) - p:projectIdentifier= Closure-54
[INFO ] fr.inria.astor.core.setup.ConfigurationProperties.print(ConfigurationProperties.java:69) - p:modificationpointnavigation= weight
[INFO ] fr.inria.astor.core.setup.ConfigurationProperties.print(ConfigurationProperties.java:69) - p:stopfirst= true
[INFO ] fr.inria.astor.core.setup.ConfigurationProperties.print(ConfigurationProperties.java:69) - p:multipointmodification= false
[INFO ] fr.inria.astor.core.setup.ConfigurationProperties.print(ConfigurationProperties.java:69) - p:elementsToMutate= 10
[INFO ] fr.inria.astor.core.setup.ConfigurationProperties.print(ConfigurationProperties.java:69) - p:jsonoutputname= astor_output
[INFO ] fr.inria.astor.core.setup.ConfigurationProperties.print(ConfigurationProperties.java:69) - p:evoDSE= false
[INFO ] fr.inria.astor.core.setup.ConfigurationProperties.print(ConfigurationProperties.java:69) - p:bintestfolder= build/test/
[INFO ] fr.inria.astor.core.setup.ConfigurationProperties.print(ConfigurationProperties.java:69) - p:testbystep= false
[INFO ] fr.inria.astor.core.setup.ConfigurationProperties.print(ConfigurationProperties.java:69) - p:version-location= ./math-version/
[INFO ] fr.inria.astor.core.setup.ConfigurationProperties.print(ConfigurationProperties.java:69) - p:reintroduce= PARENTS:ORIGINAL
[INFO ] fr.inria.astor.core.setup.ConfigurationProperties.print(ConfigurationProperties.java:69) - p:executorjar= ./lib/jtestex7.jar
[INFO ] fr.inria.astor.core.setup.ConfigurationProperties.print(ConfigurationProperties.java:69) - p:maxGeneration= 1000000
[INFO ] fr.inria.astor.core.setup.ConfigurationProperties.print(ConfigurationProperties.java:69) - p:max_synthesis_step= 10000
[INFO ] fr.inria.astor.core.setup.ConfigurationProperties.print(ConfigurationProperties.java:69) - p:projectinfocommand= com.github.tdurieux:project-config-maven-plugin:info
[INFO ] fr.inria.astor.core.setup.ConfigurationProperties.print(ConfigurationProperties.java:69) - p:maxVarCombination= 1000
[INFO ] fr.inria.astor.core.setup.ConfigurationProperties.print(ConfigurationProperties.java:69) - p:maxtime= 120
[INFO ] fr.inria.astor.core.setup.ConfigurationProperties.print(ConfigurationProperties.java:69) - p:evosuitejar= ./lib/evosuite-master-1.0.4-SNAPSHOT.jar
[INFO ] fr.inria.astor.core.setup.ConfigurationProperties.print(ConfigurationProperties.java:69) - p:jvmversion= 1.7.0_181
[INFO ] fr.inria.astor.core.setup.ConfigurationProperties.print(ConfigurationProperties.java:69) - p:commandTrunk= 50000
[INFO ] fr.inria.astor.core.setup.ConfigurationProperties.print(ConfigurationProperties.java:69) - p:faultlocalization= gzoltar
[INFO ] fr.inria.astor.core.setup.ConfigurationProperties.print(ConfigurationProperties.java:69) - p:resetmodel= true
[INFO ] fr.inria.astor.core.setup.ConfigurationProperties.print(ConfigurationProperties.java:69) - p:maxsuspcandidates= 1000
[INFO ] fr.inria.astor.core.setup.ConfigurationProperties.print(ConfigurationProperties.java:69) - p:mode= jgenprog
[INFO ] fr.inria.astor.core.setup.ConfigurationProperties.print(ConfigurationProperties.java:69) - p:learningdir= 
[INFO ] fr.inria.astor.core.setup.ConfigurationProperties.print(ConfigurationProperties.java:69) - p:jvm4evosuitetestexecution= /usr/lib/jvm/java-1.7.0-openjdk-amd64/bin/
[INFO ] fr.inria.astor.core.setup.ConfigurationProperties.print(ConfigurationProperties.java:69) - p:filterfaultlocalization= true
[INFO ] fr.inria.astor.core.setup.ConfigurationProperties.print(ConfigurationProperties.java:69) - p:mutationrate= 1 
[INFO ] fr.inria.astor.core.setup.ConfigurationProperties.print(ConfigurationProperties.java:69) - p:pathToMVNRepository= 
[INFO ] fr.inria.astor.core.setup.ConfigurationProperties.print(ConfigurationProperties.java:69) - p:resourcesfolder= /src/main/resources:/src/test/resources:
[INFO ] fr.inria.astor.core.setup.ConfigurationProperties.print(ConfigurationProperties.java:69) - p:timezone= America/Los_Angeles
[INFO ] fr.inria.astor.core.setup.ConfigurationProperties.print(ConfigurationProperties.java:69) - p:runjava7code= false
[INFO ] fr.inria.astor.core.setup.ConfigurationProperties.print(ConfigurationProperties.java:69) - p:evoRunOnBuggyClass= true
[INFO ] fr.inria.astor.core.setup.ConfigurationProperties.print(ConfigurationProperties.java:69) - p:compiler= fr.inria.astor.core.manipulation.bytecode.compiler.SpoonClassCompiler
[INFO ] fr.inria.astor.core.setup.ConfigurationProperties.print(ConfigurationProperties.java:69) - p:limitbysuspicious= true
[INFO ] fr.inria.astor.core.setup.ConfigurationProperties.print(ConfigurationProperties.java:69) - p:logsattemps= true
[INFO ] fr.inria.astor.core.setup.ConfigurationProperties.print(ConfigurationProperties.java:69) - p:dependenciespath= /script/jGenProg_Defects4J_Closure_54/build/classes:/script/jGenProg_Defects4J_Closure_54/build/test:/script/jGenProg_Defects4J_Closure_54/build/lib/rhino.jar:/script/jGenProg_Defects4J_Closure_54/lib/caja-r4314.jar:/script/jGenProg_Defects4J_Closure_54/lib/jarjar.jar:/script/jGenProg_Defects4J_Closure_54/lib/json.jar:/script/jGenProg_Defects4J_Closure_54/lib/jsr305.jar:/script/jGenProg_Defects4J_Closure_54/lib/protobuf-java.jar:/script/jGenProg_Defects4J_Closure_54/lib/ant-launcher.jar:/script/jGenProg_Defects4J_Closure_54/lib/ant.jar:/script/jGenProg_Defects4J_Closure_54/lib/args4j.jar:/script/jGenProg_Defects4J_Closure_54/lib/guava.jar:/script/jGenProg_Defects4J_Closure_54/lib/junit.jar
[INFO ] fr.inria.astor.core.setup.ConfigurationProperties.print(ConfigurationProperties.java:69) - p:logpatternlayout= [%-5p] %l - %m%n
[INFO ] fr.inria.astor.core.setup.ConfigurationProperties.print(ConfigurationProperties.java:69) - p:packageToInstrument= 
[INFO ] fr.inria.astor.core.setup.ConfigurationProperties.print(ConfigurationProperties.java:69) - p:skipfaultlocalization= false
[INFO ] fr.inria.astor.core.setup.ConfigurationProperties.print(ConfigurationProperties.java:69) - p:scope= global
[INFO ] fr.inria.astor.core.setup.ConfigurationProperties.print(ConfigurationProperties.java:69) - p:transformingredient= false
[INFO ] fr.inria.astor.core.setup.ConfigurationProperties.print(ConfigurationProperties.java:69) - p:fitnessfunction= fr.inria.astor.core.solutionsearch.population.TestCaseFitnessFunction
[INFO ] fr.inria.astor.core.setup.ConfigurationProperties.print(ConfigurationProperties.java:69) - p:maxnumvariablesperingredient= 10
[INFO ] fr.inria.astor.core.setup.ConfigurationProperties.print(ConfigurationProperties.java:69) - p:parsesourcefromoriginal= true
[INFO ] fr.inria.astor.core.setup.ConfigurationProperties.print(ConfigurationProperties.java:69) - p:pvariantfoldername= variant-
[INFO ] fr.inria.astor.core.setup.ConfigurationProperties.print(ConfigurationProperties.java:69) - p:savespoonmodelondisk= false
[INFO ] fr.inria.astor.core.setup.ConfigurationProperties.print(ConfigurationProperties.java:69) - p:srcjavafolder= src/
[INFO ] fr.inria.astor.core.setup.ConfigurationProperties.print(ConfigurationProperties.java:69) - p:populationcontroller= fr.inria.astor.core.solutionsearch.population.TestCaseBasedFitnessPopulationController
[INFO ] fr.inria.astor.core.setup.ConfigurationProperties.print(ConfigurationProperties.java:69) - p:ignoreflakyinfl= false
[INFO ] fr.inria.astor.core.setup.ConfigurationProperties.print(ConfigurationProperties.java:69) - p:cleantemplates= true
[INFO ] fr.inria.astor.core.setup.ConfigurationProperties.print(ConfigurationProperties.java:69) - p:applyCrossover= false
[INFO ] fr.inria.astor.core.setup.ConfigurationProperties.print(ConfigurationProperties.java:69) - p:maxmodificationpoints= 1000
[INFO ] fr.inria.astor.core.setup.ConfigurationProperties.print(ConfigurationProperties.java:69) - p:duplicateingredientsinspace= false
[INFO ] fr.inria.astor.core.setup.ConfigurationProperties.print(ConfigurationProperties.java:69) - p:metid= 0
[INFO ] fr.inria.astor.core.setup.ConfigurationProperties.print(ConfigurationProperties.java:69) - p:saveall= false
[INFO ] fr.inria.astor.core.setup.ConfigurationProperties.print(ConfigurationProperties.java:69) - p:seed= 0
[INFO ] fr.inria.astor.core.setup.ConfigurationProperties.print(ConfigurationProperties.java:69) - p:savecompletepatched= true
[INFO ] fr.inria.astor.core.setup.ConfigurationProperties.print(ConfigurationProperties.java:69) - p:resetoperations= false
[INFO ] fr.inria.astor.core.setup.ConfigurationProperties.print(ConfigurationProperties.java:69) - p:processoutputinfile= false
[INFO ] fr.inria.astor.core.setup.ConfigurationProperties.print(ConfigurationProperties.java:69) - p:location= .
[INFO ] fr.inria.astor.core.setup.ConfigurationProperties.print(ConfigurationProperties.java:69) - p:probabilistictransformation= true
[INFO ] fr.inria.astor.core.setup.ConfigurationProperties.print(ConfigurationProperties.java:69) - p:overridemaxtime= true
[INFO ] fr.inria.astor.core.setup.ConfigurationProperties.print(ConfigurationProperties.java:69) - p:outputjsonresult= false
[INFO ] fr.inria.astor.core.setup.ConfigurationProperties.print(ConfigurationProperties.java:69) - p:allpoints= false
[INFO ] fr.inria.astor.core.setup.ConfigurationProperties.print(ConfigurationProperties.java:69) - p:bugId= 280
[INFO ] fr.inria.astor.core.setup.ConfigurationProperties.print(ConfigurationProperties.java:69) - p:evosuitetimeout= 120
[INFO ] fr.inria.astor.core.setup.ConfigurationProperties.print(ConfigurationProperties.java:69) - p:maxtimefactor= 10
[INFO ] fr.inria.astor.core.setup.ConfigurationProperties.print(ConfigurationProperties.java:69) - p:nrPlaceholders= 1
[INFO ] fr.inria.astor.core.setup.ConfigurationProperties.print(ConfigurationProperties.java:69) - p:forcesubprocesskilling= true
[INFO ] fr.inria.astor.core.setup.ConfigurationProperties.print(ConfigurationProperties.java:71) - ----------------------------
[INFO ] fr.inria.astor.core.solutionsearch.EvolutionarySearchEngine.startEvolution(EvolutionarySearchEngine.java:40) - 
----Starting Solution Search
[ERROR] fr.inria.astor.core.solutionsearch.AstorCoreEngine.saveModifVariant(AstorCoreEngine.java:345) - Problems saving cttype: com.google.javascript.rhino.Node
[ERROR] fr.inria.astor.core.manipulation.bytecode.compiler.SpoonClassCompiler.compile(SpoonClassCompiler.java:72) - Error printing class com.google.javascript.rhino.Node
spoon.SpoonException: Cannot compute access path to type: com.google.javascript.jscomp.CodeGenerator$Context in context of type: com.google.javascript.rhino.Node
	at spoon.support.reflect.reference.CtTypeReferenceImpl.getAccessType(CtTypeReferenceImpl.java:720)
	at spoon.reflect.visitor.DefaultJavaPrettyPrinter.visitCtTypeReference(DefaultJavaPrettyPrinter.java:1809)
	at spoon.reflect.visitor.DefaultJavaPrettyPrinter.visitCtTypeReference(DefaultJavaPrettyPrinter.java:1779)
	at spoon.support.reflect.reference.CtTypeReferenceImpl.accept(CtTypeReferenceImpl.java:73)
	at spoon.reflect.visitor.DefaultJavaPrettyPrinter.scan(DefaultJavaPrettyPrinter.java:350)
	at spoon.reflect.visitor.DefaultJavaPrettyPrinter.visitCtTypeAccess(DefaultJavaPrettyPrinter.java:1788)
	at spoon.support.reflect.code.CtTypeAccessImpl.accept(CtTypeAccessImpl.java:26)
	at spoon.reflect.visitor.DefaultJavaPrettyPrinter.scan(DefaultJavaPrettyPrinter.java:350)
	at spoon.reflect.visitor.DefaultJavaPrettyPrinter.printCtFieldAccess(DefaultJavaPrettyPrinter.java:823)
	at spoon.reflect.visitor.DefaultJavaPrettyPrinter.visitCtFieldRead(DefaultJavaPrettyPrinter.java:751)
	at spoon.support.reflect.code.CtFieldReadImpl.accept(CtFieldReadImpl.java:16)
	at spoon.reflect.visitor.DefaultJavaPrettyPrinter.scan(DefaultJavaPrettyPrinter.java:350)
	at spoon.reflect.visitor.DefaultJavaPrettyPrinter.lambda$visitCtInvocation$10(DefaultJavaPrettyPrinter.java:1287)
	at spoon.reflect.visitor.ElementPrinterHelper.printList(ElementPrinterHelper.java:546)
	at spoon.reflect.visitor.DefaultJavaPrettyPrinter.visitCtInvocation(DefaultJavaPrettyPrinter.java:1285)
	at spoon.support.reflect.code.CtInvocationImpl.accept(CtInvocationImpl.java:44)
	at spoon.reflect.visitor.DefaultJavaPrettyPrinter.scan(DefaultJavaPrettyPrinter.java:350)
	at spoon.reflect.visitor.ElementPrinterHelper.writeStatement(ElementPrinterHelper.java:168)
	at spoon.reflect.visitor.DefaultJavaPrettyPrinter.visitCtBlock(DefaultJavaPrettyPrinter.java:498)
	at spoon.support.reflect.code.CtBlockImpl.accept(CtBlockImpl.java:55)
	at spoon.reflect.visitor.DefaultJavaPrettyPrinter.scan(DefaultJavaPrettyPrinter.java:350)
	at spoon.reflect.visitor.ElementPrinterHelper.writeStatement(ElementPrinterHelper.java:168)
	at spoon.reflect.visitor.ElementPrinterHelper.writeIfOrLoopBlock(ElementPrinterHelper.java:461)
	at spoon.reflect.visitor.DefaultJavaPrettyPrinter.visitCtFor(DefaultJavaPrettyPrinter.java:1172)
	at spoon.support.reflect.code.CtForImpl.accept(CtForImpl.java:38)
	at spoon.reflect.visitor.DefaultJavaPrettyPrinter.scan(DefaultJavaPrettyPrinter.java:350)
	at spoon.reflect.visitor.ElementPrinterHelper.writeStatement(ElementPrinterHelper.java:168)
	at spoon.reflect.visitor.DefaultJavaPrettyPrinter.visitCtBlock(DefaultJavaPrettyPrinter.java:498)
	at spoon.support.reflect.code.CtBlockImpl.accept(CtBlockImpl.java:55)
	at spoon.reflect.visitor.DefaultJavaPrettyPrinter.scan(DefaultJavaPrettyPrinter.java:350)
	at spoon.reflect.visitor.ElementPrinterHelper.writeStatement(ElementPrinterHelper.java:168)
	at spoon.reflect.visitor.ElementPrinterHelper.writeIfOrLoopBlock(ElementPrinterHelper.java:461)
	at spoon.reflect.visitor.DefaultJavaPrettyPrinter.visitCtIf(DefaultJavaPrettyPrinter.java:1196)
	at spoon.support.reflect.code.CtIfImpl.accept(CtIfImpl.java:34)
	at spoon.reflect.visitor.DefaultJavaPrettyPrinter.scan(DefaultJavaPrettyPrinter.java:350)
	at spoon.reflect.visitor.ElementPrinterHelper.writeStatement(ElementPrinterHelper.java:168)
	at spoon.reflect.visitor.DefaultJavaPrettyPrinter.visitCtBlock(DefaultJavaPrettyPrinter.java:498)
	at spoon.support.reflect.code.CtBlockImpl.accept(CtBlockImpl.java:55)
	at spoon.reflect.visitor.DefaultJavaPrettyPrinter.scan(DefaultJavaPrettyPrinter.java:350)
	at spoon.reflect.visitor.DefaultJavaPrettyPrinter.visitCtMethod(DefaultJavaPrettyPrinter.java:1361)
	at spoon.support.reflect.declaration.CtMethodImpl.accept(CtMethodImpl.java:56)
	at spoon.reflect.visitor.DefaultJavaPrettyPrinter.scan(DefaultJavaPrettyPrinter.java:350)
	at spoon.reflect.visitor.ElementPrinterHelper.writeElementList(ElementPrinterHelper.java:178)
	at spoon.reflect.visitor.DefaultJavaPrettyPrinter.visitCtClass(DefaultJavaPrettyPrinter.java:592)
	at spoon.support.reflect.declaration.CtClassImpl.accept(CtClassImpl.java:56)
	at spoon.reflect.visitor.DefaultJavaPrettyPrinter.scan(DefaultJavaPrettyPrinter.java:350)
	at fr.inria.astor.core.manipulation.bytecode.compiler.SpoonClassCompiler.sourceForModelledClass(SpoonClassCompiler.java:105)
	at fr.inria.astor.core.manipulation.bytecode.compiler.SpoonClassCompiler.compile(SpoonClassCompiler.java:70)
	at fr.inria.astor.core.manipulation.bytecode.compiler.SpoonClassCompiler.compile(SpoonClassCompiler.java:56)
	at fr.inria.astor.core.solutionsearch.AstorCoreEngine.processCreatedVariant(AstorCoreEngine.java:427)
	at fr.inria.astor.core.solutionsearch.EvolutionarySearchEngine.processGenerations(EvolutionarySearchEngine.java:154)
	at fr.inria.astor.core.solutionsearch.EvolutionarySearchEngine.startEvolution(EvolutionarySearchEngine.java:68)
	at fr.inria.main.evolution.AstorMain.run(AstorMain.java:195)
	at fr.inria.main.evolution.AstorMain.execute(AstorMain.java:239)
	at fr.inria.main.evolution.AstorMain.main(AstorMain.java:210)
[ERROR] fr.inria.astor.core.solutionsearch.EvolutionarySearchEngine.startEvolution(EvolutionarySearchEngine.java:84) - Error at generation 15
spoon.SpoonException: Cannot compute access path to type: com.google.javascript.jscomp.CodeGenerator$Context in context of type: com.google.javascript.rhino.Node
spoon.SpoonException: Cannot compute access path to type: com.google.javascript.jscomp.CodeGenerator$Context in context of type: com.google.javascript.rhino.Node
	at spoon.support.reflect.reference.CtTypeReferenceImpl.getAccessType(CtTypeReferenceImpl.java:720)
	at spoon.reflect.visitor.ImportScannerImpl.visitCtTypeReference(ImportScannerImpl.java:116)
	at spoon.support.reflect.reference.CtTypeReferenceImpl.accept(CtTypeReferenceImpl.java:73)
	at spoon.reflect.visitor.ImportScannerImpl.scan(ImportScannerImpl.java:138)
	at spoon.reflect.visitor.ImportScannerImpl.visitCtFieldReference(ImportScannerImpl.java:88)
	at spoon.support.reflect.reference.CtFieldReferenceImpl.accept(CtFieldReferenceImpl.java:50)
	at spoon.reflect.visitor.ImportScannerImpl.scan(ImportScannerImpl.java:138)
	at spoon.reflect.visitor.ImportScannerImpl.visitCtFieldRead(ImportScannerImpl.java:80)
	at spoon.support.reflect.code.CtFieldReadImpl.accept(CtFieldReadImpl.java:16)
	at spoon.reflect.visitor.ImportScannerImpl.scan(ImportScannerImpl.java:138)
	at spoon.reflect.visitor.CtScanner.scan(CtScanner.java:165)
	at spoon.reflect.visitor.CtScanner.scan(CtScanner.java:139)
	at spoon.reflect.visitor.CtScanner.scan(CtScanner.java:158)
	at spoon.reflect.visitor.ImportScannerImpl.visitCtInvocation(ImportScannerImpl.java:267)
	at spoon.support.reflect.code.CtInvocationImpl.accept(CtInvocationImpl.java:44)
	at spoon.reflect.visitor.ImportScannerImpl.scan(ImportScannerImpl.java:138)
	at spoon.reflect.visitor.ImportScannerImpl.computeImports(ImportScannerImpl.java:305)
	at spoon.support.reflect.declaration.CtElementImpl.toString(CtElementImpl.java:287)
	at fr.inria.astor.util.StringUtil.trunc(StringUtil.java:17)
	at fr.inria.astor.core.entities.OperatorInstance.toString(OperatorInstance.java:102)
	at java.lang.String.valueOf(String.java:2994)
	at java.lang.StringBuilder.append(StringBuilder.java:131)
	at fr.inria.astor.core.solutionsearch.AstorCoreEngine.undoSingleGeneration(AstorCoreEngine.java:500)
	at fr.inria.astor.core.solutionsearch.AstorCoreEngine.reverseOperationInModel(AstorCoreEngine.java:488)
	at fr.inria.astor.core.solutionsearch.EvolutionarySearchEngine.processGenerations(EvolutionarySearchEngine.java:162)
	at fr.inria.astor.core.solutionsearch.EvolutionarySearchEngine.startEvolution(EvolutionarySearchEngine.java:68)
	at fr.inria.main.evolution.AstorMain.run(AstorMain.java:195)
	at fr.inria.main.evolution.AstorMain.execute(AstorMain.java:239)
	at fr.inria.main.evolution.AstorMain.main(AstorMain.java:210)
[INFO ] fr.inria.astor.core.solutionsearch.AstorCoreEngine.atEnd(AstorCoreEngine.java:170) - Time Repair Loop (s): 247.335
[INFO ] fr.inria.astor.core.solutionsearch.AstorCoreEngine.atEnd(AstorCoreEngine.java:172) - generationsexecuted: 15
[INFO ] fr.inria.astor.core.solutionsearch.AstorCoreEngine.printFinalStatus(AstorCoreEngine.java:247) - 
----SUMMARY_EXECUTION---
[INFO ] fr.inria.astor.core.solutionsearch.AstorCoreEngine.atEnd(AstorCoreEngine.java:186) - 
 --SOLUTIONS DESCRIPTION--


Astor Output:

General stats:
EXECUTION_IDENTIFIER=Closure-54
TOTAL_TIME=247.335
NR_GENERATIONS=15
NR_RIGHT_COMPILATIONS=10
NR_FAILLING_COMPILATIONS=5
NR_ERRONEOUS_VARIANCES=null
NR_FAILING_VALIDATION_PROCESS=null
OUTPUT_STATUS=ERROR

Patch stats:

[INFO ] fr.inria.main.evolution.AstorMain.run(AstorMain.java:200) - Time Total(s): 11696.286


Node: 44f26dc67a67



Date: Fri Nov  8 05:21:47 EST 2019

cd /script/jGenProg_Defects4J_Closure_54;
export JAVA_TOOL_OPTIONS="-Dfile.encoding=UTF8 -Duser.language=en-US -Duser.country=US -Duser.language=en";
TZ="America/New_York"; export TZ;
export PATH="/usr/lib/jvm/java-1.8.0-openjdk-amd64/bin/:$PATH";
export JAVA_HOME="/usr/lib/jvm/java-1.8.0-openjdk-amd64/bin/";
java -Xmx4048m -cp /script/libs/jtestex7.jar:/astor/target/astor-0.0.2-SNAPSHOT-jar-with-dependencies.jar fr.inria.main.evolution.AstorMain \
	-mode jgenprog \
	-location . \
	-id Closure-54 \
	-failing com.google.javascript.jscomp.TypedScopeCreatorTest:com.google.javascript.jscomp.TypeCheckTest \
	-jvm4testexecution /usr/lib/jvm/java-1.7.0-openjdk-amd64/bin/ \
	-jvm4evosuitetestexecution /usr/lib/jvm/java-1.7.0-openjdk-amd64/bin/ \
	-maxgen 1000000 \
	-maxtime 120 \
	-stopfirst true \
	-seed 0 \
	-scope global \
	-population 1 \
	-javacompliancelevel 6 \
	-srcjavafolder src/ \
	-srctestfolder test \
	-binjavafolder build/classes/ \
	-bintestfolder build/test/ \
	-parameters x:x \
	-dependencies /script/jGenProg_Defects4J_Closure_54/build/classes:/script/jGenProg_Defects4J_Closure_54/build/test:/script/jGenProg_Defects4J_Closure_54/build/lib/rhino.jar:/script/jGenProg_Defects4J_Closure_54/lib/caja-r4314.jar:/script/jGenProg_Defects4J_Closure_54/lib/jarjar.jar:/script/jGenProg_Defects4J_Closure_54/lib/json.jar:/script/jGenProg_Defects4J_Closure_54/lib/jsr305.jar:/script/jGenProg_Defects4J_Closure_54/lib/protobuf-java.jar:/script/jGenProg_Defects4J_Closure_54/lib/ant-launcher.jar:/script/jGenProg_Defects4J_Closure_54/lib/ant.jar:/script/jGenProg_Defects4J_Closure_54/lib/args4j.jar:/script/jGenProg_Defects4J_Closure_54/lib/guava.jar:/script/jGenProg_Defects4J_Closure_54/lib/junit.jar;
	echo "\n\nNode: `hostname`\n";
	echo "\n\nDate: `date`\n";

