Determine revision date.................................................... OK
Picked up JAVA_TOOL_OPTIONS: -Dfile.encoding=UTF8 -Duser.language=en-US -Duser.country=US -Duser.language=en
log4j:ERROR setFile(null,true) call failed.
java.io.FileNotFoundException:  (No such file or directory)
	at java.io.FileOutputStream.open0(Native Method)
	at java.io.FileOutputStream.open(FileOutputStream.java:270)
	at java.io.FileOutputStream.<init>(FileOutputStream.java:213)
	at java.io.FileOutputStream.<init>(FileOutputStream.java:133)
	at org.apache.log4j.FileAppender.setFile(FileAppender.java:294)
	at org.apache.log4j.RollingFileAppender.setFile(RollingFileAppender.java:207)
	at org.apache.log4j.FileAppender.activateOptions(FileAppender.java:165)
	at org.apache.log4j.config.PropertySetter.activate(PropertySetter.java:307)
	at org.apache.log4j.config.PropertySetter.setProperties(PropertySetter.java:172)
	at org.apache.log4j.config.PropertySetter.setProperties(PropertySetter.java:104)
	at org.apache.log4j.PropertyConfigurator.parseAppender(PropertyConfigurator.java:842)
	at org.apache.log4j.PropertyConfigurator.parseCategory(PropertyConfigurator.java:768)
	at org.apache.log4j.PropertyConfigurator.parseCatsAndRenderers(PropertyConfigurator.java:672)
	at org.apache.log4j.PropertyConfigurator.doConfigure(PropertyConfigurator.java:516)
	at org.apache.log4j.PropertyConfigurator.doConfigure(PropertyConfigurator.java:580)
	at org.apache.log4j.helpers.OptionConverter.selectAndConfigure(OptionConverter.java:526)
	at org.apache.log4j.LogManager.<clinit>(LogManager.java:127)
	at org.apache.log4j.Logger.getLogger(Logger.java:117)
	at fr.inria.astor.core.setup.ConfigurationProperties.<clinit>(ConfigurationProperties.java:16)
	at fr.inria.main.AbstractMain.<clinit>(AbstractMain.java:99)
2019-11-11 22:50:25,369 INFO fr.inria.astor.core.setup.ProjectConfiguration - Version of the JVM used: 1.7.0_181
2019-11-11 22:50:25,371 INFO main - Java version of the JDK used to run tests: 1.7.0_181
2019-11-11 22:50:25,371 INFO main - The compliance of the JVM is:  7
2019-11-11 22:50:25,373 INFO main - command line arguments: [-mode  jgenprog  -location  .  -id  Mockito-18  -failing  org.mockito.internal.stubbing.defaultanswers.ReturnsEmptyValuesTest  -jvm4testexecution  /usr/lib/jvm/java-1.7.0-openjdk-amd64/bin/  -jvm4evosuitetestexecution  /usr/lib/jvm/java-1.7.0-openjdk-amd64/bin/  -maxgen  1000000  -maxtime  120  -stopfirst  true  -seed  0  -scope  global  -population  1  -javacompliancelevel  7  -srcjavafolder  src  -srctestfolder  test  -binjavafolder  build/classes/main/  -bintestfolder  build/classes/test/  -parameters  x:x  -dependencies  /script/jGenProg_Defects4J_Mockito_18/build/classes/main/:/script/jGenProg_Defects4J_Mockito_18/build/classes/test/:/script/jGenProg_Defects4J_Mockito_18/lib/build/ant-googlecode-0.0.3.jar:/script/jGenProg_Defects4J_Mockito_18/lib/build/ant4hg-V0.07.jar:/script/jGenProg_Defects4J_Mockito_18/lib/build/asm-3.1.jar:/script/jGenProg_Defects4J_Mockito_18/lib/build/bnd-0.0.313.jar:/script/jGenProg_Defects4J_Mockito_18/lib/build/jarjar-1.0.jar:/script/jGenProg_Defects4J_Mockito_18/lib/build/jaxen-1.1.1.jar:/script/jGenProg_Defects4J_Mockito_18/lib/build/maven-ant-tasks-2.0.9.jar:/script/jGenProg_Defects4J_Mockito_18/lib/build/pmd-4.1.jar:/script/jGenProg_Defects4J_Mockito_18/lib/build/sorcerer.jar:/script/jGenProg_Defects4J_Mockito_18/lib/repackaged/cglib-and-asm-1.0.jar:/script/jGenProg_Defects4J_Mockito_18/lib/sources/cglib-and-asm-1.0-sources.jar:/script/jGenProg_Defects4J_Mockito_18/lib/test/fest-assert-1.3.jar:/script/jGenProg_Defects4J_Mockito_18/lib/test/fest-util-1.1.4.jar:/script/jGenProg_Defects4J_Mockito_18/lib/test/powermock-reflect-1.2.5.jar:/defects4j/framework/projects/Mockito/lib/asm-all-5.0.4.jar:/defects4j/framework/projects/Mockito/lib/assertj-core-2.1.0.jar:/defects4j/framework/projects/Mockito/lib/cglib-and-asm-1.0.jar:/defects4j/framework/projects/Mockito/lib/cobertura-2.0.3.jar:/defects4j/framework/projects/Mockito/lib/fest-assert-1.3.jar:/defects4j/framework/projects/Mockito/lib/fest-util-1.1.4.jar:/defects4j/framework/projects/Mockito/lib/hamcrest-all-1.3.jar:/defects4j/framework/projects/Mockito/lib/hamcrest-core-1.1.jar:/defects4j/framework/projects/Mockito/lib/objenesis-2.1.jar:/defects4j/framework/projects/Mockito/lib/objenesis-2.2.jar:/defects4j/framework/projects/Mockito/lib/powermock-reflect-1.2.5.jar:/defects4j/framework/projects/lib/cobertura-2.0.3.jar:/defects4j/framework/projects/lib/junit-4.11.jar]
2019-11-11 22:50:25,375 INFO fr.inria.main.evolution.AstorMain - Running Astor on a JDK at /usr/lib/jvm/java-8-openjdk-amd64/jre
[INFO ] fr.inria.main.AbstractMain.determineSourceFolders(AbstractMain.java:960) - Source folders: [/script/jGenProg_Defects4J_Mockito_18/./src]
[INFO ] fr.inria.main.AbstractMain.determineSourceFolders(AbstractMain.java:979) - Source Test folders: [/script/jGenProg_Defects4J_Mockito_18/./test]
[INFO ] fr.inria.astor.core.faultlocalization.gzoltar.GZoltarFaultLocalization.calculateSuspicious(GZoltarFaultLocalization.java:74) - -Executing Gzoltar classpath: /script/jGenProg_Defects4J_Mockito_18/./output_astor/AstorMain-Mockito-18//bin//default from 550 classes with test cases
[INFO ] fr.inria.astor.core.faultlocalization.gzoltar.GZoltarFaultLocalization.searchSuspicious(GZoltarFaultLocalization.java:154) - Gzoltar fault localization: min susp value parameter: 0.1
[INFO ] fr.inria.astor.core.faultlocalization.gzoltar.GZoltarFaultLocalization.searchSuspicious(GZoltarFaultLocalization.java:174) - -gz-Adding classpath: [/script/jGenProg_Defects4J_Mockito_18/./output_astor/AstorMain-Mockito-18//bin//default, /script/jGenProg_Defects4J_Mockito_18/build/classes/main/, /script/jGenProg_Defects4J_Mockito_18/build/classes/test/, /script/jGenProg_Defects4J_Mockito_18/lib/build/ant-googlecode-0.0.3.jar, /script/jGenProg_Defects4J_Mockito_18/lib/build/ant4hg-V0.07.jar, /script/jGenProg_Defects4J_Mockito_18/lib/build/asm-3.1.jar, /script/jGenProg_Defects4J_Mockito_18/lib/build/bnd-0.0.313.jar, /script/jGenProg_Defects4J_Mockito_18/lib/build/jarjar-1.0.jar, /script/jGenProg_Defects4J_Mockito_18/lib/build/jaxen-1.1.1.jar, /script/jGenProg_Defects4J_Mockito_18/lib/build/maven-ant-tasks-2.0.9.jar, /script/jGenProg_Defects4J_Mockito_18/lib/build/pmd-4.1.jar, /script/jGenProg_Defects4J_Mockito_18/lib/build/sorcerer.jar, /script/jGenProg_Defects4J_Mockito_18/lib/repackaged/cglib-and-asm-1.0.jar, /script/jGenProg_Defects4J_Mockito_18/lib/sources/cglib-and-asm-1.0-sources.jar, /script/jGenProg_Defects4J_Mockito_18/lib/test/fest-assert-1.3.jar, /script/jGenProg_Defects4J_Mockito_18/lib/test/fest-util-1.1.4.jar, /script/jGenProg_Defects4J_Mockito_18/lib/test/powermock-reflect-1.2.5.jar, /defects4j/framework/projects/Mockito/lib/asm-all-5.0.4.jar, /defects4j/framework/projects/Mockito/lib/assertj-core-2.1.0.jar, /defects4j/framework/projects/Mockito/lib/cglib-and-asm-1.0.jar, /defects4j/framework/projects/Mockito/lib/cobertura-2.0.3.jar, /defects4j/framework/projects/Mockito/lib/fest-assert-1.3.jar, /defects4j/framework/projects/Mockito/lib/fest-util-1.1.4.jar, /defects4j/framework/projects/Mockito/lib/hamcrest-all-1.3.jar, /defects4j/framework/projects/Mockito/lib/hamcrest-core-1.1.jar, /defects4j/framework/projects/Mockito/lib/objenesis-2.1.jar, /defects4j/framework/projects/Mockito/lib/objenesis-2.2.jar, /defects4j/framework/projects/Mockito/lib/powermock-reflect-1.2.5.jar, /defects4j/framework/projects/lib/cobertura-2.0.3.jar, /defects4j/framework/projects/lib/junit-4.11.jar]
Exception in thread "main" java.lang.NullPointerException
	at com.gzoltar.core.GZoltar.run(GZoltar.java:51)
	at fr.inria.astor.core.faultlocalization.gzoltar.GZoltarFaultLocalization.searchSuspicious(GZoltarFaultLocalization.java:203)
	at fr.inria.astor.core.faultlocalization.gzoltar.GZoltarFaultLocalization.calculateSuspicious(GZoltarFaultLocalization.java:93)
	at fr.inria.astor.core.faultlocalization.gzoltar.GZoltarFaultLocalization.searchSuspicious(GZoltarFaultLocalization.java:48)
	at fr.inria.astor.core.solutionsearch.AstorCoreEngine.calculateSuspicious(AstorCoreEngine.java:945)
	at fr.inria.main.evolution.AstorMain.createEngine(AstorMain.java:125)
	at fr.inria.main.evolution.AstorMain.run(AstorMain.java:179)
	at fr.inria.main.evolution.AstorMain.execute(AstorMain.java:239)
	at fr.inria.main.evolution.AstorMain.main(AstorMain.java:210)


Node: f1349714a0e3



Date: Mon Nov 11 22:50:29 EST 2019

cd /script/jGenProg_Defects4J_Mockito_18;
export JAVA_TOOL_OPTIONS="-Dfile.encoding=UTF8 -Duser.language=en-US -Duser.country=US -Duser.language=en";
TZ="America/New_York"; export TZ;
export PATH="/usr/lib/jvm/java-1.8.0-openjdk-amd64/bin/:$PATH";
export JAVA_HOME="/usr/lib/jvm/java-1.8.0-openjdk-amd64/bin/";
java -Xmx4048m -cp /script/libs/jtestex7.jar:/astor/target/astor-0.0.2-SNAPSHOT-jar-with-dependencies.jar fr.inria.main.evolution.AstorMain \
	-mode jgenprog \
	-location . \
	-id Mockito-18 \
	-failing org.mockito.internal.stubbing.defaultanswers.ReturnsEmptyValuesTest \
	-jvm4testexecution /usr/lib/jvm/java-1.7.0-openjdk-amd64/bin/ \
	-jvm4evosuitetestexecution /usr/lib/jvm/java-1.7.0-openjdk-amd64/bin/ \
	-maxgen 1000000 \
	-maxtime 120 \
	-stopfirst true \
	-seed 0 \
	-scope global \
	-population 1 \
	-javacompliancelevel 7 \
	-srcjavafolder src \
	-srctestfolder test \
	-binjavafolder build/classes/main/ \
	-bintestfolder build/classes/test/ \
	-parameters x:x \
	-dependencies /script/jGenProg_Defects4J_Mockito_18/build/classes/main/:/script/jGenProg_Defects4J_Mockito_18/build/classes/test/:/script/jGenProg_Defects4J_Mockito_18/lib/build/ant-googlecode-0.0.3.jar:/script/jGenProg_Defects4J_Mockito_18/lib/build/ant4hg-V0.07.jar:/script/jGenProg_Defects4J_Mockito_18/lib/build/asm-3.1.jar:/script/jGenProg_Defects4J_Mockito_18/lib/build/bnd-0.0.313.jar:/script/jGenProg_Defects4J_Mockito_18/lib/build/jarjar-1.0.jar:/script/jGenProg_Defects4J_Mockito_18/lib/build/jaxen-1.1.1.jar:/script/jGenProg_Defects4J_Mockito_18/lib/build/maven-ant-tasks-2.0.9.jar:/script/jGenProg_Defects4J_Mockito_18/lib/build/pmd-4.1.jar:/script/jGenProg_Defects4J_Mockito_18/lib/build/sorcerer.jar:/script/jGenProg_Defects4J_Mockito_18/lib/repackaged/cglib-and-asm-1.0.jar:/script/jGenProg_Defects4J_Mockito_18/lib/sources/cglib-and-asm-1.0-sources.jar:/script/jGenProg_Defects4J_Mockito_18/lib/test/fest-assert-1.3.jar:/script/jGenProg_Defects4J_Mockito_18/lib/test/fest-util-1.1.4.jar:/script/jGenProg_Defects4J_Mockito_18/lib/test/powermock-reflect-1.2.5.jar:/defects4j/framework/projects/Mockito/lib/asm-all-5.0.4.jar:/defects4j/framework/projects/Mockito/lib/assertj-core-2.1.0.jar:/defects4j/framework/projects/Mockito/lib/cglib-and-asm-1.0.jar:/defects4j/framework/projects/Mockito/lib/cobertura-2.0.3.jar:/defects4j/framework/projects/Mockito/lib/fest-assert-1.3.jar:/defects4j/framework/projects/Mockito/lib/fest-util-1.1.4.jar:/defects4j/framework/projects/Mockito/lib/hamcrest-all-1.3.jar:/defects4j/framework/projects/Mockito/lib/hamcrest-core-1.1.jar:/defects4j/framework/projects/Mockito/lib/objenesis-2.1.jar:/defects4j/framework/projects/Mockito/lib/objenesis-2.2.jar:/defects4j/framework/projects/Mockito/lib/powermock-reflect-1.2.5.jar:/defects4j/framework/projects/lib/cobertura-2.0.3.jar:/defects4j/framework/projects/lib/junit-4.11.jar;
	echo "\n\nNode: `hostname`\n";
	echo "\n\nDate: `date`\n";

