Determine revision date.................................................... OK
Picked up JAVA_TOOL_OPTIONS: -Dfile.encoding=UTF8 -Duser.language=en-US -Duser.country=US -Duser.language=en
log4j:ERROR setFile(null,true) call failed.
java.io.FileNotFoundException:  (No such file or directory)
	at java.io.FileOutputStream.open0(Native Method)
	at java.io.FileOutputStream.open(FileOutputStream.java:270)
	at java.io.FileOutputStream.<init>(FileOutputStream.java:213)
	at java.io.FileOutputStream.<init>(FileOutputStream.java:133)
	at org.apache.log4j.FileAppender.setFile(FileAppender.java:294)
	at org.apache.log4j.RollingFileAppender.setFile(RollingFileAppender.java:207)
	at org.apache.log4j.FileAppender.activateOptions(FileAppender.java:165)
	at org.apache.log4j.config.PropertySetter.activate(PropertySetter.java:307)
	at org.apache.log4j.config.PropertySetter.setProperties(PropertySetter.java:172)
	at org.apache.log4j.config.PropertySetter.setProperties(PropertySetter.java:104)
	at org.apache.log4j.PropertyConfigurator.parseAppender(PropertyConfigurator.java:842)
	at org.apache.log4j.PropertyConfigurator.parseCategory(PropertyConfigurator.java:768)
	at org.apache.log4j.PropertyConfigurator.parseCatsAndRenderers(PropertyConfigurator.java:672)
	at org.apache.log4j.PropertyConfigurator.doConfigure(PropertyConfigurator.java:516)
	at org.apache.log4j.PropertyConfigurator.doConfigure(PropertyConfigurator.java:580)
	at org.apache.log4j.helpers.OptionConverter.selectAndConfigure(OptionConverter.java:526)
	at org.apache.log4j.LogManager.<clinit>(LogManager.java:127)
	at org.apache.log4j.Logger.getLogger(Logger.java:117)
	at fr.inria.astor.core.setup.ConfigurationProperties.<clinit>(ConfigurationProperties.java:16)
	at fr.inria.main.AbstractMain.<clinit>(AbstractMain.java:99)
2019-11-13 00:15:21,614 INFO fr.inria.astor.core.setup.ProjectConfiguration - Version of the JVM used: 1.7.0_181
2019-11-13 00:15:21,616 INFO main - Java version of the JDK used to run tests: 1.7.0_181
2019-11-13 00:15:21,616 INFO main - The compliance of the JVM is:  7
2019-11-13 00:15:21,620 INFO main - command line arguments: [-mode  jgenprog  -location  .  -id  Mockito-28  -failing  org.mockitousage.bugs.InjectionByTypeShouldFirstLookForExactTypeThenAncestorTest  -jvm4testexecution  /usr/lib/jvm/java-1.7.0-openjdk-amd64/bin/  -jvm4evosuitetestexecution  /usr/lib/jvm/java-1.7.0-openjdk-amd64/bin/  -maxgen  1000000  -maxtime  120  -stopfirst  true  -seed  0  -scope  global  -population  1  -javacompliancelevel  5  -srcjavafolder  src  -srctestfolder  test  -binjavafolder  target/classes  -bintestfolder  target/test-classes  -parameters  x:x  -dependencies  /script/jGenProg_Defects4J_Mockito_28/target/classes:/script/jGenProg_Defects4J_Mockito_28/target/test-classes:/script/jGenProg_Defects4J_Mockito_28/lib/build/ant4hg-V0.07.jar:/script/jGenProg_Defects4J_Mockito_28/lib/build/asm-3.1.jar:/script/jGenProg_Defects4J_Mockito_28/lib/build/bnd-0.0.313.jar:/script/jGenProg_Defects4J_Mockito_28/lib/build/jarjar-1.0.jar:/script/jGenProg_Defects4J_Mockito_28/lib/build/jaxen-1.1.1.jar:/script/jGenProg_Defects4J_Mockito_28/lib/build/maven-ant-tasks-2.0.9.jar:/script/jGenProg_Defects4J_Mockito_28/lib/build/pmd-4.1.jar:/script/jGenProg_Defects4J_Mockito_28/lib/build/sorcerer.jar:/script/jGenProg_Defects4J_Mockito_28/lib/compile/com.springsource.org.junit-4.5.0.jar:/script/jGenProg_Defects4J_Mockito_28/lib/repackaged/cglib-and-asm-1.0.jar:/script/jGenProg_Defects4J_Mockito_28/lib/run/com.springsource.org.hamcrest.core-1.1.0.jar:/script/jGenProg_Defects4J_Mockito_28/lib/run/com.springsource.org.objenesis-1.0.0.jar:/script/jGenProg_Defects4J_Mockito_28/lib/sources/cglib-and-asm-1.0-sources.jar:/script/jGenProg_Defects4J_Mockito_28/lib/sources/com.springsource.org.hamcrest.core-1.1.0-sources.jar:/script/jGenProg_Defects4J_Mockito_28/lib/sources/com.springsource.org.objenesis-1.0.0-sources.jar:/script/jGenProg_Defects4J_Mockito_28/lib/test/fest-assert-1.3.jar:/script/jGenProg_Defects4J_Mockito_28/lib/test/fest-util-1.1.4.jar:/script/jGenProg_Defects4J_Mockito_28/lib/test/powermock-reflect-1.2.5.jar:/defects4j/framework/projects/Mockito/lib/asm-all-5.0.4.jar:/defects4j/framework/projects/Mockito/lib/assertj-core-2.1.0.jar:/defects4j/framework/projects/Mockito/lib/cglib-and-asm-1.0.jar:/defects4j/framework/projects/Mockito/lib/cobertura-2.0.3.jar:/defects4j/framework/projects/Mockito/lib/fest-assert-1.3.jar:/defects4j/framework/projects/Mockito/lib/fest-util-1.1.4.jar:/defects4j/framework/projects/Mockito/lib/hamcrest-all-1.3.jar:/defects4j/framework/projects/Mockito/lib/hamcrest-core-1.1.jar:/defects4j/framework/projects/Mockito/lib/objenesis-2.1.jar:/defects4j/framework/projects/Mockito/lib/objenesis-2.2.jar:/defects4j/framework/projects/Mockito/lib/powermock-reflect-1.2.5.jar:/defects4j/framework/projects/lib/cobertura-2.0.3.jar:/defects4j/framework/projects/lib/junit-4.11.jar]
2019-11-13 00:15:21,622 INFO fr.inria.main.evolution.AstorMain - Running Astor on a JDK at /usr/lib/jvm/java-8-openjdk-amd64/jre
[INFO ] fr.inria.main.AbstractMain.determineSourceFolders(AbstractMain.java:960) - Source folders: [/script/jGenProg_Defects4J_Mockito_28/./src]
[INFO ] fr.inria.main.AbstractMain.determineSourceFolders(AbstractMain.java:979) - Source Test folders: [/script/jGenProg_Defects4J_Mockito_28/./test]
[INFO ] fr.inria.astor.core.faultlocalization.gzoltar.GZoltarFaultLocalization.calculateSuspicious(GZoltarFaultLocalization.java:74) - -Executing Gzoltar classpath: /script/jGenProg_Defects4J_Mockito_28/./output_astor/AstorMain-Mockito-28//bin//default from 0 classes with test cases
[INFO ] fr.inria.astor.core.faultlocalization.gzoltar.GZoltarFaultLocalization.searchSuspicious(GZoltarFaultLocalization.java:154) - Gzoltar fault localization: min susp value parameter: 0.1
[INFO ] fr.inria.astor.core.faultlocalization.gzoltar.GZoltarFaultLocalization.searchSuspicious(GZoltarFaultLocalization.java:174) - -gz-Adding classpath: [/script/jGenProg_Defects4J_Mockito_28/./output_astor/AstorMain-Mockito-28//bin//default, /script/jGenProg_Defects4J_Mockito_28/target/classes/, /script/jGenProg_Defects4J_Mockito_28/target/test-classes/, /script/jGenProg_Defects4J_Mockito_28/lib/build/ant4hg-V0.07.jar, /script/jGenProg_Defects4J_Mockito_28/lib/build/asm-3.1.jar, /script/jGenProg_Defects4J_Mockito_28/lib/build/bnd-0.0.313.jar, /script/jGenProg_Defects4J_Mockito_28/lib/build/jarjar-1.0.jar, /script/jGenProg_Defects4J_Mockito_28/lib/build/jaxen-1.1.1.jar, /script/jGenProg_Defects4J_Mockito_28/lib/build/maven-ant-tasks-2.0.9.jar, /script/jGenProg_Defects4J_Mockito_28/lib/build/pmd-4.1.jar, /script/jGenProg_Defects4J_Mockito_28/lib/build/sorcerer.jar, /script/jGenProg_Defects4J_Mockito_28/lib/compile/com.springsource.org.junit-4.5.0.jar, /script/jGenProg_Defects4J_Mockito_28/lib/repackaged/cglib-and-asm-1.0.jar, /script/jGenProg_Defects4J_Mockito_28/lib/run/com.springsource.org.hamcrest.core-1.1.0.jar, /script/jGenProg_Defects4J_Mockito_28/lib/run/com.springsource.org.objenesis-1.0.0.jar, /script/jGenProg_Defects4J_Mockito_28/lib/sources/cglib-and-asm-1.0-sources.jar, /script/jGenProg_Defects4J_Mockito_28/lib/sources/com.springsource.org.hamcrest.core-1.1.0-sources.jar, /script/jGenProg_Defects4J_Mockito_28/lib/sources/com.springsource.org.objenesis-1.0.0-sources.jar, /script/jGenProg_Defects4J_Mockito_28/lib/test/fest-assert-1.3.jar, /script/jGenProg_Defects4J_Mockito_28/lib/test/fest-util-1.1.4.jar, /script/jGenProg_Defects4J_Mockito_28/lib/test/powermock-reflect-1.2.5.jar, /defects4j/framework/projects/Mockito/lib/asm-all-5.0.4.jar, /defects4j/framework/projects/Mockito/lib/assertj-core-2.1.0.jar, /defects4j/framework/projects/Mockito/lib/cglib-and-asm-1.0.jar, /defects4j/framework/projects/Mockito/lib/cobertura-2.0.3.jar, /defects4j/framework/projects/Mockito/lib/fest-assert-1.3.jar, /defects4j/framework/projects/Mockito/lib/fest-util-1.1.4.jar, /defects4j/framework/projects/Mockito/lib/hamcrest-all-1.3.jar, /defects4j/framework/projects/Mockito/lib/hamcrest-core-1.1.jar, /defects4j/framework/projects/Mockito/lib/objenesis-2.1.jar, /defects4j/framework/projects/Mockito/lib/objenesis-2.2.jar, /defects4j/framework/projects/Mockito/lib/powermock-reflect-1.2.5.jar, /defects4j/framework/projects/lib/cobertura-2.0.3.jar, /defects4j/framework/projects/lib/junit-4.11.jar]
[INFO ] fr.inria.astor.core.faultlocalization.gzoltar.GZoltarFaultLocalization.searchSuspicious(GZoltarFaultLocalization.java:226) - Gzoltar Test Result Total:0, fails: 0, GZoltar suspicious 0, with positive susp 0
[INFO ] fr.inria.astor.core.faultlocalization.gzoltar.GZoltarFaultLocalization.searchSuspicious(GZoltarFaultLocalization.java:234) - nr test results 0
[INFO ] fr.inria.astor.core.faultlocalization.gzoltar.GZoltarFaultLocalization.searchSuspicious(GZoltarFaultLocalization.java:289) - Gzoltar found: 0 with susp > 0.1, we consider: 0
Exception in thread "main" java.lang.IllegalArgumentException: No suspicious gen for analyze
	at fr.inria.astor.core.faultlocalization.gzoltar.GZoltarFaultLocalization.calculateSuspicious(GZoltarFaultLocalization.java:100)
	at fr.inria.astor.core.faultlocalization.gzoltar.GZoltarFaultLocalization.searchSuspicious(GZoltarFaultLocalization.java:48)
	at fr.inria.astor.core.solutionsearch.AstorCoreEngine.calculateSuspicious(AstorCoreEngine.java:945)
	at fr.inria.main.evolution.AstorMain.createEngine(AstorMain.java:125)
	at fr.inria.main.evolution.AstorMain.run(AstorMain.java:179)
	at fr.inria.main.evolution.AstorMain.execute(AstorMain.java:239)
	at fr.inria.main.evolution.AstorMain.main(AstorMain.java:210)


Node: 01443cf40bb0



Date: Wed Nov 13 00:15:25 EST 2019

cd /script/jGenProg_Defects4J_Mockito_28;
export JAVA_TOOL_OPTIONS="-Dfile.encoding=UTF8 -Duser.language=en-US -Duser.country=US -Duser.language=en";
TZ="America/New_York"; export TZ;
export PATH="/usr/lib/jvm/java-1.8.0-openjdk-amd64/bin/:$PATH";
export JAVA_HOME="/usr/lib/jvm/java-1.8.0-openjdk-amd64/bin/";
java -Xmx4048m -cp /script/libs/jtestex7.jar:/astor/target/astor-0.0.2-SNAPSHOT-jar-with-dependencies.jar fr.inria.main.evolution.AstorMain \
	-mode jgenprog \
	-location . \
	-id Mockito-28 \
	-failing org.mockitousage.bugs.InjectionByTypeShouldFirstLookForExactTypeThenAncestorTest \
	-jvm4testexecution /usr/lib/jvm/java-1.7.0-openjdk-amd64/bin/ \
	-jvm4evosuitetestexecution /usr/lib/jvm/java-1.7.0-openjdk-amd64/bin/ \
	-maxgen 1000000 \
	-maxtime 120 \
	-stopfirst true \
	-seed 0 \
	-scope global \
	-population 1 \
	-javacompliancelevel 5 \
	-srcjavafolder src \
	-srctestfolder test \
	-binjavafolder target/classes \
	-bintestfolder target/test-classes \
	-parameters x:x \
	-dependencies /script/jGenProg_Defects4J_Mockito_28/target/classes:/script/jGenProg_Defects4J_Mockito_28/target/test-classes:/script/jGenProg_Defects4J_Mockito_28/lib/build/ant4hg-V0.07.jar:/script/jGenProg_Defects4J_Mockito_28/lib/build/asm-3.1.jar:/script/jGenProg_Defects4J_Mockito_28/lib/build/bnd-0.0.313.jar:/script/jGenProg_Defects4J_Mockito_28/lib/build/jarjar-1.0.jar:/script/jGenProg_Defects4J_Mockito_28/lib/build/jaxen-1.1.1.jar:/script/jGenProg_Defects4J_Mockito_28/lib/build/maven-ant-tasks-2.0.9.jar:/script/jGenProg_Defects4J_Mockito_28/lib/build/pmd-4.1.jar:/script/jGenProg_Defects4J_Mockito_28/lib/build/sorcerer.jar:/script/jGenProg_Defects4J_Mockito_28/lib/compile/com.springsource.org.junit-4.5.0.jar:/script/jGenProg_Defects4J_Mockito_28/lib/repackaged/cglib-and-asm-1.0.jar:/script/jGenProg_Defects4J_Mockito_28/lib/run/com.springsource.org.hamcrest.core-1.1.0.jar:/script/jGenProg_Defects4J_Mockito_28/lib/run/com.springsource.org.objenesis-1.0.0.jar:/script/jGenProg_Defects4J_Mockito_28/lib/sources/cglib-and-asm-1.0-sources.jar:/script/jGenProg_Defects4J_Mockito_28/lib/sources/com.springsource.org.hamcrest.core-1.1.0-sources.jar:/script/jGenProg_Defects4J_Mockito_28/lib/sources/com.springsource.org.objenesis-1.0.0-sources.jar:/script/jGenProg_Defects4J_Mockito_28/lib/test/fest-assert-1.3.jar:/script/jGenProg_Defects4J_Mockito_28/lib/test/fest-util-1.1.4.jar:/script/jGenProg_Defects4J_Mockito_28/lib/test/powermock-reflect-1.2.5.jar:/defects4j/framework/projects/Mockito/lib/asm-all-5.0.4.jar:/defects4j/framework/projects/Mockito/lib/assertj-core-2.1.0.jar:/defects4j/framework/projects/Mockito/lib/cglib-and-asm-1.0.jar:/defects4j/framework/projects/Mockito/lib/cobertura-2.0.3.jar:/defects4j/framework/projects/Mockito/lib/fest-assert-1.3.jar:/defects4j/framework/projects/Mockito/lib/fest-util-1.1.4.jar:/defects4j/framework/projects/Mockito/lib/hamcrest-all-1.3.jar:/defects4j/framework/projects/Mockito/lib/hamcrest-core-1.1.jar:/defects4j/framework/projects/Mockito/lib/objenesis-2.1.jar:/defects4j/framework/projects/Mockito/lib/objenesis-2.2.jar:/defects4j/framework/projects/Mockito/lib/powermock-reflect-1.2.5.jar:/defects4j/framework/projects/lib/cobertura-2.0.3.jar:/defects4j/framework/projects/lib/junit-4.11.jar;
	echo "\n\nNode: `hostname`\n";
	echo "\n\nDate: `date`\n";

