Determine revision date.................................................... OK
Picked up JAVA_TOOL_OPTIONS: -Dfile.encoding=UTF8 -Duser.language=en-US -Duser.country=US -Duser.language=en
log4j:ERROR setFile(null,true) call failed.
java.io.FileNotFoundException:  (No such file or directory)
	at java.io.FileOutputStream.open0(Native Method)
	at java.io.FileOutputStream.open(FileOutputStream.java:270)
	at java.io.FileOutputStream.<init>(FileOutputStream.java:213)
	at java.io.FileOutputStream.<init>(FileOutputStream.java:133)
	at org.apache.log4j.FileAppender.setFile(FileAppender.java:294)
	at org.apache.log4j.RollingFileAppender.setFile(RollingFileAppender.java:207)
	at org.apache.log4j.FileAppender.activateOptions(FileAppender.java:165)
	at org.apache.log4j.config.PropertySetter.activate(PropertySetter.java:307)
	at org.apache.log4j.config.PropertySetter.setProperties(PropertySetter.java:172)
	at org.apache.log4j.config.PropertySetter.setProperties(PropertySetter.java:104)
	at org.apache.log4j.PropertyConfigurator.parseAppender(PropertyConfigurator.java:842)
	at org.apache.log4j.PropertyConfigurator.parseCategory(PropertyConfigurator.java:768)
	at org.apache.log4j.PropertyConfigurator.parseCatsAndRenderers(PropertyConfigurator.java:672)
	at org.apache.log4j.PropertyConfigurator.doConfigure(PropertyConfigurator.java:516)
	at org.apache.log4j.PropertyConfigurator.doConfigure(PropertyConfigurator.java:580)
	at org.apache.log4j.helpers.OptionConverter.selectAndConfigure(OptionConverter.java:526)
	at org.apache.log4j.LogManager.<clinit>(LogManager.java:127)
	at org.apache.log4j.Logger.getLogger(Logger.java:117)
	at fr.inria.astor.core.setup.ConfigurationProperties.<clinit>(ConfigurationProperties.java:16)
	at fr.inria.main.AbstractMain.<clinit>(AbstractMain.java:100)
2019-12-01 20:54:55,438 INFO fr.inria.astor.core.setup.ProjectConfiguration - Version of the JVM used: 1.7.0_181
2019-12-01 20:54:55,439 INFO main - Java version of the JDK used to run tests: 1.7.0_181
2019-12-01 20:54:55,440 INFO main - The compliance of the JVM is:  7
2019-12-01 20:54:55,442 INFO main - command line arguments: [-mode  jgenprog  -location  .  -id  Math-47  -failing  org.apache.commons.math.complex.ComplexTest  -jvm4testexecution  /usr/lib/jvm/java-1.7.0-openjdk-amd64/bin/  -jvm4evosuitetestexecution  /usr/lib/jvm/java-1.7.0-openjdk-amd64/bin/  -maxgen  1000000  -maxtime  120  -stopfirst  true  -seed  0  -scope  package  -population  1  -javacompliancelevel  5  -srcjavafolder  src/main/java/  -srctestfolder  src/test/java/  -binjavafolder  target/classes/  -bintestfolder  target/test-classes/  -parameters  mode:purpose  -dependencies  /script/jGenProg_Defects4J_Math_47/target/classes/:/script/jGenProg_Defects4J_Math_47/target/test-classes/:/defects4j/framework/projects/lib/junit-4.11.jar]
2019-12-01 20:54:55,444 INFO fr.inria.main.evolution.AstorMain - Running Astor on a JDK at /usr/lib/jvm/java-8-openjdk-amd64/jre
[INFO ] fr.inria.main.AbstractMain.determineSourceFolders(AbstractMain.java:975) - Source folders: [/script/jGenProg_Defects4J_Math_47/./src/main/java]
[INFO ] fr.inria.main.AbstractMain.determineSourceFolders(AbstractMain.java:994) - Source Test folders: [/script/jGenProg_Defects4J_Math_47/./src/test/java]
[INFO ] fr.inria.main.evolution.AstorMain.createEngine(AstorMain.java:108) - mode is Purpose
[INFO ] fr.inria.astor.core.solutionsearch.AstorCoreEngine.resolveTestsToRun(AstorCoreEngine.java:1311) - Test retrieved from classes: 578
[INFO ] fr.inria.astor.core.faultlocalization.gzoltar.GZoltarFaultLocalization.calculateSuspicious(GZoltarFaultLocalization.java:74) - -Executing Gzoltar classpath: /script/jGenProg_Defects4J_Math_47/./output_astor/AstorMain-Math-47//bin//default from 578 classes with test cases
[INFO ] fr.inria.astor.core.faultlocalization.gzoltar.GZoltarFaultLocalization.searchSuspicious(GZoltarFaultLocalization.java:154) - Gzoltar fault localization: min susp value parameter: 0.1
[INFO ] fr.inria.astor.core.faultlocalization.gzoltar.GZoltarFaultLocalization.searchSuspicious(GZoltarFaultLocalization.java:174) - -gz-Adding classpath: [/script/jGenProg_Defects4J_Math_47/./output_astor/AstorMain-Math-47//bin//default, /script/jGenProg_Defects4J_Math_47/target/classes/, /script/jGenProg_Defects4J_Math_47/target/test-classes/, /defects4j/framework/projects/lib/junit-4.11.jar]
[INFO ] fr.inria.astor.core.faultlocalization.gzoltar.GZoltarFaultLocalization.searchSuspicious(GZoltarFaultLocalization.java:214) - Test failt: org.apache.commons.math.complex.ComplexTest#testAtanI
[INFO ] fr.inria.astor.core.faultlocalization.gzoltar.GZoltarFaultLocalization.searchSuspicious(GZoltarFaultLocalization.java:214) - Test failt: org.apache.commons.math.complex.ComplexTest#testDivideZero
[INFO ] fr.inria.astor.core.faultlocalization.gzoltar.GZoltarFaultLocalization.searchSuspicious(GZoltarFaultLocalization.java:214) - Test failt: org.apache.commons.math.util.FastMathTest#checkMissingFastMathClasses
[INFO ] fr.inria.astor.core.faultlocalization.gzoltar.GZoltarFaultLocalization.searchSuspicious(GZoltarFaultLocalization.java:226) - Gzoltar Test Result Total:2997, fails: 3, GZoltar suspicious 23457, with positive susp 188
[INFO ] fr.inria.astor.core.faultlocalization.gzoltar.GZoltarFaultLocalization.searchSuspicious(GZoltarFaultLocalization.java:234) - nr test results 2997
[INFO ] fr.inria.astor.core.faultlocalization.gzoltar.GZoltarFaultLocalization.searchSuspicious(GZoltarFaultLocalization.java:289) - Gzoltar found: 38 with susp > 0.1, we consider: 38
[INFO ] fr.inria.astor.core.solutionsearch.AstorCoreEngine.calculateSuspicious(AstorCoreEngine.java:898) - Setting up the max to 2102950 milliseconds (2102 sec)
[INFO ] fr.inria.astor.core.solutionsearch.AstorCoreEngine.initPopulation(AstorCoreEngine.java:709) - 
---- Creating spoon model
[INFO ] fr.inria.astor.core.manipulation.MutationSupporter.buildSpoonModel(MutationSupporter.java:240) - Creating model,  Code location from working folder: /script/jGenProg_Defects4J_Math_47/./src/main/java
[INFO ] fr.inria.astor.core.manipulation.MutationSupporter.buildModel(MutationSupporter.java:68) - building model: /script/jGenProg_Defects4J_Math_47/./src/main/java, compliance level: 5
[INFO ] fr.inria.astor.core.manipulation.MutationSupporter.buildModel(MutationSupporter.java:82) - Classpath (Dependencies) for building SpoonModel: [/script/jGenProg_Defects4J_Math_47/target/classes/, /script/jGenProg_Defects4J_Math_47/target/test-classes/, /defects4j/framework/projects/lib/junit-4.11.jar]
[INFO ] fr.inria.astor.core.solutionsearch.AstorCoreEngine.initModel(AstorCoreEngine.java:779) - Number of CtTypes created: 571
[INFO ] fr.inria.astor.core.solutionsearch.AstorCoreEngine.initPopulation(AstorCoreEngine.java:713) - 
---- Initial suspicious size: 38
[INFO ] fr.inria.astor.core.solutionsearch.population.ProgramVariantFactory.createProgramInstance(ProgramVariantFactory.java:134) - Total suspicious from FL: 38,  38
[INFO ] fr.inria.astor.core.solutionsearch.population.ProgramVariantFactory.createProgramInstance(ProgramVariantFactory.java:143) - Total ModPoint created: 38
[INFO ] fr.inria.astor.core.solutionsearch.population.ProgramVariantFactory.createInitialPopulation(ProgramVariantFactory.java:82) - Creating program variant #1, [Variant id: 1, #gens: 38, #ops: 0, parent:-]
[INFO ] fr.inria.astor.core.solutionsearch.AstorCoreEngine.setFitnessOfPopulation(AstorCoreEngine.java:754) - The original fitness is : 2.0
[INFO ] fr.inria.astor.core.setup.ConfigurationProperties.print(ConfigurationProperties.java:66) - ----------------------------
[INFO ] fr.inria.astor.core.setup.ConfigurationProperties.print(ConfigurationProperties.java:67) - ---Configuration properties:---Execution values
[INFO ] fr.inria.astor.core.setup.ConfigurationProperties.print(ConfigurationProperties.java:69) - p:lastJUnitVersion= ./examples/libs/junit-4.11.jar
[INFO ] fr.inria.astor.core.setup.ConfigurationProperties.print(ConfigurationProperties.java:69) - p:alternativecompliancelevel= 8
[INFO ] fr.inria.astor.core.setup.ConfigurationProperties.print(ConfigurationProperties.java:69) - p:ignoredTestCases= 
[INFO ] fr.inria.astor.core.setup.ConfigurationProperties.print(ConfigurationProperties.java:69) - p:workingDirectory= /script/jGenProg_Defects4J_Math_47/./output_astor
[INFO ] fr.inria.astor.core.setup.ConfigurationProperties.print(ConfigurationProperties.java:69) - p:manipulatesuper= false
[INFO ] fr.inria.astor.core.setup.ConfigurationProperties.print(ConfigurationProperties.java:69) - p:validation= process
[INFO ] fr.inria.astor.core.setup.ConfigurationProperties.print(ConfigurationProperties.java:69) - p:jvm4testexecution= /usr/lib/jvm/java-1.7.0-openjdk-amd64/bin/
[INFO ] fr.inria.astor.core.setup.ConfigurationProperties.print(ConfigurationProperties.java:69) - p:operatorspace= irr-statements
[INFO ] fr.inria.astor.core.setup.ConfigurationProperties.print(ConfigurationProperties.java:69) - p:disablelog= false
[INFO ] fr.inria.astor.core.setup.ConfigurationProperties.print(ConfigurationProperties.java:69) - p:binjavafolder= target/classes/
[INFO ] fr.inria.astor.core.setup.ConfigurationProperties.print(ConfigurationProperties.java:69) - p:synthesis_depth= 3
[INFO ] fr.inria.astor.core.setup.ConfigurationProperties.print(ConfigurationProperties.java:69) - p:gzoltartestpackagetoexclude= junit.framework
[INFO ] fr.inria.astor.core.setup.ConfigurationProperties.print(ConfigurationProperties.java:69) - p:skipfitnessinitialpopulation= false
[INFO ] fr.inria.astor.core.setup.ConfigurationProperties.print(ConfigurationProperties.java:69) - p:evosuiteresultfolder= evosuite
[INFO ] fr.inria.astor.core.setup.ConfigurationProperties.print(ConfigurationProperties.java:69) - p:flthreshold= 0.1
[INFO ] fr.inria.astor.core.setup.ConfigurationProperties.print(ConfigurationProperties.java:69) - p:regressionforfaultlocalization= true
[INFO ] fr.inria.astor.core.setup.ConfigurationProperties.print(ConfigurationProperties.java:69) - p:collectonlyusedmethod= false
[INFO ] fr.inria.astor.core.setup.ConfigurationProperties.print(ConfigurationProperties.java:69) - p:preservelinenumbers= true
[INFO ] fr.inria.astor.core.setup.ConfigurationProperties.print(ConfigurationProperties.java:69) - p:tmax2= 2102950
[INFO ] fr.inria.astor.core.setup.ConfigurationProperties.print(ConfigurationProperties.java:69) - p:tmax1= 10000
[INFO ] fr.inria.astor.core.setup.ConfigurationProperties.print(ConfigurationProperties.java:69) - p:probagenmutation= false
[INFO ] fr.inria.astor.core.setup.ConfigurationProperties.print(ConfigurationProperties.java:69) - p:nomodificationconvergence= 100
[INFO ] fr.inria.astor.core.setup.ConfigurationProperties.print(ConfigurationProperties.java:69) - p:diff_type= relative
[INFO ] fr.inria.astor.core.setup.ConfigurationProperties.print(ConfigurationProperties.java:69) - p:targetelementprocessor= statements
[INFO ] fr.inria.astor.core.setup.ConfigurationProperties.print(ConfigurationProperties.java:69) - p:srctestfolder= src/test/java/
[INFO ] fr.inria.astor.core.setup.ConfigurationProperties.print(ConfigurationProperties.java:69) - p:forceExecuteRegression= false
[INFO ] fr.inria.astor.core.setup.ConfigurationProperties.print(ConfigurationProperties.java:69) - p:clusteringfilename= clustering.csv
[INFO ] fr.inria.astor.core.setup.ConfigurationProperties.print(ConfigurationProperties.java:69) - p:failing= org.apache.commons.math.complex.ComplexTest
[INFO ] fr.inria.astor.core.setup.ConfigurationProperties.print(ConfigurationProperties.java:69) - p:logtestexecution= false
[INFO ] fr.inria.astor.core.setup.ConfigurationProperties.print(ConfigurationProperties.java:69) - p:evo_buggy_class= true
[INFO ] fr.inria.astor.core.setup.ConfigurationProperties.print(ConfigurationProperties.java:69) - p:numberExecutions= 1
[INFO ] fr.inria.astor.core.setup.ConfigurationProperties.print(ConfigurationProperties.java:69) - p:maxnumbersolutions= 1000000
[INFO ] fr.inria.astor.core.setup.ConfigurationProperties.print(ConfigurationProperties.java:69) - p:evo_affected_by_op= true
[INFO ] fr.inria.astor.core.setup.ConfigurationProperties.print(ConfigurationProperties.java:69) - p:population= 1
[INFO ] fr.inria.astor.core.setup.ConfigurationProperties.print(ConfigurationProperties.java:69) - p:considerzerovaluesusp= false
[INFO ] fr.inria.astor.core.setup.ConfigurationProperties.print(ConfigurationProperties.java:69) - p:maxCombinationVariableLimit= false
[INFO ] fr.inria.astor.core.setup.ConfigurationProperties.print(ConfigurationProperties.java:69) - p:loglevel= INFO
[INFO ] fr.inria.astor.core.setup.ConfigurationProperties.print(ConfigurationProperties.java:69) - p:savesolution= true
[INFO ] fr.inria.astor.core.setup.ConfigurationProperties.print(ConfigurationProperties.java:69) - p:javacompliancelevel= 5
[INFO ] fr.inria.astor.core.setup.ConfigurationProperties.print(ConfigurationProperties.java:69) - p:uniqueoptogen= false
[INFO ] fr.inria.astor.core.setup.ConfigurationProperties.print(ConfigurationProperties.java:69) - p:gzoltarpackagetonotinstrument= junit.framework
[INFO ] fr.inria.astor.core.setup.ConfigurationProperties.print(ConfigurationProperties.java:69) - p:projectIdentifier= Math-47
[INFO ] fr.inria.astor.core.setup.ConfigurationProperties.print(ConfigurationProperties.java:69) - p:modificationpointnavigation= weight
[INFO ] fr.inria.astor.core.setup.ConfigurationProperties.print(ConfigurationProperties.java:69) - p:stopfirst= true
[INFO ] fr.inria.astor.core.setup.ConfigurationProperties.print(ConfigurationProperties.java:69) - p:multipointmodification= false
[INFO ] fr.inria.astor.core.setup.ConfigurationProperties.print(ConfigurationProperties.java:69) - p:elementsToMutate= 10
[INFO ] fr.inria.astor.core.setup.ConfigurationProperties.print(ConfigurationProperties.java:69) - p:jsonoutputname= astor_output
[INFO ] fr.inria.astor.core.setup.ConfigurationProperties.print(ConfigurationProperties.java:69) - p:evoDSE= false
[INFO ] fr.inria.astor.core.setup.ConfigurationProperties.print(ConfigurationProperties.java:69) - p:bintestfolder= target/test-classes/
[INFO ] fr.inria.astor.core.setup.ConfigurationProperties.print(ConfigurationProperties.java:69) - p:testbystep= false
[INFO ] fr.inria.astor.core.setup.ConfigurationProperties.print(ConfigurationProperties.java:69) - p:version-location= ./math-version/
[INFO ] fr.inria.astor.core.setup.ConfigurationProperties.print(ConfigurationProperties.java:69) - p:reintroduce= PARENTS:ORIGINAL
[INFO ] fr.inria.astor.core.setup.ConfigurationProperties.print(ConfigurationProperties.java:69) - p:executorjar= ./lib/jtestex7.jar
[INFO ] fr.inria.astor.core.setup.ConfigurationProperties.print(ConfigurationProperties.java:69) - p:maxGeneration= 1000000
[INFO ] fr.inria.astor.core.setup.ConfigurationProperties.print(ConfigurationProperties.java:69) - p:max_synthesis_step= 10000
[INFO ] fr.inria.astor.core.setup.ConfigurationProperties.print(ConfigurationProperties.java:69) - p:projectinfocommand= com.github.tdurieux:project-config-maven-plugin:info
[INFO ] fr.inria.astor.core.setup.ConfigurationProperties.print(ConfigurationProperties.java:69) - p:maxVarCombination= 1000
[INFO ] fr.inria.astor.core.setup.ConfigurationProperties.print(ConfigurationProperties.java:69) - p:maxtime= 120
[INFO ] fr.inria.astor.core.setup.ConfigurationProperties.print(ConfigurationProperties.java:69) - p:evosuitejar= ./lib/evosuite-master-1.0.4-SNAPSHOT.jar
[INFO ] fr.inria.astor.core.setup.ConfigurationProperties.print(ConfigurationProperties.java:69) - p:jvmversion= 1.7.0_181
[INFO ] fr.inria.astor.core.setup.ConfigurationProperties.print(ConfigurationProperties.java:69) - p:commandTrunk= 50000
[INFO ] fr.inria.astor.core.setup.ConfigurationProperties.print(ConfigurationProperties.java:69) - p:faultlocalization= gzoltar
[INFO ] fr.inria.astor.core.setup.ConfigurationProperties.print(ConfigurationProperties.java:69) - p:resetmodel= true
[INFO ] fr.inria.astor.core.setup.ConfigurationProperties.print(ConfigurationProperties.java:69) - p:maxsuspcandidates= 1000
[INFO ] fr.inria.astor.core.setup.ConfigurationProperties.print(ConfigurationProperties.java:69) - p:mode= purpose
[INFO ] fr.inria.astor.core.setup.ConfigurationProperties.print(ConfigurationProperties.java:69) - p:learningdir= 
[INFO ] fr.inria.astor.core.setup.ConfigurationProperties.print(ConfigurationProperties.java:69) - p:jvm4evosuitetestexecution= /usr/lib/jvm/java-1.7.0-openjdk-amd64/bin/
[INFO ] fr.inria.astor.core.setup.ConfigurationProperties.print(ConfigurationProperties.java:69) - p:filterfaultlocalization= true
[INFO ] fr.inria.astor.core.setup.ConfigurationProperties.print(ConfigurationProperties.java:69) - p:mutationrate= 1 
[INFO ] fr.inria.astor.core.setup.ConfigurationProperties.print(ConfigurationProperties.java:69) - p:pathToMVNRepository= 
[INFO ] fr.inria.astor.core.setup.ConfigurationProperties.print(ConfigurationProperties.java:69) - p:resourcesfolder= /src/main/resources:/src/test/resources:
[INFO ] fr.inria.astor.core.setup.ConfigurationProperties.print(ConfigurationProperties.java:69) - p:timezone= America/Los_Angeles
[INFO ] fr.inria.astor.core.setup.ConfigurationProperties.print(ConfigurationProperties.java:69) - p:runjava7code= false
[INFO ] fr.inria.astor.core.setup.ConfigurationProperties.print(ConfigurationProperties.java:69) - p:evoRunOnBuggyClass= true
[INFO ] fr.inria.astor.core.setup.ConfigurationProperties.print(ConfigurationProperties.java:69) - p:compiler= fr.inria.astor.core.manipulation.bytecode.compiler.SpoonClassCompiler
[INFO ] fr.inria.astor.core.setup.ConfigurationProperties.print(ConfigurationProperties.java:69) - p:limitbysuspicious= true
[INFO ] fr.inria.astor.core.setup.ConfigurationProperties.print(ConfigurationProperties.java:69) - p:logsattemps= true
[INFO ] fr.inria.astor.core.setup.ConfigurationProperties.print(ConfigurationProperties.java:69) - p:dependenciespath= /script/jGenProg_Defects4J_Math_47/target/classes/:/script/jGenProg_Defects4J_Math_47/target/test-classes/:/defects4j/framework/projects/lib/junit-4.11.jar
[INFO ] fr.inria.astor.core.setup.ConfigurationProperties.print(ConfigurationProperties.java:69) - p:logpatternlayout= [%-5p] %l - %m%n
[INFO ] fr.inria.astor.core.setup.ConfigurationProperties.print(ConfigurationProperties.java:69) - p:packageToInstrument= 
[INFO ] fr.inria.astor.core.setup.ConfigurationProperties.print(ConfigurationProperties.java:69) - p:skipfaultlocalization= false
[INFO ] fr.inria.astor.core.setup.ConfigurationProperties.print(ConfigurationProperties.java:69) - p:scope= package
[INFO ] fr.inria.astor.core.setup.ConfigurationProperties.print(ConfigurationProperties.java:69) - p:transformingredient= false
[INFO ] fr.inria.astor.core.setup.ConfigurationProperties.print(ConfigurationProperties.java:69) - p:fitnessfunction= fr.inria.astor.core.solutionsearch.population.TestCaseFitnessFunction
[INFO ] fr.inria.astor.core.setup.ConfigurationProperties.print(ConfigurationProperties.java:69) - p:maxnumvariablesperingredient= 10
[INFO ] fr.inria.astor.core.setup.ConfigurationProperties.print(ConfigurationProperties.java:69) - p:parsesourcefromoriginal= true
[INFO ] fr.inria.astor.core.setup.ConfigurationProperties.print(ConfigurationProperties.java:69) - p:pvariantfoldername= variant-
[INFO ] fr.inria.astor.core.setup.ConfigurationProperties.print(ConfigurationProperties.java:69) - p:savespoonmodelondisk= false
[INFO ] fr.inria.astor.core.setup.ConfigurationProperties.print(ConfigurationProperties.java:69) - p:srcjavafolder= src/main/java/
[INFO ] fr.inria.astor.core.setup.ConfigurationProperties.print(ConfigurationProperties.java:69) - p:populationcontroller= fr.inria.astor.core.solutionsearch.population.TestCaseBasedFitnessPopulationController
[INFO ] fr.inria.astor.core.setup.ConfigurationProperties.print(ConfigurationProperties.java:69) - p:ignoreflakyinfl= false
[INFO ] fr.inria.astor.core.setup.ConfigurationProperties.print(ConfigurationProperties.java:69) - p:cleantemplates= true
[INFO ] fr.inria.astor.core.setup.ConfigurationProperties.print(ConfigurationProperties.java:69) - p:applyCrossover= false
[INFO ] fr.inria.astor.core.setup.ConfigurationProperties.print(ConfigurationProperties.java:69) - p:maxmodificationpoints= 1000
[INFO ] fr.inria.astor.core.setup.ConfigurationProperties.print(ConfigurationProperties.java:69) - p:duplicateingredientsinspace= false
[INFO ] fr.inria.astor.core.setup.ConfigurationProperties.print(ConfigurationProperties.java:69) - p:metid= 0
[INFO ] fr.inria.astor.core.setup.ConfigurationProperties.print(ConfigurationProperties.java:69) - p:continuewhenmodelfail= true
[INFO ] fr.inria.astor.core.setup.ConfigurationProperties.print(ConfigurationProperties.java:69) - p:saveall= false
[INFO ] fr.inria.astor.core.setup.ConfigurationProperties.print(ConfigurationProperties.java:69) - p:seed= 0
[INFO ] fr.inria.astor.core.setup.ConfigurationProperties.print(ConfigurationProperties.java:69) - p:savecompletepatched= true
[INFO ] fr.inria.astor.core.setup.ConfigurationProperties.print(ConfigurationProperties.java:69) - p:resetoperations= false
[INFO ] fr.inria.astor.core.setup.ConfigurationProperties.print(ConfigurationProperties.java:69) - p:processoutputinfile= false
[INFO ] fr.inria.astor.core.setup.ConfigurationProperties.print(ConfigurationProperties.java:69) - p:location= .
[INFO ] fr.inria.astor.core.setup.ConfigurationProperties.print(ConfigurationProperties.java:69) - p:probabilistictransformation= true
[INFO ] fr.inria.astor.core.setup.ConfigurationProperties.print(ConfigurationProperties.java:69) - p:overridemaxtime= true
[INFO ] fr.inria.astor.core.setup.ConfigurationProperties.print(ConfigurationProperties.java:69) - p:outputjsonresult= false
[INFO ] fr.inria.astor.core.setup.ConfigurationProperties.print(ConfigurationProperties.java:69) - p:allpoints= false
[INFO ] fr.inria.astor.core.setup.ConfigurationProperties.print(ConfigurationProperties.java:69) - p:bugId= 280
[INFO ] fr.inria.astor.core.setup.ConfigurationProperties.print(ConfigurationProperties.java:69) - p:evosuitetimeout= 120
[INFO ] fr.inria.astor.core.setup.ConfigurationProperties.print(ConfigurationProperties.java:69) - p:maxtimefactor= 10
[INFO ] fr.inria.astor.core.setup.ConfigurationProperties.print(ConfigurationProperties.java:69) - p:nrPlaceholders= 1
[INFO ] fr.inria.astor.core.setup.ConfigurationProperties.print(ConfigurationProperties.java:69) - p:forcesubprocesskilling= true
[INFO ] fr.inria.astor.core.setup.ConfigurationProperties.print(ConfigurationProperties.java:71) - ----------------------------
[INFO ] fr.inria.astor.core.solutionsearch.EvolutionarySearchEngine.startEvolution(EvolutionarySearchEngine.java:40) - 
----Starting Solution Search
21:08:38.589 [main] INFO  org.nd4j.linalg.factory.Nd4jBackend - Loaded [CpuBackend] backend
21:08:40.128 [main] INFO  org.nd4j.nativeblas.NativeOpsHolder - Number of threads used for NativeOps: 6
21:08:40.954 [main] INFO  org.nd4j.nativeblas.Nd4jBlas - Number of threads used for BLAS: 6
21:08:40.959 [main] INFO  o.n.l.a.o.e.DefaultOpExecutioner - Backend used: [CPU]; OS: [Linux]
21:08:40.959 [main] INFO  o.n.l.a.o.e.DefaultOpExecutioner - Cores: [48]; Memory: [3.5GB];
21:08:40.959 [main] INFO  o.n.l.a.o.e.DefaultOpExecutioner - Blas vendor: [MKL]
21:08:41.584 [main] INFO  o.d.m.e.loader.WordVectorSerializer - Projected memory use for model: [3.96 MB]
21:08:44.920 [main] INFO  o.d.m.s.SequenceVectors - Building learning algorithms:
21:08:44.921 [main] INFO  o.d.m.s.SequenceVectors -           building SequenceLearningAlgorithm: [PV-DBOW]
21:08:44.930 [main] INFO  o.d.m.s.SequenceVectors -           building ElementsLearningAlgorithm: [SkipGram]
21:08:47.846 [main] INFO  o.d.m.s.SequenceVectors - Building learning algorithms:
21:08:47.846 [main] INFO  o.d.m.s.SequenceVectors -           building SequenceLearningAlgorithm: [PV-DBOW]
21:08:47.848 [main] INFO  o.d.m.s.SequenceVectors -           building ElementsLearningAlgorithm: [SkipGram]
21:08:49.982 [main] INFO  o.d.m.s.SequenceVectors - Building learning algorithms:
21:08:49.982 [main] INFO  o.d.m.s.SequenceVectors -           building SequenceLearningAlgorithm: [PV-DBOW]
21:08:49.983 [main] INFO  o.d.m.s.SequenceVectors -           building ElementsLearningAlgorithm: [SkipGram]
21:08:52.211 [main] INFO  o.d.m.s.SequenceVectors - Building learning algorithms:
21:08:52.211 [main] INFO  o.d.m.s.SequenceVectors -           building SequenceLearningAlgorithm: [PV-DBOW]
21:08:52.212 [main] INFO  o.d.m.s.SequenceVectors -           building ElementsLearningAlgorithm: [SkipGram]
21:08:54.739 [main] INFO  o.d.m.s.SequenceVectors - Building learning algorithms:
21:08:54.740 [main] INFO  o.d.m.s.SequenceVectors -           building SequenceLearningAlgorithm: [PV-DBOW]
21:08:54.741 [main] INFO  o.d.m.s.SequenceVectors -           building ElementsLearningAlgorithm: [SkipGram]
21:08:56.906 [main] INFO  o.d.m.s.SequenceVectors - Building learning algorithms:
21:08:56.906 [main] INFO  o.d.m.s.SequenceVectors -           building SequenceLearningAlgorithm: [PV-DBOW]
21:08:56.907 [main] INFO  o.d.m.s.SequenceVectors -           building ElementsLearningAlgorithm: [SkipGram]
21:08:58.973 [main] INFO  o.d.m.s.SequenceVectors - Building learning algorithms:
21:08:58.974 [main] INFO  o.d.m.s.SequenceVectors -           building SequenceLearningAlgorithm: [PV-DBOW]
21:08:58.976 [main] INFO  o.d.m.s.SequenceVectors -           building ElementsLearningAlgorithm: [SkipGram]
21:09:01.068 [main] INFO  o.d.m.s.SequenceVectors - Building learning algorithms:
21:09:01.069 [main] INFO  o.d.m.s.SequenceVectors -           building SequenceLearningAlgorithm: [PV-DBOW]
21:09:01.070 [main] INFO  o.d.m.s.SequenceVectors -           building ElementsLearningAlgorithm: [SkipGram]
21:09:03.157 [main] INFO  o.d.m.s.SequenceVectors - Building learning algorithms:
21:09:03.157 [main] INFO  o.d.m.s.SequenceVectors -           building SequenceLearningAlgorithm: [PV-DBOW]
21:09:03.159 [main] INFO  o.d.m.s.SequenceVectors -           building ElementsLearningAlgorithm: [SkipGram]
21:09:05.481 [main] INFO  o.d.m.s.SequenceVectors - Building learning algorithms:
21:09:05.481 [main] INFO  o.d.m.s.SequenceVectors -           building SequenceLearningAlgorithm: [PV-DBOW]
21:09:05.484 [main] INFO  o.d.m.s.SequenceVectors -           building ElementsLearningAlgorithm: [SkipGram]
21:09:07.513 [main] INFO  o.d.m.s.SequenceVectors - Building learning algorithms:
21:09:07.513 [main] INFO  o.d.m.s.SequenceVectors -           building SequenceLearningAlgorithm: [PV-DBOW]
21:09:07.515 [main] INFO  o.d.m.s.SequenceVectors -           building ElementsLearningAlgorithm: [SkipGram]
21:09:09.769 [main] INFO  o.d.m.s.SequenceVectors - Building learning algorithms:
21:09:09.769 [main] INFO  o.d.m.s.SequenceVectors -           building SequenceLearningAlgorithm: [PV-DBOW]
21:09:09.770 [main] INFO  o.d.m.s.SequenceVectors -           building ElementsLearningAlgorithm: [SkipGram]
21:09:11.772 [main] INFO  o.d.m.s.SequenceVectors - Building learning algorithms:
21:09:11.775 [main] INFO  o.d.m.s.SequenceVectors -           building SequenceLearningAlgorithm: [PV-DBOW]
21:09:11.776 [main] INFO  o.d.m.s.SequenceVectors -           building ElementsLearningAlgorithm: [SkipGram]
21:09:13.826 [main] INFO  o.d.m.s.SequenceVectors - Building learning algorithms:
21:09:13.827 [main] INFO  o.d.m.s.SequenceVectors -           building SequenceLearningAlgorithm: [PV-DBOW]
21:09:13.829 [main] INFO  o.d.m.s.SequenceVectors -           building ElementsLearningAlgorithm: [SkipGram]
21:09:16.168 [main] INFO  o.d.m.s.SequenceVectors - Building learning algorithms:
21:09:16.169 [main] INFO  o.d.m.s.SequenceVectors -           building SequenceLearningAlgorithm: [PV-DBOW]
21:09:16.170 [main] INFO  o.d.m.s.SequenceVectors -           building ElementsLearningAlgorithm: [SkipGram]
21:09:18.500 [main] INFO  o.d.m.s.SequenceVectors - Building learning algorithms:
21:09:18.501 [main] INFO  o.d.m.s.SequenceVectors -           building SequenceLearningAlgorithm: [PV-DBOW]
21:09:18.502 [main] INFO  o.d.m.s.SequenceVectors -           building ElementsLearningAlgorithm: [SkipGram]
21:09:20.768 [main] INFO  o.d.m.s.SequenceVectors - Building learning algorithms:
21:09:20.769 [main] INFO  o.d.m.s.SequenceVectors -           building SequenceLearningAlgorithm: [PV-DBOW]
21:09:20.770 [main] INFO  o.d.m.s.SequenceVectors -           building ElementsLearningAlgorithm: [SkipGram]
21:09:22.834 [main] INFO  o.d.m.s.SequenceVectors - Building learning algorithms:
21:09:22.835 [main] INFO  o.d.m.s.SequenceVectors -           building SequenceLearningAlgorithm: [PV-DBOW]
21:09:22.836 [main] INFO  o.d.m.s.SequenceVectors -           building ElementsLearningAlgorithm: [SkipGram]
21:09:25.214 [main] INFO  o.d.m.s.SequenceVectors - Building learning algorithms:
21:09:25.214 [main] INFO  o.d.m.s.SequenceVectors -           building SequenceLearningAlgorithm: [PV-DBOW]
21:09:25.215 [main] INFO  o.d.m.s.SequenceVectors -           building ElementsLearningAlgorithm: [SkipGram]
21:09:27.769 [main] INFO  o.d.m.s.SequenceVectors - Building learning algorithms:
21:09:27.769 [main] INFO  o.d.m.s.SequenceVectors -           building SequenceLearningAlgorithm: [PV-DBOW]
21:09:27.770 [main] INFO  o.d.m.s.SequenceVectors -           building ElementsLearningAlgorithm: [SkipGram]
21:09:29.763 [main] INFO  o.d.m.s.SequenceVectors - Building learning algorithms:
21:09:29.764 [main] INFO  o.d.m.s.SequenceVectors -           building SequenceLearningAlgorithm: [PV-DBOW]
21:09:29.765 [main] INFO  o.d.m.s.SequenceVectors -           building ElementsLearningAlgorithm: [SkipGram]
21:09:31.809 [main] INFO  o.d.m.s.SequenceVectors - Building learning algorithms:
21:09:31.810 [main] INFO  o.d.m.s.SequenceVectors -           building SequenceLearningAlgorithm: [PV-DBOW]
21:09:31.811 [main] INFO  o.d.m.s.SequenceVectors -           building ElementsLearningAlgorithm: [SkipGram]
21:09:33.875 [main] INFO  o.d.m.s.SequenceVectors - Building learning algorithms:
21:09:33.875 [main] INFO  o.d.m.s.SequenceVectors -           building SequenceLearningAlgorithm: [PV-DBOW]
21:09:33.877 [main] INFO  o.d.m.s.SequenceVectors -           building ElementsLearningAlgorithm: [SkipGram]
21:09:35.929 [main] INFO  o.d.m.s.SequenceVectors - Building learning algorithms:
21:09:35.930 [main] INFO  o.d.m.s.SequenceVectors -           building SequenceLearningAlgorithm: [PV-DBOW]
21:09:35.931 [main] INFO  o.d.m.s.SequenceVectors -           building ElementsLearningAlgorithm: [SkipGram]
21:09:37.947 [main] INFO  o.d.m.s.SequenceVectors - Building learning algorithms:
21:09:37.948 [main] INFO  o.d.m.s.SequenceVectors -           building SequenceLearningAlgorithm: [PV-DBOW]
21:09:37.950 [main] INFO  o.d.m.s.SequenceVectors -           building ElementsLearningAlgorithm: [SkipGram]
21:09:39.959 [main] INFO  o.d.m.s.SequenceVectors - Building learning algorithms:
21:09:39.959 [main] INFO  o.d.m.s.SequenceVectors -           building SequenceLearningAlgorithm: [PV-DBOW]
21:09:39.960 [main] INFO  o.d.m.s.SequenceVectors -           building ElementsLearningAlgorithm: [SkipGram]
21:09:42.102 [main] INFO  o.d.m.s.SequenceVectors - Building learning algorithms:
21:09:42.103 [main] INFO  o.d.m.s.SequenceVectors -           building SequenceLearningAlgorithm: [PV-DBOW]
21:09:42.104 [main] INFO  o.d.m.s.SequenceVectors -           building ElementsLearningAlgorithm: [SkipGram]
21:09:44.156 [main] INFO  o.d.m.s.SequenceVectors - Building learning algorithms:
21:09:44.157 [main] INFO  o.d.m.s.SequenceVectors -           building SequenceLearningAlgorithm: [PV-DBOW]
21:09:44.158 [main] INFO  o.d.m.s.SequenceVectors -           building ElementsLearningAlgorithm: [SkipGram]
21:09:46.237 [main] INFO  o.d.m.s.SequenceVectors - Building learning algorithms:
21:09:46.238 [main] INFO  o.d.m.s.SequenceVectors -           building SequenceLearningAlgorithm: [PV-DBOW]
21:09:46.239 [main] INFO  o.d.m.s.SequenceVectors -           building ElementsLearningAlgorithm: [SkipGram]
21:09:48.258 [main] INFO  o.d.m.s.SequenceVectors - Building learning algorithms:
21:09:48.259 [main] INFO  o.d.m.s.SequenceVectors -           building SequenceLearningAlgorithm: [PV-DBOW]
21:09:48.260 [main] INFO  o.d.m.s.SequenceVectors -           building ElementsLearningAlgorithm: [SkipGram]
21:09:50.444 [main] INFO  o.d.m.s.SequenceVectors - Building learning algorithms:
21:09:50.445 [main] INFO  o.d.m.s.SequenceVectors -           building SequenceLearningAlgorithm: [PV-DBOW]
21:09:50.446 [main] INFO  o.d.m.s.SequenceVectors -           building ElementsLearningAlgorithm: [SkipGram]
21:09:52.526 [main] INFO  o.d.m.s.SequenceVectors - Building learning algorithms:
21:09:52.526 [main] INFO  o.d.m.s.SequenceVectors -           building SequenceLearningAlgorithm: [PV-DBOW]
21:09:52.527 [main] INFO  o.d.m.s.SequenceVectors -           building ElementsLearningAlgorithm: [SkipGram]
21:09:54.583 [main] INFO  o.d.m.s.SequenceVectors - Building learning algorithms:
21:09:54.584 [main] INFO  o.d.m.s.SequenceVectors -           building SequenceLearningAlgorithm: [PV-DBOW]
21:09:54.585 [main] INFO  o.d.m.s.SequenceVectors -           building ElementsLearningAlgorithm: [SkipGram]
21:09:56.834 [main] INFO  o.d.m.s.SequenceVectors - Building learning algorithms:
21:09:56.835 [main] INFO  o.d.m.s.SequenceVectors -           building SequenceLearningAlgorithm: [PV-DBOW]
21:09:56.837 [main] INFO  o.d.m.s.SequenceVectors -           building ElementsLearningAlgorithm: [SkipGram]
21:09:59.028 [main] INFO  o.d.m.s.SequenceVectors - Building learning algorithms:
21:09:59.028 [main] INFO  o.d.m.s.SequenceVectors -           building SequenceLearningAlgorithm: [PV-DBOW]
21:09:59.029 [main] INFO  o.d.m.s.SequenceVectors -           building ElementsLearningAlgorithm: [SkipGram]
21:10:01.052 [main] INFO  o.d.m.s.SequenceVectors - Building learning algorithms:
21:10:01.053 [main] INFO  o.d.m.s.SequenceVectors -           building SequenceLearningAlgorithm: [PV-DBOW]
21:10:01.054 [main] INFO  o.d.m.s.SequenceVectors -           building ElementsLearningAlgorithm: [SkipGram]
21:10:03.579 [main] INFO  o.d.m.s.SequenceVectors - Building learning algorithms:
21:10:03.579 [main] INFO  o.d.m.s.SequenceVectors -           building SequenceLearningAlgorithm: [PV-DBOW]
21:10:03.580 [main] INFO  o.d.m.s.SequenceVectors -           building ElementsLearningAlgorithm: [SkipGram]
21:10:06.414 [main] INFO  o.d.m.s.SequenceVectors - Building learning algorithms:
21:10:06.415 [main] INFO  o.d.m.s.SequenceVectors -           building SequenceLearningAlgorithm: [PV-DBOW]
21:10:06.416 [main] INFO  o.d.m.s.SequenceVectors -           building ElementsLearningAlgorithm: [SkipGram]
21:10:09.174 [main] INFO  o.d.m.s.SequenceVectors - Building learning algorithms:
21:10:09.175 [main] INFO  o.d.m.s.SequenceVectors -           building SequenceLearningAlgorithm: [PV-DBOW]
21:10:09.176 [main] INFO  o.d.m.s.SequenceVectors -           building ElementsLearningAlgorithm: [SkipGram]
21:10:11.902 [main] INFO  o.d.m.s.SequenceVectors - Building learning algorithms:
21:10:11.903 [main] INFO  o.d.m.s.SequenceVectors -           building SequenceLearningAlgorithm: [PV-DBOW]
21:10:11.905 [main] INFO  o.d.m.s.SequenceVectors -           building ElementsLearningAlgorithm: [SkipGram]
21:10:14.148 [main] INFO  o.d.m.s.SequenceVectors - Building learning algorithms:
21:10:14.149 [main] INFO  o.d.m.s.SequenceVectors -           building SequenceLearningAlgorithm: [PV-DBOW]
21:10:14.151 [main] INFO  o.d.m.s.SequenceVectors -           building ElementsLearningAlgorithm: [SkipGram]
21:10:16.706 [main] INFO  o.d.m.s.SequenceVectors - Building learning algorithms:
21:10:16.708 [main] INFO  o.d.m.s.SequenceVectors -           building SequenceLearningAlgorithm: [PV-DBOW]
21:10:16.710 [main] INFO  o.d.m.s.SequenceVectors -           building ElementsLearningAlgorithm: [SkipGram]
21:10:18.820 [main] INFO  o.d.m.s.SequenceVectors - Building learning algorithms:
21:10:18.821 [main] INFO  o.d.m.s.SequenceVectors -           building SequenceLearningAlgorithm: [PV-DBOW]
21:10:18.822 [main] INFO  o.d.m.s.SequenceVectors -           building ElementsLearningAlgorithm: [SkipGram]
21:10:21.380 [main] INFO  o.d.m.s.SequenceVectors - Building learning algorithms:
21:10:21.381 [main] INFO  o.d.m.s.SequenceVectors -           building SequenceLearningAlgorithm: [PV-DBOW]
21:10:21.383 [main] INFO  o.d.m.s.SequenceVectors -           building ElementsLearningAlgorithm: [SkipGram]
21:10:23.399 [main] INFO  o.d.m.s.SequenceVectors - Building learning algorithms:
21:10:23.399 [main] INFO  o.d.m.s.SequenceVectors -           building SequenceLearningAlgorithm: [PV-DBOW]
21:10:23.400 [main] INFO  o.d.m.s.SequenceVectors -           building ElementsLearningAlgorithm: [SkipGram]
21:10:25.619 [main] INFO  o.d.m.s.SequenceVectors - Building learning algorithms:
21:10:25.619 [main] INFO  o.d.m.s.SequenceVectors -           building SequenceLearningAlgorithm: [PV-DBOW]
21:10:25.620 [main] INFO  o.d.m.s.SequenceVectors -           building ElementsLearningAlgorithm: [SkipGram]
21:10:28.041 [main] INFO  o.d.m.s.SequenceVectors - Building learning algorithms:
21:10:28.042 [main] INFO  o.d.m.s.SequenceVectors -           building SequenceLearningAlgorithm: [PV-DBOW]
21:10:28.043 [main] INFO  o.d.m.s.SequenceVectors -           building ElementsLearningAlgorithm: [SkipGram]
21:10:30.046 [main] INFO  o.d.m.s.SequenceVectors - Building learning algorithms:
21:10:30.046 [main] INFO  o.d.m.s.SequenceVectors -           building SequenceLearningAlgorithm: [PV-DBOW]
21:10:30.047 [main] INFO  o.d.m.s.SequenceVectors -           building ElementsLearningAlgorithm: [SkipGram]
21:10:32.067 [main] INFO  o.d.m.s.SequenceVectors - Building learning algorithms:
21:10:32.067 [main] INFO  o.d.m.s.SequenceVectors -           building SequenceLearningAlgorithm: [PV-DBOW]
21:10:32.068 [main] INFO  o.d.m.s.SequenceVectors -           building ElementsLearningAlgorithm: [SkipGram]
21:10:34.195 [main] INFO  o.d.m.s.SequenceVectors - Building learning algorithms:
21:10:34.195 [main] INFO  o.d.m.s.SequenceVectors -           building SequenceLearningAlgorithm: [PV-DBOW]
21:10:34.197 [main] INFO  o.d.m.s.SequenceVectors -           building ElementsLearningAlgorithm: [SkipGram]
21:10:36.272 [main] INFO  o.d.m.s.SequenceVectors - Building learning algorithms:
21:10:36.272 [main] INFO  o.d.m.s.SequenceVectors -           building SequenceLearningAlgorithm: [PV-DBOW]
21:10:36.273 [main] INFO  o.d.m.s.SequenceVectors -           building ElementsLearningAlgorithm: [SkipGram]
21:10:38.582 [main] INFO  o.d.m.s.SequenceVectors - Building learning algorithms:
21:10:38.582 [main] INFO  o.d.m.s.SequenceVectors -           building SequenceLearningAlgorithm: [PV-DBOW]
21:10:38.583 [main] INFO  o.d.m.s.SequenceVectors -           building ElementsLearningAlgorithm: [SkipGram]
21:10:41.029 [main] INFO  o.d.m.s.SequenceVectors - Building learning algorithms:
21:10:41.030 [main] INFO  o.d.m.s.SequenceVectors -           building SequenceLearningAlgorithm: [PV-DBOW]
21:10:41.032 [main] INFO  o.d.m.s.SequenceVectors -           building ElementsLearningAlgorithm: [SkipGram]
21:10:43.323 [main] INFO  o.d.m.s.SequenceVectors - Building learning algorithms:
21:10:43.323 [main] INFO  o.d.m.s.SequenceVectors -           building SequenceLearningAlgorithm: [PV-DBOW]
21:10:43.325 [main] INFO  o.d.m.s.SequenceVectors -           building ElementsLearningAlgorithm: [SkipGram]
21:10:45.669 [main] INFO  o.d.m.s.SequenceVectors - Building learning algorithms:
21:10:45.669 [main] INFO  o.d.m.s.SequenceVectors -           building SequenceLearningAlgorithm: [PV-DBOW]
21:10:45.671 [main] INFO  o.d.m.s.SequenceVectors -           building ElementsLearningAlgorithm: [SkipGram]
21:10:48.361 [main] INFO  o.d.m.s.SequenceVectors - Building learning algorithms:
21:10:48.362 [main] INFO  o.d.m.s.SequenceVectors -           building SequenceLearningAlgorithm: [PV-DBOW]
21:10:48.363 [main] INFO  o.d.m.s.SequenceVectors -           building ElementsLearningAlgorithm: [SkipGram]
21:10:50.798 [main] INFO  o.d.m.s.SequenceVectors - Building learning algorithms:
21:10:50.799 [main] INFO  o.d.m.s.SequenceVectors -           building SequenceLearningAlgorithm: [PV-DBOW]
21:10:50.801 [main] INFO  o.d.m.s.SequenceVectors -           building ElementsLearningAlgorithm: [SkipGram]
21:10:53.279 [main] INFO  o.d.m.s.SequenceVectors - Building learning algorithms:
21:10:53.279 [main] INFO  o.d.m.s.SequenceVectors -           building SequenceLearningAlgorithm: [PV-DBOW]
21:10:53.281 [main] INFO  o.d.m.s.SequenceVectors -           building ElementsLearningAlgorithm: [SkipGram]
21:10:55.860 [main] INFO  o.d.m.s.SequenceVectors - Building learning algorithms:
21:10:55.861 [main] INFO  o.d.m.s.SequenceVectors -           building SequenceLearningAlgorithm: [PV-DBOW]
21:10:55.862 [main] INFO  o.d.m.s.SequenceVectors -           building ElementsLearningAlgorithm: [SkipGram]
21:10:58.225 [main] INFO  o.d.m.s.SequenceVectors - Building learning algorithms:
21:10:58.225 [main] INFO  o.d.m.s.SequenceVectors -           building SequenceLearningAlgorithm: [PV-DBOW]
21:10:58.226 [main] INFO  o.d.m.s.SequenceVectors -           building ElementsLearningAlgorithm: [SkipGram]
21:11:00.721 [main] INFO  o.d.m.s.SequenceVectors - Building learning algorithms:
21:11:00.721 [main] INFO  o.d.m.s.SequenceVectors -           building SequenceLearningAlgorithm: [PV-DBOW]
21:11:00.722 [main] INFO  o.d.m.s.SequenceVectors -           building ElementsLearningAlgorithm: [SkipGram]
21:11:03.091 [main] INFO  o.d.m.s.SequenceVectors - Building learning algorithms:
21:11:03.091 [main] INFO  o.d.m.s.SequenceVectors -           building SequenceLearningAlgorithm: [PV-DBOW]
21:11:03.093 [main] INFO  o.d.m.s.SequenceVectors -           building ElementsLearningAlgorithm: [SkipGram]
21:11:05.134 [main] INFO  o.d.m.s.SequenceVectors - Building learning algorithms:
21:11:05.134 [main] INFO  o.d.m.s.SequenceVectors -           building SequenceLearningAlgorithm: [PV-DBOW]
21:11:05.136 [main] INFO  o.d.m.s.SequenceVectors -           building ElementsLearningAlgorithm: [SkipGram]
21:11:07.560 [main] INFO  o.d.m.s.SequenceVectors - Building learning algorithms:
21:11:07.561 [main] INFO  o.d.m.s.SequenceVectors -           building SequenceLearningAlgorithm: [PV-DBOW]
21:11:07.562 [main] INFO  o.d.m.s.SequenceVectors -           building ElementsLearningAlgorithm: [SkipGram]
21:11:09.829 [main] INFO  o.d.m.s.SequenceVectors - Building learning algorithms:
21:11:09.830 [main] INFO  o.d.m.s.SequenceVectors -           building SequenceLearningAlgorithm: [PV-DBOW]
21:11:09.832 [main] INFO  o.d.m.s.SequenceVectors -           building ElementsLearningAlgorithm: [SkipGram]
21:11:11.819 [main] INFO  o.d.m.s.SequenceVectors - Building learning algorithms:
21:11:11.820 [main] INFO  o.d.m.s.SequenceVectors -           building SequenceLearningAlgorithm: [PV-DBOW]
21:11:11.821 [main] INFO  o.d.m.s.SequenceVectors -           building ElementsLearningAlgorithm: [SkipGram]
21:11:13.811 [main] INFO  o.d.m.s.SequenceVectors - Building learning algorithms:
21:11:13.811 [main] INFO  o.d.m.s.SequenceVectors -           building SequenceLearningAlgorithm: [PV-DBOW]
21:11:13.812 [main] INFO  o.d.m.s.SequenceVectors -           building ElementsLearningAlgorithm: [SkipGram]
21:11:15.847 [main] INFO  o.d.m.s.SequenceVectors - Building learning algorithms:
21:11:15.847 [main] INFO  o.d.m.s.SequenceVectors -           building SequenceLearningAlgorithm: [PV-DBOW]
21:11:15.848 [main] INFO  o.d.m.s.SequenceVectors -           building ElementsLearningAlgorithm: [SkipGram]
21:11:18.366 [main] INFO  o.d.m.s.SequenceVectors - Building learning algorithms:
21:11:18.366 [main] INFO  o.d.m.s.SequenceVectors -           building SequenceLearningAlgorithm: [PV-DBOW]
21:11:18.368 [main] INFO  o.d.m.s.SequenceVectors -           building ElementsLearningAlgorithm: [SkipGram]
21:11:20.890 [main] INFO  o.d.m.s.SequenceVectors - Building learning algorithms:
21:11:20.891 [main] INFO  o.d.m.s.SequenceVectors -           building SequenceLearningAlgorithm: [PV-DBOW]
21:11:20.892 [main] INFO  o.d.m.s.SequenceVectors -           building ElementsLearningAlgorithm: [SkipGram]
21:11:23.047 [main] INFO  o.d.m.s.SequenceVectors - Building learning algorithms:
21:11:23.047 [main] INFO  o.d.m.s.SequenceVectors -           building SequenceLearningAlgorithm: [PV-DBOW]
21:11:23.048 [main] INFO  o.d.m.s.SequenceVectors -           building ElementsLearningAlgorithm: [SkipGram]
21:11:25.524 [main] INFO  o.d.m.s.SequenceVectors - Building learning algorithms:
21:11:25.524 [main] INFO  o.d.m.s.SequenceVectors -           building SequenceLearningAlgorithm: [PV-DBOW]
21:11:25.525 [main] INFO  o.d.m.s.SequenceVectors -           building ElementsLearningAlgorithm: [SkipGram]
21:11:27.758 [main] INFO  o.d.m.s.SequenceVectors - Building learning algorithms:
21:11:27.758 [main] INFO  o.d.m.s.SequenceVectors -           building SequenceLearningAlgorithm: [PV-DBOW]
21:11:27.760 [main] INFO  o.d.m.s.SequenceVectors -           building ElementsLearningAlgorithm: [SkipGram]
21:11:30.190 [main] INFO  o.d.m.s.SequenceVectors - Building learning algorithms:
21:11:30.191 [main] INFO  o.d.m.s.SequenceVectors -           building SequenceLearningAlgorithm: [PV-DBOW]
21:11:30.193 [main] INFO  o.d.m.s.SequenceVectors -           building ElementsLearningAlgorithm: [SkipGram]
21:11:32.283 [main] INFO  o.d.m.s.SequenceVectors - Building learning algorithms:
21:11:32.283 [main] INFO  o.d.m.s.SequenceVectors -           building SequenceLearningAlgorithm: [PV-DBOW]
21:11:32.285 [main] INFO  o.d.m.s.SequenceVectors -           building ElementsLearningAlgorithm: [SkipGram]
21:11:34.399 [main] INFO  o.d.m.s.SequenceVectors - Building learning algorithms:
21:11:34.399 [main] INFO  o.d.m.s.SequenceVectors -           building SequenceLearningAlgorithm: [PV-DBOW]
21:11:34.400 [main] INFO  o.d.m.s.SequenceVectors -           building ElementsLearningAlgorithm: [SkipGram]
21:11:36.562 [main] INFO  o.d.m.s.SequenceVectors - Building learning algorithms:
21:11:36.562 [main] INFO  o.d.m.s.SequenceVectors -           building SequenceLearningAlgorithm: [PV-DBOW]
21:11:36.563 [main] INFO  o.d.m.s.SequenceVectors -           building ElementsLearningAlgorithm: [SkipGram]
21:11:38.810 [main] INFO  o.d.m.s.SequenceVectors - Building learning algorithms:
21:11:38.811 [main] INFO  o.d.m.s.SequenceVectors -           building SequenceLearningAlgorithm: [PV-DBOW]
21:11:38.812 [main] INFO  o.d.m.s.SequenceVectors -           building ElementsLearningAlgorithm: [SkipGram]
21:11:40.839 [main] INFO  o.d.m.s.SequenceVectors - Building learning algorithms:
21:11:40.840 [main] INFO  o.d.m.s.SequenceVectors -           building SequenceLearningAlgorithm: [PV-DBOW]
21:11:40.841 [main] INFO  o.d.m.s.SequenceVectors -           building ElementsLearningAlgorithm: [SkipGram]
21:11:42.927 [main] INFO  o.d.m.s.SequenceVectors - Building learning algorithms:
21:11:42.928 [main] INFO  o.d.m.s.SequenceVectors -           building SequenceLearningAlgorithm: [PV-DBOW]
21:11:42.929 [main] INFO  o.d.m.s.SequenceVectors -           building ElementsLearningAlgorithm: [SkipGram]
21:11:45.009 [main] INFO  o.d.m.s.SequenceVectors - Building learning algorithms:
21:11:45.009 [main] INFO  o.d.m.s.SequenceVectors -           building SequenceLearningAlgorithm: [PV-DBOW]
21:11:45.010 [main] INFO  o.d.m.s.SequenceVectors -           building ElementsLearningAlgorithm: [SkipGram]
21:11:47.306 [main] INFO  o.d.m.s.SequenceVectors - Building learning algorithms:
21:11:47.307 [main] INFO  o.d.m.s.SequenceVectors -           building SequenceLearningAlgorithm: [PV-DBOW]
21:11:47.308 [main] INFO  o.d.m.s.SequenceVectors -           building ElementsLearningAlgorithm: [SkipGram]
21:11:49.541 [main] INFO  o.d.m.s.SequenceVectors - Building learning algorithms:
21:11:49.541 [main] INFO  o.d.m.s.SequenceVectors -           building SequenceLearningAlgorithm: [PV-DBOW]
21:11:49.548 [main] INFO  o.d.m.s.SequenceVectors -           building ElementsLearningAlgorithm: [SkipGram]
21:11:51.771 [main] INFO  o.d.m.s.SequenceVectors - Building learning algorithms:
21:11:51.772 [main] INFO  o.d.m.s.SequenceVectors -           building SequenceLearningAlgorithm: [PV-DBOW]
21:11:51.773 [main] INFO  o.d.m.s.SequenceVectors -           building ElementsLearningAlgorithm: [SkipGram]
21:11:53.803 [main] INFO  o.d.m.s.SequenceVectors - Building learning algorithms:
21:11:53.804 [main] INFO  o.d.m.s.SequenceVectors -           building SequenceLearningAlgorithm: [PV-DBOW]
21:11:53.805 [main] INFO  o.d.m.s.SequenceVectors -           building ElementsLearningAlgorithm: [SkipGram]
21:11:55.793 [main] INFO  o.d.m.s.SequenceVectors - Building learning algorithms:
21:11:55.794 [main] INFO  o.d.m.s.SequenceVectors -           building SequenceLearningAlgorithm: [PV-DBOW]
21:11:55.795 [main] INFO  o.d.m.s.SequenceVectors -           building ElementsLearningAlgorithm: [SkipGram]
21:11:57.758 [main] INFO  o.d.m.s.SequenceVectors - Building learning algorithms:
21:11:57.759 [main] INFO  o.d.m.s.SequenceVectors -           building SequenceLearningAlgorithm: [PV-DBOW]
21:11:57.760 [main] INFO  o.d.m.s.SequenceVectors -           building ElementsLearningAlgorithm: [SkipGram]
21:11:59.999 [main] INFO  o.d.m.s.SequenceVectors - Building learning algorithms:
21:12:00.000 [main] INFO  o.d.m.s.SequenceVectors -           building SequenceLearningAlgorithm: [PV-DBOW]
21:12:00.001 [main] INFO  o.d.m.s.SequenceVectors -           building ElementsLearningAlgorithm: [SkipGram]
21:12:02.143 [main] INFO  o.d.m.s.SequenceVectors - Building learning algorithms:
21:12:02.143 [main] INFO  o.d.m.s.SequenceVectors -           building SequenceLearningAlgorithm: [PV-DBOW]
21:12:02.144 [main] INFO  o.d.m.s.SequenceVectors -           building ElementsLearningAlgorithm: [SkipGram]
21:12:04.293 [main] INFO  o.d.m.s.SequenceVectors - Building learning algorithms:
21:12:04.294 [main] INFO  o.d.m.s.SequenceVectors -           building SequenceLearningAlgorithm: [PV-DBOW]
21:12:04.295 [main] INFO  o.d.m.s.SequenceVectors -           building ElementsLearningAlgorithm: [SkipGram]
21:12:06.463 [main] INFO  o.d.m.s.SequenceVectors - Building learning algorithms:
21:12:06.463 [main] INFO  o.d.m.s.SequenceVectors -           building SequenceLearningAlgorithm: [PV-DBOW]
21:12:06.464 [main] INFO  o.d.m.s.SequenceVectors -           building ElementsLearningAlgorithm: [SkipGram]
21:12:08.602 [main] INFO  o.d.m.s.SequenceVectors - Building learning algorithms:
21:12:08.603 [main] INFO  o.d.m.s.SequenceVectors -           building SequenceLearningAlgorithm: [PV-DBOW]
21:12:08.604 [main] INFO  o.d.m.s.SequenceVectors -           building ElementsLearningAlgorithm: [SkipGram]
21:12:11.366 [main] INFO  o.d.m.s.SequenceVectors - Building learning algorithms:
21:12:11.367 [main] INFO  o.d.m.s.SequenceVectors -           building SequenceLearningAlgorithm: [PV-DBOW]
21:12:11.368 [main] INFO  o.d.m.s.SequenceVectors -           building ElementsLearningAlgorithm: [SkipGram]
21:12:13.998 [main] INFO  o.d.m.s.SequenceVectors - Building learning algorithms:
21:12:13.998 [main] INFO  o.d.m.s.SequenceVectors -           building SequenceLearningAlgorithm: [PV-DBOW]
21:12:13.999 [main] INFO  o.d.m.s.SequenceVectors -           building ElementsLearningAlgorithm: [SkipGram]
21:12:16.572 [main] INFO  o.d.m.s.SequenceVectors - Building learning algorithms:
21:12:16.573 [main] INFO  o.d.m.s.SequenceVectors -           building SequenceLearningAlgorithm: [PV-DBOW]
21:12:16.574 [main] INFO  o.d.m.s.SequenceVectors -           building ElementsLearningAlgorithm: [SkipGram]
21:12:18.708 [main] INFO  o.d.m.s.SequenceVectors - Building learning algorithms:
21:12:18.708 [main] INFO  o.d.m.s.SequenceVectors -           building SequenceLearningAlgorithm: [PV-DBOW]
21:12:18.709 [main] INFO  o.d.m.s.SequenceVectors -           building ElementsLearningAlgorithm: [SkipGram]
21:12:21.256 [main] INFO  o.d.m.s.SequenceVectors - Building learning algorithms:
21:12:21.256 [main] INFO  o.d.m.s.SequenceVectors -           building SequenceLearningAlgorithm: [PV-DBOW]
21:12:21.258 [main] INFO  o.d.m.s.SequenceVectors -           building ElementsLearningAlgorithm: [SkipGram]
21:12:23.917 [main] INFO  o.d.m.s.SequenceVectors - Building learning algorithms:
21:12:23.918 [main] INFO  o.d.m.s.SequenceVectors -           building SequenceLearningAlgorithm: [PV-DBOW]
21:12:23.919 [main] INFO  o.d.m.s.SequenceVectors -           building ElementsLearningAlgorithm: [SkipGram]
21:12:26.252 [main] INFO  o.d.m.s.SequenceVectors - Building learning algorithms:
21:12:26.253 [main] INFO  o.d.m.s.SequenceVectors -           building SequenceLearningAlgorithm: [PV-DBOW]
21:12:26.256 [main] INFO  o.d.m.s.SequenceVectors -           building ElementsLearningAlgorithm: [SkipGram]
21:12:29.062 [main] INFO  o.d.m.s.SequenceVectors - Building learning algorithms:
21:12:29.063 [main] INFO  o.d.m.s.SequenceVectors -           building SequenceLearningAlgorithm: [PV-DBOW]
21:12:29.064 [main] INFO  o.d.m.s.SequenceVectors -           building ElementsLearningAlgorithm: [SkipGram]
21:12:31.698 [main] INFO  o.d.m.s.SequenceVectors - Building learning algorithms:
21:12:31.698 [main] INFO  o.d.m.s.SequenceVectors -           building SequenceLearningAlgorithm: [PV-DBOW]
21:12:31.700 [main] INFO  o.d.m.s.SequenceVectors -           building ElementsLearningAlgorithm: [SkipGram]
21:12:34.146 [main] INFO  o.d.m.s.SequenceVectors - Building learning algorithms:
21:12:34.146 [main] INFO  o.d.m.s.SequenceVectors -           building SequenceLearningAlgorithm: [PV-DBOW]
21:12:34.147 [main] INFO  o.d.m.s.SequenceVectors -           building ElementsLearningAlgorithm: [SkipGram]
21:12:36.442 [main] INFO  o.d.m.s.SequenceVectors - Building learning algorithms:
21:12:36.442 [main] INFO  o.d.m.s.SequenceVectors -           building SequenceLearningAlgorithm: [PV-DBOW]
21:12:36.444 [main] INFO  o.d.m.s.SequenceVectors -           building ElementsLearningAlgorithm: [SkipGram]
21:12:39.094 [main] INFO  o.d.m.s.SequenceVectors - Building learning algorithms:
21:12:39.094 [main] INFO  o.d.m.s.SequenceVectors -           building SequenceLearningAlgorithm: [PV-DBOW]
21:12:39.095 [main] INFO  o.d.m.s.SequenceVectors -           building ElementsLearningAlgorithm: [SkipGram]
21:12:41.096 [main] INFO  o.d.m.s.SequenceVectors - Building learning algorithms:
21:12:41.097 [main] INFO  o.d.m.s.SequenceVectors -           building SequenceLearningAlgorithm: [PV-DBOW]
21:12:41.098 [main] INFO  o.d.m.s.SequenceVectors -           building ElementsLearningAlgorithm: [SkipGram]
21:12:43.316 [main] INFO  o.d.m.s.SequenceVectors - Building learning algorithms:
21:12:43.316 [main] INFO  o.d.m.s.SequenceVectors -           building SequenceLearningAlgorithm: [PV-DBOW]
21:12:43.317 [main] INFO  o.d.m.s.SequenceVectors -           building ElementsLearningAlgorithm: [SkipGram]
21:12:45.268 [main] INFO  o.d.m.s.SequenceVectors - Building learning algorithms:
21:12:45.269 [main] INFO  o.d.m.s.SequenceVectors -           building SequenceLearningAlgorithm: [PV-DBOW]
21:12:45.270 [main] INFO  o.d.m.s.SequenceVectors -           building ElementsLearningAlgorithm: [SkipGram]
21:12:47.388 [main] INFO  o.d.m.s.SequenceVectors - Building learning algorithms:
21:12:47.389 [main] INFO  o.d.m.s.SequenceVectors -           building SequenceLearningAlgorithm: [PV-DBOW]
21:12:47.390 [main] INFO  o.d.m.s.SequenceVectors -           building ElementsLearningAlgorithm: [SkipGram]
21:12:49.605 [main] INFO  o.d.m.s.SequenceVectors - Building learning algorithms:
21:12:49.606 [main] INFO  o.d.m.s.SequenceVectors -           building SequenceLearningAlgorithm: [PV-DBOW]
21:12:49.607 [main] INFO  o.d.m.s.SequenceVectors -           building ElementsLearningAlgorithm: [SkipGram]
21:12:51.611 [main] INFO  o.d.m.s.SequenceVectors - Building learning algorithms:
21:12:51.611 [main] INFO  o.d.m.s.SequenceVectors -           building SequenceLearningAlgorithm: [PV-DBOW]
21:12:51.612 [main] INFO  o.d.m.s.SequenceVectors -           building ElementsLearningAlgorithm: [SkipGram]
21:12:53.634 [main] INFO  o.d.m.s.SequenceVectors - Building learning algorithms:
21:12:53.634 [main] INFO  o.d.m.s.SequenceVectors -           building SequenceLearningAlgorithm: [PV-DBOW]
21:12:53.635 [main] INFO  o.d.m.s.SequenceVectors -           building ElementsLearningAlgorithm: [SkipGram]
21:12:56.268 [main] INFO  o.d.m.s.SequenceVectors - Building learning algorithms:
21:12:56.269 [main] INFO  o.d.m.s.SequenceVectors -           building SequenceLearningAlgorithm: [PV-DBOW]
21:12:56.270 [main] INFO  o.d.m.s.SequenceVectors -           building ElementsLearningAlgorithm: [SkipGram]
21:12:58.869 [main] INFO  o.d.m.s.SequenceVectors - Building learning algorithms:
21:12:58.870 [main] INFO  o.d.m.s.SequenceVectors -           building SequenceLearningAlgorithm: [PV-DBOW]
21:12:58.871 [main] INFO  o.d.m.s.SequenceVectors -           building ElementsLearningAlgorithm: [SkipGram]
21:13:01.483 [main] INFO  o.d.m.s.SequenceVectors - Building learning algorithms:
21:13:01.483 [main] INFO  o.d.m.s.SequenceVectors -           building SequenceLearningAlgorithm: [PV-DBOW]
21:13:01.485 [main] INFO  o.d.m.s.SequenceVectors -           building ElementsLearningAlgorithm: [SkipGram]
21:13:04.192 [main] INFO  o.d.m.s.SequenceVectors - Building learning algorithms:
21:13:04.193 [main] INFO  o.d.m.s.SequenceVectors -           building SequenceLearningAlgorithm: [PV-DBOW]
21:13:04.194 [main] INFO  o.d.m.s.SequenceVectors -           building ElementsLearningAlgorithm: [SkipGram]
21:13:06.808 [main] INFO  o.d.m.s.SequenceVectors - Building learning algorithms:
21:13:06.808 [main] INFO  o.d.m.s.SequenceVectors -           building SequenceLearningAlgorithm: [PV-DBOW]
21:13:06.809 [main] INFO  o.d.m.s.SequenceVectors -           building ElementsLearningAlgorithm: [SkipGram]
21:13:09.008 [main] INFO  o.d.m.s.SequenceVectors - Building learning algorithms:
21:13:09.009 [main] INFO  o.d.m.s.SequenceVectors -           building SequenceLearningAlgorithm: [PV-DBOW]
21:13:09.010 [main] INFO  o.d.m.s.SequenceVectors -           building ElementsLearningAlgorithm: [SkipGram]
21:13:11.675 [main] INFO  o.d.m.s.SequenceVectors - Building learning algorithms:
21:13:11.675 [main] INFO  o.d.m.s.SequenceVectors -           building SequenceLearningAlgorithm: [PV-DBOW]
21:13:11.676 [main] INFO  o.d.m.s.SequenceVectors -           building ElementsLearningAlgorithm: [SkipGram]
21:13:14.366 [main] INFO  o.d.m.s.SequenceVectors - Building learning algorithms:
21:13:14.366 [main] INFO  o.d.m.s.SequenceVectors -           building SequenceLearningAlgorithm: [PV-DBOW]
21:13:14.368 [main] INFO  o.d.m.s.SequenceVectors -           building ElementsLearningAlgorithm: [SkipGram]
21:13:16.946 [main] INFO  o.d.m.s.SequenceVectors - Building learning algorithms:
21:13:16.946 [main] INFO  o.d.m.s.SequenceVectors -           building SequenceLearningAlgorithm: [PV-DBOW]
21:13:16.948 [main] INFO  o.d.m.s.SequenceVectors -           building ElementsLearningAlgorithm: [SkipGram]
21:13:19.426 [main] INFO  o.d.m.s.SequenceVectors - Building learning algorithms:
21:13:19.426 [main] INFO  o.d.m.s.SequenceVectors -           building SequenceLearningAlgorithm: [PV-DBOW]
21:13:19.427 [main] INFO  o.d.m.s.SequenceVectors -           building ElementsLearningAlgorithm: [SkipGram]
21:13:21.608 [main] INFO  o.d.m.s.SequenceVectors - Building learning algorithms:
21:13:21.608 [main] INFO  o.d.m.s.SequenceVectors -           building SequenceLearningAlgorithm: [PV-DBOW]
21:13:21.609 [main] INFO  o.d.m.s.SequenceVectors -           building ElementsLearningAlgorithm: [SkipGram]
21:13:24.088 [main] INFO  o.d.m.s.SequenceVectors - Building learning algorithms:
21:13:24.088 [main] INFO  o.d.m.s.SequenceVectors -           building SequenceLearningAlgorithm: [PV-DBOW]
21:13:24.090 [main] INFO  o.d.m.s.SequenceVectors -           building ElementsLearningAlgorithm: [SkipGram]
21:13:26.155 [main] INFO  o.d.m.s.SequenceVectors - Building learning algorithms:
21:13:26.155 [main] INFO  o.d.m.s.SequenceVectors -           building SequenceLearningAlgorithm: [PV-DBOW]
21:13:26.157 [main] INFO  o.d.m.s.SequenceVectors -           building ElementsLearningAlgorithm: [SkipGram]
21:13:28.185 [main] INFO  o.d.m.s.SequenceVectors - Building learning algorithms:
21:13:28.185 [main] INFO  o.d.m.s.SequenceVectors -           building SequenceLearningAlgorithm: [PV-DBOW]
21:13:28.187 [main] INFO  o.d.m.s.SequenceVectors -           building ElementsLearningAlgorithm: [SkipGram]
21:13:30.177 [main] INFO  o.d.m.s.SequenceVectors - Building learning algorithms:
21:13:30.178 [main] INFO  o.d.m.s.SequenceVectors -           building SequenceLearningAlgorithm: [PV-DBOW]
21:13:30.180 [main] INFO  o.d.m.s.SequenceVectors -           building ElementsLearningAlgorithm: [SkipGram]
21:13:32.647 [main] INFO  o.d.m.s.SequenceVectors - Building learning algorithms:
21:13:32.648 [main] INFO  o.d.m.s.SequenceVectors -           building SequenceLearningAlgorithm: [PV-DBOW]
21:13:32.649 [main] INFO  o.d.m.s.SequenceVectors -           building ElementsLearningAlgorithm: [SkipGram]
21:13:35.024 [main] INFO  o.d.m.s.SequenceVectors - Building learning algorithms:
21:13:35.024 [main] INFO  o.d.m.s.SequenceVectors -           building SequenceLearningAlgorithm: [PV-DBOW]
21:13:35.026 [main] INFO  o.d.m.s.SequenceVectors -           building ElementsLearningAlgorithm: [SkipGram]
21:13:37.645 [main] INFO  o.d.m.s.SequenceVectors - Building learning algorithms:
21:13:37.646 [main] INFO  o.d.m.s.SequenceVectors -           building SequenceLearningAlgorithm: [PV-DBOW]
21:13:37.647 [main] INFO  o.d.m.s.SequenceVectors -           building ElementsLearningAlgorithm: [SkipGram]
21:13:40.262 [main] INFO  o.d.m.s.SequenceVectors - Building learning algorithms:
21:13:40.263 [main] INFO  o.d.m.s.SequenceVectors -           building SequenceLearningAlgorithm: [PV-DBOW]
21:13:40.264 [main] INFO  o.d.m.s.SequenceVectors -           building ElementsLearningAlgorithm: [SkipGram]
21:13:42.574 [main] INFO  o.d.m.s.SequenceVectors - Building learning algorithms:
21:13:42.575 [main] INFO  o.d.m.s.SequenceVectors -           building SequenceLearningAlgorithm: [PV-DBOW]
21:13:42.576 [main] INFO  o.d.m.s.SequenceVectors -           building ElementsLearningAlgorithm: [SkipGram]
21:13:44.925 [main] INFO  o.d.m.s.SequenceVectors - Building learning algorithms:
21:13:44.926 [main] INFO  o.d.m.s.SequenceVectors -           building SequenceLearningAlgorithm: [PV-DBOW]
21:13:44.927 [main] INFO  o.d.m.s.SequenceVectors -           building ElementsLearningAlgorithm: [SkipGram]
21:13:47.503 [main] INFO  o.d.m.s.SequenceVectors - Building learning algorithms:
21:13:47.504 [main] INFO  o.d.m.s.SequenceVectors -           building SequenceLearningAlgorithm: [PV-DBOW]
21:13:47.505 [main] INFO  o.d.m.s.SequenceVectors -           building ElementsLearningAlgorithm: [SkipGram]
21:13:50.179 [main] INFO  o.d.m.s.SequenceVectors - Building learning algorithms:
21:13:50.179 [main] INFO  o.d.m.s.SequenceVectors -           building SequenceLearningAlgorithm: [PV-DBOW]
21:13:50.180 [main] INFO  o.d.m.s.SequenceVectors -           building ElementsLearningAlgorithm: [SkipGram]
21:13:52.410 [main] INFO  o.d.m.s.SequenceVectors - Building learning algorithms:
21:13:52.410 [main] INFO  o.d.m.s.SequenceVectors -           building SequenceLearningAlgorithm: [PV-DBOW]
21:13:52.412 [main] INFO  o.d.m.s.SequenceVectors -           building ElementsLearningAlgorithm: [SkipGram]
21:13:54.959 [main] INFO  o.d.m.s.SequenceVectors - Building learning algorithms:
21:13:54.959 [main] INFO  o.d.m.s.SequenceVectors -           building SequenceLearningAlgorithm: [PV-DBOW]
21:13:54.961 [main] INFO  o.d.m.s.SequenceVectors -           building ElementsLearningAlgorithm: [SkipGram]
21:13:57.463 [main] INFO  o.d.m.s.SequenceVectors - Building learning algorithms:
21:13:57.463 [main] INFO  o.d.m.s.SequenceVectors -           building SequenceLearningAlgorithm: [PV-DBOW]
21:13:57.464 [main] INFO  o.d.m.s.SequenceVectors -           building ElementsLearningAlgorithm: [SkipGram]
21:14:00.046 [main] INFO  o.d.m.s.SequenceVectors - Building learning algorithms:
21:14:00.046 [main] INFO  o.d.m.s.SequenceVectors -           building SequenceLearningAlgorithm: [PV-DBOW]
21:14:00.047 [main] INFO  o.d.m.s.SequenceVectors -           building ElementsLearningAlgorithm: [SkipGram]
21:14:02.114 [main] INFO  o.d.m.s.SequenceVectors - Building learning algorithms:
21:14:02.115 [main] INFO  o.d.m.s.SequenceVectors -           building SequenceLearningAlgorithm: [PV-DBOW]
21:14:02.116 [main] INFO  o.d.m.s.SequenceVectors -           building ElementsLearningAlgorithm: [SkipGram]
21:14:04.733 [main] INFO  o.d.m.s.SequenceVectors - Building learning algorithms:
21:14:04.734 [main] INFO  o.d.m.s.SequenceVectors -           building SequenceLearningAlgorithm: [PV-DBOW]
21:14:04.735 [main] INFO  o.d.m.s.SequenceVectors -           building ElementsLearningAlgorithm: [SkipGram]
21:14:07.193 [main] INFO  o.d.m.s.SequenceVectors - Building learning algorithms:
21:14:07.193 [main] INFO  o.d.m.s.SequenceVectors -           building SequenceLearningAlgorithm: [PV-DBOW]
21:14:07.194 [main] INFO  o.d.m.s.SequenceVectors -           building ElementsLearningAlgorithm: [SkipGram]
21:14:09.314 [main] INFO  o.d.m.s.SequenceVectors - Building learning algorithms:
21:14:09.315 [main] INFO  o.d.m.s.SequenceVectors -           building SequenceLearningAlgorithm: [PV-DBOW]
21:14:09.316 [main] INFO  o.d.m.s.SequenceVectors -           building ElementsLearningAlgorithm: [SkipGram]
21:14:11.464 [main] INFO  o.d.m.s.SequenceVectors - Building learning algorithms:
21:14:11.465 [main] INFO  o.d.m.s.SequenceVectors -           building SequenceLearningAlgorithm: [PV-DBOW]
21:14:11.466 [main] INFO  o.d.m.s.SequenceVectors -           building ElementsLearningAlgorithm: [SkipGram]
21:14:13.815 [main] INFO  o.d.m.s.SequenceVectors - Building learning algorithms:
21:14:13.815 [main] INFO  o.d.m.s.SequenceVectors -           building SequenceLearningAlgorithm: [PV-DBOW]
21:14:13.816 [main] INFO  o.d.m.s.SequenceVectors -           building ElementsLearningAlgorithm: [SkipGram]
21:14:15.800 [main] INFO  o.d.m.s.SequenceVectors - Building learning algorithms:
21:14:15.800 [main] INFO  o.d.m.s.SequenceVectors -           building SequenceLearningAlgorithm: [PV-DBOW]
21:14:15.801 [main] INFO  o.d.m.s.SequenceVectors -           building ElementsLearningAlgorithm: [SkipGram]
21:14:18.125 [main] INFO  o.d.m.s.SequenceVectors - Building learning algorithms:
21:14:18.126 [main] INFO  o.d.m.s.SequenceVectors -           building SequenceLearningAlgorithm: [PV-DBOW]
21:14:18.127 [main] INFO  o.d.m.s.SequenceVectors -           building ElementsLearningAlgorithm: [SkipGram]
21:14:20.814 [main] INFO  o.d.m.s.SequenceVectors - Building learning algorithms:
21:14:20.815 [main] INFO  o.d.m.s.SequenceVectors -           building SequenceLearningAlgorithm: [PV-DBOW]
21:14:20.816 [main] INFO  o.d.m.s.SequenceVectors -           building ElementsLearningAlgorithm: [SkipGram]
21:14:23.019 [main] INFO  o.d.m.s.SequenceVectors - Building learning algorithms:
21:14:23.020 [main] INFO  o.d.m.s.SequenceVectors -           building SequenceLearningAlgorithm: [PV-DBOW]
21:14:23.022 [main] INFO  o.d.m.s.SequenceVectors -           building ElementsLearningAlgorithm: [SkipGram]
21:14:25.354 [main] INFO  o.d.m.s.SequenceVectors - Building learning algorithms:
21:14:25.354 [main] INFO  o.d.m.s.SequenceVectors -           building SequenceLearningAlgorithm: [PV-DBOW]
21:14:25.355 [main] INFO  o.d.m.s.SequenceVectors -           building ElementsLearningAlgorithm: [SkipGram]
21:14:27.334 [main] INFO  o.d.m.s.SequenceVectors - Building learning algorithms:
21:14:27.334 [main] INFO  o.d.m.s.SequenceVectors -           building SequenceLearningAlgorithm: [PV-DBOW]
21:14:27.335 [main] INFO  o.d.m.s.SequenceVectors -           building ElementsLearningAlgorithm: [SkipGram]
21:14:29.962 [main] INFO  o.d.m.s.SequenceVectors - Building learning algorithms:
21:14:29.963 [main] INFO  o.d.m.s.SequenceVectors -           building SequenceLearningAlgorithm: [PV-DBOW]
21:14:29.964 [main] INFO  o.d.m.s.SequenceVectors -           building ElementsLearningAlgorithm: [SkipGram]
21:14:32.300 [main] INFO  o.d.m.s.SequenceVectors - Building learning algorithms:
21:14:32.301 [main] INFO  o.d.m.s.SequenceVectors -           building SequenceLearningAlgorithm: [PV-DBOW]
21:14:32.302 [main] INFO  o.d.m.s.SequenceVectors -           building ElementsLearningAlgorithm: [SkipGram]
21:14:34.547 [main] INFO  o.d.m.s.SequenceVectors - Building learning algorithms:
21:14:34.548 [main] INFO  o.d.m.s.SequenceVectors -           building SequenceLearningAlgorithm: [PV-DBOW]
21:14:34.549 [main] INFO  o.d.m.s.SequenceVectors -           building ElementsLearningAlgorithm: [SkipGram]
21:14:36.900 [main] INFO  o.d.m.s.SequenceVectors - Building learning algorithms:
21:14:36.901 [main] INFO  o.d.m.s.SequenceVectors -           building SequenceLearningAlgorithm: [PV-DBOW]
21:14:36.902 [main] INFO  o.d.m.s.SequenceVectors -           building ElementsLearningAlgorithm: [SkipGram]
21:14:39.278 [main] INFO  o.d.m.s.SequenceVectors - Building learning algorithms:
21:14:39.279 [main] INFO  o.d.m.s.SequenceVectors -           building SequenceLearningAlgorithm: [PV-DBOW]
21:14:39.280 [main] INFO  o.d.m.s.SequenceVectors -           building ElementsLearningAlgorithm: [SkipGram]
21:14:41.872 [main] INFO  o.d.m.s.SequenceVectors - Building learning algorithms:
21:14:41.872 [main] INFO  o.d.m.s.SequenceVectors -           building SequenceLearningAlgorithm: [PV-DBOW]
21:14:41.873 [main] INFO  o.d.m.s.SequenceVectors -           building ElementsLearningAlgorithm: [SkipGram]
21:14:44.438 [main] INFO  o.d.m.s.SequenceVectors - Building learning algorithms:
21:14:44.438 [main] INFO  o.d.m.s.SequenceVectors -           building SequenceLearningAlgorithm: [PV-DBOW]
21:14:44.439 [main] INFO  o.d.m.s.SequenceVectors -           building ElementsLearningAlgorithm: [SkipGram]
21:14:47.129 [main] INFO  o.d.m.s.SequenceVectors - Building learning algorithms:
21:14:47.129 [main] INFO  o.d.m.s.SequenceVectors -           building SequenceLearningAlgorithm: [PV-DBOW]
21:14:47.131 [main] INFO  o.d.m.s.SequenceVectors -           building ElementsLearningAlgorithm: [SkipGram]
21:14:49.364 [main] INFO  o.d.m.s.SequenceVectors - Building learning algorithms:
21:14:49.365 [main] INFO  o.d.m.s.SequenceVectors -           building SequenceLearningAlgorithm: [PV-DBOW]
21:14:49.366 [main] INFO  o.d.m.s.SequenceVectors -           building ElementsLearningAlgorithm: [SkipGram]
21:14:52.024 [main] INFO  o.d.m.s.SequenceVectors - Building learning algorithms:
21:14:52.025 [main] INFO  o.d.m.s.SequenceVectors -           building SequenceLearningAlgorithm: [PV-DBOW]
21:14:52.026 [main] INFO  o.d.m.s.SequenceVectors -           building ElementsLearningAlgorithm: [SkipGram]
21:14:54.714 [main] INFO  o.d.m.s.SequenceVectors - Building learning algorithms:
21:14:54.715 [main] INFO  o.d.m.s.SequenceVectors -           building SequenceLearningAlgorithm: [PV-DBOW]
21:14:54.717 [main] INFO  o.d.m.s.SequenceVectors -           building ElementsLearningAlgorithm: [SkipGram]
21:14:56.942 [main] INFO  o.d.m.s.SequenceVectors - Building learning algorithms:
21:14:56.943 [main] INFO  o.d.m.s.SequenceVectors -           building SequenceLearningAlgorithm: [PV-DBOW]
21:14:56.944 [main] INFO  o.d.m.s.SequenceVectors -           building ElementsLearningAlgorithm: [SkipGram]
21:14:59.546 [main] INFO  o.d.m.s.SequenceVectors - Building learning algorithms:
21:14:59.546 [main] INFO  o.d.m.s.SequenceVectors -           building SequenceLearningAlgorithm: [PV-DBOW]
21:14:59.547 [main] INFO  o.d.m.s.SequenceVectors -           building ElementsLearningAlgorithm: [SkipGram]
21:15:02.127 [main] INFO  o.d.m.s.SequenceVectors - Building learning algorithms:
21:15:02.128 [main] INFO  o.d.m.s.SequenceVectors -           building SequenceLearningAlgorithm: [PV-DBOW]
21:15:02.129 [main] INFO  o.d.m.s.SequenceVectors -           building ElementsLearningAlgorithm: [SkipGram]
21:15:04.802 [main] INFO  o.d.m.s.SequenceVectors - Building learning algorithms:
21:15:04.802 [main] INFO  o.d.m.s.SequenceVectors -           building SequenceLearningAlgorithm: [PV-DBOW]
21:15:04.803 [main] INFO  o.d.m.s.SequenceVectors -           building ElementsLearningAlgorithm: [SkipGram]
21:15:07.471 [main] INFO  o.d.m.s.SequenceVectors - Building learning algorithms:
21:15:07.471 [main] INFO  o.d.m.s.SequenceVectors -           building SequenceLearningAlgorithm: [PV-DBOW]
21:15:07.472 [main] INFO  o.d.m.s.SequenceVectors -           building ElementsLearningAlgorithm: [SkipGram]
21:15:10.171 [main] INFO  o.d.m.s.SequenceVectors - Building learning algorithms:
21:15:10.172 [main] INFO  o.d.m.s.SequenceVectors -           building SequenceLearningAlgorithm: [PV-DBOW]
21:15:10.173 [main] INFO  o.d.m.s.SequenceVectors -           building ElementsLearningAlgorithm: [SkipGram]
21:15:12.829 [main] INFO  o.d.m.s.SequenceVectors - Building learning algorithms:
21:15:12.829 [main] INFO  o.d.m.s.SequenceVectors -           building SequenceLearningAlgorithm: [PV-DBOW]
21:15:12.830 [main] INFO  o.d.m.s.SequenceVectors -           building ElementsLearningAlgorithm: [SkipGram]
21:15:15.287 [main] INFO  o.d.m.s.SequenceVectors - Building learning algorithms:
21:15:15.287 [main] INFO  o.d.m.s.SequenceVectors -           building SequenceLearningAlgorithm: [PV-DBOW]
21:15:15.288 [main] INFO  o.d.m.s.SequenceVectors -           building ElementsLearningAlgorithm: [SkipGram]
21:15:17.873 [main] INFO  o.d.m.s.SequenceVectors - Building learning algorithms:
21:15:17.873 [main] INFO  o.d.m.s.SequenceVectors -           building SequenceLearningAlgorithm: [PV-DBOW]
21:15:17.874 [main] INFO  o.d.m.s.SequenceVectors -           building ElementsLearningAlgorithm: [SkipGram]
21:15:20.128 [main] INFO  o.d.m.s.SequenceVectors - Building learning algorithms:
21:15:20.128 [main] INFO  o.d.m.s.SequenceVectors -           building SequenceLearningAlgorithm: [PV-DBOW]
21:15:20.129 [main] INFO  o.d.m.s.SequenceVectors -           building ElementsLearningAlgorithm: [SkipGram]
21:15:22.586 [main] INFO  o.d.m.s.SequenceVectors - Building learning algorithms:
21:15:22.587 [main] INFO  o.d.m.s.SequenceVectors -           building SequenceLearningAlgorithm: [PV-DBOW]
21:15:22.589 [main] INFO  o.d.m.s.SequenceVectors -           building ElementsLearningAlgorithm: [SkipGram]
21:15:25.187 [main] INFO  o.d.m.s.SequenceVectors - Building learning algorithms:
21:15:25.188 [main] INFO  o.d.m.s.SequenceVectors -           building SequenceLearningAlgorithm: [PV-DBOW]
21:15:25.189 [main] INFO  o.d.m.s.SequenceVectors -           building ElementsLearningAlgorithm: [SkipGram]
21:15:27.502 [main] INFO  o.d.m.s.SequenceVectors - Building learning algorithms:
21:15:27.502 [main] INFO  o.d.m.s.SequenceVectors -           building SequenceLearningAlgorithm: [PV-DBOW]
21:15:27.504 [main] INFO  o.d.m.s.SequenceVectors -           building ElementsLearningAlgorithm: [SkipGram]
21:15:29.902 [main] INFO  o.d.m.s.SequenceVectors - Building learning algorithms:
21:15:29.903 [main] INFO  o.d.m.s.SequenceVectors -           building SequenceLearningAlgorithm: [PV-DBOW]
21:15:29.904 [main] INFO  o.d.m.s.SequenceVectors -           building ElementsLearningAlgorithm: [SkipGram]
21:15:32.505 [main] INFO  o.d.m.s.SequenceVectors - Building learning algorithms:
21:15:32.506 [main] INFO  o.d.m.s.SequenceVectors -           building SequenceLearningAlgorithm: [PV-DBOW]
21:15:32.507 [main] INFO  o.d.m.s.SequenceVectors -           building ElementsLearningAlgorithm: [SkipGram]
21:15:35.198 [main] INFO  o.d.m.s.SequenceVectors - Building learning algorithms:
21:15:35.199 [main] INFO  o.d.m.s.SequenceVectors -           building SequenceLearningAlgorithm: [PV-DBOW]
21:15:35.200 [main] INFO  o.d.m.s.SequenceVectors -           building ElementsLearningAlgorithm: [SkipGram]
21:15:37.183 [main] INFO  o.d.m.s.SequenceVectors - Building learning algorithms:
21:15:37.184 [main] INFO  o.d.m.s.SequenceVectors -           building SequenceLearningAlgorithm: [PV-DBOW]
21:15:37.185 [main] INFO  o.d.m.s.SequenceVectors -           building ElementsLearningAlgorithm: [SkipGram]
21:15:39.137 [main] INFO  o.d.m.s.SequenceVectors - Building learning algorithms:
21:15:39.137 [main] INFO  o.d.m.s.SequenceVectors -           building SequenceLearningAlgorithm: [PV-DBOW]
21:15:39.138 [main] INFO  o.d.m.s.SequenceVectors -           building ElementsLearningAlgorithm: [SkipGram]
21:15:41.096 [main] INFO  o.d.m.s.SequenceVectors - Building learning algorithms:
21:15:41.096 [main] INFO  o.d.m.s.SequenceVectors -           building SequenceLearningAlgorithm: [PV-DBOW]
21:15:41.097 [main] INFO  o.d.m.s.SequenceVectors -           building ElementsLearningAlgorithm: [SkipGram]
21:15:43.443 [main] INFO  o.d.m.s.SequenceVectors - Building learning algorithms:
21:15:43.444 [main] INFO  o.d.m.s.SequenceVectors -           building SequenceLearningAlgorithm: [PV-DBOW]
21:15:43.445 [main] INFO  o.d.m.s.SequenceVectors -           building ElementsLearningAlgorithm: [SkipGram]
21:15:46.076 [main] INFO  o.d.m.s.SequenceVectors - Building learning algorithms:
21:15:46.077 [main] INFO  o.d.m.s.SequenceVectors -           building SequenceLearningAlgorithm: [PV-DBOW]
21:15:46.078 [main] INFO  o.d.m.s.SequenceVectors -           building ElementsLearningAlgorithm: [SkipGram]
21:15:48.905 [main] INFO  o.d.m.s.SequenceVectors - Building learning algorithms:
21:15:48.905 [main] INFO  o.d.m.s.SequenceVectors -           building SequenceLearningAlgorithm: [PV-DBOW]
21:15:48.907 [main] INFO  o.d.m.s.SequenceVectors -           building ElementsLearningAlgorithm: [SkipGram]
21:15:51.524 [main] INFO  o.d.m.s.SequenceVectors - Building learning algorithms:
21:15:51.524 [main] INFO  o.d.m.s.SequenceVectors -           building SequenceLearningAlgorithm: [PV-DBOW]
21:15:51.526 [main] INFO  o.d.m.s.SequenceVectors -           building ElementsLearningAlgorithm: [SkipGram]
21:15:54.127 [main] INFO  o.d.m.s.SequenceVectors - Building learning algorithms:
21:15:54.127 [main] INFO  o.d.m.s.SequenceVectors -           building SequenceLearningAlgorithm: [PV-DBOW]
21:15:54.129 [main] INFO  o.d.m.s.SequenceVectors -           building ElementsLearningAlgorithm: [SkipGram]
21:15:56.768 [main] INFO  o.d.m.s.SequenceVectors - Building learning algorithms:
21:15:56.768 [main] INFO  o.d.m.s.SequenceVectors -           building SequenceLearningAlgorithm: [PV-DBOW]
21:15:56.769 [main] INFO  o.d.m.s.SequenceVectors -           building ElementsLearningAlgorithm: [SkipGram]
21:15:59.391 [main] INFO  o.d.m.s.SequenceVectors - Building learning algorithms:
21:15:59.392 [main] INFO  o.d.m.s.SequenceVectors -           building SequenceLearningAlgorithm: [PV-DBOW]
21:15:59.393 [main] INFO  o.d.m.s.SequenceVectors -           building ElementsLearningAlgorithm: [SkipGram]
21:16:01.358 [main] INFO  o.d.m.s.SequenceVectors - Building learning algorithms:
21:16:01.358 [main] INFO  o.d.m.s.SequenceVectors -           building SequenceLearningAlgorithm: [PV-DBOW]
21:16:01.359 [main] INFO  o.d.m.s.SequenceVectors -           building ElementsLearningAlgorithm: [SkipGram]
21:16:03.508 [main] INFO  o.d.m.s.SequenceVectors - Building learning algorithms:
21:16:03.508 [main] INFO  o.d.m.s.SequenceVectors -           building SequenceLearningAlgorithm: [PV-DBOW]
21:16:03.509 [main] INFO  o.d.m.s.SequenceVectors -           building ElementsLearningAlgorithm: [SkipGram]
21:16:05.531 [main] INFO  o.d.m.s.SequenceVectors - Building learning algorithms:
21:16:05.531 [main] INFO  o.d.m.s.SequenceVectors -           building SequenceLearningAlgorithm: [PV-DBOW]
21:16:05.532 [main] INFO  o.d.m.s.SequenceVectors -           building ElementsLearningAlgorithm: [SkipGram]
21:16:08.242 [main] INFO  o.d.m.s.SequenceVectors - Building learning algorithms:
21:16:08.246 [main] INFO  o.d.m.s.SequenceVectors -           building SequenceLearningAlgorithm: [PV-DBOW]
21:16:08.248 [main] INFO  o.d.m.s.SequenceVectors -           building ElementsLearningAlgorithm: [SkipGram]
21:16:10.931 [main] INFO  o.d.m.s.SequenceVectors - Building learning algorithms:
21:16:10.932 [main] INFO  o.d.m.s.SequenceVectors -           building SequenceLearningAlgorithm: [PV-DBOW]
21:16:10.933 [main] INFO  o.d.m.s.SequenceVectors -           building ElementsLearningAlgorithm: [SkipGram]
21:16:13.427 [main] INFO  o.d.m.s.SequenceVectors - Building learning algorithms:
21:16:13.428 [main] INFO  o.d.m.s.SequenceVectors -           building SequenceLearningAlgorithm: [PV-DBOW]
21:16:13.429 [main] INFO  o.d.m.s.SequenceVectors -           building ElementsLearningAlgorithm: [SkipGram]
21:16:16.049 [main] INFO  o.d.m.s.SequenceVectors - Building learning algorithms:
21:16:16.049 [main] INFO  o.d.m.s.SequenceVectors -           building SequenceLearningAlgorithm: [PV-DBOW]
21:16:16.050 [main] INFO  o.d.m.s.SequenceVectors -           building ElementsLearningAlgorithm: [SkipGram]
21:16:18.784 [main] INFO  o.d.m.s.SequenceVectors - Building learning algorithms:
21:16:18.784 [main] INFO  o.d.m.s.SequenceVectors -           building SequenceLearningAlgorithm: [PV-DBOW]
21:16:18.786 [main] INFO  o.d.m.s.SequenceVectors -           building ElementsLearningAlgorithm: [SkipGram]
21:16:21.444 [main] INFO  o.d.m.s.SequenceVectors - Building learning algorithms:
21:16:21.445 [main] INFO  o.d.m.s.SequenceVectors -           building SequenceLearningAlgorithm: [PV-DBOW]
21:16:21.446 [main] INFO  o.d.m.s.SequenceVectors -           building ElementsLearningAlgorithm: [SkipGram]
21:16:23.991 [main] INFO  o.d.m.s.SequenceVectors - Building learning algorithms:
21:16:23.992 [main] INFO  o.d.m.s.SequenceVectors -           building SequenceLearningAlgorithm: [PV-DBOW]
21:16:23.994 [main] INFO  o.d.m.s.SequenceVectors -           building ElementsLearningAlgorithm: [SkipGram]
21:16:26.253 [main] INFO  o.d.m.s.SequenceVectors - Building learning algorithms:
21:16:26.253 [main] INFO  o.d.m.s.SequenceVectors -           building SequenceLearningAlgorithm: [PV-DBOW]
21:16:26.254 [main] INFO  o.d.m.s.SequenceVectors -           building ElementsLearningAlgorithm: [SkipGram]
21:16:28.630 [main] INFO  o.d.m.s.SequenceVectors - Building learning algorithms:
21:16:28.630 [main] INFO  o.d.m.s.SequenceVectors -           building SequenceLearningAlgorithm: [PV-DBOW]
21:16:28.632 [main] INFO  o.d.m.s.SequenceVectors -           building ElementsLearningAlgorithm: [SkipGram]
21:16:30.847 [main] INFO  o.d.m.s.SequenceVectors - Building learning algorithms:
21:16:30.848 [main] INFO  o.d.m.s.SequenceVectors -           building SequenceLearningAlgorithm: [PV-DBOW]
21:16:30.849 [main] INFO  o.d.m.s.SequenceVectors -           building ElementsLearningAlgorithm: [SkipGram]
21:16:33.031 [main] INFO  o.d.m.s.SequenceVectors - Building learning algorithms:
21:16:33.032 [main] INFO  o.d.m.s.SequenceVectors -           building SequenceLearningAlgorithm: [PV-DBOW]
21:16:33.033 [main] INFO  o.d.m.s.SequenceVectors -           building ElementsLearningAlgorithm: [SkipGram]
21:16:35.218 [main] INFO  o.d.m.s.SequenceVectors - Building learning algorithms:
21:16:35.218 [main] INFO  o.d.m.s.SequenceVectors -           building SequenceLearningAlgorithm: [PV-DBOW]
21:16:35.219 [main] INFO  o.d.m.s.SequenceVectors -           building ElementsLearningAlgorithm: [SkipGram]
21:16:37.243 [main] INFO  o.d.m.s.SequenceVectors - Building learning algorithms:
21:16:37.243 [main] INFO  o.d.m.s.SequenceVectors -           building SequenceLearningAlgorithm: [PV-DBOW]
21:16:37.245 [main] INFO  o.d.m.s.SequenceVectors -           building ElementsLearningAlgorithm: [SkipGram]
21:16:39.443 [main] INFO  o.d.m.s.SequenceVectors - Building learning algorithms:
21:16:39.443 [main] INFO  o.d.m.s.SequenceVectors -           building SequenceLearningAlgorithm: [PV-DBOW]
21:16:39.444 [main] INFO  o.d.m.s.SequenceVectors -           building ElementsLearningAlgorithm: [SkipGram]
21:16:41.699 [main] INFO  o.d.m.s.SequenceVectors - Building learning algorithms:
21:16:41.699 [main] INFO  o.d.m.s.SequenceVectors -           building SequenceLearningAlgorithm: [PV-DBOW]
21:16:41.701 [main] INFO  o.d.m.s.SequenceVectors -           building ElementsLearningAlgorithm: [SkipGram]
21:16:43.802 [main] INFO  o.d.m.s.SequenceVectors - Building learning algorithms:
21:16:43.802 [main] INFO  o.d.m.s.SequenceVectors -           building SequenceLearningAlgorithm: [PV-DBOW]
21:16:43.803 [main] INFO  o.d.m.s.SequenceVectors -           building ElementsLearningAlgorithm: [SkipGram]
21:16:45.999 [main] INFO  o.d.m.s.SequenceVectors - Building learning algorithms:
21:16:46.000 [main] INFO  o.d.m.s.SequenceVectors -           building SequenceLearningAlgorithm: [PV-DBOW]
21:16:46.001 [main] INFO  o.d.m.s.SequenceVectors -           building ElementsLearningAlgorithm: [SkipGram]
21:16:48.486 [main] INFO  o.d.m.s.SequenceVectors - Building learning algorithms:
21:16:48.486 [main] INFO  o.d.m.s.SequenceVectors -           building SequenceLearningAlgorithm: [PV-DBOW]
21:16:48.488 [main] INFO  o.d.m.s.SequenceVectors -           building ElementsLearningAlgorithm: [SkipGram]
21:16:51.047 [main] INFO  o.d.m.s.SequenceVectors - Building learning algorithms:
21:16:51.048 [main] INFO  o.d.m.s.SequenceVectors -           building SequenceLearningAlgorithm: [PV-DBOW]
21:16:51.049 [main] INFO  o.d.m.s.SequenceVectors -           building ElementsLearningAlgorithm: [SkipGram]
21:16:53.191 [main] INFO  o.d.m.s.SequenceVectors - Building learning algorithms:
21:16:53.191 [main] INFO  o.d.m.s.SequenceVectors -           building SequenceLearningAlgorithm: [PV-DBOW]
21:16:53.192 [main] INFO  o.d.m.s.SequenceVectors -           building ElementsLearningAlgorithm: [SkipGram]
21:16:55.698 [main] INFO  o.d.m.s.SequenceVectors - Building learning algorithms:
21:16:55.699 [main] INFO  o.d.m.s.SequenceVectors -           building SequenceLearningAlgorithm: [PV-DBOW]
21:16:55.700 [main] INFO  o.d.m.s.SequenceVectors -           building ElementsLearningAlgorithm: [SkipGram]
21:16:58.427 [main] INFO  o.d.m.s.SequenceVectors - Building learning algorithms:
21:16:58.427 [main] INFO  o.d.m.s.SequenceVectors -           building SequenceLearningAlgorithm: [PV-DBOW]
21:16:58.429 [main] INFO  o.d.m.s.SequenceVectors -           building ElementsLearningAlgorithm: [SkipGram]
21:17:01.065 [main] INFO  o.d.m.s.SequenceVectors - Building learning algorithms:
21:17:01.066 [main] INFO  o.d.m.s.SequenceVectors -           building SequenceLearningAlgorithm: [PV-DBOW]
21:17:01.067 [main] INFO  o.d.m.s.SequenceVectors -           building ElementsLearningAlgorithm: [SkipGram]
21:17:03.804 [main] INFO  o.d.m.s.SequenceVectors - Building learning algorithms:
21:17:03.805 [main] INFO  o.d.m.s.SequenceVectors -           building SequenceLearningAlgorithm: [PV-DBOW]
21:17:03.806 [main] INFO  o.d.m.s.SequenceVectors -           building ElementsLearningAlgorithm: [SkipGram]
21:17:06.415 [main] INFO  o.d.m.s.SequenceVectors - Building learning algorithms:
21:17:06.416 [main] INFO  o.d.m.s.SequenceVectors -           building SequenceLearningAlgorithm: [PV-DBOW]
21:17:06.417 [main] INFO  o.d.m.s.SequenceVectors -           building ElementsLearningAlgorithm: [SkipGram]
21:17:08.582 [main] INFO  o.d.m.s.SequenceVectors - Building learning algorithms:
21:17:08.582 [main] INFO  o.d.m.s.SequenceVectors -           building SequenceLearningAlgorithm: [PV-DBOW]
21:17:08.583 [main] INFO  o.d.m.s.SequenceVectors -           building ElementsLearningAlgorithm: [SkipGram]
21:17:11.106 [main] INFO  o.d.m.s.SequenceVectors - Building learning algorithms:
21:17:11.106 [main] INFO  o.d.m.s.SequenceVectors -           building SequenceLearningAlgorithm: [PV-DBOW]
21:17:11.108 [main] INFO  o.d.m.s.SequenceVectors -           building ElementsLearningAlgorithm: [SkipGram]
21:17:13.356 [main] INFO  o.d.m.s.SequenceVectors - Building learning algorithms:
21:17:13.357 [main] INFO  o.d.m.s.SequenceVectors -           building SequenceLearningAlgorithm: [PV-DBOW]
21:17:13.357 [main] INFO  o.d.m.s.SequenceVectors -           building ElementsLearningAlgorithm: [SkipGram]
21:17:15.958 [main] INFO  o.d.m.s.SequenceVectors - Building learning algorithms:
21:17:15.959 [main] INFO  o.d.m.s.SequenceVectors -           building SequenceLearningAlgorithm: [PV-DBOW]
21:17:15.961 [main] INFO  o.d.m.s.SequenceVectors -           building ElementsLearningAlgorithm: [SkipGram]
21:17:18.472 [main] INFO  o.d.m.s.SequenceVectors - Building learning algorithms:
21:17:18.472 [main] INFO  o.d.m.s.SequenceVectors -           building SequenceLearningAlgorithm: [PV-DBOW]
21:17:18.473 [main] INFO  o.d.m.s.SequenceVectors -           building ElementsLearningAlgorithm: [SkipGram]
21:17:20.927 [main] INFO  o.d.m.s.SequenceVectors - Building learning algorithms:
21:17:20.928 [main] INFO  o.d.m.s.SequenceVectors -           building SequenceLearningAlgorithm: [PV-DBOW]
21:17:20.929 [main] INFO  o.d.m.s.SequenceVectors -           building ElementsLearningAlgorithm: [SkipGram]
21:17:23.601 [main] INFO  o.d.m.s.SequenceVectors - Building learning algorithms:
21:17:23.603 [main] INFO  o.d.m.s.SequenceVectors -           building SequenceLearningAlgorithm: [PV-DBOW]
21:17:23.605 [main] INFO  o.d.m.s.SequenceVectors -           building ElementsLearningAlgorithm: [SkipGram]
21:17:26.299 [main] INFO  o.d.m.s.SequenceVectors - Building learning algorithms:
21:17:26.300 [main] INFO  o.d.m.s.SequenceVectors -           building SequenceLearningAlgorithm: [PV-DBOW]
21:17:26.301 [main] INFO  o.d.m.s.SequenceVectors -           building ElementsLearningAlgorithm: [SkipGram]
21:17:28.964 [main] INFO  o.d.m.s.SequenceVectors - Building learning algorithms:
21:17:28.965 [main] INFO  o.d.m.s.SequenceVectors -           building SequenceLearningAlgorithm: [PV-DBOW]
21:17:28.967 [main] INFO  o.d.m.s.SequenceVectors -           building ElementsLearningAlgorithm: [SkipGram]
21:17:31.616 [main] INFO  o.d.m.s.SequenceVectors - Building learning algorithms:
21:17:31.616 [main] INFO  o.d.m.s.SequenceVectors -           building SequenceLearningAlgorithm: [PV-DBOW]
21:17:31.617 [main] INFO  o.d.m.s.SequenceVectors -           building ElementsLearningAlgorithm: [SkipGram]
21:17:34.377 [main] INFO  o.d.m.s.SequenceVectors - Building learning algorithms:
21:17:34.378 [main] INFO  o.d.m.s.SequenceVectors -           building SequenceLearningAlgorithm: [PV-DBOW]
21:17:34.379 [main] INFO  o.d.m.s.SequenceVectors -           building ElementsLearningAlgorithm: [SkipGram]
21:17:37.256 [main] INFO  o.d.m.s.SequenceVectors - Building learning algorithms:
21:17:37.256 [main] INFO  o.d.m.s.SequenceVectors -           building SequenceLearningAlgorithm: [PV-DBOW]
21:17:37.257 [main] INFO  o.d.m.s.SequenceVectors -           building ElementsLearningAlgorithm: [SkipGram]
21:17:39.797 [main] INFO  o.d.m.s.SequenceVectors - Building learning algorithms:
21:17:39.798 [main] INFO  o.d.m.s.SequenceVectors -           building SequenceLearningAlgorithm: [PV-DBOW]
21:17:39.800 [main] INFO  o.d.m.s.SequenceVectors -           building ElementsLearningAlgorithm: [SkipGram]
21:17:42.431 [main] INFO  o.d.m.s.SequenceVectors - Building learning algorithms:
21:17:42.432 [main] INFO  o.d.m.s.SequenceVectors -           building SequenceLearningAlgorithm: [PV-DBOW]
21:17:42.433 [main] INFO  o.d.m.s.SequenceVectors -           building ElementsLearningAlgorithm: [SkipGram]
21:17:44.686 [main] INFO  o.d.m.s.SequenceVectors - Building learning algorithms:
21:17:44.686 [main] INFO  o.d.m.s.SequenceVectors -           building SequenceLearningAlgorithm: [PV-DBOW]
21:17:44.687 [main] INFO  o.d.m.s.SequenceVectors -           building ElementsLearningAlgorithm: [SkipGram]
21:17:46.626 [main] INFO  o.d.m.s.SequenceVectors - Building learning algorithms:
21:17:46.626 [main] INFO  o.d.m.s.SequenceVectors -           building SequenceLearningAlgorithm: [PV-DBOW]
21:17:46.627 [main] INFO  o.d.m.s.SequenceVectors -           building ElementsLearningAlgorithm: [SkipGram]
21:17:48.637 [main] INFO  o.d.m.s.SequenceVectors - Building learning algorithms:
21:17:48.637 [main] INFO  o.d.m.s.SequenceVectors -           building SequenceLearningAlgorithm: [PV-DBOW]
21:17:48.638 [main] INFO  o.d.m.s.SequenceVectors -           building ElementsLearningAlgorithm: [SkipGram]
21:17:51.139 [main] INFO  o.d.m.s.SequenceVectors - Building learning algorithms:
21:17:51.139 [main] INFO  o.d.m.s.SequenceVectors -           building SequenceLearningAlgorithm: [PV-DBOW]
21:17:51.140 [main] INFO  o.d.m.s.SequenceVectors -           building ElementsLearningAlgorithm: [SkipGram]
21:17:53.699 [main] INFO  o.d.m.s.SequenceVectors - Building learning algorithms:
21:17:53.700 [main] INFO  o.d.m.s.SequenceVectors -           building SequenceLearningAlgorithm: [PV-DBOW]
21:17:53.701 [main] INFO  o.d.m.s.SequenceVectors -           building ElementsLearningAlgorithm: [SkipGram]
21:18:03.843 [main] INFO  o.d.m.s.SequenceVectors - Building learning algorithms:
21:18:03.844 [main] INFO  o.d.m.s.SequenceVectors -           building SequenceLearningAlgorithm: [PV-DBOW]
21:18:03.845 [main] INFO  o.d.m.s.SequenceVectors -           building ElementsLearningAlgorithm: [SkipGram]
[ERROR] fr.inria.astor.core.solutionsearch.EvolutionarySearchEngine.startEvolution(EvolutionarySearchEngine.java:84) - Error at generation 1
org.nd4j.linalg.exception.ND4JIllegalStateException: Text passed for inference has no matches in model vocabulary.
org.nd4j.linalg.exception.ND4JIllegalStateException: Text passed for inference has no matches in model vocabulary.
	at org.deeplearning4j.models.paragraphvectors.ParagraphVectors.inferVector(ParagraphVectors.java:212)
	at org.deeplearning4j.models.paragraphvectors.ParagraphVectors.inferVector(ParagraphVectors.java:293)
	at fr.inria.astor.approaches.purpose_simularity.PurposeBasedSearchStrategy$1.compare(PurposeBasedSearchStrategy.java:114)
	at fr.inria.astor.approaches.purpose_simularity.PurposeBasedSearchStrategy$1.compare(PurposeBasedSearchStrategy.java:68)
	at java.util.TimSort.countRunAndMakeAscending(TimSort.java:355)
	at java.util.TimSort.sort(TimSort.java:234)
	at java.util.Arrays.sort(Arrays.java:1512)
	at java.util.ArrayList.sort(ArrayList.java:1454)
	at java.util.Collections.sort(Collections.java:175)
	at fr.inria.astor.approaches.purpose_simularity.PurposeBasedSearchStrategy.getFixIngredient(PurposeBasedSearchStrategy.java:68)
	at fr.inria.astor.core.ingredientbased.IngredientBasedEvolutionaryRepairApproachImpl.createOperatorInstanceForPoint(IngredientBasedEvolutionaryRepairApproachImpl.java:95)
	at fr.inria.astor.core.solutionsearch.EvolutionarySearchEngine.modifyProgramVariant(EvolutionarySearchEngine.java:264)
	at fr.inria.astor.core.solutionsearch.EvolutionarySearchEngine.createNewProgramVariant(EvolutionarySearchEngine.java:198)
	at fr.inria.astor.core.solutionsearch.EvolutionarySearchEngine.processGenerations(EvolutionarySearchEngine.java:146)
	at fr.inria.astor.core.solutionsearch.EvolutionarySearchEngine.startEvolution(EvolutionarySearchEngine.java:68)
	at fr.inria.main.evolution.AstorMain.run(AstorMain.java:203)
	at fr.inria.main.evolution.AstorMain.execute(AstorMain.java:247)
	at fr.inria.main.evolution.AstorMain.main(AstorMain.java:218)
[INFO ] fr.inria.astor.core.solutionsearch.AstorCoreEngine.atEnd(AstorCoreEngine.java:170) - Time Repair Loop (s): 573.516
[INFO ] fr.inria.astor.core.solutionsearch.AstorCoreEngine.atEnd(AstorCoreEngine.java:172) - generationsexecuted: 1
[INFO ] fr.inria.astor.core.solutionsearch.AstorCoreEngine.printFinalStatus(AstorCoreEngine.java:247) - 
----SUMMARY_EXECUTION---
[INFO ] fr.inria.astor.core.solutionsearch.AstorCoreEngine.printFinalStatus(AstorCoreEngine.java:257) - End Repair Search: NOT Found solution
[INFO ] fr.inria.main.evolution.AstorMain.run(AstorMain.java:208) - Time Total(s): 1388.413


Node: 53f0c65fec17



Date: Sun Dec  1 21:18:04 EST 2019

cd /script/jGenProg_Defects4J_Math_47;
export JAVA_TOOL_OPTIONS="-Dfile.encoding=UTF8 -Duser.language=en-US -Duser.country=US -Duser.language=en";
TZ="America/New_York"; export TZ;
export PATH="/usr/lib/jvm/java-1.8.0-openjdk-amd64/bin/:$PATH";
export JAVA_HOME="/usr/lib/jvm/java-1.8.0-openjdk-amd64/bin/";
java -Xmx4048m -cp /script/libs/jtestex7.jar:/astor/target/astor-0.0.2-SNAPSHOT-jar-with-dependencies.jar fr.inria.main.evolution.AstorMain \
	-mode jgenprog \
	-location . \
	-id Math-47 \
	-failing org.apache.commons.math.complex.ComplexTest \
	-jvm4testexecution /usr/lib/jvm/java-1.7.0-openjdk-amd64/bin/ \
	-jvm4evosuitetestexecution /usr/lib/jvm/java-1.7.0-openjdk-amd64/bin/ \
	-maxgen 1000000 \
	-maxtime 120 \
	-stopfirst true \
	-seed 0 \
	-scope package \
	-population 1 \
	-javacompliancelevel 5 \
	-srcjavafolder src/main/java/ \
	-srctestfolder src/test/java/ \
	-binjavafolder target/classes/ \
	-bintestfolder target/test-classes/ \
	-parameters mode:purpose \
	-dependencies /script/jGenProg_Defects4J_Math_47/target/classes/:/script/jGenProg_Defects4J_Math_47/target/test-classes/:/defects4j/framework/projects/lib/junit-4.11.jar;
	echo "\n\nNode: `hostname`\n";
	echo "\n\nDate: `date`\n";

