Determine revision date.................................................... OK
Picked up JAVA_TOOL_OPTIONS: -Dfile.encoding=UTF8 -Duser.language=en-US -Duser.country=US -Duser.language=en
[INFO] 03:28:35,598 fr.inria.astor.core.setup.ProjectConfiguration:282 - Version of the JVM used: 1.7.0_181
[INFO] 03:28:35,603 main:381 - Java version of the JDK used to run tests: 1.7.0_181
[INFO] 03:28:35,603 main:382 - The compliance of the JVM is:  7
[INFO] 03:28:35,606 main:660 - command line arguments: [-mode  jgenprog  -location  .  -id  Math-16  -failing  org.apache.commons.math3.util.FastMathTest  -jvm4testexecution  /usr/lib/jvm/java-1.7.0-openjdk-amd64/bin/  -jvm4evosuitetestexecution  /usr/lib/jvm/java-1.7.0-openjdk-amd64/bin/  -maxgen  1000000  -maxtime  120  -stopfirst  true  -seed  0  -scope  package  -population  1  -javacompliancelevel  5  -srcjavafolder  src/main/java/  -srctestfolder  src/test/java/  -binjavafolder  target/classes/  -bintestfolder  target/test-classes/  -parameters  mode:leven  -dependencies  /script/jGenProg_Defects4J_Math_16/target/classes/:/script/jGenProg_Defects4J_Math_16/target/test-classes/:/defects4j/framework/projects/lib/junit-4.11.jar]
[INFO] 03:28:35,610 fr.inria.main.evolution.AstorMain:224 - Running Astor on a JDK at /usr/lib/jvm/java-8-openjdk-amd64/jre
[INFO ] fr.inria.main.AbstractMain.determineSourceFolders(AbstractMain.java:975) - Source folders: [/script/jGenProg_Defects4J_Math_16/./src/main/java]
[INFO ] fr.inria.main.AbstractMain.determineSourceFolders(AbstractMain.java:994) - Source Test folders: [/script/jGenProg_Defects4J_Math_16/./src/test/java]
[INFO ] fr.inria.main.evolution.AstorMain.createEngine(AstorMain.java:104) - mode is Leven
[INFO ] fr.inria.astor.core.solutionsearch.AstorCoreEngine.resolveTestsToRun(AstorCoreEngine.java:1311) - Test retrieved from classes: 696
[INFO ] fr.inria.astor.core.faultlocalization.gzoltar.GZoltarFaultLocalization.calculateSuspicious(GZoltarFaultLocalization.java:74) - -Executing Gzoltar classpath: /script/jGenProg_Defects4J_Math_16/./output_astor/AstorMain-Math-16//bin//default from 696 classes with test cases
[INFO ] fr.inria.astor.core.faultlocalization.gzoltar.GZoltarFaultLocalization.searchSuspicious(GZoltarFaultLocalization.java:154) - Gzoltar fault localization: min susp value parameter: 0.1
[INFO ] fr.inria.astor.core.faultlocalization.gzoltar.GZoltarFaultLocalization.searchSuspicious(GZoltarFaultLocalization.java:174) - -gz-Adding classpath: [/script/jGenProg_Defects4J_Math_16/./output_astor/AstorMain-Math-16//bin//default, /script/jGenProg_Defects4J_Math_16/target/classes/, /script/jGenProg_Defects4J_Math_16/target/test-classes/, /defects4j/framework/projects/lib/junit-4.11.jar]
[INFO ] fr.inria.astor.core.faultlocalization.gzoltar.GZoltarFaultLocalization.searchSuspicious(GZoltarFaultLocalization.java:214) - Test failt: org.apache.commons.math3.analysis.interpolation.BicubicSplineInterpolatingFunctionTest#testPlane
[INFO ] fr.inria.astor.core.faultlocalization.gzoltar.GZoltarFaultLocalization.searchSuspicious(GZoltarFaultLocalization.java:214) - Test failt: org.apache.commons.math3.analysis.interpolation.BicubicSplineInterpolatingFunctionTest#testParaboloid
[INFO ] fr.inria.astor.core.faultlocalization.gzoltar.GZoltarFaultLocalization.searchSuspicious(GZoltarFaultLocalization.java:214) - Test failt: org.apache.commons.math3.analysis.interpolation.BicubicSplineInterpolatingFunctionTest#testSplinePartialDerivatives
[INFO ] fr.inria.astor.core.faultlocalization.gzoltar.GZoltarFaultLocalization.searchSuspicious(GZoltarFaultLocalization.java:214) - Test failt: org.apache.commons.math3.analysis.interpolation.BicubicSplineInterpolatingFunctionTest#testMatchingPartialDerivatives
[INFO ] fr.inria.astor.core.faultlocalization.gzoltar.GZoltarFaultLocalization.searchSuspicious(GZoltarFaultLocalization.java:214) - Test failt: org.apache.commons.math3.special.GammaTest#testLogGammaSumPrecondition1
[INFO ] fr.inria.astor.core.faultlocalization.gzoltar.GZoltarFaultLocalization.searchSuspicious(GZoltarFaultLocalization.java:214) - Test failt: org.apache.commons.math3.special.GammaTest#testLogGammaSumPrecondition2
[INFO ] fr.inria.astor.core.faultlocalization.gzoltar.GZoltarFaultLocalization.searchSuspicious(GZoltarFaultLocalization.java:214) - Test failt: org.apache.commons.math3.special.GammaTest#testLogGammaSumPrecondition3
[INFO ] fr.inria.astor.core.faultlocalization.gzoltar.GZoltarFaultLocalization.searchSuspicious(GZoltarFaultLocalization.java:214) - Test failt: org.apache.commons.math3.special.GammaTest#testLogGammaSumPrecondition4
[INFO ] fr.inria.astor.core.faultlocalization.gzoltar.GZoltarFaultLocalization.searchSuspicious(GZoltarFaultLocalization.java:214) - Test failt: org.apache.commons.math3.special.GammaTest#testLogGammaSum
[INFO ] fr.inria.astor.core.faultlocalization.gzoltar.GZoltarFaultLocalization.searchSuspicious(GZoltarFaultLocalization.java:214) - Test failt: org.apache.commons.math3.special.GammaTest#testLogGammaMinusLogGammaSumPrecondition1
[INFO ] fr.inria.astor.core.faultlocalization.gzoltar.GZoltarFaultLocalization.searchSuspicious(GZoltarFaultLocalization.java:214) - Test failt: org.apache.commons.math3.special.GammaTest#testLogGammaMinusLogGammaSumPrecondition2
[INFO ] fr.inria.astor.core.faultlocalization.gzoltar.GZoltarFaultLocalization.searchSuspicious(GZoltarFaultLocalization.java:214) - Test failt: org.apache.commons.math3.special.GammaTest#testLogGammaMinusLogGammaSum
[INFO ] fr.inria.astor.core.faultlocalization.gzoltar.GZoltarFaultLocalization.searchSuspicious(GZoltarFaultLocalization.java:214) - Test failt: org.apache.commons.math3.random.MersenneTwisterTest#testNextLongNegativeRange
[INFO ] fr.inria.astor.core.faultlocalization.gzoltar.GZoltarFaultLocalization.searchSuspicious(GZoltarFaultLocalization.java:214) - Test failt: org.apache.commons.math3.random.MersenneTwisterTest#testNextLongPositiveRange
[INFO ] fr.inria.astor.core.faultlocalization.gzoltar.GZoltarFaultLocalization.searchSuspicious(GZoltarFaultLocalization.java:214) - Test failt: org.apache.commons.math3.analysis.differentiation.FiniteDifferencesDifferentiatorTest#testVectorFunction
[INFO ] fr.inria.astor.core.faultlocalization.gzoltar.GZoltarFaultLocalization.searchSuspicious(GZoltarFaultLocalization.java:214) - Test failt: org.apache.commons.math3.analysis.differentiation.FiniteDifferencesDifferentiatorTest#testGaussian
[INFO ] fr.inria.astor.core.faultlocalization.gzoltar.GZoltarFaultLocalization.searchSuspicious(GZoltarFaultLocalization.java:214) - Test failt: org.apache.commons.math3.analysis.differentiation.FiniteDifferencesDifferentiatorTest#testStepSizeUnstability
[INFO ] fr.inria.astor.core.faultlocalization.gzoltar.GZoltarFaultLocalization.searchSuspicious(GZoltarFaultLocalization.java:214) - Test failt: org.apache.commons.math3.analysis.differentiation.FiniteDifferencesDifferentiatorTest#testSeveralFreeParameters
[INFO ] fr.inria.astor.core.faultlocalization.gzoltar.GZoltarFaultLocalization.searchSuspicious(GZoltarFaultLocalization.java:214) - Test failt: org.apache.commons.math3.analysis.differentiation.FiniteDifferencesDifferentiatorTest#testMatrixFunction
[INFO ] fr.inria.astor.core.faultlocalization.gzoltar.GZoltarFaultLocalization.searchSuspicious(GZoltarFaultLocalization.java:214) - Test failt: org.apache.commons.math3.analysis.differentiation.FiniteDifferencesDifferentiatorTest#testLinear
[INFO ] fr.inria.astor.core.faultlocalization.gzoltar.GZoltarFaultLocalization.searchSuspicious(GZoltarFaultLocalization.java:214) - Test failt: org.apache.commons.math3.stat.descriptive.rank.PercentileTest#testSpecialValues
[INFO ] fr.inria.astor.core.faultlocalization.gzoltar.GZoltarFaultLocalization.searchSuspicious(GZoltarFaultLocalization.java:214) - Test failt: org.apache.commons.math3.ode.events.EventStateTest#closeEvents
[INFO ] fr.inria.astor.core.faultlocalization.gzoltar.GZoltarFaultLocalization.searchSuspicious(GZoltarFaultLocalization.java:214) - Test failt: org.apache.commons.math3.util.FastMathStrictComparisonTest#test1[21]
[INFO ] fr.inria.astor.core.faultlocalization.gzoltar.GZoltarFaultLocalization.searchSuspicious(GZoltarFaultLocalization.java:214) - Test failt: org.apache.commons.math3.util.FastMathStrictComparisonTest#test1[22]
[INFO ] fr.inria.astor.core.faultlocalization.gzoltar.GZoltarFaultLocalization.searchSuspicious(GZoltarFaultLocalization.java:214) - Test failt: org.apache.commons.math3.util.FastMathStrictComparisonTest#test1[23]
[INFO ] fr.inria.astor.core.faultlocalization.gzoltar.GZoltarFaultLocalization.searchSuspicious(GZoltarFaultLocalization.java:214) - Test failt: org.apache.commons.math3.util.FastMathStrictComparisonTest#test1[24]
[INFO ] fr.inria.astor.core.faultlocalization.gzoltar.GZoltarFaultLocalization.searchSuspicious(GZoltarFaultLocalization.java:214) - Test failt: org.apache.commons.math3.util.FastMathStrictComparisonTest#test1[25]
[INFO ] fr.inria.astor.core.faultlocalization.gzoltar.GZoltarFaultLocalization.searchSuspicious(GZoltarFaultLocalization.java:214) - Test failt: org.apache.commons.math3.util.FastMathStrictComparisonTest#test1[26]
[INFO ] fr.inria.astor.core.faultlocalization.gzoltar.GZoltarFaultLocalization.searchSuspicious(GZoltarFaultLocalization.java:214) - Test failt: org.apache.commons.math3.util.FastMathStrictComparisonTest#test1[47]
[INFO ] fr.inria.astor.core.faultlocalization.gzoltar.GZoltarFaultLocalization.searchSuspicious(GZoltarFaultLocalization.java:214) - Test failt: org.apache.commons.math3.util.FastMathStrictComparisonTest#test1[48]
[INFO ] fr.inria.astor.core.faultlocalization.gzoltar.GZoltarFaultLocalization.searchSuspicious(GZoltarFaultLocalization.java:214) - Test failt: org.apache.commons.math3.util.FastMathStrictComparisonTest#test1[49]
[INFO ] fr.inria.astor.core.faultlocalization.gzoltar.GZoltarFaultLocalization.searchSuspicious(GZoltarFaultLocalization.java:214) - Test failt: org.apache.commons.math3.util.FastMathStrictComparisonTest#test1[50]
[INFO ] fr.inria.astor.core.faultlocalization.gzoltar.GZoltarFaultLocalization.searchSuspicious(GZoltarFaultLocalization.java:214) - Test failt: org.apache.commons.math3.util.FastMathStrictComparisonTest#test1[51]
[INFO ] fr.inria.astor.core.faultlocalization.gzoltar.GZoltarFaultLocalization.searchSuspicious(GZoltarFaultLocalization.java:214) - Test failt: org.apache.commons.math3.exception.util.LocalizedFormatsTest#testMessageNumber
[INFO ] fr.inria.astor.core.faultlocalization.gzoltar.GZoltarFaultLocalization.searchSuspicious(GZoltarFaultLocalization.java:214) - Test failt: org.apache.commons.math3.complex.ComplexTest#testReciprocalReal
[INFO ] fr.inria.astor.core.faultlocalization.gzoltar.GZoltarFaultLocalization.searchSuspicious(GZoltarFaultLocalization.java:214) - Test failt: org.apache.commons.math3.complex.ComplexTest#testReciprocalZero
[INFO ] fr.inria.astor.core.faultlocalization.gzoltar.GZoltarFaultLocalization.searchSuspicious(GZoltarFaultLocalization.java:214) - Test failt: org.apache.commons.math3.complex.ComplexTest#testMath221
[INFO ] fr.inria.astor.core.faultlocalization.gzoltar.GZoltarFaultLocalization.searchSuspicious(GZoltarFaultLocalization.java:214) - Test failt: org.apache.commons.math3.analysis.interpolation.TricubicSplineInterpolatorTest#testPlane
[INFO ] fr.inria.astor.core.faultlocalization.gzoltar.GZoltarFaultLocalization.searchSuspicious(GZoltarFaultLocalization.java:214) - Test failt: org.apache.commons.math3.analysis.interpolation.TricubicSplineInterpolatorTest#testWave
[INFO ] fr.inria.astor.core.faultlocalization.gzoltar.GZoltarFaultLocalization.searchSuspicious(GZoltarFaultLocalization.java:214) - Test failt: org.apache.commons.math3.random.ISAACTest#testNextLongNegativeRange
[INFO ] fr.inria.astor.core.faultlocalization.gzoltar.GZoltarFaultLocalization.searchSuspicious(GZoltarFaultLocalization.java:214) - Test failt: org.apache.commons.math3.random.ISAACTest#testNextLongPositiveRange
[INFO ] fr.inria.astor.core.faultlocalization.gzoltar.GZoltarFaultLocalization.searchSuspicious(GZoltarFaultLocalization.java:214) - Test failt: org.apache.commons.math3.special.BetaTest#testBcorr
[INFO ] fr.inria.astor.core.faultlocalization.gzoltar.GZoltarFaultLocalization.searchSuspicious(GZoltarFaultLocalization.java:214) - Test failt: org.apache.commons.math3.special.BetaTest#testBcorrPrecondition1
[INFO ] fr.inria.astor.core.faultlocalization.gzoltar.GZoltarFaultLocalization.searchSuspicious(GZoltarFaultLocalization.java:214) - Test failt: org.apache.commons.math3.special.BetaTest#testBcorrPrecondition2
[INFO ] fr.inria.astor.core.faultlocalization.gzoltar.GZoltarFaultLocalization.searchSuspicious(GZoltarFaultLocalization.java:214) - Test failt: org.apache.commons.math3.analysis.interpolation.BicubicSplineInterpolatorTest#testPlane
[INFO ] fr.inria.astor.core.faultlocalization.gzoltar.GZoltarFaultLocalization.searchSuspicious(GZoltarFaultLocalization.java:214) - Test failt: org.apache.commons.math3.geometry.euclidean.threed.PolyhedronsSetTest#testBox
[INFO ] fr.inria.astor.core.faultlocalization.gzoltar.GZoltarFaultLocalization.searchSuspicious(GZoltarFaultLocalization.java:214) - Test failt: org.apache.commons.math3.geometry.euclidean.threed.PolyhedronsSetTest#testCross
[INFO ] fr.inria.astor.core.faultlocalization.gzoltar.GZoltarFaultLocalization.searchSuspicious(GZoltarFaultLocalization.java:214) - Test failt: org.apache.commons.math3.geometry.euclidean.threed.PolyhedronsSetTest#testBuildBox
[INFO ] fr.inria.astor.core.faultlocalization.gzoltar.GZoltarFaultLocalization.searchSuspicious(GZoltarFaultLocalization.java:214) - Test failt: org.apache.commons.math3.geometry.euclidean.threed.PolyhedronsSetTest#testTetrahedron
[INFO ] fr.inria.astor.core.faultlocalization.gzoltar.GZoltarFaultLocalization.searchSuspicious(GZoltarFaultLocalization.java:214) - Test failt: org.apache.commons.math3.geometry.euclidean.threed.PolyhedronsSetTest#testIsometry
[INFO ] fr.inria.astor.core.faultlocalization.gzoltar.GZoltarFaultLocalization.searchSuspicious(GZoltarFaultLocalization.java:214) - Test failt: org.apache.commons.math3.stat.ranking.NaturalRankingTest#testNaNsFixedTiesRandom
[INFO ] fr.inria.astor.core.faultlocalization.gzoltar.GZoltarFaultLocalization.searchSuspicious(GZoltarFaultLocalization.java:214) - Test failt: org.apache.commons.math3.geometry.euclidean.oned.IntervalsSetTest#testInterval
[INFO ] fr.inria.astor.core.faultlocalization.gzoltar.GZoltarFaultLocalization.searchSuspicious(GZoltarFaultLocalization.java:214) - Test failt: org.apache.commons.math3.geometry.euclidean.oned.IntervalsSetTest#testMultiple
[INFO ] fr.inria.astor.core.faultlocalization.gzoltar.GZoltarFaultLocalization.searchSuspicious(GZoltarFaultLocalization.java:214) - Test failt: org.apache.commons.math3.geometry.euclidean.oned.IntervalsSetTest#testSinglePoint
[INFO ] fr.inria.astor.core.faultlocalization.gzoltar.GZoltarFaultLocalization.searchSuspicious(GZoltarFaultLocalization.java:214) - Test failt: org.apache.commons.math3.stat.correlation.CovarianceTest#testInsufficientData
[INFO ] fr.inria.astor.core.faultlocalization.gzoltar.GZoltarFaultLocalization.searchSuspicious(GZoltarFaultLocalization.java:226) - Gzoltar Test Result Total:4274, fails: 55, GZoltar suspicious 29406, with positive susp 2644
[INFO ] fr.inria.astor.core.faultlocalization.gzoltar.GZoltarFaultLocalization.searchSuspicious(GZoltarFaultLocalization.java:234) - nr test results 4274
[INFO ] fr.inria.astor.core.faultlocalization.gzoltar.GZoltarFaultLocalization.searchSuspicious(GZoltarFaultLocalization.java:289) - Gzoltar found: 880 with susp > 0.1, we consider: 880
[INFO ] fr.inria.astor.core.solutionsearch.AstorCoreEngine.calculateSuspicious(AstorCoreEngine.java:898) - Setting up the max to 5685860 milliseconds (5685 sec)
[INFO ] fr.inria.astor.core.solutionsearch.AstorCoreEngine.initPopulation(AstorCoreEngine.java:709) - 
---- Creating spoon model
[INFO ] fr.inria.astor.core.manipulation.MutationSupporter.buildSpoonModel(MutationSupporter.java:240) - Creating model,  Code location from working folder: /script/jGenProg_Defects4J_Math_16/./src/main/java
[INFO ] fr.inria.astor.core.manipulation.MutationSupporter.buildModel(MutationSupporter.java:68) - building model: /script/jGenProg_Defects4J_Math_16/./src/main/java, compliance level: 5
[INFO ] fr.inria.astor.core.manipulation.MutationSupporter.buildModel(MutationSupporter.java:82) - Classpath (Dependencies) for building SpoonModel: [/script/jGenProg_Defects4J_Math_16/target/classes/, /script/jGenProg_Defects4J_Math_16/target/test-classes/, /defects4j/framework/projects/lib/junit-4.11.jar]
[INFO ] fr.inria.astor.core.solutionsearch.AstorCoreEngine.initModel(AstorCoreEngine.java:779) - Number of CtTypes created: 628
[INFO ] fr.inria.astor.core.solutionsearch.AstorCoreEngine.initPopulation(AstorCoreEngine.java:713) - 
---- Initial suspicious size: 880
[INFO ] fr.inria.astor.core.solutionsearch.population.ProgramVariantFactory.createModificationPoints(ProgramVariantFactory.java:223) -  Not ctClass for suspicious code Candidate [className=org.apache.commons.math3.geometry.partitioning.InsideFinder, methodName=recurseSides(Lorg/apache/commons/math3/geometry/partitioning/BSPTree;Lorg/apache/commons/math3/geometry/partitioning/SubHyperplane;)V, lineNumber=105, susp=0.20225995873897262]
[INFO ] fr.inria.astor.core.solutionsearch.population.ProgramVariantFactory.createModificationPoints(ProgramVariantFactory.java:223) -  Not ctClass for suspicious code Candidate [className=org.apache.commons.math3.geometry.partitioning.InsideFinder, methodName=recurseSides(Lorg/apache/commons/math3/geometry/partitioning/BSPTree;Lorg/apache/commons/math3/geometry/partitioning/SubHyperplane;)V, lineNumber=108, susp=0.20225995873897262]
[INFO ] fr.inria.astor.core.solutionsearch.population.ProgramVariantFactory.createModificationPoints(ProgramVariantFactory.java:223) -  Not ctClass for suspicious code Candidate [className=org.apache.commons.math3.geometry.partitioning.InsideFinder, methodName=recurseSides(Lorg/apache/commons/math3/geometry/partitioning/BSPTree;Lorg/apache/commons/math3/geometry/partitioning/SubHyperplane;)V, lineNumber=111, susp=0.20225995873897262]
[INFO ] fr.inria.astor.core.solutionsearch.population.ProgramVariantFactory.createModificationPoints(ProgramVariantFactory.java:223) -  Not ctClass for suspicious code Candidate [className=org.apache.commons.math3.geometry.partitioning.InsideFinder, methodName=recurseSides(Lorg/apache/commons/math3/geometry/partitioning/BSPTree;Lorg/apache/commons/math3/geometry/partitioning/SubHyperplane;)V, lineNumber=112, susp=0.20225995873897262]
[INFO ] fr.inria.astor.core.solutionsearch.population.ProgramVariantFactory.createModificationPoints(ProgramVariantFactory.java:223) -  Not ctClass for suspicious code Candidate [className=org.apache.commons.math3.geometry.partitioning.SubHyperplane$SplitSubHyperplane, methodName=getPlus()Lorg/apache/commons/math3/geometry/partitioning/SubHyperplane;, lineNumber=119, susp=0.1502349257508403]
[INFO ] fr.inria.astor.core.solutionsearch.population.ProgramVariantFactory.createModificationPoints(ProgramVariantFactory.java:223) -  Not ctClass for suspicious code Candidate [className=org.apache.commons.math3.geometry.partitioning.SubHyperplane$SplitSubHyperplane, methodName=getMinus()Lorg/apache/commons/math3/geometry/partitioning/SubHyperplane;, lineNumber=126, susp=0.1502349257508403]
[INFO ] fr.inria.astor.core.solutionsearch.population.ProgramVariantFactory.createModificationPoints(ProgramVariantFactory.java:223) -  Not ctClass for suspicious code Candidate [className=org.apache.commons.math3.geometry.partitioning.InsideFinder, methodName=recurseSides(Lorg/apache/commons/math3/geometry/partitioning/BSPTree;Lorg/apache/commons/math3/geometry/partitioning/SubHyperplane;)V, lineNumber=62, susp=0.13762047064079508]
[INFO ] fr.inria.astor.core.solutionsearch.population.ProgramVariantFactory.createModificationPoints(ProgramVariantFactory.java:223) -  Not ctClass for suspicious code Candidate [className=org.apache.commons.math3.geometry.partitioning.InsideFinder, methodName=recurseSides(Lorg/apache/commons/math3/geometry/partitioning/BSPTree;Lorg/apache/commons/math3/geometry/partitioning/SubHyperplane;)V, lineNumber=63, susp=0.13762047064079508]
[INFO ] fr.inria.astor.core.solutionsearch.population.ProgramVariantFactory.createModificationPoints(ProgramVariantFactory.java:223) -  Not ctClass for suspicious code Candidate [className=org.apache.commons.math3.geometry.partitioning.InsideFinder, methodName=recurseSides(Lorg/apache/commons/math3/geometry/partitioning/BSPTree;Lorg/apache/commons/math3/geometry/partitioning/SubHyperplane;)V, lineNumber=65, susp=0.13762047064079508]
[INFO ] fr.inria.astor.core.solutionsearch.population.ProgramVariantFactory.createModificationPoints(ProgramVariantFactory.java:223) -  Not ctClass for suspicious code Candidate [className=org.apache.commons.math3.geometry.partitioning.InsideFinder, methodName=recurseSides(Lorg/apache/commons/math3/geometry/partitioning/BSPTree;Lorg/apache/commons/math3/geometry/partitioning/SubHyperplane;)V, lineNumber=66, susp=0.13762047064079508]
[INFO ] fr.inria.astor.core.solutionsearch.population.ProgramVariantFactory.createModificationPoints(ProgramVariantFactory.java:223) -  Not ctClass for suspicious code Candidate [className=org.apache.commons.math3.geometry.partitioning.InsideFinder, methodName=recurseSides(Lorg/apache/commons/math3/geometry/partitioning/BSPTree;Lorg/apache/commons/math3/geometry/partitioning/SubHyperplane;)V, lineNumber=68, susp=0.13762047064079508]
[INFO ] fr.inria.astor.core.solutionsearch.population.ProgramVariantFactory.createModificationPoints(ProgramVariantFactory.java:223) -  Not ctClass for suspicious code Candidate [className=org.apache.commons.math3.geometry.partitioning.InsideFinder, methodName=recurseSides(Lorg/apache/commons/math3/geometry/partitioning/BSPTree;Lorg/apache/commons/math3/geometry/partitioning/SubHyperplane;)V, lineNumber=71, susp=0.13762047064079508]
[INFO ] fr.inria.astor.core.solutionsearch.population.ProgramVariantFactory.createModificationPoints(ProgramVariantFactory.java:223) -  Not ctClass for suspicious code Candidate [className=org.apache.commons.math3.geometry.partitioning.InsideFinder, methodName=recurseSides(Lorg/apache/commons/math3/geometry/partitioning/BSPTree;Lorg/apache/commons/math3/geometry/partitioning/SubHyperplane;)V, lineNumber=72, susp=0.13762047064079508]
[INFO ] fr.inria.astor.core.solutionsearch.population.ProgramVariantFactory.createModificationPoints(ProgramVariantFactory.java:223) -  Not ctClass for suspicious code Candidate [className=org.apache.commons.math3.geometry.partitioning.InsideFinder, methodName=recurseSides(Lorg/apache/commons/math3/geometry/partitioning/BSPTree;Lorg/apache/commons/math3/geometry/partitioning/SubHyperplane;)V, lineNumber=90, susp=0.13762047064079508]
[INFO ] fr.inria.astor.core.solutionsearch.population.ProgramVariantFactory.createModificationPoints(ProgramVariantFactory.java:223) -  Not ctClass for suspicious code Candidate [className=org.apache.commons.math3.geometry.partitioning.InsideFinder, methodName=recurseSides(Lorg/apache/commons/math3/geometry/partitioning/BSPTree;Lorg/apache/commons/math3/geometry/partitioning/SubHyperplane;)V, lineNumber=95, susp=0.13762047064079508]
[INFO ] fr.inria.astor.core.solutionsearch.population.ProgramVariantFactory.createModificationPoints(ProgramVariantFactory.java:223) -  Not ctClass for suspicious code Candidate [className=org.apache.commons.math3.geometry.partitioning.InsideFinder, methodName=recurseSides(Lorg/apache/commons/math3/geometry/partitioning/BSPTree;Lorg/apache/commons/math3/geometry/partitioning/SubHyperplane;)V, lineNumber=99, susp=0.13762047064079508]
[INFO ] fr.inria.astor.core.solutionsearch.population.ProgramVariantFactory.createModificationPoints(ProgramVariantFactory.java:223) -  Not ctClass for suspicious code Candidate [className=org.apache.commons.math3.geometry.partitioning.InsideFinder, methodName=recurseSides(Lorg/apache/commons/math3/geometry/partitioning/BSPTree;Lorg/apache/commons/math3/geometry/partitioning/SubHyperplane;)V, lineNumber=100, susp=0.13762047064079508]
[INFO ] fr.inria.astor.core.solutionsearch.population.ProgramVariantFactory.createModificationPoints(ProgramVariantFactory.java:223) -  Not ctClass for suspicious code Candidate [className=org.apache.commons.math3.geometry.partitioning.InsideFinder, methodName=recurseSides(Lorg/apache/commons/math3/geometry/partitioning/BSPTree;Lorg/apache/commons/math3/geometry/partitioning/SubHyperplane;)V, lineNumber=134, susp=0.13762047064079508]
[INFO ] fr.inria.astor.core.solutionsearch.population.ProgramVariantFactory.createModificationPoints(ProgramVariantFactory.java:223) -  Not ctClass for suspicious code Candidate [className=org.apache.commons.math3.geometry.partitioning.InsideFinder, methodName=plusFound()Z, lineNumber=140, susp=0.13762047064079508]
[INFO ] fr.inria.astor.core.solutionsearch.population.ProgramVariantFactory.createModificationPoints(ProgramVariantFactory.java:223) -  Not ctClass for suspicious code Candidate [className=org.apache.commons.math3.geometry.partitioning.InsideFinder, methodName=minusFound()Z, lineNumber=147, susp=0.13762047064079508]
[INFO ] fr.inria.astor.core.solutionsearch.population.ProgramVariantFactory.createProgramInstance(ProgramVariantFactory.java:134) - Total suspicious from FL: 880,  274
[INFO ] fr.inria.astor.core.solutionsearch.population.ProgramVariantFactory.createProgramInstance(ProgramVariantFactory.java:143) - Total ModPoint created: 274
[INFO ] fr.inria.astor.core.solutionsearch.population.ProgramVariantFactory.createInitialPopulation(ProgramVariantFactory.java:82) - Creating program variant #1, [Variant id: 1, #gens: 274, #ops: 0, parent:-]
[INFO ] fr.inria.astor.core.validation.junit.LaucherJUnitProcess.killProcess(LaucherJUnitProcess.java:179) - The Process that runs JUnit test cases did not terminate within waitTime of 10 seconds
[INFO ] fr.inria.astor.core.validation.junit.LaucherJUnitProcess.killProcess(LaucherJUnitProcess.java:181) - Killed the Process that runs JUnit test cases 560
[ERROR] fr.inria.astor.core.solutionsearch.AstorCoreEngine.setFitnessOfPopulation(AstorCoreEngine.java:745) - Initial run of test suite fails
[INFO ] fr.inria.astor.core.solutionsearch.AstorCoreEngine.setFitnessOfPopulation(AstorCoreEngine.java:754) - The original fitness is : 1.7976931348623157E308
[INFO ] fr.inria.astor.core.setup.ConfigurationProperties.print(ConfigurationProperties.java:66) - ----------------------------
[INFO ] fr.inria.astor.core.setup.ConfigurationProperties.print(ConfigurationProperties.java:67) - ---Configuration properties:---Execution values
[INFO ] fr.inria.astor.core.setup.ConfigurationProperties.print(ConfigurationProperties.java:69) - p:lastJUnitVersion= ./examples/libs/junit-4.11.jar
[INFO ] fr.inria.astor.core.setup.ConfigurationProperties.print(ConfigurationProperties.java:69) - p:alternativecompliancelevel= 8
[INFO ] fr.inria.astor.core.setup.ConfigurationProperties.print(ConfigurationProperties.java:69) - p:ignoredTestCases= 
[INFO ] fr.inria.astor.core.setup.ConfigurationProperties.print(ConfigurationProperties.java:69) - p:workingDirectory= /script/jGenProg_Defects4J_Math_16/./output_astor
[INFO ] fr.inria.astor.core.setup.ConfigurationProperties.print(ConfigurationProperties.java:69) - p:manipulatesuper= false
[INFO ] fr.inria.astor.core.setup.ConfigurationProperties.print(ConfigurationProperties.java:69) - p:validation= process
[INFO ] fr.inria.astor.core.setup.ConfigurationProperties.print(ConfigurationProperties.java:69) - p:jvm4testexecution= /usr/lib/jvm/java-1.7.0-openjdk-amd64/bin/
[INFO ] fr.inria.astor.core.setup.ConfigurationProperties.print(ConfigurationProperties.java:69) - p:operatorspace= irr-statements
[INFO ] fr.inria.astor.core.setup.ConfigurationProperties.print(ConfigurationProperties.java:69) - p:disablelog= false
[INFO ] fr.inria.astor.core.setup.ConfigurationProperties.print(ConfigurationProperties.java:69) - p:binjavafolder= target/classes/
[INFO ] fr.inria.astor.core.setup.ConfigurationProperties.print(ConfigurationProperties.java:69) - p:synthesis_depth= 3
[INFO ] fr.inria.astor.core.setup.ConfigurationProperties.print(ConfigurationProperties.java:69) - p:gzoltartestpackagetoexclude= junit.framework
[INFO ] fr.inria.astor.core.setup.ConfigurationProperties.print(ConfigurationProperties.java:69) - p:skipfitnessinitialpopulation= false
[INFO ] fr.inria.astor.core.setup.ConfigurationProperties.print(ConfigurationProperties.java:69) - p:evosuiteresultfolder= evosuite
[INFO ] fr.inria.astor.core.setup.ConfigurationProperties.print(ConfigurationProperties.java:69) - p:flthreshold= 0.1
[INFO ] fr.inria.astor.core.setup.ConfigurationProperties.print(ConfigurationProperties.java:69) - p:regressionforfaultlocalization= true
[INFO ] fr.inria.astor.core.setup.ConfigurationProperties.print(ConfigurationProperties.java:69) - p:collectonlyusedmethod= false
[INFO ] fr.inria.astor.core.setup.ConfigurationProperties.print(ConfigurationProperties.java:69) - p:preservelinenumbers= true
[INFO ] fr.inria.astor.core.setup.ConfigurationProperties.print(ConfigurationProperties.java:69) - p:tmax2= 5685860
[INFO ] fr.inria.astor.core.setup.ConfigurationProperties.print(ConfigurationProperties.java:69) - p:tmax1= 10000
[INFO ] fr.inria.astor.core.setup.ConfigurationProperties.print(ConfigurationProperties.java:69) - p:probagenmutation= false
[INFO ] fr.inria.astor.core.setup.ConfigurationProperties.print(ConfigurationProperties.java:69) - p:nomodificationconvergence= 100
[INFO ] fr.inria.astor.core.setup.ConfigurationProperties.print(ConfigurationProperties.java:69) - p:diff_type= relative
[INFO ] fr.inria.astor.core.setup.ConfigurationProperties.print(ConfigurationProperties.java:69) - p:targetelementprocessor= statements
[INFO ] fr.inria.astor.core.setup.ConfigurationProperties.print(ConfigurationProperties.java:69) - p:srctestfolder= src/test/java/
[INFO ] fr.inria.astor.core.setup.ConfigurationProperties.print(ConfigurationProperties.java:69) - p:forceExecuteRegression= false
[INFO ] fr.inria.astor.core.setup.ConfigurationProperties.print(ConfigurationProperties.java:69) - p:clusteringfilename= clustering.csv
[INFO ] fr.inria.astor.core.setup.ConfigurationProperties.print(ConfigurationProperties.java:69) - p:failing= org.apache.commons.math3.util.FastMathTest
[INFO ] fr.inria.astor.core.setup.ConfigurationProperties.print(ConfigurationProperties.java:69) - p:logtestexecution= false
[INFO ] fr.inria.astor.core.setup.ConfigurationProperties.print(ConfigurationProperties.java:69) - p:evo_buggy_class= true
[INFO ] fr.inria.astor.core.setup.ConfigurationProperties.print(ConfigurationProperties.java:69) - p:numberExecutions= 1
[INFO ] fr.inria.astor.core.setup.ConfigurationProperties.print(ConfigurationProperties.java:69) - p:maxnumbersolutions= 1000000
[INFO ] fr.inria.astor.core.setup.ConfigurationProperties.print(ConfigurationProperties.java:69) - p:evo_affected_by_op= true
[INFO ] fr.inria.astor.core.setup.ConfigurationProperties.print(ConfigurationProperties.java:69) - p:population= 1
[INFO ] fr.inria.astor.core.setup.ConfigurationProperties.print(ConfigurationProperties.java:69) - p:considerzerovaluesusp= false
[INFO ] fr.inria.astor.core.setup.ConfigurationProperties.print(ConfigurationProperties.java:69) - p:maxCombinationVariableLimit= false
[INFO ] fr.inria.astor.core.setup.ConfigurationProperties.print(ConfigurationProperties.java:69) - p:loglevel= INFO
[INFO ] fr.inria.astor.core.setup.ConfigurationProperties.print(ConfigurationProperties.java:69) - p:savesolution= true
[INFO ] fr.inria.astor.core.setup.ConfigurationProperties.print(ConfigurationProperties.java:69) - p:javacompliancelevel= 5
[INFO ] fr.inria.astor.core.setup.ConfigurationProperties.print(ConfigurationProperties.java:69) - p:uniqueoptogen= false
[INFO ] fr.inria.astor.core.setup.ConfigurationProperties.print(ConfigurationProperties.java:69) - p:gzoltarpackagetonotinstrument= junit.framework
[INFO ] fr.inria.astor.core.setup.ConfigurationProperties.print(ConfigurationProperties.java:69) - p:projectIdentifier= Math-16
[INFO ] fr.inria.astor.core.setup.ConfigurationProperties.print(ConfigurationProperties.java:69) - p:modificationpointnavigation= weight
[INFO ] fr.inria.astor.core.setup.ConfigurationProperties.print(ConfigurationProperties.java:69) - p:stopfirst= true
[INFO ] fr.inria.astor.core.setup.ConfigurationProperties.print(ConfigurationProperties.java:69) - p:multipointmodification= false
[INFO ] fr.inria.astor.core.setup.ConfigurationProperties.print(ConfigurationProperties.java:69) - p:elementsToMutate= 10
[INFO ] fr.inria.astor.core.setup.ConfigurationProperties.print(ConfigurationProperties.java:69) - p:jsonoutputname= astor_output
[INFO ] fr.inria.astor.core.setup.ConfigurationProperties.print(ConfigurationProperties.java:69) - p:evoDSE= false
[INFO ] fr.inria.astor.core.setup.ConfigurationProperties.print(ConfigurationProperties.java:69) - p:bintestfolder= target/test-classes/
[INFO ] fr.inria.astor.core.setup.ConfigurationProperties.print(ConfigurationProperties.java:69) - p:testbystep= false
[INFO ] fr.inria.astor.core.setup.ConfigurationProperties.print(ConfigurationProperties.java:69) - p:version-location= ./math-version/
[INFO ] fr.inria.astor.core.setup.ConfigurationProperties.print(ConfigurationProperties.java:69) - p:reintroduce= PARENTS:ORIGINAL
[INFO ] fr.inria.astor.core.setup.ConfigurationProperties.print(ConfigurationProperties.java:69) - p:executorjar= ./lib/jtestex7.jar
[INFO ] fr.inria.astor.core.setup.ConfigurationProperties.print(ConfigurationProperties.java:69) - p:maxGeneration= 1000000
[INFO ] fr.inria.astor.core.setup.ConfigurationProperties.print(ConfigurationProperties.java:69) - p:max_synthesis_step= 10000
[INFO ] fr.inria.astor.core.setup.ConfigurationProperties.print(ConfigurationProperties.java:69) - p:projectinfocommand= com.github.tdurieux:project-config-maven-plugin:info
[INFO ] fr.inria.astor.core.setup.ConfigurationProperties.print(ConfigurationProperties.java:69) - p:maxVarCombination= 1000
[INFO ] fr.inria.astor.core.setup.ConfigurationProperties.print(ConfigurationProperties.java:69) - p:maxtime= 120
[INFO ] fr.inria.astor.core.setup.ConfigurationProperties.print(ConfigurationProperties.java:69) - p:evosuitejar= ./lib/evosuite-master-1.0.4-SNAPSHOT.jar
[INFO ] fr.inria.astor.core.setup.ConfigurationProperties.print(ConfigurationProperties.java:69) - p:jvmversion= 1.7.0_181
[INFO ] fr.inria.astor.core.setup.ConfigurationProperties.print(ConfigurationProperties.java:69) - p:commandTrunk= 50000
[INFO ] fr.inria.astor.core.setup.ConfigurationProperties.print(ConfigurationProperties.java:69) - p:faultlocalization= gzoltar
[INFO ] fr.inria.astor.core.setup.ConfigurationProperties.print(ConfigurationProperties.java:69) - p:resetmodel= true
[INFO ] fr.inria.astor.core.setup.ConfigurationProperties.print(ConfigurationProperties.java:69) - p:maxsuspcandidates= 1000
[INFO ] fr.inria.astor.core.setup.ConfigurationProperties.print(ConfigurationProperties.java:69) - p:mode= leven
[INFO ] fr.inria.astor.core.setup.ConfigurationProperties.print(ConfigurationProperties.java:69) - p:learningdir= 
[INFO ] fr.inria.astor.core.setup.ConfigurationProperties.print(ConfigurationProperties.java:69) - p:jvm4evosuitetestexecution= /usr/lib/jvm/java-1.7.0-openjdk-amd64/bin/
[INFO ] fr.inria.astor.core.setup.ConfigurationProperties.print(ConfigurationProperties.java:69) - p:filterfaultlocalization= true
[INFO ] fr.inria.astor.core.setup.ConfigurationProperties.print(ConfigurationProperties.java:69) - p:mutationrate= 1 
[INFO ] fr.inria.astor.core.setup.ConfigurationProperties.print(ConfigurationProperties.java:69) - p:pathToMVNRepository= 
[INFO ] fr.inria.astor.core.setup.ConfigurationProperties.print(ConfigurationProperties.java:69) - p:resourcesfolder= /src/main/resources:/src/test/resources:
[INFO ] fr.inria.astor.core.setup.ConfigurationProperties.print(ConfigurationProperties.java:69) - p:timezone= America/Los_Angeles
[INFO ] fr.inria.astor.core.setup.ConfigurationProperties.print(ConfigurationProperties.java:69) - p:runjava7code= false
[INFO ] fr.inria.astor.core.setup.ConfigurationProperties.print(ConfigurationProperties.java:69) - p:evoRunOnBuggyClass= true
[INFO ] fr.inria.astor.core.setup.ConfigurationProperties.print(ConfigurationProperties.java:69) - p:compiler= fr.inria.astor.core.manipulation.bytecode.compiler.SpoonClassCompiler
[INFO ] fr.inria.astor.core.setup.ConfigurationProperties.print(ConfigurationProperties.java:69) - p:limitbysuspicious= true
[INFO ] fr.inria.astor.core.setup.ConfigurationProperties.print(ConfigurationProperties.java:69) - p:logsattemps= true
[INFO ] fr.inria.astor.core.setup.ConfigurationProperties.print(ConfigurationProperties.java:69) - p:dependenciespath= /script/jGenProg_Defects4J_Math_16/target/classes/:/script/jGenProg_Defects4J_Math_16/target/test-classes/:/defects4j/framework/projects/lib/junit-4.11.jar
[INFO ] fr.inria.astor.core.setup.ConfigurationProperties.print(ConfigurationProperties.java:69) - p:logpatternlayout= [%-5p] %l - %m%n
[INFO ] fr.inria.astor.core.setup.ConfigurationProperties.print(ConfigurationProperties.java:69) - p:packageToInstrument= 
[INFO ] fr.inria.astor.core.setup.ConfigurationProperties.print(ConfigurationProperties.java:69) - p:skipfaultlocalization= false
[INFO ] fr.inria.astor.core.setup.ConfigurationProperties.print(ConfigurationProperties.java:69) - p:scope= package
[INFO ] fr.inria.astor.core.setup.ConfigurationProperties.print(ConfigurationProperties.java:69) - p:transformingredient= false
[INFO ] fr.inria.astor.core.setup.ConfigurationProperties.print(ConfigurationProperties.java:69) - p:fitnessfunction= fr.inria.astor.core.solutionsearch.population.TestCaseFitnessFunction
[INFO ] fr.inria.astor.core.setup.ConfigurationProperties.print(ConfigurationProperties.java:69) - p:maxnumvariablesperingredient= 10
[INFO ] fr.inria.astor.core.setup.ConfigurationProperties.print(ConfigurationProperties.java:69) - p:parsesourcefromoriginal= true
[INFO ] fr.inria.astor.core.setup.ConfigurationProperties.print(ConfigurationProperties.java:69) - p:pvariantfoldername= variant-
[INFO ] fr.inria.astor.core.setup.ConfigurationProperties.print(ConfigurationProperties.java:69) - p:savespoonmodelondisk= false
[INFO ] fr.inria.astor.core.setup.ConfigurationProperties.print(ConfigurationProperties.java:69) - p:srcjavafolder= src/main/java/
[INFO ] fr.inria.astor.core.setup.ConfigurationProperties.print(ConfigurationProperties.java:69) - p:populationcontroller= fr.inria.astor.core.solutionsearch.population.TestCaseBasedFitnessPopulationController
[INFO ] fr.inria.astor.core.setup.ConfigurationProperties.print(ConfigurationProperties.java:69) - p:ignoreflakyinfl= false
[INFO ] fr.inria.astor.core.setup.ConfigurationProperties.print(ConfigurationProperties.java:69) - p:cleantemplates= true
[INFO ] fr.inria.astor.core.setup.ConfigurationProperties.print(ConfigurationProperties.java:69) - p:applyCrossover= false
[INFO ] fr.inria.astor.core.setup.ConfigurationProperties.print(ConfigurationProperties.java:69) - p:maxmodificationpoints= 1000
[INFO ] fr.inria.astor.core.setup.ConfigurationProperties.print(ConfigurationProperties.java:69) - p:duplicateingredientsinspace= false
[INFO ] fr.inria.astor.core.setup.ConfigurationProperties.print(ConfigurationProperties.java:69) - p:metid= 0
[INFO ] fr.inria.astor.core.setup.ConfigurationProperties.print(ConfigurationProperties.java:69) - p:continuewhenmodelfail= true
[INFO ] fr.inria.astor.core.setup.ConfigurationProperties.print(ConfigurationProperties.java:69) - p:saveall= false
[INFO ] fr.inria.astor.core.setup.ConfigurationProperties.print(ConfigurationProperties.java:69) - p:seed= 0
[INFO ] fr.inria.astor.core.setup.ConfigurationProperties.print(ConfigurationProperties.java:69) - p:savecompletepatched= true
[INFO ] fr.inria.astor.core.setup.ConfigurationProperties.print(ConfigurationProperties.java:69) - p:resetoperations= false
[INFO ] fr.inria.astor.core.setup.ConfigurationProperties.print(ConfigurationProperties.java:69) - p:processoutputinfile= false
[INFO ] fr.inria.astor.core.setup.ConfigurationProperties.print(ConfigurationProperties.java:69) - p:location= .
[INFO ] fr.inria.astor.core.setup.ConfigurationProperties.print(ConfigurationProperties.java:69) - p:probabilistictransformation= true
[INFO ] fr.inria.astor.core.setup.ConfigurationProperties.print(ConfigurationProperties.java:69) - p:overridemaxtime= true
[INFO ] fr.inria.astor.core.setup.ConfigurationProperties.print(ConfigurationProperties.java:69) - p:outputjsonresult= false
[INFO ] fr.inria.astor.core.setup.ConfigurationProperties.print(ConfigurationProperties.java:69) - p:allpoints= false
[INFO ] fr.inria.astor.core.setup.ConfigurationProperties.print(ConfigurationProperties.java:69) - p:bugId= 280
[INFO ] fr.inria.astor.core.setup.ConfigurationProperties.print(ConfigurationProperties.java:69) - p:evosuitetimeout= 120
[INFO ] fr.inria.astor.core.setup.ConfigurationProperties.print(ConfigurationProperties.java:69) - p:maxtimefactor= 10
[INFO ] fr.inria.astor.core.setup.ConfigurationProperties.print(ConfigurationProperties.java:69) - p:nrPlaceholders= 1
[INFO ] fr.inria.astor.core.setup.ConfigurationProperties.print(ConfigurationProperties.java:69) - p:forcesubprocesskilling= true
[INFO ] fr.inria.astor.core.setup.ConfigurationProperties.print(ConfigurationProperties.java:71) - ----------------------------
[INFO ] fr.inria.astor.core.solutionsearch.EvolutionarySearchEngine.startEvolution(EvolutionarySearchEngine.java:40) - 
----Starting Solution Search
[INFO ] fr.inria.astor.approaches.levenshtein.LevenSearchStrategy.getScopeID(LevenSearchStrategy.java:140) - scopeID: lnMant
[INFO ] fr.inria.astor.approaches.levenshtein.LevenSearchStrategy.getScopeID(LevenSearchStrategy.java:140) - scopeID: lnMant
[INFO ] fr.inria.astor.approaches.levenshtein.LevenSearchStrategy.getScopeID(LevenSearchStrategy.java:140) - scopeID: ArithmeticUtils#addAndCheck
[ERROR] fr.inria.astor.core.solutionsearch.EvolutionarySearchEngine.startEvolution(EvolutionarySearchEngine.java:84) - Error at generation 1
spoon.reflect.declaration.ParentNotInitializedException: parent not initialized for s(class spoon.support.reflect.code.CtLocalVariableImpl) (/script/jGenProg_Defects4J_Math_16/src/main/java/org/apache/commons/math3/util/ArithmeticUtils.java:66)
spoon.reflect.declaration.ParentNotInitializedException: parent not initialized for s(class spoon.support.reflect.code.CtLocalVariableImpl) (/script/jGenProg_Defects4J_Math_16/src/main/java/org/apache/commons/math3/util/ArithmeticUtils.java:66)
	at spoon.support.reflect.declaration.CtElementImpl.getParent(CtElementImpl.java:363)
	at spoon.reflect.visitor.filter.SiblingsFunction.apply(SiblingsFunction.java:58)
	at spoon.reflect.visitor.filter.SiblingsFunction.apply(SiblingsFunction.java:23)
	at spoon.reflect.visitor.chain.CtQueryImpl$LazyFunctionWrapper._accept(CtQueryImpl.java:492)
	at spoon.reflect.visitor.chain.CtQueryImpl$AbstractStep.accept(CtQueryImpl.java:307)
	at spoon.reflect.visitor.chain.CtQueryImpl.forEach(CtQueryImpl.java:93)
	at spoon.reflect.visitor.filter.LocalVariableScopeFunction.apply(LocalVariableScopeFunction.java:55)
	at spoon.reflect.visitor.filter.LocalVariableScopeFunction.apply(LocalVariableScopeFunction.java:32)
	at spoon.reflect.visitor.chain.CtQueryImpl$LazyFunctionWrapper._accept(CtQueryImpl.java:492)
	at spoon.reflect.visitor.chain.CtQueryImpl$AbstractStep.accept(CtQueryImpl.java:307)
	at spoon.reflect.visitor.chain.CtQueryImpl.first(CtQueryImpl.java:136)
	at spoon.reflect.visitor.chain.CtQueryImpl.first(CtQueryImpl.java:119)
	at spoon.refactoring.CtRenameLocalVariableRefactoring.detectNameConflicts(CtRenameLocalVariableRefactoring.java:235)
	at spoon.refactoring.AbstractRenameRefactoring.detectIssues(AbstractRenameRefactoring.java:45)
	at spoon.refactoring.AbstractRenameRefactoring.refactor(AbstractRenameRefactoring.java:37)
	at fr.inria.astor.approaches.levenshtein.LevenSearchStrategy.getNormalizedElement(LevenSearchStrategy.java:166)
	at fr.inria.astor.approaches.levenshtein.LevenSearchStrategy.getFixIngredient(LevenSearchStrategy.java:62)
	at fr.inria.astor.core.ingredientbased.IngredientBasedEvolutionaryRepairApproachImpl.createOperatorInstanceForPoint(IngredientBasedEvolutionaryRepairApproachImpl.java:95)
	at fr.inria.astor.core.solutionsearch.EvolutionarySearchEngine.modifyProgramVariant(EvolutionarySearchEngine.java:264)
	at fr.inria.astor.core.solutionsearch.EvolutionarySearchEngine.createNewProgramVariant(EvolutionarySearchEngine.java:198)
	at fr.inria.astor.core.solutionsearch.EvolutionarySearchEngine.processGenerations(EvolutionarySearchEngine.java:146)
	at fr.inria.astor.core.solutionsearch.EvolutionarySearchEngine.startEvolution(EvolutionarySearchEngine.java:68)
	at fr.inria.main.evolution.AstorMain.run(AstorMain.java:203)
	at fr.inria.main.evolution.AstorMain.execute(AstorMain.java:247)
	at fr.inria.main.evolution.AstorMain.main(AstorMain.java:218)
[INFO ] fr.inria.astor.core.solutionsearch.AstorCoreEngine.atEnd(AstorCoreEngine.java:170) - Time Repair Loop (s): 1.795
[INFO ] fr.inria.astor.core.solutionsearch.AstorCoreEngine.atEnd(AstorCoreEngine.java:172) - generationsexecuted: 1
[INFO ] fr.inria.astor.core.solutionsearch.AstorCoreEngine.printFinalStatus(AstorCoreEngine.java:247) - 
----SUMMARY_EXECUTION---
[INFO ] fr.inria.astor.core.solutionsearch.AstorCoreEngine.printFinalStatus(AstorCoreEngine.java:257) - End Repair Search: NOT Found solution
[INFO ] fr.inria.main.evolution.AstorMain.run(AstorMain.java:208) - Time Total(s): 2680.236


Node: ab6f55a9c0f7



Date: Tue Nov 12 04:13:16 EST 2019

cd /script/jGenProg_Defects4J_Math_16;
export JAVA_TOOL_OPTIONS="-Dfile.encoding=UTF8 -Duser.language=en-US -Duser.country=US -Duser.language=en";
TZ="America/New_York"; export TZ;
export PATH="/usr/lib/jvm/java-1.8.0-openjdk-amd64/bin/:$PATH";
export JAVA_HOME="/usr/lib/jvm/java-1.8.0-openjdk-amd64/bin/";
java -Xmx4048m -cp /script/libs/jtestex7.jar:/astor/target/astor-0.0.2-SNAPSHOT-jar-with-dependencies.jar fr.inria.main.evolution.AstorMain \
	-mode jgenprog \
	-location . \
	-id Math-16 \
	-failing org.apache.commons.math3.util.FastMathTest \
	-jvm4testexecution /usr/lib/jvm/java-1.7.0-openjdk-amd64/bin/ \
	-jvm4evosuitetestexecution /usr/lib/jvm/java-1.7.0-openjdk-amd64/bin/ \
	-maxgen 1000000 \
	-maxtime 120 \
	-stopfirst true \
	-seed 0 \
	-scope package \
	-population 1 \
	-javacompliancelevel 5 \
	-srcjavafolder src/main/java/ \
	-srctestfolder src/test/java/ \
	-binjavafolder target/classes/ \
	-bintestfolder target/test-classes/ \
	-parameters mode:leven \
	-dependencies /script/jGenProg_Defects4J_Math_16/target/classes/:/script/jGenProg_Defects4J_Math_16/target/test-classes/:/defects4j/framework/projects/lib/junit-4.11.jar;
	echo "\n\nNode: `hostname`\n";
	echo "\n\nDate: `date`\n";

